[0.027s] Invoking command in '/home/el-system/centering_experiment/build/control': CMAKE_PREFIX_PATH=${CMAKE_PREFIX_PATH}:/opt/ros/humble /usr/local/bin/cmake --build /home/el-system/centering_experiment/build/control -- -j12 -l12
[0.051s] [0mCMake Deprecation Warning at CMakeLists.txt:1 (cmake_minimum_required):
[0.051s]   Compatibility with CMake < 3.10 will be removed from a future version of
[0.051s]   CMake.
[0.051s] 
[0.051s]   Update the VERSION argument <min> value.  Or, use the <min>...<max> syntax
[0.051s]   to tell CMake that the project requires at least <min> but has been updated
[0.051s]   to work with policies introduced by <max> or earlier.
[0.052s] 
[0.052s] [0m
[0.061s] -- Found ament_cmake: 1.3.12 (/opt/ros/humble/share/ament_cmake/cmake)
[0.367s] -- Found std_msgs: 4.9.0 (/opt/ros/humble/share/std_msgs/cmake)
[0.431s] -- Found rosidl_generator_c: 3.1.7 (/opt/ros/humble/share/rosidl_generator_c/cmake)
[0.439s] -- Found rosidl_adapter: 3.1.7 (/opt/ros/humble/share/rosidl_adapter/cmake)
[0.461s] -- Found rosidl_generator_cpp: 3.1.7 (/opt/ros/humble/share/rosidl_generator_cpp/cmake)
[0.499s] -- Using all available rosidl_typesupport_c: rosidl_typesupport_fastrtps_c;rosidl_typesupport_introspection_c
[0.540s] -- Using all available rosidl_typesupport_cpp: rosidl_typesupport_fastrtps_cpp;rosidl_typesupport_introspection_cpp
[0.586s] -- Found std_srvs: 4.9.0 (/opt/ros/humble/share/std_srvs/cmake)
[0.614s] -- Found mavros_msgs: 2.12.0 (/opt/ros/humble/share/mavros_msgs/cmake)
[0.895s] -- Found rclcpp: 16.0.15 (/opt/ros/humble/share/rclcpp/cmake)
[0.924s] -- Found rmw_implementation_cmake: 6.1.2 (/opt/ros/humble/share/rmw_implementation_cmake/cmake)
[0.926s] -- Found rmw_fastrtps_cpp: 6.2.8 (/opt/ros/humble/share/rmw_fastrtps_cpp/cmake)
[1.184s] -- Using RMW implementation 'rmw_fastrtps_cpp' as default
[1.275s] -- Found ament_lint_auto: 0.12.14 (/opt/ros/humble/share/ament_lint_auto/cmake)
[1.424s] -- Added test 'cppcheck' to perform static code analysis on C / C++ code
[1.425s] -- Configured cppcheck include dirs: /home/el-system/centering_experiment/src/control/include
[1.425s] -- Configured cppcheck exclude dirs and/or files: 
[1.425s] -- Added test 'flake8' to check Python code syntax and style conventions
[1.430s] -- Added test 'lint_cmake' to check CMake code style
[1.432s] -- Added test 'pep257' to check Python code against some of the docstring style conventions in PEP 257
[1.437s] -- Added test 'uncrustify' to check C / C++ code style
[1.437s] -- Configured uncrustify additional arguments: 
[1.437s] -- Added test 'xmllint' to check XML markup files
[1.439s] -- Configuring done (1.4s)
[1.462s] -- Generating done (0.0s)
[1.466s] -- Build files have been written to: /home/el-system/centering_experiment/build/control
[1.545s] [100%] Built target control_lidar
[1.552s] Invoked command in '/home/el-system/centering_experiment/build/control' returned '0': CMAKE_PREFIX_PATH=${CMAKE_PREFIX_PATH}:/opt/ros/humble /usr/local/bin/cmake --build /home/el-system/centering_experiment/build/control -- -j12 -l12
[1.562s] Invoking command in '/home/el-system/centering_experiment/build/control': CMAKE_PREFIX_PATH=${CMAKE_PREFIX_PATH}:/opt/ros/humble /usr/local/bin/cmake --install /home/el-system/centering_experiment/build/control
[1.568s] -- Install configuration: ""
[1.569s] -- Up-to-date: /home/el-system/centering_experiment/install/control/lib/control/control_lidar
[1.569s] -- Up-to-date: /home/el-system/centering_experiment/install/control/share/control/launch
[1.570s] -- Installing: /home/el-system/centering_experiment/install/control/share/control/launch/px4_mavros.launch.py
[1.571s] -- Installing: /home/el-system/centering_experiment/install/control/share/control/launch/control_only.launch.py
[1.571s] [31mCMake Error at cmake_install.cmake:70 (file):
[1.571s]   file INSTALL cannot find
[1.572s]   "/home/el-system/centering_experiment/src/control/config": No such file or
[1.572s]   directory.
[1.572s] 
[1.573s] [0m
[1.576s] Invoked command in '/home/el-system/centering_experiment/build/control' returned '1': CMAKE_PREFIX_PATH=${CMAKE_PREFIX_PATH}:/opt/ros/humble /usr/local/bin/cmake --install /home/el-system/centering_experiment/build/control
