-- The C compiler identification is GNU 11.4.0
-- The CXX compiler identification is GNU 11.4.0
-- Detecting C compiler ABI info
-- Detecting C compiler ABI info - done
-- Check for working C compiler: /usr/lib/ccache/cc - skipped
-- Detecting C compile features
-- Detecting C compile features - done
-- Detecting CXX compiler ABI info
-- Detecting CXX compiler ABI info - done
-- Check for working CXX compiler: /usr/lib/ccache/c++ - skipped
-- Detecting CXX compile features
-- Detecting CXX compile features - done
-- Found ament_cmake: 1.3.12 (/opt/ros/humble/share/ament_cmake/cmake)
-- Found Python3: /usr/bin/python3 (found version "3.10.12") found components: Interpreter
-- Found std_msgs: 4.9.0 (/opt/ros/humble/share/std_msgs/cmake)
-- Found rosidl_generator_c: 3.1.7 (/opt/ros/humble/share/rosidl_generator_c/cmake)
-- Found rosidl_adapter: 3.1.7 (/opt/ros/humble/share/rosidl_adapter/cmake)
-- Found rosidl_generator_cpp: 3.1.7 (/opt/ros/humble/share/rosidl_generator_cpp/cmake)
-- Using all available rosidl_typesupport_c: rosidl_typesupport_fastrtps_c;rosidl_typesupport_introspection_c
-- Using all available rosidl_typesupport_cpp: rosidl_typesupport_fastrtps_cpp;rosidl_typesupport_introspection_cpp
-- Found std_srvs: 4.9.0 (/opt/ros/humble/share/std_srvs/cmake)
-- Found mavros_msgs: 2.12.0 (/opt/ros/humble/share/mavros_msgs/cmake)
-- Found rclcpp: 16.0.15 (/opt/ros/humble/share/rclcpp/cmake)
-- Found rmw_implementation_cmake: 6.1.2 (/opt/ros/humble/share/rmw_implementation_cmake/cmake)
-- Found rmw_fastrtps_cpp: 6.2.8 (/opt/ros/humble/share/rmw_fastrtps_cpp/cmake)
-- Found OpenSSL: /usr/lib/x86_64-linux-gnu/libcrypto.so (found version "3.0.2")
-- Found FastRTPS: /opt/ros/humble/include
-- Using RMW implementation 'rmw_fastrtps_cpp' as default
-- Performing Test CMAKE_HAVE_LIBC_PTHREAD
-- Performing Test CMAKE_HAVE_LIBC_PTHREAD - Success
-- Found Threads: TRUE
-- Found ament_lint_auto: 0.12.14 (/opt/ros/humble/share/ament_lint_auto/cmake)
-- Added test 'cppcheck' to perform static code analysis on C / C++ code
-- Configured cppcheck include dirs: /home/el-system/backup/centering_experiment/src/control/include
-- Configured cppcheck exclude dirs and/or files: 
-- Added test 'lint_cmake' to check CMake code style
-- Added test 'uncrustify' to check C / C++ code style
-- Configured uncrustify additional arguments: 
-- Added test 'xmllint' to check XML markup files
-- Configuring done (1.6s)
-- Generating done (0.0s)
-- Build files have been written to: /home/el-system/backup/centering_experiment/build/control
[ 22%] [32mBuilding CXX object CMakeFiles/control_lidar.dir/src/mission/control.cpp.o[0m
[ 22%] [32mBuilding CXX object CMakeFiles/test_lidar.dir/src/mission/test.cpp.o[0m
[ 22%] [32mBuilding CXX object CMakeFiles/path.dir/src/mission/path.cpp.o[0m
[ 33%] [32mBuilding CXX object CMakeFiles/control_lidar.dir/utils/control_.cpp.o[0m
[ 44%] [32mBuilding CXX object CMakeFiles/path.dir/utils/control_.cpp.o[0m
[ 44%] [32mBuilding CXX object CMakeFiles/path.dir/src/testing/drone_controller.cpp.o[0m
[ 50%] [32mBuilding CXX object CMakeFiles/test_lidar.dir/utils/math_.cpp.o[0m
[ 66%] [32mBuilding CXX object CMakeFiles/path.dir/utils/math_.cpp.o[0m
[ 66%] [32mBuilding CXX object CMakeFiles/control_lidar.dir/utils/math_.cpp.o[0m
[ 66%] [32mBuilding CXX object CMakeFiles/test_lidar.dir/utils/control_.cpp.o[0m
[ 44%] [32mBuilding CXX object CMakeFiles/control_lidar.dir/src/testing/drone_controller.cpp.o[0m
[ 66%] [32mBuilding CXX object CMakeFiles/test_lidar.dir/src/testing/drone_controller.cpp.o[0m
[ 72%] [32mBuilding CXX object CMakeFiles/control_lidar.dir/utils/geo_.cpp.o[0m
[ 77%] [32mBuilding CXX object CMakeFiles/test_lidar.dir/utils/geo_.cpp.o[0m
[ 83%] [32mBuilding CXX object CMakeFiles/path.dir/utils/geo_.cpp.o[0m
