[0.012s] Invoking command in '/home/el-system/centering_experiment/build/control': CMAKE_PREFIX_PATH=${CMAKE_PREFIX_PATH}:/opt/ros/humble /usr/local/bin/cmake --build /home/el-system/centering_experiment/build/control -- -j12 -l12
[0.053s] [  8%] [32mBuilding CXX object CMakeFiles/control_lidar.dir/utils/control_.cpp.o[0m
[0.058s] [ 16%] [32mBuilding CXX object CMakeFiles/test_lidar.dir/utils/control_.cpp.o[0m
[22.010s] In file included from [01m[K/home/el-system/centering_experiment/src/control/include/control_.hpp:30[m[K,
[22.011s]                  from [01m[K/home/el-system/centering_experiment/src/control/utils/control_.cpp:1[m[K:
[22.011s] [01m[K/home/el-system/centering_experiment/src/control/include/drone_controller_.hpp:162:25:[m[K [01;35m[Kwarning: [m[Kuse of ‘[01m[Kauto[m[K’ in parameter declaration only available with ‘[01m[K-std=c++20[m[K’ or ‘[01m[K-fconcepts[m[K’
[22.012s]   162 |     void waitForService([01;35m[Kauto[m[K &client);
[22.012s]       |                         [01;35m[K^~~~[m[K
[22.012s] In file included from [01m[K/home/el-system/centering_experiment/src/control/utils/control_.cpp:1[m[K:
[22.012s] [01m[K/home/el-system/centering_experiment/src/control/include/control_.hpp:63:62:[m[K [01;35m[Kwarning: [m[Kuse of ‘[01m[Kauto[m[K’ in parameter declaration only available with ‘[01m[K-std=c++20[m[K’ or ‘[01m[K-fconcepts[m[K’
[22.012s]    63 | bool hasReplied(const std::shared_ptr<DroneController>&node, [01;35m[Kauto[m[K& result);
[22.012s]       |                                                              [01;35m[K^~~~[m[K
[22.012s] [01m[K/home/el-system/centering_experiment/src/control/utils/control_.cpp:51:62:[m[K [01;35m[Kwarning: [m[Kuse of ‘[01m[Kauto[m[K’ in parameter declaration only available with ‘[01m[K-std=c++20[m[K’ or ‘[01m[K-fconcepts[m[K’
[22.013s]    51 | bool hasReplied(const std::shared_ptr<DroneController>&node, [01;35m[Kauto[m[K& result){
[22.013s]       |                                                              [01;35m[K^~~~[m[K
[22.013s] [01m[K/home/el-system/centering_experiment/src/control/utils/control_.cpp:[m[K In function ‘[01m[Kvoid safeLanding(const std::shared_ptr<DroneController>&, rclcpp::Rate&, geometry_msgs::msg::PoseStamped&, float)[m[K’:
[22.013s] [01m[K/home/el-system/centering_experiment/src/control/utils/control_.cpp:474:77:[m[K [01;35m[Kwarning: [m[Kunused parameter ‘[01m[Krate[m[K’ [[01;35m[K-Wunused-parameter[m[K]
[22.013s]   474 | void safeLanding(const std::shared_ptr<DroneController>&node, [01;35m[Krclcpp::Rate &rate[m[K, geometry_msgs::msg::PoseStamped &posee, float descent_rate = 0.3) {
[22.013s]       |                                                               [01;35m[K~~~~~~~~~~~~~~^~~~[m[K
[22.014s] [01m[K/home/el-system/centering_experiment/src/control/utils/control_.cpp:[m[K In function ‘[01m[Kvoid centeringPayload(const std::shared_ptr<DroneController>&, rclcpp::Rate&, geometry_msgs::msg::PoseStamped&, float, bool&, float, float, float, float, float, float, float, float, float, std::string, std::string)[m[K’:
[22.014s] [01m[K/home/el-system/centering_experiment/src/control/utils/control_.cpp:650:17:[m[K [01;35m[Kwarning: [m[Kunused variable ‘[01m[KdropAlt[m[K’ [[01;35m[K-Wunused-variable[m[K]
[22.014s]   650 |     const float [01;35m[KdropAlt[m[K = 0.6;
[22.014s]       |                 [01;35m[K^~~~~~~[m[K
[22.014s] [01m[K/home/el-system/centering_experiment/src/control/utils/control_.cpp:653:29:[m[K [01;35m[Kwarning: [m[Kvariable ‘[01m[Kdetected[m[K’ set but not used [[01;35m[K-Wunused-but-set-variable[m[K]
[22.014s]   653 |     float roll, pitch; bool [01;35m[Kdetected[m[K = false;
[22.014s]       |                             [01;35m[K^~~~~~~~[m[K
[22.015s] [01m[K/home/el-system/centering_experiment/src/control/utils/control_.cpp:654:59:[m[K [01;35m[Kwarning: [m[Kunused variable ‘[01m[Kavg_sample[m[K’ [[01;35m[K-Wunused-variable[m[K]
[22.015s]   654 |     geometry_msgs::msg::PoseStamped avg_payload_pose; int [01;35m[Kavg_sample[m[K = 1; int buffer_size = 4;
[22.015s]       |                                                           [01;35m[K^~~~~~~~~~[m[K
[22.015s] [01m[K/home/el-system/centering_experiment/src/control/utils/control_.cpp:654:79:[m[K [01;35m[Kwarning: [m[Kunused variable ‘[01m[Kbuffer_size[m[K’ [[01;35m[K-Wunused-variable[m[K]
[22.015s]   654 |     geometry_msgs::msg::PoseStamped avg_payload_pose; int avg_sample = 1; int [01;35m[Kbuffer_size[m[K = 4;
[22.015s]       |                                                                               [01;35m[K^~~~~~~~~~~[m[K
[22.015s] [01m[K/home/el-system/centering_experiment/src/control/utils/control_.cpp:[m[K In function ‘[01m[Kvoid centeringEmber(const std::shared_ptr<DroneController>&, rclcpp::Rate&, geometry_msgs::msg::PoseStamped&, float, bool&, float, float, float)[m[K’:
[22.015s] [01m[K/home/el-system/centering_experiment/src/control/utils/control_.cpp:926:11:[m[K [01;35m[Kwarning: [m[Kvariable ‘[01m[Kroll[m[K’ set but not used [[01;35m[K-Wunused-but-set-variable[m[K]
[22.015s]   926 |     float [01;35m[Kroll[m[K, pitch; bool detected = false;
[22.015s]       |           [01;35m[K^~~~[m[K
[22.015s] [01m[K/home/el-system/centering_experiment/src/control/utils/control_.cpp:926:17:[m[K [01;35m[Kwarning: [m[Kvariable ‘[01m[Kpitch[m[K’ set but not used [[01;35m[K-Wunused-but-set-variable[m[K]
[22.015s]   926 |     float roll, [01;35m[Kpitch[m[K; bool detected = false;
[22.015s]       |                 [01;35m[K^~~~~[m[K
[22.016s] [01m[K/home/el-system/centering_experiment/src/control/utils/control_.cpp:926:29:[m[K [01;35m[Kwarning: [m[Kvariable ‘[01m[Kdetected[m[K’ set but not used [[01;35m[K-Wunused-but-set-variable[m[K]
[22.016s]   926 |     float roll, pitch; bool [01;35m[Kdetected[m[K = false;
[22.016s]       |                             [01;35m[K^~~~~~~~[m[K
[22.016s] [01m[K/home/el-system/centering_experiment/src/control/utils/control_.cpp:927:57:[m[K [01;35m[Kwarning: [m[Kunused variable ‘[01m[Kavg_sample[m[K’ [[01;35m[K-Wunused-variable[m[K]
[22.016s]   927 |     geometry_msgs::msg::PoseStamped avg_ember_pose; int [01;35m[Kavg_sample[m[K = 1; int buffer_size = 4;
[22.016s]       |                                                         [01;35m[K^~~~~~~~~~[m[K
[22.016s] [01m[K/home/el-system/centering_experiment/src/control/utils/control_.cpp:927:77:[m[K [01;35m[Kwarning: [m[Kunused variable ‘[01m[Kbuffer_size[m[K’ [[01;35m[K-Wunused-variable[m[K]
[22.016s]   927 |     geometry_msgs::msg::PoseStamped avg_ember_pose; int avg_sample = 1; int [01;35m[Kbuffer_size[m[K = 4;
[22.016s]       |                                                                             [01;35m[K^~~~~~~~~~~[m[K
[22.016s] [01m[K/home/el-system/centering_experiment/src/control/utils/control_.cpp:[m[K In function ‘[01m[Kvoid centeringGate(const std::shared_ptr<DroneController>&, rclcpp::Rate&, geometry_msgs::msg::PoseStamped&, float)[m[K’:
[22.016s] [01m[K/home/el-system/centering_experiment/src/control/utils/control_.cpp:1204:30:[m[K [01;35m[Kwarning: [m[Kcomparison of integer expressions of different signedness: ‘[01m[Kint[m[K’ and ‘[01m[Kstd::vector<float>::size_type[m[K’ {aka ‘[01m[Klong unsigned int[m[K’} [[01;35m[K-Wsign-compare[m[K]
[22.016s]  1204 |             for(int j = 0; [01;35m[Kj < x_points.size()[m[K; j++) {
[22.017s]       |                            [01;35m[K~~^~~~~~~~~~~~~~~~~[m[K
[22.017s] [01m[K/home/el-system/centering_experiment/src/control/utils/control_.cpp:1194:15:[m[K [01;35m[Kwarning: [m[Kunused variable ‘[01m[Kx1_min[m[K’ [[01;35m[K-Wunused-variable[m[K]
[22.017s]  1194 |         float [01;35m[Kx1_min[m[K = -1.0, x2_min = -1.0;
[22.017s]       |               [01;35m[K^~~~~~[m[K
[22.017s] [01m[K/home/el-system/centering_experiment/src/control/utils/control_.cpp:1194:30:[m[K [01;35m[Kwarning: [m[Kunused variable ‘[01m[Kx2_min[m[K’ [[01;35m[K-Wunused-variable[m[K]
[22.017s]  1194 |         float x1_min = -1.0, [01;35m[Kx2_min[m[K = -1.0;
[22.017s]       |                              [01;35m[K^~~~~~[m[K
[22.017s] [01m[K/home/el-system/centering_experiment/src/control/utils/control_.cpp:[m[K In function ‘[01m[Kvoid centeringBunder(const std::shared_ptr<DroneController>&, rclcpp::Rate&, geometry_msgs::msg::PoseStamped&, float, bool&, float, float, float)[m[K’:
[22.017s] [01m[K/home/el-system/centering_experiment/src/control/utils/control_.cpp:1342:11:[m[K [01;35m[Kwarning: [m[Kvariable ‘[01m[Kroll[m[K’ set but not used [[01;35m[K-Wunused-but-set-variable[m[K]
[22.017s]  1342 |     float [01;35m[Kroll[m[K, pitch; bool detected = false;
[22.017s]       |           [01;35m[K^~~~[m[K
[22.017s] [01m[K/home/el-system/centering_experiment/src/control/utils/control_.cpp:1342:17:[m[K [01;35m[Kwarning: [m[Kvariable ‘[01m[Kpitch[m[K’ set but not used [[01;35m[K-Wunused-but-set-variable[m[K]
[22.017s]  1342 |     float roll, [01;35m[Kpitch[m[K; bool detected = false;
[22.017s]       |                 [01;35m[K^~~~~[m[K
[22.018s] [01m[K/home/el-system/centering_experiment/src/control/utils/control_.cpp:1342:29:[m[K [01;35m[Kwarning: [m[Kvariable ‘[01m[Kdetected[m[K’ set but not used [[01;35m[K-Wunused-but-set-variable[m[K]
[22.018s]  1342 |     float roll, pitch; bool [01;35m[Kdetected[m[K = false;
[22.018s]       |                             [01;35m[K^~~~~~~~[m[K
[22.018s] [01m[K/home/el-system/centering_experiment/src/control/utils/control_.cpp:1343:58:[m[K [01;35m[Kwarning: [m[Kunused variable ‘[01m[Kavg_sample[m[K’ [[01;35m[K-Wunused-variable[m[K]
[22.018s]  1343 |     geometry_msgs::msg::PoseStamped avg_bunder_pose; int [01;35m[Kavg_sample[m[K = 1; int buffer_size = 4;
[22.018s]       |                                                          [01;35m[K^~~~~~~~~~[m[K
[22.018s] [01m[K/home/el-system/centering_experiment/src/control/utils/control_.cpp:1343:78:[m[K [01;35m[Kwarning: [m[Kunused variable ‘[01m[Kbuffer_size[m[K’ [[01;35m[K-Wunused-variable[m[K]
[22.018s]  1343 |     geometry_msgs::msg::PoseStamped avg_bunder_pose; int avg_sample = 1; int [01;35m[Kbuffer_size[m[K = 4;
[22.018s]       |                                                                              [01;35m[K^~~~~~~~~~~[m[K
[22.018s] [01m[K/home/el-system/centering_experiment/src/control/utils/control_.cpp:[m[K In function ‘[01m[Kvoid moveToPoint(const std::shared_ptr<DroneController>&, rclcpp::Rate&, geometry_msgs::msg::PoseStamped&, float, float, float, float, float, float)[m[K’:
[22.018s] [01m[K/home/el-system/centering_experiment/src/control/utils/control_.cpp:1537:55:[m[K [01;35m[Kwarning: [m[Kunused variable ‘[01m[Ki[m[K’ [[01;35m[K-Wunused-variable[m[K]
[22.018s]  1537 |     float last_x, last_y, distance, progress=0.0; int [01;35m[Ki[m[K =0;
[22.018s]       |                                                       [01;35m[K^[m[K
[22.019s] [01m[K/home/el-system/centering_experiment/src/control/utils/control_.cpp:1521:156:[m[K [01;35m[Kwarning: [m[Kunused parameter ‘[01m[Kangle[m[K’ [[01;35m[K-Wunused-parameter[m[K]
[22.019s]  1521 | void moveToPoint(const std::shared_ptr<DroneController>&node, rclcpp::Rate &rate, geometry_msgs::msg::PoseStamped &posee, float x, float y, float z, [01;35m[Kfloat angle[m[K, float speed, float tolerance) {
[22.019s]       |                                                                                                                                                      [01;35m[K~~~~~~^~~~~[m[K
[22.019s] [01m[K/home/el-system/centering_experiment/src/control/utils/control_.cpp:[m[K In function ‘[01m[Kvoid moveToPoint(const std::shared_ptr<DroneController>&, rclcpp::Rate&, geometry_msgs::msg::PoseStamped&, geometry_msgs::msg::Pose, float, float, bool, bool, bool)[m[K’:
[22.019s] [01m[K/home/el-system/centering_experiment/src/control/utils/control_.cpp:1583:11:[m[K [01;35m[Kwarning: [m[Kunused variable ‘[01m[Kdistance_to_target[m[K’ [[01;35m[K-Wunused-variable[m[K]
[22.019s]  1583 |     float [01;35m[Kdistance_to_target[m[K = dist(posee.pose.position, target.position);
[22.019s]       |           [01;35m[K^~~~~~~~~~~~~~~~~~[m[K
[22.019s] [01m[K/home/el-system/centering_experiment/src/control/utils/control_.cpp:[m[K In function ‘[01m[Kvoid holdPosition(const std::shared_ptr<DroneController>&, rclcpp::Rate&, geometry_msgs::msg::PoseStamped&, float)[m[K’:
[22.019s] [01m[K/home/el-system/centering_experiment/src/control/utils/control_.cpp:1723:78:[m[K [01;35m[Kwarning: [m[Kunused parameter ‘[01m[Krate[m[K’ [[01;35m[K-Wunused-parameter[m[K]
[22.019s]  1723 | void holdPosition(const std::shared_ptr<DroneController>&node, [01;35m[Krclcpp::Rate &rate[m[K, geometry_msgs::msg::PoseStamped& posee, float duration){
[22.019s]       |                                                                [01;35m[K~~~~~~~~~~~~~~^~~~[m[K
[22.019s] In file included from [01m[K/opt/ros/humble/include/rclcpp/rclcpp/logging.hpp:24[m[K,
[22.019s]                  from [01m[K/opt/ros/humble/include/rclcpp/rclcpp/client.hpp:40[m[K,
[22.020s]                  from [01m[K/opt/ros/humble/include/rclcpp/rclcpp/callback_group.hpp:24[m[K,
[22.020s]                  from [01m[K/opt/ros/humble/include/rclcpp/rclcpp/any_executable.hpp:20[m[K,
[22.020s]                  from [01m[K/opt/ros/humble/include/rclcpp/rclcpp/memory_strategy.hpp:25[m[K,
[22.020s]                  from [01m[K/opt/ros/humble/include/rclcpp/rclcpp/memory_strategies.hpp:18[m[K,
[22.020s]                  from [01m[K/opt/ros/humble/include/rclcpp/rclcpp/executor_options.hpp:20[m[K,
[22.020s]                  from [01m[K/opt/ros/humble/include/rclcpp/rclcpp/executor.hpp:37[m[K,
[22.020s]                  from [01m[K/opt/ros/humble/include/rclcpp/rclcpp/executors/multi_threaded_executor.hpp:25[m[K,
[22.020s]                  from [01m[K/opt/ros/humble/include/rclcpp/rclcpp/executors.hpp:21[m[K,
[22.020s]                  from [01m[K/opt/ros/humble/include/rclcpp/rclcpp/rclcpp.hpp:155[m[K,
[22.020s]                  from [01m[K/home/el-system/centering_experiment/src/control/include/control_.hpp:4[m[K,
[22.020s]                  from [01m[K/home/el-system/centering_experiment/src/control/utils/control_.cpp:1[m[K:
[22.020s] [01m[K/home/el-system/centering_experiment/src/control/utils/control_.cpp:[m[K In function ‘[01m[Kvoid waitForPosition(const std::shared_ptr<DroneController>&, rclcpp::Rate&, mavros_msgs::msg::GlobalPositionTarget, double, bool, float)[m[K’:
[22.020s] [01m[K/home/el-system/centering_experiment/src/control/utils/control_.cpp:1786:41:[m[K [01;35m[Kwarning: [m[Kformat ‘[01m[K%d[m[K’ expects argument of type ‘[01m[Kint[m[K’, but argument 5 has type ‘[01m[Kdouble[m[K’ [[01;35m[K-Wformat=[m[K]
[22.020s]  1786 |         RCLCPP_INFO(node->get_logger(), [01;35m[K"%d - CURRR DISTANCEE: %f, meter: %.2f, payload: %.2f"[m[K, [32m[Kdistance[m[K, dist_m, node->getCurrentPosePayload().pose.position.x);
[22.021s]       |                                         [01;35m[K^~~~~~~~~~~~~~~~~~~~~~~~~~~~~~~~~~~~~~~~~~~~~~~~~~~~~~[m[K  [32m[K~~~~~~~~[m[K
[22.021s]       |                                                                                                 [32m[K|[m[K
[22.021s]       |                                                                                                 [32m[Kdouble[m[K
[22.021s] [01m[K/home/el-system/centering_experiment/src/control/utils/control_.cpp:1786:43:[m[K [01;36m[Knote: [m[Kformat string is defined here
[22.021s]  1786 |         RCLCPP_INFO(node->get_logger(), "[01;36m[K%d[m[K - CURRR DISTANCEE: %f, meter: %.2f, payload: %.2f", distance, dist_m, node->getCurrentPosePayload().pose.position.x);
[22.021s]       |                                          [01;36m[K~^[m[K
[22.021s]       |                                           [01;36m[K|[m[K
[22.021s]       |                                           [01;36m[Kint[m[K
[22.021s]       |                                          [32m[K%f[m[K
[22.021s] In file included from [01m[K/opt/ros/humble/include/rclcpp/rclcpp/logging.hpp:24[m[K,
[22.021s]                  from [01m[K/opt/ros/humble/include/rclcpp/rclcpp/client.hpp:40[m[K,
[22.021s]                  from [01m[K/opt/ros/humble/include/rclcpp/rclcpp/callback_group.hpp:24[m[K,
[22.021s]                  from [01m[K/opt/ros/humble/include/rclcpp/rclcpp/any_executable.hpp:20[m[K,
[22.021s]                  from [01m[K/opt/ros/humble/include/rclcpp/rclcpp/memory_strategy.hpp:25[m[K,
[22.021s]                  from [01m[K/opt/ros/humble/include/rclcpp/rclcpp/memory_strategies.hpp:18[m[K,
[22.022s]                  from [01m[K/opt/ros/humble/include/rclcpp/rclcpp/executor_options.hpp:20[m[K,
[22.022s]                  from [01m[K/opt/ros/humble/include/rclcpp/rclcpp/executor.hpp:37[m[K,
[22.022s]                  from [01m[K/opt/ros/humble/include/rclcpp/rclcpp/executors/multi_threaded_executor.hpp:25[m[K,
[22.022s]                  from [01m[K/opt/ros/humble/include/rclcpp/rclcpp/executors.hpp:21[m[K,
[22.022s]                  from [01m[K/opt/ros/humble/include/rclcpp/rclcpp/rclcpp.hpp:155[m[K,
[22.022s]                  from [01m[K/home/el-system/centering_experiment/src/control/include/control_.hpp:4[m[K,
[22.022s]                  from [01m[K/home/el-system/centering_experiment/src/control/utils/control_.cpp:1[m[K:
[22.022s] [01m[K/home/el-system/centering_experiment/src/control/utils/control_.cpp:1786:41:[m[K [01;35m[Kwarning: [m[Kformat ‘[01m[K%f[m[K’ expects a matching ‘[01m[Kdouble[m[K’ argument [[01;35m[K-Wformat=[m[K]
[22.022s]  1786 |         RCLCPP_INFO(node->get_logger(), [01;35m[K"%d - CURRR DISTANCEE: %f, meter: %.2f, payload: %.2f"[m[K, distance, dist_m, node->getCurrentPosePayload().pose.position.x);
[22.022s]       |                                         [01;35m[K^~~~~~~~~~~~~~~~~~~~~~~~~~~~~~~~~~~~~~~~~~~~~~~~~~~~~~[m[K
[22.022s] [01m[K/home/el-system/centering_experiment/src/control/utils/control_.cpp:1786:93:[m[K [01;36m[Knote: [m[Kformat string is defined here
[22.022s]  1786 |         RCLCPP_INFO(node->get_logger(), "%d - CURRR DISTANCEE: %f, meter: %.2f, payload: [01;36m[K%.2f[m[K", distance, dist_m, node->getCurrentPosePayload().pose.position.x);
[22.022s]       |                                                                                          [01;36m[K~~~^[m[K
[22.022s]       |                                                                                             [01;36m[K|[m[K
[22.022s]       |                                                                                             [01;36m[Kdouble[m[K
[22.022s] [01m[K/home/el-system/centering_experiment/src/control/utils/control_.cpp:1781:16:[m[K [01;35m[Kwarning: [m[Kunused variable ‘[01m[Kdalt[m[K’ [[01;35m[K-Wunused-variable[m[K]
[22.023s]  1781 |         double [01;35m[Kdalt[m[K = raw.altitude - node->getCurrentGPSPosition().altitude;
[22.023s]       |                [01;35m[K^~~~[m[K
[22.023s] [01m[K/home/el-system/centering_experiment/src/control/utils/control_.cpp:1763:177:[m[K [01;35m[Kwarning: [m[Kunused parameter ‘[01m[Kcenter_dist[m[K’ [[01;35m[K-Wunused-parameter[m[K]
[22.023s]  1763 | void waitForPosition(const std::shared_ptr<DroneController>&node, rclcpp::Rate &rate, mavros_msgs::msg::GlobalPositionTarget raw, double tolerance, bool allow_centering, [01;35m[Kfloat center_dist[m[K) {
[22.023s]       |                                                                                                                                                                           [01;35m[K~~~~~~^~~~~~~~~~~[m[K
[22.023s] [01m[K/home/el-system/centering_experiment/src/control/utils/control_.cpp:[m[K In function ‘[01m[Kvoid sendGlobalRawAsync(const std::shared_ptr<DroneController>&, rclcpp::Rate&, geometry_msgs::msg::PoseStamped&, float, float, float, bool, float)[m[K’:
[22.023s] [01m[K/home/el-system/centering_experiment/src/control/utils/control_.cpp:1853:171:[m[K [01;35m[Kwarning: [m[Kunused parameter ‘[01m[Kallow_centering[m[K’ [[01;35m[K-Wunused-parameter[m[K]
[22.023s]  1853 | void sendGlobalRawAsync(const std::shared_ptr<DroneController>&node, rclcpp::Rate &rate, geometry_msgs::msg::PoseStamped &posee, float latt, float lonn, float altt, [01;35m[Kbool allow_centering[m[K, float center_dist) {
[22.023s]       |                                                                                                                                                                      [01;35m[K~~~~~^~~~~~~~~~~~~~~[m[K
[22.023s] [01m[K/home/el-system/centering_experiment/src/control/utils/control_.cpp:1853:194:[m[K [01;35m[Kwarning: [m[Kunused parameter ‘[01m[Kcenter_dist[m[K’ [[01;35m[K-Wunused-parameter[m[K]
[22.023s]  1853 | void sendGlobalRawAsync(const std::shared_ptr<DroneController>&node, rclcpp::Rate &rate, geometry_msgs::msg::PoseStamped &posee, float latt, float lonn, float altt, bool allow_centering, [01;35m[Kfloat center_dist[m[K) {
[22.023s]       |                                                                                                                                                                                            [01;35m[K~~~~~~^~~~~~~~~~~[m[K
[22.023s] [01m[K/home/el-system/centering_experiment/src/control/utils/control_.cpp:[m[K In function ‘[01m[Kvoid sendGlobalRawFromXYZ(const std::shared_ptr<DroneController>&, rclcpp::Rate&, geometry_msgs::msg::PoseStamped&, LatLonAlt, double, float, float, float, bool, float)[m[K’:
[22.024s] [01m[K/home/el-system/centering_experiment/src/control/utils/control_.cpp:1901:203:[m[K [01;35m[Kwarning: [m[Kunused parameter ‘[01m[Kallow_centering[m[K’ [[01;35m[K-Wunused-parameter[m[K]
[22.024s]  1901 | void sendGlobalRawFromXYZ(const std::shared_ptr<DroneController>&node, rclcpp::Rate &rate, geometry_msgs::msg::PoseStamped &posee, LatLonAlt zero, double zero_hdg, float x, float y, float rel_alt, [01;35m[Kbool allow_centering[m[K, float center_dist) {
[22.024s]       |                                                                                                                                                                                                      [01;35m[K~~~~~^~~~~~~~~~~~~~~[m[K
[22.024s] [01m[K/home/el-system/centering_experiment/src/control/utils/control_.cpp:1901:226:[m[K [01;35m[Kwarning: [m[Kunused parameter ‘[01m[Kcenter_dist[m[K’ [[01;35m[K-Wunused-parameter[m[K]
[22.024s]  1901 | void sendGlobalRawFromXYZ(const std::shared_ptr<DroneController>&node, rclcpp::Rate &rate, geometry_msgs::msg::PoseStamped &posee, LatLonAlt zero, double zero_hdg, float x, float y, float rel_alt, bool allow_centering, [01;35m[Kfloat center_dist[m[K) {
[22.024s]       |                                                                                                                                                                                                                            [01;35m[K~~~~~~^~~~~~~~~~~[m[K
[22.024s] In file included from [01m[K/opt/ros/humble/include/rclcpp/rclcpp/logging.hpp:24[m[K,
[22.024s]                  from [01m[K/opt/ros/humble/include/rclcpp/rclcpp/client.hpp:40[m[K,
[22.024s]                  from [01m[K/opt/ros/humble/include/rclcpp/rclcpp/callback_group.hpp:24[m[K,
[22.024s]                  from [01m[K/opt/ros/humble/include/rclcpp/rclcpp/any_executable.hpp:20[m[K,
[22.024s]                  from [01m[K/opt/ros/humble/include/rclcpp/rclcpp/memory_strategy.hpp:25[m[K,
[22.024s]                  from [01m[K/opt/ros/humble/include/rclcpp/rclcpp/memory_strategies.hpp:18[m[K,
[22.024s]                  from [01m[K/opt/ros/humble/include/rclcpp/rclcpp/executor_options.hpp:20[m[K,
[22.025s]                  from [01m[K/opt/ros/humble/include/rclcpp/rclcpp/executor.hpp:37[m[K,
[22.025s]                  from [01m[K/opt/ros/humble/include/rclcpp/rclcpp/executors/multi_threaded_executor.hpp:25[m[K,
[22.025s]                  from [01m[K/opt/ros/humble/include/rclcpp/rclcpp/executors.hpp:21[m[K,
[22.025s]                  from [01m[K/opt/ros/humble/include/rclcpp/rclcpp/rclcpp.hpp:155[m[K,
[22.025s]                  from [01m[K/home/el-system/centering_experiment/src/control/include/control_.hpp:4[m[K,
[22.025s]                  from [01m[K/home/el-system/centering_experiment/src/control/utils/control_.cpp:1[m[K:
[22.025s] [01m[K/home/el-system/centering_experiment/src/control/utils/control_.cpp:[m[K In function ‘[01m[Kvoid pushMission(const std::shared_ptr<DroneController>&, std::vector<mavros_msgs::msg::Waypoint_<std::allocator<void> >, std::allocator<mavros_msgs::msg::Waypoint_<std::allocator<void> > > >)[m[K’:
[22.025s] [01m[K/home/el-system/centering_experiment/src/control/utils/control_.cpp:2002:37:[m[K [01;35m[Kwarning: [m[Kformat ‘[01m[K%d[m[K’ expects argument of type ‘[01m[Kint[m[K’, but argument 5 has type ‘[01m[Kstd::vector<mavros_msgs::msg::Waypoint_<std::allocator<void> >, std::allocator<mavros_msgs::msg::Waypoint_<std::allocator<void> > > >::size_type[m[K’ {aka ‘[01m[Klong unsigned int[m[K’} [[01;35m[K-Wformat=[m[K]
[22.025s]  2002 |     RCLCPP_INFO(node->get_logger(), [01;35m[K"Pushing mission of size %d"[m[K, [32m[Kwaypoints.size()[m[K);
[22.025s]       |                                     [01;35m[K^~~~~~~~~~~~~~~~~~~~~~~~~~~~[m[K  [32m[K~~~~~~~~~~~~~~~~[m[K
[22.025s]       |                                                                                 [32m[K|[m[K
[22.025s]       |                                                                                 [32m[Kstd::vector<mavros_msgs::msg::Waypoint_<std::allocator<void> >, std::allocator<mavros_msgs::msg::Waypoint_<std::allocator<void> > > >::size_type {aka long unsigned int}[m[K
[22.025s] [01m[K/home/el-system/centering_experiment/src/control/utils/control_.cpp:2002:63:[m[K [01;36m[Knote: [m[Kformat string is defined here
[22.025s]  2002 |     RCLCPP_INFO(node->get_logger(), "Pushing mission of size [01;36m[K%d[m[K", waypoints.size());
[22.025s]       |                                                              [01;36m[K~^[m[K
[22.025s]       |                                                               [01;36m[K|[m[K
[22.026s]       |                                                               [01;36m[Kint[m[K
[22.026s]       |                                                              [32m[K%ld[m[K
[22.026s] [01m[K/home/el-system/centering_experiment/src/control/utils/control_.cpp:[m[K In function ‘[01m[Kvoid moveWithLaser(const std::shared_ptr<DroneController>&, rclcpp::Rate&, geometry_msgs::msg::PoseStamped&, float, float, float, float, float, bool, bool, float, float)[m[K’:
[22.026s] [01m[K/home/el-system/centering_experiment/src/control/utils/control_.cpp:2128:422:[m[K [01;35m[Kwarning: [m[Ksuggest parentheses around comparison in operand of ‘[01m[K&[m[K’ [[01;35m[K-Wparentheses[m[K]
[22.026s]  2128 |         vel_pose.pose.position.x = x ? limit(max_speed, P_maju*err_x + I_maju*total_error_maju + D_maju*last_error_maju) : (front + back <= 2.85f ? limit(koreksi_max_speed, P_koreksi*(front - back) + I_koreksi*total_error_koreksi + D_koreksi*last_error_koreksi) : (back == 2.1f && front != 2.1f ? limit(koreksi_max_speed, P_koreksi*(front - 1.25 ) + I_koreksi*total_error_koreksi + D_koreksi*last_error_koreksi) : ([01;35m[Kfront == 2.1f[m[K & back != 2.1f ? limit(koreksi_max_speed, P_koreksi*(1.25 - back) + I_koreksi*total_error_koreksi + D_koreksi*last_error_koreksi) : 0.0)));
[22.026s]       |                                                                                                                                                                                                                                                                                                                                                                                                                                [01;35m[K~~~~~~^~~~~~~[m[K
[22.026s] [01m[K/home/el-system/centering_experiment/src/control/utils/control_.cpp:2129:421:[m[K [01;35m[Kwarning: [m[Ksuggest parentheses around comparison in operand of ‘[01m[K&[m[K’ [[01;35m[K-Wparentheses[m[K]
[22.026s]  2129 |         vel_pose.pose.position.y = y ? limit(max_speed, P_maju*err_y + I_maju*total_error_maju + D_maju*last_error_maju) : (left + right <= 2.85f ? limit(koreksi_max_speed, P_koreksi*(left - right) + I_koreksi*total_error_koreksi + D_koreksi*last_error_koreksi) : (right == 2.1f && left != 2.1f ? limit(koreksi_max_speed, P_koreksi*(left - 1.25  ) + I_koreksi*total_error_koreksi + D_koreksi*last_error_koreksi) : ([01;35m[Kleft == 2.1f[m[K & right != 2.1f ? limit(koreksi_max_speed, P_koreksi*(1.25 - right) + I_koreksi*total_error_koreksi + D_koreksi*last_error_koreksi) : 0.0)));
[22.026s]       |                                                                                                                                                                                                                                                                                                                                                                                                                                [01;35m[K~~~~~^~~~~~~[m[K
[22.026s] [01m[K/home/el-system/centering_experiment/src/control/utils/control_.cpp:[m[K In function ‘[01m[Kfloat getYawError(const std::shared_ptr<DroneController>&, rclcpp::Rate&)[m[K’:
[22.026s] [01m[K/home/el-system/centering_experiment/src/control/utils/control_.cpp:2304:24:[m[K [01;35m[Kwarning: [m[Kcomparison of integer expressions of different signedness: ‘[01m[Kint[m[K’ and ‘[01m[Kstd::vector<float>::size_type[m[K’ {aka ‘[01m[Klong unsigned int[m[K’} [[01;35m[K-Wsign-compare[m[K]
[22.026s]  2304 |         if([01;35m[Kright_index > curr_scan.ranges.size()[m[K) {
[22.026s]       |            [01;35m[K~~~~~~~~~~~~^~~~~~~~~~~~~~~~~~~~~~~~~[m[K
[22.026s] [01m[K/home/el-system/centering_experiment/src/control/utils/control_.cpp:2286:78:[m[K [01;35m[Kwarning: [m[Kunused parameter ‘[01m[Krate[m[K’ [[01;35m[K-Wunused-parameter[m[K]
[22.027s]  2286 | float getYawError(const std::shared_ptr<DroneController>&node, [01;35m[Krclcpp::Rate &rate[m[K)
[22.027s]       |                                                                [01;35m[K~~~~~~~~~~~~~~^~~~[m[K
[22.027s] [01m[K/home/el-system/centering_experiment/src/control/utils/control_.cpp:[m[K In function ‘[01m[Kvoid printTitik(std::vector<double, std::allocator<double> >&, std::vector<double, std::allocator<double> >&, std::vector<double, std::allocator<double> >&, std::vector<double, std::allocator<double> >&, double, double)[m[K’:
[22.027s] [01m[K/home/el-system/centering_experiment/src/control/utils/control_.cpp:2324:26:[m[K [01;35m[Kwarning: [m[Kcomparison of integer expressions of different signedness: ‘[01m[Kint[m[K’ and ‘[01m[Kstd::vector<double, std::allocator<double> >::size_type[m[K’ {aka ‘[01m[Klong unsigned int[m[K’} [[01;35m[K-Wsign-compare[m[K]
[22.027s]  2324 |         for(int i = 0; [01;35m[Ki < lat_indoor.size()[m[K; i++) {
[22.027s]       |                        [01;35m[K~~^~~~~~~~~~~~~~~~~~~[m[K
[22.027s] [01m[K/home/el-system/centering_experiment/src/control/utils/control_.cpp:2326:18:[m[K [01;35m[Kwarning: [m[Kcomparison of integer expressions of different signedness: ‘[01m[Kint[m[K’ and ‘[01m[Kstd::vector<double, std::allocator<double> >::size_type[m[K’ {aka ‘[01m[Klong unsigned int[m[K’} [[01;35m[K-Wsign-compare[m[K]
[22.027s]  2326 |             if([01;35m[Ki != lat_indoor.size() -1[m[K) {std::cout<<", ";}
[22.027s]       |                [01;35m[K~~^~~~~~~~~~~~~~~~~~~~~~~[m[K
[22.027s] [01m[K/home/el-system/centering_experiment/src/control/utils/control_.cpp:2330:26:[m[K [01;35m[Kwarning: [m[Kcomparison of integer expressions of different signedness: ‘[01m[Kint[m[K’ and ‘[01m[Kstd::vector<double, std::allocator<double> >::size_type[m[K’ {aka ‘[01m[Klong unsigned int[m[K’} [[01;35m[K-Wsign-compare[m[K]
[22.027s]  2330 |         for(int i = 0; [01;35m[Ki < lon_indoor.size()[m[K; i++) {
[22.027s]       |                        [01;35m[K~~^~~~~~~~~~~~~~~~~~~[m[K
[22.027s] [01m[K/home/el-system/centering_experiment/src/control/utils/control_.cpp:2332:18:[m[K [01;35m[Kwarning: [m[Kcomparison of integer expressions of different signedness: ‘[01m[Kint[m[K’ and ‘[01m[Kstd::vector<double, std::allocator<double> >::size_type[m[K’ {aka ‘[01m[Klong unsigned int[m[K’} [[01;35m[K-Wsign-compare[m[K]
[22.027s]  2332 |             if([01;35m[Ki != lon_indoor.size() -1[m[K) {std::cout<<", ";}
[22.027s]       |                [01;35m[K~~^~~~~~~~~~~~~~~~~~~~~~~[m[K
[22.028s] [01m[K/home/el-system/centering_experiment/src/control/utils/control_.cpp:2340:26:[m[K [01;35m[Kwarning: [m[Kcomparison of integer expressions of different signedness: ‘[01m[Kint[m[K’ and ‘[01m[Kstd::vector<double, std::allocator<double> >::size_type[m[K’ {aka ‘[01m[Klong unsigned int[m[K’} [[01;35m[K-Wsign-compare[m[K]
[22.028s]  2340 |         for(int i = 0; [01;35m[Ki < lat_outdoor.size()[m[K; i++) {
[22.028s]       |                        [01;35m[K~~^~~~~~~~~~~~~~~~~~~~[m[K
[22.028s] [01m[K/home/el-system/centering_experiment/src/control/utils/control_.cpp:2342:18:[m[K [01;35m[Kwarning: [m[Kcomparison of integer expressions of different signedness: ‘[01m[Kint[m[K’ and ‘[01m[Kstd::vector<double, std::allocator<double> >::size_type[m[K’ {aka ‘[01m[Klong unsigned int[m[K’} [[01;35m[K-Wsign-compare[m[K]
[22.028s]  2342 |             if([01;35m[Ki != lat_outdoor.size() -1[m[K) {std::cout<<", ";}
[22.028s]       |                [01;35m[K~~^~~~~~~~~~~~~~~~~~~~~~~~[m[K
[22.028s] [01m[K/home/el-system/centering_experiment/src/control/utils/control_.cpp:2346:26:[m[K [01;35m[Kwarning: [m[Kcomparison of integer expressions of different signedness: ‘[01m[Kint[m[K’ and ‘[01m[Kstd::vector<double, std::allocator<double> >::size_type[m[K’ {aka ‘[01m[Klong unsigned int[m[K’} [[01;35m[K-Wsign-compare[m[K]
[22.028s]  2346 |         for(int i = 0; [01;35m[Ki < lon_outdoor.size()[m[K; i++) {
[22.028s]       |                        [01;35m[K~~^~~~~~~~~~~~~~~~~~~~[m[K
[22.028s] [01m[K/home/el-system/centering_experiment/src/control/utils/control_.cpp:2348:18:[m[K [01;35m[Kwarning: [m[Kcomparison of integer expressions of different signedness: ‘[01m[Kint[m[K’ and ‘[01m[Kstd::vector<double, std::allocator<double> >::size_type[m[K’ {aka ‘[01m[Klong unsigned int[m[K’} [[01;35m[K-Wsign-compare[m[K]
[22.028s]  2348 |             if([01;35m[Ki != lon_outdoor.size() -1[m[K) {std::cout<<", ";}
[22.028s]       |                [01;35m[K~~^~~~~~~~~~~~~~~~~~~~~~~~[m[K
[22.028s] [01m[K/home/el-system/centering_experiment/src/control/utils/control_.cpp:[m[K In function ‘[01m[Kvoid executeLocalWaypointMove(const std::shared_ptr<DroneController>&, rclcpp::Rate&, geometry_msgs::msg::PoseStamped&, float, float, float, float, float)[m[K’:
[22.028s] [01m[K/home/el-system/centering_experiment/src/control/utils/control_.cpp:2355:90:[m[K [01;35m[Kwarning: [m[Kunused parameter ‘[01m[Krate[m[K’ [[01;35m[K-Wunused-parameter[m[K]
[22.029s]  2355 | void executeLocalWaypointMove(const std::shared_ptr<DroneController>&node, [01;35m[Krclcpp::Rate &rate[m[K,
[22.029s]       |                                                                            [01;35m[K~~~~~~~~~~~~~~^~~~[m[K
[22.029s] [01m[K/home/el-system/centering_experiment/src/control/utils/control_.cpp:[m[K In function ‘[01m[Kvoid centeringGateNear(const std::shared_ptr<DroneController>&, rclcpp::Rate&, geometry_msgs::msg::PoseStamped&, float, float, bool&, float, float, float, float, float)[m[K’:
[22.029s] [01m[K/home/el-system/centering_experiment/src/control/utils/control_.cpp:3249:57:[m[K [01;35m[Kwarning: [m[Kunused parameter ‘[01m[Kposee[m[K’ [[01;35m[K-Wunused-parameter[m[K]
[22.029s]  3249 |                        [01;35m[Kgeometry_msgs::msg::PoseStamped &posee[m[K, float gate_width,
[22.029s]       |                        [01;35m[K~~~~~~~~~~~~~~~~~~~~~~~~~~~~~~~~~^~~~~[m[K
[22.029s] [01m[K/home/el-system/centering_experiment/src/control/utils/control_.cpp:[m[K In function ‘[01m[Kvoid centeringGateLivoxSimple(const std::shared_ptr<DroneController>&, rclcpp::Rate&, geometry_msgs::msg::PoseStamped&, float, float, bool&, float, float, float, bool)[m[K’:
[22.029s] [01m[K/home/el-system/centering_experiment/src/control/utils/control_.cpp:3892:38:[m[K [01;35m[Kwarning: [m[Kunused parameter ‘[01m[Kposee[m[K’ [[01;35m[K-Wunused-parameter[m[K]
[22.029s]  3892 |     [01;35m[Kgeometry_msgs::msg::PoseStamped &posee[m[K,
[22.029s]       |     [01;35m[K~~~~~~~~~~~~~~~~~~~~~~~~~~~~~~~~~^~~~~[m[K
[22.029s] [ 25%] [1m[32mLinking CXX executable control_lidar[0m
[23.189s] In file included from [01m[K/home/el-system/centering_experiment/src/control/include/control_.hpp:30[m[K,
[23.189s]                  from [01m[K/home/el-system/centering_experiment/src/control/utils/control_.cpp:1[m[K:
[23.189s] [01m[K/home/el-system/centering_experiment/src/control/include/drone_controller_.hpp:162:25:[m[K [01;35m[Kwarning: [m[Kuse of ‘[01m[Kauto[m[K’ in parameter declaration only available with ‘[01m[K-std=c++20[m[K’ or ‘[01m[K-fconcepts[m[K’
[23.190s]   162 |     void waitForService([01;35m[Kauto[m[K &client);
[23.190s]       |                         [01;35m[K^~~~[m[K
[23.190s] In file included from [01m[K/home/el-system/centering_experiment/src/control/utils/control_.cpp:1[m[K:
[23.191s] [01m[K/home/el-system/centering_experiment/src/control/include/control_.hpp:63:62:[m[K [01;35m[Kwarning: [m[Kuse of ‘[01m[Kauto[m[K’ in parameter declaration only available with ‘[01m[K-std=c++20[m[K’ or ‘[01m[K-fconcepts[m[K’
[23.191s]    63 | bool hasReplied(const std::shared_ptr<DroneController>&node, [01;35m[Kauto[m[K& result);
[23.193s]       |                                                              [01;35m[K^~~~[m[K
[23.195s] [01m[K/home/el-system/centering_experiment/src/control/utils/control_.cpp:51:62:[m[K [01;35m[Kwarning: [m[Kuse of ‘[01m[Kauto[m[K’ in parameter declaration only available with ‘[01m[K-std=c++20[m[K’ or ‘[01m[K-fconcepts[m[K’
[23.195s]    51 | bool hasReplied(const std::shared_ptr<DroneController>&node, [01;35m[Kauto[m[K& result){
[23.196s]       |                                                              [01;35m[K^~~~[m[K
[23.196s] [01m[K/home/el-system/centering_experiment/src/control/utils/control_.cpp:[m[K In function ‘[01m[Kvoid safeLanding(const std::shared_ptr<DroneController>&, rclcpp::Rate&, geometry_msgs::msg::PoseStamped&, float)[m[K’:
[23.196s] [01m[K/home/el-system/centering_experiment/src/control/utils/control_.cpp:474:77:[m[K [01;35m[Kwarning: [m[Kunused parameter ‘[01m[Krate[m[K’ [[01;35m[K-Wunused-parameter[m[K]
[23.196s]   474 | void safeLanding(const std::shared_ptr<DroneController>&node, [01;35m[Krclcpp::Rate &rate[m[K, geometry_msgs::msg::PoseStamped &posee, float descent_rate = 0.3) {
[23.196s]       |                                                               [01;35m[K~~~~~~~~~~~~~~^~~~[m[K
[23.196s] [01m[K/home/el-system/centering_experiment/src/control/utils/control_.cpp:[m[K In function ‘[01m[Kvoid centeringPayload(const std::shared_ptr<DroneController>&, rclcpp::Rate&, geometry_msgs::msg::PoseStamped&, float, bool&, float, float, float, float, float, float, float, float, float, std::string, std::string)[m[K’:
[23.196s] [01m[K/home/el-system/centering_experiment/src/control/utils/control_.cpp:650:17:[m[K [01;35m[Kwarning: [m[Kunused variable ‘[01m[KdropAlt[m[K’ [[01;35m[K-Wunused-variable[m[K]
[23.198s]   650 |     const float [01;35m[KdropAlt[m[K = 0.6;
[23.198s]       |                 [01;35m[K^~~~~~~[m[K
[23.199s] [01m[K/home/el-system/centering_experiment/src/control/utils/control_.cpp:653:29:[m[K [01;35m[Kwarning: [m[Kvariable ‘[01m[Kdetected[m[K’ set but not used [[01;35m[K-Wunused-but-set-variable[m[K]
[23.200s]   653 |     float roll, pitch; bool [01;35m[Kdetected[m[K = false;
[23.200s]       |                             [01;35m[K^~~~~~~~[m[K
[23.201s] [01m[K/home/el-system/centering_experiment/src/control/utils/control_.cpp:654:59:[m[K [01;35m[Kwarning: [m[Kunused variable ‘[01m[Kavg_sample[m[K’ [[01;35m[K-Wunused-variable[m[K]
[23.201s]   654 |     geometry_msgs::msg::PoseStamped avg_payload_pose; int [01;35m[Kavg_sample[m[K = 1; int buffer_size = 4;
[23.201s]       |                                                           [01;35m[K^~~~~~~~~~[m[K
[23.202s] [01m[K/home/el-system/centering_experiment/src/control/utils/control_.cpp:654:79:[m[K [01;35m[Kwarning: [m[Kunused variable ‘[01m[Kbuffer_size[m[K’ [[01;35m[K-Wunused-variable[m[K]
[23.202s]   654 |     geometry_msgs::msg::PoseStamped avg_payload_pose; int avg_sample = 1; int [01;35m[Kbuffer_size[m[K = 4;
[23.202s]       |                                                                               [01;35m[K^~~~~~~~~~~[m[K
[23.202s] [01m[K/home/el-system/centering_experiment/src/control/utils/control_.cpp:[m[K In function ‘[01m[Kvoid centeringEmber(const std::shared_ptr<DroneController>&, rclcpp::Rate&, geometry_msgs::msg::PoseStamped&, float, bool&, float, float, float)[m[K’:
[23.203s] [01m[K/home/el-system/centering_experiment/src/control/utils/control_.cpp:926:11:[m[K [01;35m[Kwarning: [m[Kvariable ‘[01m[Kroll[m[K’ set but not used [[01;35m[K-Wunused-but-set-variable[m[K]
[23.203s]   926 |     float [01;35m[Kroll[m[K, pitch; bool detected = false;
[23.203s]       |           [01;35m[K^~~~[m[K
[23.203s] [01m[K/home/el-system/centering_experiment/src/control/utils/control_.cpp:926:17:[m[K [01;35m[Kwarning: [m[Kvariable ‘[01m[Kpitch[m[K’ set but not used [[01;35m[K-Wunused-but-set-variable[m[K]
[23.204s]   926 |     float roll, [01;35m[Kpitch[m[K; bool detected = false;
[23.204s]       |                 [01;35m[K^~~~~[m[K
[23.204s] [01m[K/home/el-system/centering_experiment/src/control/utils/control_.cpp:926:29:[m[K [01;35m[Kwarning: [m[Kvariable ‘[01m[Kdetected[m[K’ set but not used [[01;35m[K-Wunused-but-set-variable[m[K]
[23.204s]   926 |     float roll, pitch; bool [01;35m[Kdetected[m[K = false;
[23.205s]       |                             [01;35m[K^~~~~~~~[m[K
[23.205s] [01m[K/home/el-system/centering_experiment/src/control/utils/control_.cpp:927:57:[m[K [01;35m[Kwarning: [m[Kunused variable ‘[01m[Kavg_sample[m[K’ [[01;35m[K-Wunused-variable[m[K]
[23.205s]   927 |     geometry_msgs::msg::PoseStamped avg_ember_pose; int [01;35m[Kavg_sample[m[K = 1; int buffer_size = 4;
[23.205s]       |                                                         [01;35m[K^~~~~~~~~~[m[K
[23.206s] [01m[K/home/el-system/centering_experiment/src/control/utils/control_.cpp:927:77:[m[K [01;35m[Kwarning: [m[Kunused variable ‘[01m[Kbuffer_size[m[K’ [[01;35m[K-Wunused-variable[m[K]
[23.206s]   927 |     geometry_msgs::msg::PoseStamped avg_ember_pose; int avg_sample = 1; int [01;35m[Kbuffer_size[m[K = 4;
[23.206s]       |                                                                             [01;35m[K^~~~~~~~~~~[m[K
[23.206s] [01m[K/home/el-system/centering_experiment/src/control/utils/control_.cpp:[m[K In function ‘[01m[Kvoid centeringGate(const std::shared_ptr<DroneController>&, rclcpp::Rate&, geometry_msgs::msg::PoseStamped&, float)[m[K’:
[23.207s] [01m[K/home/el-system/centering_experiment/src/control/utils/control_.cpp:1204:30:[m[K [01;35m[Kwarning: [m[Kcomparison of integer expressions of different signedness: ‘[01m[Kint[m[K’ and ‘[01m[Kstd::vector<float>::size_type[m[K’ {aka ‘[01m[Klong unsigned int[m[K’} [[01;35m[K-Wsign-compare[m[K]
[23.207s]  1204 |             for(int j = 0; [01;35m[Kj < x_points.size()[m[K; j++) {
[23.207s]       |                            [01;35m[K~~^~~~~~~~~~~~~~~~~[m[K
[23.208s] [01m[K/home/el-system/centering_experiment/src/control/utils/control_.cpp:1194:15:[m[K [01;35m[Kwarning: [m[Kunused variable ‘[01m[Kx1_min[m[K’ [[01;35m[K-Wunused-variable[m[K]
[23.209s]  1194 |         float [01;35m[Kx1_min[m[K = -1.0, x2_min = -1.0;
[23.209s]       |               [01;35m[K^~~~~~[m[K
[23.209s] [01m[K/home/el-system/centering_experiment/src/control/utils/control_.cpp:1194:30:[m[K [01;35m[Kwarning: [m[Kunused variable ‘[01m[Kx2_min[m[K’ [[01;35m[K-Wunused-variable[m[K]
[23.209s]  1194 |         float x1_min = -1.0, [01;35m[Kx2_min[m[K = -1.0;
[23.210s]       |                              [01;35m[K^~~~~~[m[K
[23.210s] [01m[K/home/el-system/centering_experiment/src/control/utils/control_.cpp:[m[K In function ‘[01m[Kvoid centeringBunder(const std::shared_ptr<DroneController>&, rclcpp::Rate&, geometry_msgs::msg::PoseStamped&, float, bool&, float, float, float)[m[K’:
[23.210s] [01m[K/home/el-system/centering_experiment/src/control/utils/control_.cpp:1342:11:[m[K [01;35m[Kwarning: [m[Kvariable ‘[01m[Kroll[m[K’ set but not used [[01;35m[K-Wunused-but-set-variable[m[K]
[23.210s]  1342 |     float [01;35m[Kroll[m[K, pitch; bool detected = false;
[23.211s]       |           [01;35m[K^~~~[m[K
[23.211s] [01m[K/home/el-system/centering_experiment/src/control/utils/control_.cpp:1342:17:[m[K [01;35m[Kwarning: [m[Kvariable ‘[01m[Kpitch[m[K’ set but not used [[01;35m[K-Wunused-but-set-variable[m[K]
[23.211s]  1342 |     float roll, [01;35m[Kpitch[m[K; bool detected = false;
[23.211s]       |                 [01;35m[K^~~~~[m[K
[23.212s] [01m[K/home/el-system/centering_experiment/src/control/utils/control_.cpp:1342:29:[m[K [01;35m[Kwarning: [m[Kvariable ‘[01m[Kdetected[m[K’ set but not used [[01;35m[K-Wunused-but-set-variable[m[K]
[23.212s]  1342 |     float roll, pitch; bool [01;35m[Kdetected[m[K = false;
[23.212s]       |                             [01;35m[K^~~~~~~~[m[K
[23.212s] [01m[K/home/el-system/centering_experiment/src/control/utils/control_.cpp:1343:58:[m[K [01;35m[Kwarning: [m[Kunused variable ‘[01m[Kavg_sample[m[K’ [[01;35m[K-Wunused-variable[m[K]
[23.213s]  1343 |     geometry_msgs::msg::PoseStamped avg_bunder_pose; int [01;35m[Kavg_sample[m[K = 1; int buffer_size = 4;
[23.213s]       |                                                          [01;35m[K^~~~~~~~~~[m[K
[23.213s] [01m[K/home/el-system/centering_experiment/src/control/utils/control_.cpp:1343:78:[m[K [01;35m[Kwarning: [m[Kunused variable ‘[01m[Kbuffer_size[m[K’ [[01;35m[K-Wunused-variable[m[K]
[23.214s]  1343 |     geometry_msgs::msg::PoseStamped avg_bunder_pose; int avg_sample = 1; int [01;35m[Kbuffer_size[m[K = 4;
[23.214s]       |                                                                              [01;35m[K^~~~~~~~~~~[m[K
[23.214s] [01m[K/home/el-system/centering_experiment/src/control/utils/control_.cpp:[m[K In function ‘[01m[Kvoid moveToPoint(const std::shared_ptr<DroneController>&, rclcpp::Rate&, geometry_msgs::msg::PoseStamped&, float, float, float, float, float, float)[m[K’:
[23.214s] [01m[K/home/el-system/centering_experiment/src/control/utils/control_.cpp:1537:55:[m[K [01;35m[Kwarning: [m[Kunused variable ‘[01m[Ki[m[K’ [[01;35m[K-Wunused-variable[m[K]
[23.215s]  1537 |     float last_x, last_y, distance, progress=0.0; int [01;35m[Ki[m[K =0;
[23.217s]       |                                                       [01;35m[K^[m[K
[23.217s] [01m[K/home/el-system/centering_experiment/src/control/utils/control_.cpp:1521:156:[m[K [01;35m[Kwarning: [m[Kunused parameter ‘[01m[Kangle[m[K’ [[01;35m[K-Wunused-parameter[m[K]
[23.217s]  1521 | void moveToPoint(const std::shared_ptr<DroneController>&node, rclcpp::Rate &rate, geometry_msgs::msg::PoseStamped &posee, float x, float y, float z, [01;35m[Kfloat angle[m[K, float speed, float tolerance) {
[23.218s]       |                                                                                                                                                      [01;35m[K~~~~~~^~~~~[m[K
[23.218s] [01m[K/home/el-system/centering_experiment/src/control/utils/control_.cpp:[m[K In function ‘[01m[Kvoid moveToPoint(const std::shared_ptr<DroneController>&, rclcpp::Rate&, geometry_msgs::msg::PoseStamped&, geometry_msgs::msg::Pose, float, float, bool, bool, bool)[m[K’:
[23.218s] [01m[K/home/el-system/centering_experiment/src/control/utils/control_.cpp:1583:11:[m[K [01;35m[Kwarning: [m[Kunused variable ‘[01m[Kdistance_to_target[m[K’ [[01;35m[K-Wunused-variable[m[K]
[23.218s]  1583 |     float [01;35m[Kdistance_to_target[m[K = dist(posee.pose.position, target.position);
[23.219s]       |           [01;35m[K^~~~~~~~~~~~~~~~~~[m[K
[23.219s] [01m[K/home/el-system/centering_experiment/src/control/utils/control_.cpp:[m[K In function ‘[01m[Kvoid holdPosition(const std::shared_ptr<DroneController>&, rclcpp::Rate&, geometry_msgs::msg::PoseStamped&, float)[m[K’:
[23.220s] [01m[K/home/el-system/centering_experiment/src/control/utils/control_.cpp:1723:78:[m[K [01;35m[Kwarning: [m[Kunused parameter ‘[01m[Krate[m[K’ [[01;35m[K-Wunused-parameter[m[K]
[23.220s]  1723 | void holdPosition(const std::shared_ptr<DroneController>&node, [01;35m[Krclcpp::Rate &rate[m[K, geometry_msgs::msg::PoseStamped& posee, float duration){
[23.221s]       |                                                                [01;35m[K~~~~~~~~~~~~~~^~~~[m[K
[23.221s] In file included from [01m[K/opt/ros/humble/include/rclcpp/rclcpp/logging.hpp:24[m[K,
[23.221s]                  from [01m[K/opt/ros/humble/include/rclcpp/rclcpp/client.hpp:40[m[K,
[23.221s]                  from [01m[K/opt/ros/humble/include/rclcpp/rclcpp/callback_group.hpp:24[m[K,
[23.222s]                  from [01m[K/opt/ros/humble/include/rclcpp/rclcpp/any_executable.hpp:20[m[K,
[23.222s]                  from [01m[K/opt/ros/humble/include/rclcpp/rclcpp/memory_strategy.hpp:25[m[K,
[23.222s]                  from [01m[K/opt/ros/humble/include/rclcpp/rclcpp/memory_strategies.hpp:18[m[K,
[23.222s]                  from [01m[K/opt/ros/humble/include/rclcpp/rclcpp/executor_options.hpp:20[m[K,
[23.223s]                  from [01m[K/opt/ros/humble/include/rclcpp/rclcpp/executor.hpp:37[m[K,
[23.223s]                  from [01m[K/opt/ros/humble/include/rclcpp/rclcpp/executors/multi_threaded_executor.hpp:25[m[K,
[23.223s]                  from [01m[K/opt/ros/humble/include/rclcpp/rclcpp/executors.hpp:21[m[K,
[23.223s]                  from [01m[K/opt/ros/humble/include/rclcpp/rclcpp/rclcpp.hpp:155[m[K,
[23.224s]                  from [01m[K/home/el-system/centering_experiment/src/control/include/control_.hpp:4[m[K,
[23.224s]                  from [01m[K/home/el-system/centering_experiment/src/control/utils/control_.cpp:1[m[K:
[23.224s] [01m[K/home/el-system/centering_experiment/src/control/utils/control_.cpp:[m[K In function ‘[01m[Kvoid waitForPosition(const std::shared_ptr<DroneController>&, rclcpp::Rate&, mavros_msgs::msg::GlobalPositionTarget, double, bool, float)[m[K’:
[23.224s] [01m[K/home/el-system/centering_experiment/src/control/utils/control_.cpp:1786:41:[m[K [01;35m[Kwarning: [m[Kformat ‘[01m[K%d[m[K’ expects argument of type ‘[01m[Kint[m[K’, but argument 5 has type ‘[01m[Kdouble[m[K’ [[01;35m[K-Wformat=[m[K]
[23.226s]  1786 |         RCLCPP_INFO(node->get_logger(), [01;35m[K"%d - CURRR DISTANCEE: %f, meter: %.2f, payload: %.2f"[m[K, [32m[Kdistance[m[K, dist_m, node->getCurrentPosePayload().pose.position.x);
[23.226s]       |                                         [01;35m[K^~~~~~~~~~~~~~~~~~~~~~~~~~~~~~~~~~~~~~~~~~~~~~~~~~~~~~[m[K  [32m[K~~~~~~~~[m[K
[23.226s]       |                                                                                                 [32m[K|[m[K
[23.227s]       |                                                                                                 [32m[Kdouble[m[K
[23.227s] [01m[K/home/el-system/centering_experiment/src/control/utils/control_.cpp:1786:43:[m[K [01;36m[Knote: [m[Kformat string is defined here
[23.228s]  1786 |         RCLCPP_INFO(node->get_logger(), "[01;36m[K%d[m[K - CURRR DISTANCEE: %f, meter: %.2f, payload: %.2f", distance, dist_m, node->getCurrentPosePayload().pose.position.x);
[23.228s]       |                                          [01;36m[K~^[m[K
[23.228s]       |                                           [01;36m[K|[m[K
[23.228s]       |                                           [01;36m[Kint[m[K
[23.229s]       |                                          [32m[K%f[m[K
[23.229s] In file included from [01m[K/opt/ros/humble/include/rclcpp/rclcpp/logging.hpp:24[m[K,
[23.229s]                  from [01m[K/opt/ros/humble/include/rclcpp/rclcpp/client.hpp:40[m[K,
[23.229s]                  from [01m[K/opt/ros/humble/include/rclcpp/rclcpp/callback_group.hpp:24[m[K,
[23.230s]                  from [01m[K/opt/ros/humble/include/rclcpp/rclcpp/any_executable.hpp:20[m[K,
[23.230s]                  from [01m[K/opt/ros/humble/include/rclcpp/rclcpp/memory_strategy.hpp:25[m[K,
[23.230s]                  from [01m[K/opt/ros/humble/include/rclcpp/rclcpp/memory_strategies.hpp:18[m[K,
[23.230s]                  from [01m[K/opt/ros/humble/include/rclcpp/rclcpp/executor_options.hpp:20[m[K,
[23.231s]                  from [01m[K/opt/ros/humble/include/rclcpp/rclcpp/executor.hpp:37[m[K,
[23.231s]                  from [01m[K/opt/ros/humble/include/rclcpp/rclcpp/executors/multi_threaded_executor.hpp:25[m[K,
[23.231s]                  from [01m[K/opt/ros/humble/include/rclcpp/rclcpp/executors.hpp:21[m[K,
[23.231s]                  from [01m[K/opt/ros/humble/include/rclcpp/rclcpp/rclcpp.hpp:155[m[K,
[23.232s]                  from [01m[K/home/el-system/centering_experiment/src/control/include/control_.hpp:4[m[K,
[23.232s]                  from [01m[K/home/el-system/centering_experiment/src/control/utils/control_.cpp:1[m[K:
[23.232s] [01m[K/home/el-system/centering_experiment/src/control/utils/control_.cpp:1786:41:[m[K [01;35m[Kwarning: [m[Kformat ‘[01m[K%f[m[K’ expects a matching ‘[01m[Kdouble[m[K’ argument [[01;35m[K-Wformat=[m[K]
[23.233s]  1786 |         RCLCPP_INFO(node->get_logger(), [01;35m[K"%d - CURRR DISTANCEE: %f, meter: %.2f, payload: %.2f"[m[K, distance, dist_m, node->getCurrentPosePayload().pose.position.x);
[23.233s]       |                                         [01;35m[K^~~~~~~~~~~~~~~~~~~~~~~~~~~~~~~~~~~~~~~~~~~~~~~~~~~~~~[m[K
[23.233s] [01m[K/home/el-system/centering_experiment/src/control/utils/control_.cpp:1786:93:[m[K [01;36m[Knote: [m[Kformat string is defined here
[23.233s]  1786 |         RCLCPP_INFO(node->get_logger(), "%d - CURRR DISTANCEE: %f, meter: %.2f, payload: [01;36m[K%.2f[m[K", distance, dist_m, node->getCurrentPosePayload().pose.position.x);
[23.234s]       |                                                                                          [01;36m[K~~~^[m[K
[23.234s]       |                                                                                             [01;36m[K|[m[K
[23.234s]       |                                                                                             [01;36m[Kdouble[m[K
[23.234s] [01m[K/home/el-system/centering_experiment/src/control/utils/control_.cpp:1781:16:[m[K [01;35m[Kwarning: [m[Kunused variable ‘[01m[Kdalt[m[K’ [[01;35m[K-Wunused-variable[m[K]
[23.235s]  1781 |         double [01;35m[Kdalt[m[K = raw.altitude - node->getCurrentGPSPosition().altitude;
[23.235s]       |                [01;35m[K^~~~[m[K
[23.235s] [01m[K/home/el-system/centering_experiment/src/control/utils/control_.cpp:1763:177:[m[K [01;35m[Kwarning: [m[Kunused parameter ‘[01m[Kcenter_dist[m[K’ [[01;35m[K-Wunused-parameter[m[K]
[23.235s]  1763 | void waitForPosition(const std::shared_ptr<DroneController>&node, rclcpp::Rate &rate, mavros_msgs::msg::GlobalPositionTarget raw, double tolerance, bool allow_centering, [01;35m[Kfloat center_dist[m[K) {
[23.236s]       |                                                                                                                                                                           [01;35m[K~~~~~~^~~~~~~~~~~[m[K
[23.236s] [01m[K/home/el-system/centering_experiment/src/control/utils/control_.cpp:[m[K In function ‘[01m[Kvoid sendGlobalRawAsync(const std::shared_ptr<DroneController>&, rclcpp::Rate&, geometry_msgs::msg::PoseStamped&, float, float, float, bool, float)[m[K’:
[23.236s] [01m[K/home/el-system/centering_experiment/src/control/utils/control_.cpp:1853:171:[m[K [01;35m[Kwarning: [m[Kunused parameter ‘[01m[Kallow_centering[m[K’ [[01;35m[K-Wunused-parameter[m[K]
[23.236s]  1853 | void sendGlobalRawAsync(const std::shared_ptr<DroneController>&node, rclcpp::Rate &rate, geometry_msgs::msg::PoseStamped &posee, float latt, float lonn, float altt, [01;35m[Kbool allow_centering[m[K, float center_dist) {
[23.237s]       |                                                                                                                                                                      [01;35m[K~~~~~^~~~~~~~~~~~~~~[m[K
[23.237s] [01m[K/home/el-system/centering_experiment/src/control/utils/control_.cpp:1853:194:[m[K [01;35m[Kwarning: [m[Kunused parameter ‘[01m[Kcenter_dist[m[K’ [[01;35m[K-Wunused-parameter[m[K]
[23.237s]  1853 | void sendGlobalRawAsync(const std::shared_ptr<DroneController>&node, rclcpp::Rate &rate, geometry_msgs::msg::PoseStamped &posee, float latt, float lonn, float altt, bool allow_centering, [01;35m[Kfloat center_dist[m[K) {
[23.238s]       |                                                                                                                                                                                            [01;35m[K~~~~~~^~~~~~~~~~~[m[K
[23.238s] [01m[K/home/el-system/centering_experiment/src/control/utils/control_.cpp:[m[K In function ‘[01m[Kvoid sendGlobalRawFromXYZ(const std::shared_ptr<DroneController>&, rclcpp::Rate&, geometry_msgs::msg::PoseStamped&, LatLonAlt, double, float, float, float, bool, float)[m[K’:
[23.238s] [01m[K/home/el-system/centering_experiment/src/control/utils/control_.cpp:1901:203:[m[K [01;35m[Kwarning: [m[Kunused parameter ‘[01m[Kallow_centering[m[K’ [[01;35m[K-Wunused-parameter[m[K]
[23.238s]  1901 | void sendGlobalRawFromXYZ(const std::shared_ptr<DroneController>&node, rclcpp::Rate &rate, geometry_msgs::msg::PoseStamped &posee, LatLonAlt zero, double zero_hdg, float x, float y, float rel_alt, [01;35m[Kbool allow_centering[m[K, float center_dist) {
[23.239s]       |                                                                                                                                                                                                      [01;35m[K~~~~~^~~~~~~~~~~~~~~[m[K
[23.239s] [01m[K/home/el-system/centering_experiment/src/control/utils/control_.cpp:1901:226:[m[K [01;35m[Kwarning: [m[Kunused parameter ‘[01m[Kcenter_dist[m[K’ [[01;35m[K-Wunused-parameter[m[K]
[23.239s]  1901 | void sendGlobalRawFromXYZ(const std::shared_ptr<DroneController>&node, rclcpp::Rate &rate, geometry_msgs::msg::PoseStamped &posee, LatLonAlt zero, double zero_hdg, float x, float y, float rel_alt, bool allow_centering, [01;35m[Kfloat center_dist[m[K) {
[23.239s]       |                                                                                                                                                                                                                            [01;35m[K~~~~~~^~~~~~~~~~~[m[K
[23.240s] In file included from [01m[K/opt/ros/humble/include/rclcpp/rclcpp/logging.hpp:24[m[K,
[23.240s]                  from [01m[K/opt/ros/humble/include/rclcpp/rclcpp/client.hpp:40[m[K,
[23.241s]                  from [01m[K/opt/ros/humble/include/rclcpp/rclcpp/callback_group.hpp:24[m[K,
[23.241s]                  from [01m[K/opt/ros/humble/include/rclcpp/rclcpp/any_executable.hpp:20[m[K,
[23.241s]                  from [01m[K/opt/ros/humble/include/rclcpp/rclcpp/memory_strategy.hpp:25[m[K,
[23.241s]                  from [01m[K/opt/ros/humble/include/rclcpp/rclcpp/memory_strategies.hpp:18[m[K,
[23.242s]                  from [01m[K/opt/ros/humble/include/rclcpp/rclcpp/executor_options.hpp:20[m[K,
[23.242s]                  from [01m[K/opt/ros/humble/include/rclcpp/rclcpp/executor.hpp:37[m[K,
[23.242s]                  from [01m[K/opt/ros/humble/include/rclcpp/rclcpp/executors/multi_threaded_executor.hpp:25[m[K,
[23.242s]                  from [01m[K/opt/ros/humble/include/rclcpp/rclcpp/executors.hpp:21[m[K,
[23.243s]                  from [01m[K/opt/ros/humble/include/rclcpp/rclcpp/rclcpp.hpp:155[m[K,
[23.243s]                  from [01m[K/home/el-system/centering_experiment/src/control/include/control_.hpp:4[m[K,
[23.243s]                  from [01m[K/home/el-system/centering_experiment/src/control/utils/control_.cpp:1[m[K:
[23.244s] [01m[K/home/el-system/centering_experiment/src/control/utils/control_.cpp:[m[K In function ‘[01m[Kvoid pushMission(const std::shared_ptr<DroneController>&, std::vector<mavros_msgs::msg::Waypoint_<std::allocator<void> >, std::allocator<mavros_msgs::msg::Waypoint_<std::allocator<void> > > >)[m[K’:
[23.244s] [01m[K/home/el-system/centering_experiment/src/control/utils/control_.cpp:2002:37:[m[K [01;35m[Kwarning: [m[Kformat ‘[01m[K%d[m[K’ expects argument of type ‘[01m[Kint[m[K’, but argument 5 has type ‘[01m[Kstd::vector<mavros_msgs::msg::Waypoint_<std::allocator<void> >, std::allocator<mavros_msgs::msg::Waypoint_<std::allocator<void> > > >::size_type[m[K’ {aka ‘[01m[Klong unsigned int[m[K’} [[01;35m[K-Wformat=[m[K]
[23.244s]  2002 |     RCLCPP_INFO(node->get_logger(), [01;35m[K"Pushing mission of size %d"[m[K, [32m[Kwaypoints.size()[m[K);
[23.244s]       |                                     [01;35m[K^~~~~~~~~~~~~~~~~~~~~~~~~~~~[m[K  [32m[K~~~~~~~~~~~~~~~~[m[K
[23.245s]       |                                                                                 [32m[K|[m[K
[23.245s]       |                                                                                 [32m[Kstd::vector<mavros_msgs::msg::Waypoint_<std::allocator<void> >, std::allocator<mavros_msgs::msg::Waypoint_<std::allocator<void> > > >::size_type {aka long unsigned int}[m[K
[23.245s] [01m[K/home/el-system/centering_experiment/src/control/utils/control_.cpp:2002:63:[m[K [01;36m[Knote: [m[Kformat string is defined here
[23.245s]  2002 |     RCLCPP_INFO(node->get_logger(), "Pushing mission of size [01;36m[K%d[m[K", waypoints.size());
[23.245s]       |                                                              [01;36m[K~^[m[K
[23.246s]       |                                                               [01;36m[K|[m[K
[23.246s]       |                                                               [01;36m[Kint[m[K
[23.246s]       |                                                              [32m[K%ld[m[K
[23.246s] [01m[K/home/el-system/centering_experiment/src/control/utils/control_.cpp:[m[K In function ‘[01m[Kvoid moveWithLaser(const std::shared_ptr<DroneController>&, rclcpp::Rate&, geometry_msgs::msg::PoseStamped&, float, float, float, float, float, bool, bool, float, float)[m[K’:
[23.247s] [01m[K/home/el-system/centering_experiment/src/control/utils/control_.cpp:2128:422:[m[K [01;35m[Kwarning: [m[Ksuggest parentheses around comparison in operand of ‘[01m[K&[m[K’ [[01;35m[K-Wparentheses[m[K]
[23.247s]  2128 |         vel_pose.pose.position.x = x ? limit(max_speed, P_maju*err_x + I_maju*total_error_maju + D_maju*last_error_maju) : (front + back <= 2.85f ? limit(koreksi_max_speed, P_koreksi*(front - back) + I_koreksi*total_error_koreksi + D_koreksi*last_error_koreksi) : (back == 2.1f && front != 2.1f ? limit(koreksi_max_speed, P_koreksi*(front - 1.25 ) + I_koreksi*total_error_koreksi + D_koreksi*last_error_koreksi) : ([01;35m[Kfront == 2.1f[m[K & back != 2.1f ? limit(koreksi_max_speed, P_koreksi*(1.25 - back) + I_koreksi*total_error_koreksi + D_koreksi*last_error_koreksi) : 0.0)));
[23.247s]       |                                                                                                                                                                                                                                                                                                                                                                                                                                [01;35m[K~~~~~~^~~~~~~[m[K
[23.248s] [01m[K/home/el-system/centering_experiment/src/control/utils/control_.cpp:2129:421:[m[K [01;35m[Kwarning: [m[Ksuggest parentheses around comparison in operand of ‘[01m[K&[m[K’ [[01;35m[K-Wparentheses[m[K]
[23.248s]  2129 |         vel_pose.pose.position.y = y ? limit(max_speed, P_maju*err_y + I_maju*total_error_maju + D_maju*last_error_maju) : (left + right <= 2.85f ? limit(koreksi_max_speed, P_koreksi*(left - right) + I_koreksi*total_error_koreksi + D_koreksi*last_error_koreksi) : (right == 2.1f && left != 2.1f ? limit(koreksi_max_speed, P_koreksi*(left - 1.25  ) + I_koreksi*total_error_koreksi + D_koreksi*last_error_koreksi) : ([01;35m[Kleft == 2.1f[m[K & right != 2.1f ? limit(koreksi_max_speed, P_koreksi*(1.25 - right) + I_koreksi*total_error_koreksi + D_koreksi*last_error_koreksi) : 0.0)));
[23.248s]       |                                                                                                                                                                                                                                                                                                                                                                                                                                [01;35m[K~~~~~^~~~~~~[m[K
[23.249s] [01m[K/home/el-system/centering_experiment/src/control/utils/control_.cpp:[m[K In function ‘[01m[Kfloat getYawError(const std::shared_ptr<DroneController>&, rclcpp::Rate&)[m[K’:
[23.249s] [01m[K/home/el-system/centering_experiment/src/control/utils/control_.cpp:2304:24:[m[K [01;35m[Kwarning: [m[Kcomparison of integer expressions of different signedness: ‘[01m[Kint[m[K’ and ‘[01m[Kstd::vector<float>::size_type[m[K’ {aka ‘[01m[Klong unsigned int[m[K’} [[01;35m[K-Wsign-compare[m[K]
[23.249s]  2304 |         if([01;35m[Kright_index > curr_scan.ranges.size()[m[K) {
[23.249s]       |            [01;35m[K~~~~~~~~~~~~^~~~~~~~~~~~~~~~~~~~~~~~~[m[K
[23.250s] [01m[K/home/el-system/centering_experiment/src/control/utils/control_.cpp:2286:78:[m[K [01;35m[Kwarning: [m[Kunused parameter ‘[01m[Krate[m[K’ [[01;35m[K-Wunused-parameter[m[K]
[23.250s]  2286 | float getYawError(const std::shared_ptr<DroneController>&node, [01;35m[Krclcpp::Rate &rate[m[K)
[23.250s]       |                                                                [01;35m[K~~~~~~~~~~~~~~^~~~[m[K
[23.250s] [01m[K/home/el-system/centering_experiment/src/control/utils/control_.cpp:[m[K In function ‘[01m[Kvoid printTitik(std::vector<double, std::allocator<double> >&, std::vector<double, std::allocator<double> >&, std::vector<double, std::allocator<double> >&, std::vector<double, std::allocator<double> >&, double, double)[m[K’:
[23.251s] [01m[K/home/el-system/centering_experiment/src/control/utils/control_.cpp:2324:26:[m[K [01;35m[Kwarning: [m[Kcomparison of integer expressions of different signedness: ‘[01m[Kint[m[K’ and ‘[01m[Kstd::vector<double, std::allocator<double> >::size_type[m[K’ {aka ‘[01m[Klong unsigned int[m[K’} [[01;35m[K-Wsign-compare[m[K]
[23.251s]  2324 |         for(int i = 0; [01;35m[Ki < lat_indoor.size()[m[K; i++) {
[23.251s]       |                        [01;35m[K~~^~~~~~~~~~~~~~~~~~~[m[K
[23.251s] [01m[K/home/el-system/centering_experiment/src/control/utils/control_.cpp:2326:18:[m[K [01;35m[Kwarning: [m[Kcomparison of integer expressions of different signedness: ‘[01m[Kint[m[K’ and ‘[01m[Kstd::vector<double, std::allocator<double> >::size_type[m[K’ {aka ‘[01m[Klong unsigned int[m[K’} [[01;35m[K-Wsign-compare[m[K]
[23.252s]  2326 |             if([01;35m[Ki != lat_indoor.size() -1[m[K) {std::cout<<", ";}
[23.252s]       |                [01;35m[K~~^~~~~~~~~~~~~~~~~~~~~~~[m[K
[23.252s] [01m[K/home/el-system/centering_experiment/src/control/utils/control_.cpp:2330:26:[m[K [01;35m[Kwarning: [m[Kcomparison of integer expressions of different signedness: ‘[01m[Kint[m[K’ and ‘[01m[Kstd::vector<double, std::allocator<double> >::size_type[m[K’ {aka ‘[01m[Klong unsigned int[m[K’} [[01;35m[K-Wsign-compare[m[K]
[23.253s]  2330 |         for(int i = 0; [01;35m[Ki < lon_indoor.size()[m[K; i++) {
[23.253s]       |                        [01;35m[K~~^~~~~~~~~~~~~~~~~~~[m[K
[23.253s] [01m[K/home/el-system/centering_experiment/src/control/utils/control_.cpp:2332:18:[m[K [01;35m[Kwarning: [m[Kcomparison of integer expressions of different signedness: ‘[01m[Kint[m[K’ and ‘[01m[Kstd::vector<double, std::allocator<double> >::size_type[m[K’ {aka ‘[01m[Klong unsigned int[m[K’} [[01;35m[K-Wsign-compare[m[K]
[23.253s]  2332 |             if([01;35m[Ki != lon_indoor.size() -1[m[K) {std::cout<<", ";}
[23.254s]       |                [01;35m[K~~^~~~~~~~~~~~~~~~~~~~~~~[m[K
[23.254s] [01m[K/home/el-system/centering_experiment/src/control/utils/control_.cpp:2340:26:[m[K [01;35m[Kwarning: [m[Kcomparison of integer expressions of different signedness: ‘[01m[Kint[m[K’ and ‘[01m[Kstd::vector<double, std::allocator<double> >::size_type[m[K’ {aka ‘[01m[Klong unsigned int[m[K’} [[01;35m[K-Wsign-compare[m[K]
[23.254s]  2340 |         for(int i = 0; [01;35m[Ki < lat_outdoor.size()[m[K; i++) {
[23.254s]       |                        [01;35m[K~~^~~~~~~~~~~~~~~~~~~~[m[K
[23.255s] [01m[K/home/el-system/centering_experiment/src/control/utils/control_.cpp:2342:18:[m[K [01;35m[Kwarning: [m[Kcomparison of integer expressions of different signedness: ‘[01m[Kint[m[K’ and ‘[01m[Kstd::vector<double, std::allocator<double> >::size_type[m[K’ {aka ‘[01m[Klong unsigned int[m[K’} [[01;35m[K-Wsign-compare[m[K]
[23.255s]  2342 |             if([01;35m[Ki != lat_outdoor.size() -1[m[K) {std::cout<<", ";}
[23.255s]       |                [01;35m[K~~^~~~~~~~~~~~~~~~~~~~~~~~[m[K
[23.255s] [01m[K/home/el-system/centering_experiment/src/control/utils/control_.cpp:2346:26:[m[K [01;35m[Kwarning: [m[Kcomparison of integer expressions of different signedness: ‘[01m[Kint[m[K’ and ‘[01m[Kstd::vector<double, std::allocator<double> >::size_type[m[K’ {aka ‘[01m[Klong unsigned int[m[K’} [[01;35m[K-Wsign-compare[m[K]
[23.256s]  2346 |         for(int i = 0; [01;35m[Ki < lon_outdoor.size()[m[K; i++) {
[23.256s]       |                        [01;35m[K~~^~~~~~~~~~~~~~~~~~~~[m[K
[23.256s] [01m[K/home/el-system/centering_experiment/src/control/utils/control_.cpp:2348:18:[m[K [01;35m[Kwarning: [m[Kcomparison of integer expressions of different signedness: ‘[01m[Kint[m[K’ and ‘[01m[Kstd::vector<double, std::allocator<double> >::size_type[m[K’ {aka ‘[01m[Klong unsigned int[m[K’} [[01;35m[K-Wsign-compare[m[K]
[23.256s]  2348 |             if([01;35m[Ki != lon_outdoor.size() -1[m[K) {std::cout<<", ";}
[23.256s]       |                [01;35m[K~~^~~~~~~~~~~~~~~~~~~~~~~~[m[K
[23.256s] [01m[K/home/el-system/centering_experiment/src/control/utils/control_.cpp:[m[K In function ‘[01m[Kvoid executeLocalWaypointMove(const std::shared_ptr<DroneController>&, rclcpp::Rate&, geometry_msgs::msg::PoseStamped&, float, float, float, float, float)[m[K’:
[23.256s] [01m[K/home/el-system/centering_experiment/src/control/utils/control_.cpp:2355:90:[m[K [01;35m[Kwarning: [m[Kunused parameter ‘[01m[Krate[m[K’ [[01;35m[K-Wunused-parameter[m[K]
[23.257s]  2355 | void executeLocalWaypointMove(const std::shared_ptr<DroneController>&node, [01;35m[Krclcpp::Rate &rate[m[K,
[23.257s]       |                                                                            [01;35m[K~~~~~~~~~~~~~~^~~~[m[K
[23.257s] [01m[K/home/el-system/centering_experiment/src/control/utils/control_.cpp:[m[K In function ‘[01m[Kvoid centeringGateNear(const std::shared_ptr<DroneController>&, rclcpp::Rate&, geometry_msgs::msg::PoseStamped&, float, float, bool&, float, float, float, float, float)[m[K’:
[23.257s] [01m[K/home/el-system/centering_experiment/src/control/utils/control_.cpp:3249:57:[m[K [01;35m[Kwarning: [m[Kunused parameter ‘[01m[Kposee[m[K’ [[01;35m[K-Wunused-parameter[m[K]
[23.257s]  3249 |                        [01;35m[Kgeometry_msgs::msg::PoseStamped &posee[m[K, float gate_width,
[23.257s]       |                        [01;35m[K~~~~~~~~~~~~~~~~~~~~~~~~~~~~~~~~~^~~~~[m[K
[23.257s] [01m[K/home/el-system/centering_experiment/src/control/utils/control_.cpp:[m[K In function ‘[01m[Kvoid centeringGateLivoxSimple(const std::shared_ptr<DroneController>&, rclcpp::Rate&, geometry_msgs::msg::PoseStamped&, float, float, bool&, float, float, float, bool)[m[K’:
[23.257s] [01m[K/home/el-system/centering_experiment/src/control/utils/control_.cpp:3892:38:[m[K [01;35m[Kwarning: [m[Kunused parameter ‘[01m[Kposee[m[K’ [[01;35m[K-Wunused-parameter[m[K]
[23.257s]  3892 |     [01;35m[Kgeometry_msgs::msg::PoseStamped &posee[m[K,
[23.258s]       |     [01;35m[K~~~~~~~~~~~~~~~~~~~~~~~~~~~~~~~~~^~~~~[m[K
[23.258s] [ 33%] [1m[32mLinking CXX executable test_lidar[0m
[29.070s] [ 66%] Built target control_lidar
[29.940s] [100%] Built target test_lidar
[29.953s] Invoked command in '/home/el-system/centering_experiment/build/control' returned '0': CMAKE_PREFIX_PATH=${CMAKE_PREFIX_PATH}:/opt/ros/humble /usr/local/bin/cmake --build /home/el-system/centering_experiment/build/control -- -j12 -l12
[29.964s] Invoking command in '/home/el-system/centering_experiment/build/control': CMAKE_PREFIX_PATH=${CMAKE_PREFIX_PATH}:/opt/ros/humble /usr/local/bin/cmake --install /home/el-system/centering_experiment/build/control
[29.971s] -- Install configuration: ""
[29.973s] -- Installing: /home/el-system/centering_experiment/install/control/lib/control/test_lidar
[30.033s] -- Set non-toolchain portion of runtime path of "/home/el-system/centering_experiment/install/control/lib/control/test_lidar" to ""
[30.034s] -- Installing: /home/el-system/centering_experiment/install/control/lib/control/control_lidar
[30.080s] -- Set non-toolchain portion of runtime path of "/home/el-system/centering_experiment/install/control/lib/control/control_lidar" to ""
[30.080s] -- Up-to-date: /home/el-system/centering_experiment/install/control/share/control/launch
[30.081s] -- Up-to-date: /home/el-system/centering_experiment/install/control/share/control/config
[30.081s] -- Up-to-date: /home/el-system/centering_experiment/install/control/share/control/config/config.yaml
[30.081s] -- Up-to-date: /home/el-system/centering_experiment/install/control/share/ament_index/resource_index/package_run_dependencies/control
[30.082s] -- Up-to-date: /home/el-system/centering_experiment/install/control/share/ament_index/resource_index/parent_prefix_path/control
[30.082s] -- Up-to-date: /home/el-system/centering_experiment/install/control/share/control/environment/ament_prefix_path.sh
[30.083s] -- Up-to-date: /home/el-system/centering_experiment/install/control/share/control/environment/ament_prefix_path.dsv
[30.083s] -- Up-to-date: /home/el-system/centering_experiment/install/control/share/control/environment/path.sh
[30.084s] -- Up-to-date: /home/el-system/centering_experiment/install/control/share/control/environment/path.dsv
[30.084s] -- Up-to-date: /home/el-system/centering_experiment/install/control/share/control/local_setup.bash
[30.085s] -- Up-to-date: /home/el-system/centering_experiment/install/control/share/control/local_setup.sh
[30.085s] -- Up-to-date: /home/el-system/centering_experiment/install/control/share/control/local_setup.zsh
[30.085s] -- Up-to-date: /home/el-system/centering_experiment/install/control/share/control/local_setup.dsv
[30.085s] -- Installing: /home/el-system/centering_experiment/install/control/share/control/package.dsv
[30.085s] -- Up-to-date: /home/el-system/centering_experiment/install/control/share/ament_index/resource_index/packages/control
[30.086s] -- Up-to-date: /home/el-system/centering_experiment/install/control/share/control/cmake/controlConfig.cmake
[30.086s] -- Up-to-date: /home/el-system/centering_experiment/install/control/share/control/cmake/controlConfig-version.cmake
[30.086s] -- Up-to-date: /home/el-system/centering_experiment/install/control/share/control/package.xml
[30.086s] Invoked command in '/home/el-system/centering_experiment/build/control' returned '0': CMAKE_PREFIX_PATH=${CMAKE_PREFIX_PATH}:/opt/ros/humble /usr/local/bin/cmake --install /home/el-system/centering_experiment/build/control
