[0.009s] Invoking command in '/home/el-system/backup/centering_experiment/build/control': CMAKE_PREFIX_PATH=${CMAKE_PREFIX_PATH}:/opt/ros/humble /usr/local/bin/cmake --build /home/el-system/backup/centering_experiment/build/control -- -j12 -l12
[0.092s] [ 16%] [32mBuilding CXX object CMakeFiles/control.dir/utils/control_.cpp.o[0m
[8.726s] In file included from [01m[K/home/el-system/backup/centering_experiment/src/control/include/control_.hpp:30[m[K,
[8.726s]                  from [01m[K/home/el-system/backup/centering_experiment/src/control/utils/control_.cpp:1[m[K:
[8.726s] [01m[K/home/el-system/backup/centering_experiment/src/control/include/drone_controller_.hpp:167:25:[m[K [01;35m[Kwarning: [m[Kuse of ‘[01m[Kauto[m[K’ in parameter declaration only available with ‘[01m[K-std=c++20[m[K’ or ‘[01m[K-fconcepts[m[K’
[8.726s]   167 |     void waitForService([01;35m[Kauto[m[K &client);
[8.727s]       |                         [01;35m[K^~~~[m[K
[8.727s] In file included from [01m[K/home/el-system/backup/centering_experiment/src/control/utils/control_.cpp:1[m[K:
[8.727s] [01m[K/home/el-system/backup/centering_experiment/src/control/include/control_.hpp:88:62:[m[K [01;35m[Kwarning: [m[Kuse of ‘[01m[Kauto[m[K’ in parameter declaration only available with ‘[01m[K-std=c++20[m[K’ or ‘[01m[K-fconcepts[m[K’
[8.727s]    88 | bool hasReplied(const std::shared_ptr<DroneController>&node, [01;35m[Kauto[m[K& result);
[8.727s]       |                                                              [01;35m[K^~~~[m[K
[8.727s] [01m[K/home/el-system/backup/centering_experiment/src/control/utils/control_.cpp:57:62:[m[K [01;35m[Kwarning: [m[Kuse of ‘[01m[Kauto[m[K’ in parameter declaration only available with ‘[01m[K-std=c++20[m[K’ or ‘[01m[K-fconcepts[m[K’
[8.727s]    57 | bool hasReplied(const std::shared_ptr<DroneController>&node, [01;35m[Kauto[m[K& result){
[8.727s]       |                                                              [01;35m[K^~~~[m[K
[8.727s] [01m[K/home/el-system/backup/centering_experiment/src/control/utils/control_.cpp:[m[K In function ‘[01m[Kvoid executeLocalWaypointMoveVelocity(const std::shared_ptr<DroneController>&, rclcpp::Rate&, geometry_msgs::msg::PoseStamped&, float, float, float, float, float, float)[m[K’:
[8.727s] [01m[K/home/el-system/backup/centering_experiment/src/control/utils/control_.cpp:484:98:[m[K [01;35m[Kwarning: [m[Kunused parameter ‘[01m[Krate[m[K’ [[01;35m[K-Wunused-parameter[m[K]
[8.728s]   484 | void executeLocalWaypointMoveVelocity(const std::shared_ptr<DroneController>&node, [01;35m[Krclcpp::Rate &rate[m[K,
[8.728s]       |                                                                                    [01;35m[K~~~~~~~~~~~~~~^~~~[m[K
[8.728s] [01m[K/home/el-system/backup/centering_experiment/src/control/utils/control_.cpp:486:50:[m[K [01;35m[Kwarning: [m[Kunused parameter ‘[01m[Kyaw_angle[m[K’ [[01;35m[K-Wunused-parameter[m[K]
[8.728s]   486 |                                float up_z, [01;35m[Kfloat yaw_angle[m[K, float max_velocity, float tolerance) {
[8.728s]       |                                            [01;35m[K~~~~~~^~~~~~~~~[m[K
[8.728s] [01m[K/home/el-system/backup/centering_experiment/src/control/utils/control_.cpp:[m[K In function ‘[01m[Kvoid safeLanding(const std::shared_ptr<DroneController>&, rclcpp::Rate&, geometry_msgs::msg::PoseStamped&, float)[m[K’:
[8.728s] [01m[K/home/el-system/backup/centering_experiment/src/control/utils/control_.cpp:881:77:[m[K [01;35m[Kwarning: [m[Kunused parameter ‘[01m[Krate[m[K’ [[01;35m[K-Wunused-parameter[m[K]
[8.728s]   881 | void safeLanding(const std::shared_ptr<DroneController>&node, [01;35m[Krclcpp::Rate &rate[m[K, geometry_msgs::msg::PoseStamped &posee, float descent_rate = 0.3) {
[8.728s]       |                                                               [01;35m[K~~~~~~~~~~~~~~^~~~[m[K
[8.728s] [01m[K/home/el-system/backup/centering_experiment/src/control/utils/control_.cpp:[m[K In function ‘[01m[Kvoid centeringPayload(const std::shared_ptr<DroneController>&, rclcpp::Rate&, geometry_msgs::msg::PoseStamped&, float, bool&, float, float, float, float, float, float, float, float, float, std::string, std::string)[m[K’:
[8.729s] [01m[K/home/el-system/backup/centering_experiment/src/control/utils/control_.cpp:1057:17:[m[K [01;35m[Kwarning: [m[Kunused variable ‘[01m[KdropAlt[m[K’ [[01;35m[K-Wunused-variable[m[K]
[8.729s]  1057 |     const float [01;35m[KdropAlt[m[K = 0.6;
[8.729s]       |                 [01;35m[K^~~~~~~[m[K
[8.729s] [01m[K/home/el-system/backup/centering_experiment/src/control/utils/control_.cpp:1060:29:[m[K [01;35m[Kwarning: [m[Kvariable ‘[01m[Kdetected[m[K’ set but not used [[01;35m[K-Wunused-but-set-variable[m[K]
[8.729s]  1060 |     float roll, pitch; bool [01;35m[Kdetected[m[K = false;
[8.729s]       |                             [01;35m[K^~~~~~~~[m[K
[8.729s] [01m[K/home/el-system/backup/centering_experiment/src/control/utils/control_.cpp:1061:59:[m[K [01;35m[Kwarning: [m[Kunused variable ‘[01m[Kavg_sample[m[K’ [[01;35m[K-Wunused-variable[m[K]
[8.729s]  1061 |     geometry_msgs::msg::PoseStamped avg_payload_pose; int [01;35m[Kavg_sample[m[K = 1; int buffer_size = 4;
[8.729s]       |                                                           [01;35m[K^~~~~~~~~~[m[K
[8.729s] [01m[K/home/el-system/backup/centering_experiment/src/control/utils/control_.cpp:1061:79:[m[K [01;35m[Kwarning: [m[Kunused variable ‘[01m[Kbuffer_size[m[K’ [[01;35m[K-Wunused-variable[m[K]
[8.729s]  1061 |     geometry_msgs::msg::PoseStamped avg_payload_pose; int avg_sample = 1; int [01;35m[Kbuffer_size[m[K = 4;
[8.730s]       |                                                                               [01;35m[K^~~~~~~~~~~[m[K
[8.730s] [01m[K/home/el-system/backup/centering_experiment/src/control/utils/control_.cpp:[m[K In function ‘[01m[Kvoid centeringEmber(const std::shared_ptr<DroneController>&, rclcpp::Rate&, geometry_msgs::msg::PoseStamped&, float, bool&, float, float, float)[m[K’:
[8.730s] [01m[K/home/el-system/backup/centering_experiment/src/control/utils/control_.cpp:1333:11:[m[K [01;35m[Kwarning: [m[Kvariable ‘[01m[Kroll[m[K’ set but not used [[01;35m[K-Wunused-but-set-variable[m[K]
[8.730s]  1333 |     float [01;35m[Kroll[m[K, pitch; bool detected = false;
[8.730s]       |           [01;35m[K^~~~[m[K
[8.730s] [01m[K/home/el-system/backup/centering_experiment/src/control/utils/control_.cpp:1333:17:[m[K [01;35m[Kwarning: [m[Kvariable ‘[01m[Kpitch[m[K’ set but not used [[01;35m[K-Wunused-but-set-variable[m[K]
[8.730s]  1333 |     float roll, [01;35m[Kpitch[m[K; bool detected = false;
[8.730s]       |                 [01;35m[K^~~~~[m[K
[8.730s] [01m[K/home/el-system/backup/centering_experiment/src/control/utils/control_.cpp:1333:29:[m[K [01;35m[Kwarning: [m[Kvariable ‘[01m[Kdetected[m[K’ set but not used [[01;35m[K-Wunused-but-set-variable[m[K]
[8.730s]  1333 |     float roll, pitch; bool [01;35m[Kdetected[m[K = false;
[8.731s]       |                             [01;35m[K^~~~~~~~[m[K
[8.731s] [01m[K/home/el-system/backup/centering_experiment/src/control/utils/control_.cpp:1334:57:[m[K [01;35m[Kwarning: [m[Kunused variable ‘[01m[Kavg_sample[m[K’ [[01;35m[K-Wunused-variable[m[K]
[8.731s]  1334 |     geometry_msgs::msg::PoseStamped avg_ember_pose; int [01;35m[Kavg_sample[m[K = 1; int buffer_size = 4;
[8.731s]       |                                                         [01;35m[K^~~~~~~~~~[m[K
[8.731s] [01m[K/home/el-system/backup/centering_experiment/src/control/utils/control_.cpp:1334:77:[m[K [01;35m[Kwarning: [m[Kunused variable ‘[01m[Kbuffer_size[m[K’ [[01;35m[K-Wunused-variable[m[K]
[8.731s]  1334 |     geometry_msgs::msg::PoseStamped avg_ember_pose; int avg_sample = 1; int [01;35m[Kbuffer_size[m[K = 4;
[8.731s]       |                                                                             [01;35m[K^~~~~~~~~~~[m[K
[8.731s] [01m[K/home/el-system/backup/centering_experiment/src/control/utils/control_.cpp:[m[K In function ‘[01m[Kvoid centeringGate(const std::shared_ptr<DroneController>&, rclcpp::Rate&, geometry_msgs::msg::PoseStamped&, float)[m[K’:
[8.731s] [01m[K/home/el-system/backup/centering_experiment/src/control/utils/control_.cpp:1611:30:[m[K [01;35m[Kwarning: [m[Kcomparison of integer expressions of different signedness: ‘[01m[Kint[m[K’ and ‘[01m[Kstd::vector<float>::size_type[m[K’ {aka ‘[01m[Klong unsigned int[m[K’} [[01;35m[K-Wsign-compare[m[K]
[8.731s]  1611 |             for(int j = 0; [01;35m[Kj < x_points.size()[m[K; j++) {
[8.732s]       |                            [01;35m[K~~^~~~~~~~~~~~~~~~~[m[K
[8.732s] [01m[K/home/el-system/backup/centering_experiment/src/control/utils/control_.cpp:1601:15:[m[K [01;35m[Kwarning: [m[Kunused variable ‘[01m[Kx1_min[m[K’ [[01;35m[K-Wunused-variable[m[K]
[8.732s]  1601 |         float [01;35m[Kx1_min[m[K = -1.0, x2_min = -1.0;
[8.732s]       |               [01;35m[K^~~~~~[m[K
[8.732s] [01m[K/home/el-system/backup/centering_experiment/src/control/utils/control_.cpp:1601:30:[m[K [01;35m[Kwarning: [m[Kunused variable ‘[01m[Kx2_min[m[K’ [[01;35m[K-Wunused-variable[m[K]
[8.732s]  1601 |         float x1_min = -1.0, [01;35m[Kx2_min[m[K = -1.0;
[8.732s]       |                              [01;35m[K^~~~~~[m[K
[8.732s] [01m[K/home/el-system/backup/centering_experiment/src/control/utils/control_.cpp:[m[K In function ‘[01m[Kvoid centeringBunder(const std::shared_ptr<DroneController>&, rclcpp::Rate&, geometry_msgs::msg::PoseStamped&, float, bool&, float, float, float)[m[K’:
[8.732s] [01m[K/home/el-system/backup/centering_experiment/src/control/utils/control_.cpp:1749:11:[m[K [01;35m[Kwarning: [m[Kvariable ‘[01m[Kroll[m[K’ set but not used [[01;35m[K-Wunused-but-set-variable[m[K]
[8.732s]  1749 |     float [01;35m[Kroll[m[K, pitch; bool detected = false;
[8.732s]       |           [01;35m[K^~~~[m[K
[8.732s] [01m[K/home/el-system/backup/centering_experiment/src/control/utils/control_.cpp:1749:17:[m[K [01;35m[Kwarning: [m[Kvariable ‘[01m[Kpitch[m[K’ set but not used [[01;35m[K-Wunused-but-set-variable[m[K]
[8.732s]  1749 |     float roll, [01;35m[Kpitch[m[K; bool detected = false;
[8.732s]       |                 [01;35m[K^~~~~[m[K
[8.733s] [01m[K/home/el-system/backup/centering_experiment/src/control/utils/control_.cpp:1749:29:[m[K [01;35m[Kwarning: [m[Kvariable ‘[01m[Kdetected[m[K’ set but not used [[01;35m[K-Wunused-but-set-variable[m[K]
[8.733s]  1749 |     float roll, pitch; bool [01;35m[Kdetected[m[K = false;
[8.733s]       |                             [01;35m[K^~~~~~~~[m[K
[8.733s] [01m[K/home/el-system/backup/centering_experiment/src/control/utils/control_.cpp:1750:58:[m[K [01;35m[Kwarning: [m[Kunused variable ‘[01m[Kavg_sample[m[K’ [[01;35m[K-Wunused-variable[m[K]
[8.733s]  1750 |     geometry_msgs::msg::PoseStamped avg_bunder_pose; int [01;35m[Kavg_sample[m[K = 1; int buffer_size = 4;
[8.733s]       |                                                          [01;35m[K^~~~~~~~~~[m[K
[8.733s] [01m[K/home/el-system/backup/centering_experiment/src/control/utils/control_.cpp:1750:78:[m[K [01;35m[Kwarning: [m[Kunused variable ‘[01m[Kbuffer_size[m[K’ [[01;35m[K-Wunused-variable[m[K]
[8.733s]  1750 |     geometry_msgs::msg::PoseStamped avg_bunder_pose; int avg_sample = 1; int [01;35m[Kbuffer_size[m[K = 4;
[8.734s]       |                                                                              [01;35m[K^~~~~~~~~~~[m[K
[8.734s] [01m[K/home/el-system/backup/centering_experiment/src/control/utils/control_.cpp:[m[K In function ‘[01m[Kvoid moveToPoint(const std::shared_ptr<DroneController>&, rclcpp::Rate&, geometry_msgs::msg::PoseStamped&, float, float, float, float, float, float)[m[K’:
[8.734s] [01m[K/home/el-system/backup/centering_experiment/src/control/utils/control_.cpp:1944:55:[m[K [01;35m[Kwarning: [m[Kunused variable ‘[01m[Ki[m[K’ [[01;35m[K-Wunused-variable[m[K]
[8.734s]  1944 |     float last_x, last_y, distance, progress=0.0; int [01;35m[Ki[m[K =0;
[8.734s]       |                                                       [01;35m[K^[m[K
[8.734s] [01m[K/home/el-system/backup/centering_experiment/src/control/utils/control_.cpp:1928:156:[m[K [01;35m[Kwarning: [m[Kunused parameter ‘[01m[Kangle[m[K’ [[01;35m[K-Wunused-parameter[m[K]
[8.734s]  1928 | void moveToPoint(const std::shared_ptr<DroneController>&node, rclcpp::Rate &rate, geometry_msgs::msg::PoseStamped &posee, float x, float y, float z, [01;35m[Kfloat angle[m[K, float speed, float tolerance) {
[8.734s]       |                                                                                                                                                      [01;35m[K~~~~~~^~~~~[m[K
[8.734s] [01m[K/home/el-system/backup/centering_experiment/src/control/utils/control_.cpp:[m[K In function ‘[01m[Kvoid moveToPoint(const std::shared_ptr<DroneController>&, rclcpp::Rate&, geometry_msgs::msg::PoseStamped&, geometry_msgs::msg::Pose, float, float, bool, bool, bool)[m[K’:
[8.735s] [01m[K/home/el-system/backup/centering_experiment/src/control/utils/control_.cpp:1990:11:[m[K [01;35m[Kwarning: [m[Kunused variable ‘[01m[Kdistance_to_target[m[K’ [[01;35m[K-Wunused-variable[m[K]
[8.735s]  1990 |     float [01;35m[Kdistance_to_target[m[K = dist(posee.pose.position, target.position);
[8.735s]       |           [01;35m[K^~~~~~~~~~~~~~~~~~[m[K
[8.735s] [01m[K/home/el-system/backup/centering_experiment/src/control/utils/control_.cpp:[m[K In function ‘[01m[Kvoid holdPosition(const std::shared_ptr<DroneController>&, rclcpp::Rate&, geometry_msgs::msg::PoseStamped&, float)[m[K’:
[8.735s] [01m[K/home/el-system/backup/centering_experiment/src/control/utils/control_.cpp:2130:78:[m[K [01;35m[Kwarning: [m[Kunused parameter ‘[01m[Krate[m[K’ [[01;35m[K-Wunused-parameter[m[K]
[8.735s]  2130 | void holdPosition(const std::shared_ptr<DroneController>&node, [01;35m[Krclcpp::Rate &rate[m[K, geometry_msgs::msg::PoseStamped& posee, float duration){
[8.735s]       |                                                                [01;35m[K~~~~~~~~~~~~~~^~~~[m[K
[8.735s] In file included from [01m[K/opt/ros/humble/include/rclcpp/rclcpp/logging.hpp:24[m[K,
[8.735s]                  from [01m[K/opt/ros/humble/include/rclcpp/rclcpp/client.hpp:40[m[K,
[8.736s]                  from [01m[K/opt/ros/humble/include/rclcpp/rclcpp/callback_group.hpp:24[m[K,
[8.736s]                  from [01m[K/opt/ros/humble/include/rclcpp/rclcpp/any_executable.hpp:20[m[K,
[8.736s]                  from [01m[K/opt/ros/humble/include/rclcpp/rclcpp/memory_strategy.hpp:25[m[K,
[8.736s]                  from [01m[K/opt/ros/humble/include/rclcpp/rclcpp/memory_strategies.hpp:18[m[K,
[8.736s]                  from [01m[K/opt/ros/humble/include/rclcpp/rclcpp/executor_options.hpp:20[m[K,
[8.736s]                  from [01m[K/opt/ros/humble/include/rclcpp/rclcpp/executor.hpp:37[m[K,
[8.736s]                  from [01m[K/opt/ros/humble/include/rclcpp/rclcpp/executors/multi_threaded_executor.hpp:25[m[K,
[8.737s]                  from [01m[K/opt/ros/humble/include/rclcpp/rclcpp/executors.hpp:21[m[K,
[8.737s]                  from [01m[K/opt/ros/humble/include/rclcpp/rclcpp/rclcpp.hpp:155[m[K,
[8.737s]                  from [01m[K/home/el-system/backup/centering_experiment/src/control/include/control_.hpp:4[m[K,
[8.737s]                  from [01m[K/home/el-system/backup/centering_experiment/src/control/utils/control_.cpp:1[m[K:
[8.737s] [01m[K/home/el-system/backup/centering_experiment/src/control/utils/control_.cpp:[m[K In function ‘[01m[Kvoid waitForPosition(const std::shared_ptr<DroneController>&, rclcpp::Rate&, mavros_msgs::msg::GlobalPositionTarget, double, bool, float)[m[K’:
[8.737s] [01m[K/home/el-system/backup/centering_experiment/src/control/utils/control_.cpp:2193:41:[m[K [01;35m[Kwarning: [m[Kformat ‘[01m[K%d[m[K’ expects argument of type ‘[01m[Kint[m[K’, but argument 5 has type ‘[01m[Kdouble[m[K’ [[01;35m[K-Wformat=[m[K]
[8.737s]  2193 |         RCLCPP_INFO(node->get_logger(), [01;35m[K"%d - CURRR DISTANCEE: %f, meter: %.2f, payload: %.2f"[m[K, [32m[Kdistance[m[K, dist_m, node->getCurrentPosePayload().pose.position.x);
[8.737s]       |                                         [01;35m[K^~~~~~~~~~~~~~~~~~~~~~~~~~~~~~~~~~~~~~~~~~~~~~~~~~~~~~[m[K  [32m[K~~~~~~~~[m[K
[8.737s]       |                                                                                                 [32m[K|[m[K
[8.737s]       |                                                                                                 [32m[Kdouble[m[K
[8.738s] [01m[K/home/el-system/backup/centering_experiment/src/control/utils/control_.cpp:2193:43:[m[K [01;36m[Knote: [m[Kformat string is defined here
[8.738s]  2193 |         RCLCPP_INFO(node->get_logger(), "[01;36m[K%d[m[K - CURRR DISTANCEE: %f, meter: %.2f, payload: %.2f", distance, dist_m, node->getCurrentPosePayload().pose.position.x);
[8.738s]       |                                          [01;36m[K~^[m[K
[8.738s]       |                                           [01;36m[K|[m[K
[8.738s]       |                                           [01;36m[Kint[m[K
[8.738s]       |                                          [32m[K%f[m[K
[8.738s] In file included from [01m[K/opt/ros/humble/include/rclcpp/rclcpp/logging.hpp:24[m[K,
[8.738s]                  from [01m[K/opt/ros/humble/include/rclcpp/rclcpp/client.hpp:40[m[K,
[8.738s]                  from [01m[K/opt/ros/humble/include/rclcpp/rclcpp/callback_group.hpp:24[m[K,
[8.739s]                  from [01m[K/opt/ros/humble/include/rclcpp/rclcpp/any_executable.hpp:20[m[K,
[8.739s]                  from [01m[K/opt/ros/humble/include/rclcpp/rclcpp/memory_strategy.hpp:25[m[K,
[8.739s]                  from [01m[K/opt/ros/humble/include/rclcpp/rclcpp/memory_strategies.hpp:18[m[K,
[8.739s]                  from [01m[K/opt/ros/humble/include/rclcpp/rclcpp/executor_options.hpp:20[m[K,
[8.739s]                  from [01m[K/opt/ros/humble/include/rclcpp/rclcpp/executor.hpp:37[m[K,
[8.739s]                  from [01m[K/opt/ros/humble/include/rclcpp/rclcpp/executors/multi_threaded_executor.hpp:25[m[K,
[8.739s]                  from [01m[K/opt/ros/humble/include/rclcpp/rclcpp/executors.hpp:21[m[K,
[8.739s]                  from [01m[K/opt/ros/humble/include/rclcpp/rclcpp/rclcpp.hpp:155[m[K,
[8.739s]                  from [01m[K/home/el-system/backup/centering_experiment/src/control/include/control_.hpp:4[m[K,
[8.740s]                  from [01m[K/home/el-system/backup/centering_experiment/src/control/utils/control_.cpp:1[m[K:
[8.740s] [01m[K/home/el-system/backup/centering_experiment/src/control/utils/control_.cpp:2193:41:[m[K [01;35m[Kwarning: [m[Kformat ‘[01m[K%f[m[K’ expects a matching ‘[01m[Kdouble[m[K’ argument [[01;35m[K-Wformat=[m[K]
[8.740s]  2193 |         RCLCPP_INFO(node->get_logger(), [01;35m[K"%d - CURRR DISTANCEE: %f, meter: %.2f, payload: %.2f"[m[K, distance, dist_m, node->getCurrentPosePayload().pose.position.x);
[8.740s]       |                                         [01;35m[K^~~~~~~~~~~~~~~~~~~~~~~~~~~~~~~~~~~~~~~~~~~~~~~~~~~~~~[m[K
[8.740s] [01m[K/home/el-system/backup/centering_experiment/src/control/utils/control_.cpp:2193:93:[m[K [01;36m[Knote: [m[Kformat string is defined here
[8.741s]  2193 |         RCLCPP_INFO(node->get_logger(), "%d - CURRR DISTANCEE: %f, meter: %.2f, payload: [01;36m[K%.2f[m[K", distance, dist_m, node->getCurrentPosePayload().pose.position.x);
[8.741s]       |                                                                                          [01;36m[K~~~^[m[K
[8.741s]       |                                                                                             [01;36m[K|[m[K
[8.741s]       |                                                                                             [01;36m[Kdouble[m[K
[8.742s] [01m[K/home/el-system/backup/centering_experiment/src/control/utils/control_.cpp:2188:16:[m[K [01;35m[Kwarning: [m[Kunused variable ‘[01m[Kdalt[m[K’ [[01;35m[K-Wunused-variable[m[K]
[8.742s]  2188 |         double [01;35m[Kdalt[m[K = raw.altitude - node->getCurrentGPSPosition().altitude;
[8.742s]       |                [01;35m[K^~~~[m[K
[8.742s] [01m[K/home/el-system/backup/centering_experiment/src/control/utils/control_.cpp:2170:177:[m[K [01;35m[Kwarning: [m[Kunused parameter ‘[01m[Kcenter_dist[m[K’ [[01;35m[K-Wunused-parameter[m[K]
[8.743s]  2170 | void waitForPosition(const std::shared_ptr<DroneController>&node, rclcpp::Rate &rate, mavros_msgs::msg::GlobalPositionTarget raw, double tolerance, bool allow_centering, [01;35m[Kfloat center_dist[m[K) {
[8.743s]       |                                                                                                                                                                           [01;35m[K~~~~~~^~~~~~~~~~~[m[K
[8.743s] [01m[K/home/el-system/backup/centering_experiment/src/control/utils/control_.cpp:[m[K In function ‘[01m[Kvoid sendGlobalRawAsync(const std::shared_ptr<DroneController>&, rclcpp::Rate&, geometry_msgs::msg::PoseStamped&, float, float, float, bool, float)[m[K’:
[8.743s] [01m[K/home/el-system/backup/centering_experiment/src/control/utils/control_.cpp:2260:171:[m[K [01;35m[Kwarning: [m[Kunused parameter ‘[01m[Kallow_centering[m[K’ [[01;35m[K-Wunused-parameter[m[K]
[8.743s]  2260 | void sendGlobalRawAsync(const std::shared_ptr<DroneController>&node, rclcpp::Rate &rate, geometry_msgs::msg::PoseStamped &posee, float latt, float lonn, float altt, [01;35m[Kbool allow_centering[m[K, float center_dist) {
[8.744s]       |                                                                                                                                                                      [01;35m[K~~~~~^~~~~~~~~~~~~~~[m[K
[8.744s] [01m[K/home/el-system/backup/centering_experiment/src/control/utils/control_.cpp:2260:194:[m[K [01;35m[Kwarning: [m[Kunused parameter ‘[01m[Kcenter_dist[m[K’ [[01;35m[K-Wunused-parameter[m[K]
[8.744s]  2260 | void sendGlobalRawAsync(const std::shared_ptr<DroneController>&node, rclcpp::Rate &rate, geometry_msgs::msg::PoseStamped &posee, float latt, float lonn, float altt, bool allow_centering, [01;35m[Kfloat center_dist[m[K) {
[8.744s]       |                                                                                                                                                                                            [01;35m[K~~~~~~^~~~~~~~~~~[m[K
[8.744s] [01m[K/home/el-system/backup/centering_experiment/src/control/utils/control_.cpp:[m[K In function ‘[01m[Kvoid sendGlobalRawFromXYZ(const std::shared_ptr<DroneController>&, rclcpp::Rate&, geometry_msgs::msg::PoseStamped&, LatLonAlt, double, float, float, float, bool, float)[m[K’:
[8.744s] [01m[K/home/el-system/backup/centering_experiment/src/control/utils/control_.cpp:2308:203:[m[K [01;35m[Kwarning: [m[Kunused parameter ‘[01m[Kallow_centering[m[K’ [[01;35m[K-Wunused-parameter[m[K]
[8.744s]  2308 | void sendGlobalRawFromXYZ(const std::shared_ptr<DroneController>&node, rclcpp::Rate &rate, geometry_msgs::msg::PoseStamped &posee, LatLonAlt zero, double zero_hdg, float x, float y, float rel_alt, [01;35m[Kbool allow_centering[m[K, float center_dist) {
[8.745s]       |                                                                                                                                                                                                      [01;35m[K~~~~~^~~~~~~~~~~~~~~[m[K
[8.745s] [01m[K/home/el-system/backup/centering_experiment/src/control/utils/control_.cpp:2308:226:[m[K [01;35m[Kwarning: [m[Kunused parameter ‘[01m[Kcenter_dist[m[K’ [[01;35m[K-Wunused-parameter[m[K]
[8.745s]  2308 | void sendGlobalRawFromXYZ(const std::shared_ptr<DroneController>&node, rclcpp::Rate &rate, geometry_msgs::msg::PoseStamped &posee, LatLonAlt zero, double zero_hdg, float x, float y, float rel_alt, bool allow_centering, [01;35m[Kfloat center_dist[m[K) {
[8.745s]       |                                                                                                                                                                                                                            [01;35m[K~~~~~~^~~~~~~~~~~[m[K
[8.745s] In file included from [01m[K/opt/ros/humble/include/rclcpp/rclcpp/logging.hpp:24[m[K,
[8.745s]                  from [01m[K/opt/ros/humble/include/rclcpp/rclcpp/client.hpp:40[m[K,
[8.745s]                  from [01m[K/opt/ros/humble/include/rclcpp/rclcpp/callback_group.hpp:24[m[K,
[8.745s]                  from [01m[K/opt/ros/humble/include/rclcpp/rclcpp/any_executable.hpp:20[m[K,
[8.745s]                  from [01m[K/opt/ros/humble/include/rclcpp/rclcpp/memory_strategy.hpp:25[m[K,
[8.746s]                  from [01m[K/opt/ros/humble/include/rclcpp/rclcpp/memory_strategies.hpp:18[m[K,
[8.746s]                  from [01m[K/opt/ros/humble/include/rclcpp/rclcpp/executor_options.hpp:20[m[K,
[8.746s]                  from [01m[K/opt/ros/humble/include/rclcpp/rclcpp/executor.hpp:37[m[K,
[8.746s]                  from [01m[K/opt/ros/humble/include/rclcpp/rclcpp/executors/multi_threaded_executor.hpp:25[m[K,
[8.746s]                  from [01m[K/opt/ros/humble/include/rclcpp/rclcpp/executors.hpp:21[m[K,
[8.747s]                  from [01m[K/opt/ros/humble/include/rclcpp/rclcpp/rclcpp.hpp:155[m[K,
[8.747s]                  from [01m[K/home/el-system/backup/centering_experiment/src/control/include/control_.hpp:4[m[K,
[8.747s]                  from [01m[K/home/el-system/backup/centering_experiment/src/control/utils/control_.cpp:1[m[K:
[8.747s] [01m[K/home/el-system/backup/centering_experiment/src/control/utils/control_.cpp:[m[K In function ‘[01m[Kvoid pushMission(const std::shared_ptr<DroneController>&, std::vector<mavros_msgs::msg::Waypoint_<std::allocator<void> >, std::allocator<mavros_msgs::msg::Waypoint_<std::allocator<void> > > >)[m[K’:
[8.748s] [01m[K/home/el-system/backup/centering_experiment/src/control/utils/control_.cpp:2409:37:[m[K [01;35m[Kwarning: [m[Kformat ‘[01m[K%d[m[K’ expects argument of type ‘[01m[Kint[m[K’, but argument 5 has type ‘[01m[Kstd::vector<mavros_msgs::msg::Waypoint_<std::allocator<void> >, std::allocator<mavros_msgs::msg::Waypoint_<std::allocator<void> > > >::size_type[m[K’ {aka ‘[01m[Klong unsigned int[m[K’} [[01;35m[K-Wformat=[m[K]
[8.748s]  2409 |     RCLCPP_INFO(node->get_logger(), [01;35m[K"Pushing mission of size %d"[m[K, [32m[Kwaypoints.size()[m[K);
[8.748s]       |                                     [01;35m[K^~~~~~~~~~~~~~~~~~~~~~~~~~~~[m[K  [32m[K~~~~~~~~~~~~~~~~[m[K
[8.748s]       |                                                                                 [32m[K|[m[K
[8.749s]       |                                                                                 [32m[Kstd::vector<mavros_msgs::msg::Waypoint_<std::allocator<void> >, std::allocator<mavros_msgs::msg::Waypoint_<std::allocator<void> > > >::size_type {aka long unsigned int}[m[K
[8.749s] [01m[K/home/el-system/backup/centering_experiment/src/control/utils/control_.cpp:2409:63:[m[K [01;36m[Knote: [m[Kformat string is defined here
[8.749s]  2409 |     RCLCPP_INFO(node->get_logger(), "Pushing mission of size [01;36m[K%d[m[K", waypoints.size());
[8.749s]       |                                                              [01;36m[K~^[m[K
[8.750s]       |                                                               [01;36m[K|[m[K
[8.750s]       |                                                               [01;36m[Kint[m[K
[8.750s]       |                                                              [32m[K%ld[m[K
[8.750s] [01m[K/home/el-system/backup/centering_experiment/src/control/utils/control_.cpp:[m[K In function ‘[01m[Kvoid moveWithLaser(const std::shared_ptr<DroneController>&, rclcpp::Rate&, geometry_msgs::msg::PoseStamped&, float, float, float, float, float, bool, bool, float, float)[m[K’:
[8.750s] [01m[K/home/el-system/backup/centering_experiment/src/control/utils/control_.cpp:2535:422:[m[K [01;35m[Kwarning: [m[Ksuggest parentheses around comparison in operand of ‘[01m[K&[m[K’ [[01;35m[K-Wparentheses[m[K]
[8.751s]  2535 |         vel_pose.pose.position.x = x ? limit(max_speed, P_maju*err_x + I_maju*total_error_maju + D_maju*last_error_maju) : (front + back <= 2.85f ? limit(koreksi_max_speed, P_koreksi*(front - back) + I_koreksi*total_error_koreksi + D_koreksi*last_error_koreksi) : (back == 2.1f && front != 2.1f ? limit(koreksi_max_speed, P_koreksi*(front - 1.25 ) + I_koreksi*total_error_koreksi + D_koreksi*last_error_koreksi) : ([01;35m[Kfront == 2.1f[m[K & back != 2.1f ? limit(koreksi_max_speed, P_koreksi*(1.25 - back) + I_koreksi*total_error_koreksi + D_koreksi*last_error_koreksi) : 0.0)));
[8.751s]       |                                                                                                                                                                                                                                                                                                                                                                                                                                [01;35m[K~~~~~~^~~~~~~[m[K
[8.751s] [01m[K/home/el-system/backup/centering_experiment/src/control/utils/control_.cpp:2536:421:[m[K [01;35m[Kwarning: [m[Ksuggest parentheses around comparison in operand of ‘[01m[K&[m[K’ [[01;35m[K-Wparentheses[m[K]
[8.751s]  2536 |         vel_pose.pose.position.y = y ? limit(max_speed, P_maju*err_y + I_maju*total_error_maju + D_maju*last_error_maju) : (left + right <= 2.85f ? limit(koreksi_max_speed, P_koreksi*(left - right) + I_koreksi*total_error_koreksi + D_koreksi*last_error_koreksi) : (right == 2.1f && left != 2.1f ? limit(koreksi_max_speed, P_koreksi*(left - 1.25  ) + I_koreksi*total_error_koreksi + D_koreksi*last_error_koreksi) : ([01;35m[Kleft == 2.1f[m[K & right != 2.1f ? limit(koreksi_max_speed, P_koreksi*(1.25 - right) + I_koreksi*total_error_koreksi + D_koreksi*last_error_koreksi) : 0.0)));
[8.751s]       |                                                                                                                                                                                                                                                                                                                                                                                                                                [01;35m[K~~~~~^~~~~~~[m[K
[8.751s] [01m[K/home/el-system/backup/centering_experiment/src/control/utils/control_.cpp:[m[K In function ‘[01m[Kfloat getYawError(const std::shared_ptr<DroneController>&, rclcpp::Rate&)[m[K’:
[8.751s] [01m[K/home/el-system/backup/centering_experiment/src/control/utils/control_.cpp:2711:24:[m[K [01;35m[Kwarning: [m[Kcomparison of integer expressions of different signedness: ‘[01m[Kint[m[K’ and ‘[01m[Kstd::vector<float>::size_type[m[K’ {aka ‘[01m[Klong unsigned int[m[K’} [[01;35m[K-Wsign-compare[m[K]
[8.751s]  2711 |         if([01;35m[Kright_index > curr_scan.ranges.size()[m[K) {
[8.751s]       |            [01;35m[K~~~~~~~~~~~~^~~~~~~~~~~~~~~~~~~~~~~~~[m[K
[8.752s] [01m[K/home/el-system/backup/centering_experiment/src/control/utils/control_.cpp:2693:78:[m[K [01;35m[Kwarning: [m[Kunused parameter ‘[01m[Krate[m[K’ [[01;35m[K-Wunused-parameter[m[K]
[8.752s]  2693 | float getYawError(const std::shared_ptr<DroneController>&node, [01;35m[Krclcpp::Rate &rate[m[K)
[8.752s]       |                                                                [01;35m[K~~~~~~~~~~~~~~^~~~[m[K
[8.752s] [01m[K/home/el-system/backup/centering_experiment/src/control/utils/control_.cpp:[m[K In function ‘[01m[Kvoid printTitik(std::vector<double, std::allocator<double> >&, std::vector<double, std::allocator<double> >&, std::vector<double, std::allocator<double> >&, std::vector<double, std::allocator<double> >&, double, double)[m[K’:
[8.752s] [01m[K/home/el-system/backup/centering_experiment/src/control/utils/control_.cpp:2731:26:[m[K [01;35m[Kwarning: [m[Kcomparison of integer expressions of different signedness: ‘[01m[Kint[m[K’ and ‘[01m[Kstd::vector<double, std::allocator<double> >::size_type[m[K’ {aka ‘[01m[Klong unsigned int[m[K’} [[01;35m[K-Wsign-compare[m[K]
[8.752s]  2731 |         for(int i = 0; [01;35m[Ki < lat_indoor.size()[m[K; i++) {
[8.752s]       |                        [01;35m[K~~^~~~~~~~~~~~~~~~~~~[m[K
[8.752s] [01m[K/home/el-system/backup/centering_experiment/src/control/utils/control_.cpp:2733:18:[m[K [01;35m[Kwarning: [m[Kcomparison of integer expressions of different signedness: ‘[01m[Kint[m[K’ and ‘[01m[Kstd::vector<double, std::allocator<double> >::size_type[m[K’ {aka ‘[01m[Klong unsigned int[m[K’} [[01;35m[K-Wsign-compare[m[K]
[8.752s]  2733 |             if([01;35m[Ki != lat_indoor.size() -1[m[K) {std::cout<<", ";}
[8.752s]       |                [01;35m[K~~^~~~~~~~~~~~~~~~~~~~~~~[m[K
[8.753s] [01m[K/home/el-system/backup/centering_experiment/src/control/utils/control_.cpp:2737:26:[m[K [01;35m[Kwarning: [m[Kcomparison of integer expressions of different signedness: ‘[01m[Kint[m[K’ and ‘[01m[Kstd::vector<double, std::allocator<double> >::size_type[m[K’ {aka ‘[01m[Klong unsigned int[m[K’} [[01;35m[K-Wsign-compare[m[K]
[8.753s]  2737 |         for(int i = 0; [01;35m[Ki < lon_indoor.size()[m[K; i++) {
[8.753s]       |                        [01;35m[K~~^~~~~~~~~~~~~~~~~~~[m[K
[8.753s] [01m[K/home/el-system/backup/centering_experiment/src/control/utils/control_.cpp:2739:18:[m[K [01;35m[Kwarning: [m[Kcomparison of integer expressions of different signedness: ‘[01m[Kint[m[K’ and ‘[01m[Kstd::vector<double, std::allocator<double> >::size_type[m[K’ {aka ‘[01m[Klong unsigned int[m[K’} [[01;35m[K-Wsign-compare[m[K]
[8.753s]  2739 |             if([01;35m[Ki != lon_indoor.size() -1[m[K) {std::cout<<", ";}
[8.753s]       |                [01;35m[K~~^~~~~~~~~~~~~~~~~~~~~~~[m[K
[8.753s] [01m[K/home/el-system/backup/centering_experiment/src/control/utils/control_.cpp:2747:26:[m[K [01;35m[Kwarning: [m[Kcomparison of integer expressions of different signedness: ‘[01m[Kint[m[K’ and ‘[01m[Kstd::vector<double, std::allocator<double> >::size_type[m[K’ {aka ‘[01m[Klong unsigned int[m[K’} [[01;35m[K-Wsign-compare[m[K]
[8.753s]  2747 |         for(int i = 0; [01;35m[Ki < lat_outdoor.size()[m[K; i++) {
[8.753s]       |                        [01;35m[K~~^~~~~~~~~~~~~~~~~~~~[m[K
[8.753s] [01m[K/home/el-system/backup/centering_experiment/src/control/utils/control_.cpp:2749:18:[m[K [01;35m[Kwarning: [m[Kcomparison of integer expressions of different signedness: ‘[01m[Kint[m[K’ and ‘[01m[Kstd::vector<double, std::allocator<double> >::size_type[m[K’ {aka ‘[01m[Klong unsigned int[m[K’} [[01;35m[K-Wsign-compare[m[K]
[8.753s]  2749 |             if([01;35m[Ki != lat_outdoor.size() -1[m[K) {std::cout<<", ";}
[8.754s]       |                [01;35m[K~~^~~~~~~~~~~~~~~~~~~~~~~~[m[K
[8.754s] [01m[K/home/el-system/backup/centering_experiment/src/control/utils/control_.cpp:2753:26:[m[K [01;35m[Kwarning: [m[Kcomparison of integer expressions of different signedness: ‘[01m[Kint[m[K’ and ‘[01m[Kstd::vector<double, std::allocator<double> >::size_type[m[K’ {aka ‘[01m[Klong unsigned int[m[K’} [[01;35m[K-Wsign-compare[m[K]
[8.754s]  2753 |         for(int i = 0; [01;35m[Ki < lon_outdoor.size()[m[K; i++) {
[8.754s]       |                        [01;35m[K~~^~~~~~~~~~~~~~~~~~~~[m[K
[8.754s] [01m[K/home/el-system/backup/centering_experiment/src/control/utils/control_.cpp:2755:18:[m[K [01;35m[Kwarning: [m[Kcomparison of integer expressions of different signedness: ‘[01m[Kint[m[K’ and ‘[01m[Kstd::vector<double, std::allocator<double> >::size_type[m[K’ {aka ‘[01m[Klong unsigned int[m[K’} [[01;35m[K-Wsign-compare[m[K]
[8.754s]  2755 |             if([01;35m[Ki != lon_outdoor.size() -1[m[K) {std::cout<<", ";}
[8.754s]       |                [01;35m[K~~^~~~~~~~~~~~~~~~~~~~~~~~[m[K
[8.754s] [01m[K/home/el-system/backup/centering_experiment/src/control/utils/control_.cpp:[m[K In function ‘[01m[Kvoid executeLocalWaypointMove(const std::shared_ptr<DroneController>&, rclcpp::Rate&, geometry_msgs::msg::PoseStamped&, float, float, float, float, float)[m[K’:
[8.754s] [01m[K/home/el-system/backup/centering_experiment/src/control/utils/control_.cpp:2762:90:[m[K [01;35m[Kwarning: [m[Kunused parameter ‘[01m[Krate[m[K’ [[01;35m[K-Wunused-parameter[m[K]
[8.754s]  2762 | void executeLocalWaypointMove(const std::shared_ptr<DroneController>&node, [01;35m[Krclcpp::Rate &rate[m[K,
[8.755s]       |                                                                            [01;35m[K~~~~~~~~~~~~~~^~~~[m[K
[8.755s] [01m[K/home/el-system/backup/centering_experiment/src/control/utils/control_.cpp:[m[K In function ‘[01m[Kvoid centeringGateNear(const std::shared_ptr<DroneController>&, rclcpp::Rate&, geometry_msgs::msg::PoseStamped&, float, float, bool&, float, float, float, float, float)[m[K’:
[8.755s] [01m[K/home/el-system/backup/centering_experiment/src/control/utils/control_.cpp:3777:57:[m[K [01;35m[Kwarning: [m[Kunused parameter ‘[01m[Kposee[m[K’ [[01;35m[K-Wunused-parameter[m[K]
[8.755s]  3777 |                        [01;35m[Kgeometry_msgs::msg::PoseStamped &posee[m[K, float gate_width,
[8.755s]       |                        [01;35m[K~~~~~~~~~~~~~~~~~~~~~~~~~~~~~~~~~^~~~~[m[K
[8.755s] [ 33%] [1m[32mLinking CXX executable control[0m
[11.608s] [100%] Built target control
[11.619s] Invoked command in '/home/el-system/backup/centering_experiment/build/control' returned '0': CMAKE_PREFIX_PATH=${CMAKE_PREFIX_PATH}:/opt/ros/humble /usr/local/bin/cmake --build /home/el-system/backup/centering_experiment/build/control -- -j12 -l12
[11.630s] Invoking command in '/home/el-system/backup/centering_experiment/build/control': CMAKE_PREFIX_PATH=${CMAKE_PREFIX_PATH}:/opt/ros/humble /usr/local/bin/cmake --install /home/el-system/backup/centering_experiment/build/control
[11.636s] -- Install configuration: ""
[11.637s] -- Installing: /home/el-system/backup/centering_experiment/install/control/lib/control/control
[11.665s] -- Set non-toolchain portion of runtime path of "/home/el-system/backup/centering_experiment/install/control/lib/control/control" to ""
[11.665s] -- Up-to-date: /home/el-system/backup/centering_experiment/install/control/share/control/launch
[11.665s] -- Up-to-date: /home/el-system/backup/centering_experiment/install/control/share/control/config
[11.666s] -- Up-to-date: /home/el-system/backup/centering_experiment/install/control/share/control/config/config.yaml
[11.666s] -- Up-to-date: /home/el-system/backup/centering_experiment/install/control/share/ament_index/resource_index/package_run_dependencies/control
[11.666s] -- Up-to-date: /home/el-system/backup/centering_experiment/install/control/share/ament_index/resource_index/parent_prefix_path/control
[11.666s] -- Up-to-date: /home/el-system/backup/centering_experiment/install/control/share/control/environment/ament_prefix_path.sh
[11.666s] -- Up-to-date: /home/el-system/backup/centering_experiment/install/control/share/control/environment/ament_prefix_path.dsv
[11.667s] -- Up-to-date: /home/el-system/backup/centering_experiment/install/control/share/control/environment/path.sh
[11.667s] -- Up-to-date: /home/el-system/backup/centering_experiment/install/control/share/control/environment/path.dsv
[11.667s] -- Up-to-date: /home/el-system/backup/centering_experiment/install/control/share/control/local_setup.bash
[11.667s] -- Up-to-date: /home/el-system/backup/centering_experiment/install/control/share/control/local_setup.sh
[11.667s] -- Up-to-date: /home/el-system/backup/centering_experiment/install/control/share/control/local_setup.zsh
[11.667s] -- Up-to-date: /home/el-system/backup/centering_experiment/install/control/share/control/local_setup.dsv
[11.667s] -- Installing: /home/el-system/backup/centering_experiment/install/control/share/control/package.dsv
[11.668s] -- Up-to-date: /home/el-system/backup/centering_experiment/install/control/share/ament_index/resource_index/packages/control
[11.668s] -- Up-to-date: /home/el-system/backup/centering_experiment/install/control/share/control/cmake/controlConfig.cmake
[11.668s] -- Up-to-date: /home/el-system/backup/centering_experiment/install/control/share/control/cmake/controlConfig-version.cmake
[11.668s] -- Up-to-date: /home/el-system/backup/centering_experiment/install/control/share/control/package.xml
[11.668s] Invoked command in '/home/el-system/backup/centering_experiment/build/control' returned '0': CMAKE_PREFIX_PATH=${CMAKE_PREFIX_PATH}:/opt/ros/humble /usr/local/bin/cmake --install /home/el-system/backup/centering_experiment/build/control
