[0.009s] Invoking command in '/home/el-system/centering_experiment/build/control': CMAKE_PREFIX_PATH=${CMAKE_PREFIX_PATH}:/opt/ros/humble /usr/local/bin/cmake --build /home/el-system/centering_experiment/build/control -- -j12 -l12
[0.078s] [100%] Built target control_lidar
[0.079s] [100%] Built target test_lidar
[0.084s] Invoked command in '/home/el-system/centering_experiment/build/control' returned '0': CMAKE_PREFIX_PATH=${CMAKE_PREFIX_PATH}:/opt/ros/humble /usr/local/bin/cmake --build /home/el-system/centering_experiment/build/control -- -j12 -l12
[0.090s] Invoking command in '/home/el-system/centering_experiment/build/control': CMAKE_PREFIX_PATH=${CMAKE_PREFIX_PATH}:/opt/ros/humble /usr/local/bin/cmake --install /home/el-system/centering_experiment/build/control
[0.094s] -- Install configuration: ""
[0.094s] -- Up-to-date: /home/el-system/centering_experiment/install/control/lib/control/test_lidar
[0.094s] -- Up-to-date: /home/el-system/centering_experiment/install/control/lib/control/control_lidar
[0.095s] -- Up-to-date: /home/el-system/centering_experiment/install/control/share/control/launch
[0.095s] -- Up-to-date: /home/el-system/centering_experiment/install/control/share/control/config
[0.095s] -- Up-to-date: /home/el-system/centering_experiment/install/control/share/control/config/config.yaml
[0.095s] -- Up-to-date: /home/el-system/centering_experiment/install/control/share/ament_index/resource_index/package_run_dependencies/control
[0.095s] -- Up-to-date: /home/el-system/centering_experiment/install/control/share/ament_index/resource_index/parent_prefix_path/control
[0.095s] -- Up-to-date: /home/el-system/centering_experiment/install/control/share/control/environment/ament_prefix_path.sh
[0.095s] -- Up-to-date: /home/el-system/centering_experiment/install/control/share/control/environment/ament_prefix_path.dsv
[0.095s] -- Up-to-date: /home/el-system/centering_experiment/install/control/share/control/environment/path.sh
[0.096s] -- Up-to-date: /home/el-system/centering_experiment/install/control/share/control/environment/path.dsv
[0.097s] -- Up-to-date: /home/el-system/centering_experiment/install/control/share/control/local_setup.bash
[0.097s] -- Up-to-date: /home/el-system/centering_experiment/install/control/share/control/local_setup.sh
[0.098s] -- Up-to-date: /home/el-system/centering_experiment/install/control/share/control/local_setup.zsh
[0.098s] -- Up-to-date: /home/el-system/centering_experiment/install/control/share/control/local_setup.dsv
[0.098s] -- Installing: /home/el-system/centering_experiment/install/control/share/control/package.dsv
[0.098s] -- Up-to-date: /home/el-system/centering_experiment/install/control/share/ament_index/resource_index/packages/control
[0.098s] -- Up-to-date: /home/el-system/centering_experiment/install/control/share/control/cmake/controlConfig.cmake
[0.098s] -- Up-to-date: /home/el-system/centering_experiment/install/control/share/control/cmake/controlConfig-version.cmake
[0.098s] -- Up-to-date: /home/el-system/centering_experiment/install/control/share/control/package.xml
[0.099s] Invoked command in '/home/el-system/centering_experiment/build/control' returned '0': CMAKE_PREFIX_PATH=${CMAKE_PREFIX_PATH}:/opt/ros/humble /usr/local/bin/cmake --install /home/el-system/centering_experiment/build/control
