[  8%] Building CXX object CMakeFiles/test_lidar.dir/utils/control_.cpp.o
[ 16%] Building CXX object CMakeFiles/control_lidar.dir/utils/control_.cpp.o
In file included from /home/el-system/centering_experiment/src/control/include/control_.hpp:30,
                 from /home/el-system/centering_experiment/src/control/utils/control_.cpp:1:
/home/el-system/centering_experiment/src/control/include/drone_controller_.hpp:162:25: warning: use of ‘auto’ in parameter declaration only available with ‘-std=c++20’ or ‘-fconcepts’
  162 |     void waitForService(auto &client);
      |                         ^~~~
In file included from /home/el-system/centering_experiment/src/control/utils/control_.cpp:1:
/home/el-system/centering_experiment/src/control/include/control_.hpp:63:62: warning: use of ‘auto’ in parameter declaration only available with ‘-std=c++20’ or ‘-fconcepts’
   63 | bool hasReplied(const std::shared_ptr<DroneController>&node, auto& result);
      |                                                              ^~~~
/home/el-system/centering_experiment/src/control/utils/control_.cpp:51:62: warning: use of ‘auto’ in parameter declaration only available with ‘-std=c++20’ or ‘-fconcepts’
   51 | bool hasReplied(const std::shared_ptr<DroneController>&node, auto& result){
      |                                                              ^~~~
/home/el-system/centering_experiment/src/control/utils/control_.cpp: In function ‘void safeLanding(const std::shared_ptr<DroneController>&, rclcpp::Rate&, geometry_msgs::msg::PoseStamped&, float)’:
/home/el-system/centering_experiment/src/control/utils/control_.cpp:464:77: warning: unused parameter ‘rate’ [-Wunused-parameter]
  464 | void safeLanding(const std::shared_ptr<DroneController>&node, rclcpp::Rate &rate, geometry_msgs::msg::PoseStamped &posee, float descent_rate = 0.3) {
      |                                                               ~~~~~~~~~~~~~~^~~~
/home/el-system/centering_experiment/src/control/utils/control_.cpp: In function ‘void centeringPayload(const std::shared_ptr<DroneController>&, rclcpp::Rate&, geometry_msgs::msg::PoseStamped&, float, bool&, float, float, float, float, float, float, float, float, float, std::string, std::string)’:
/home/el-system/centering_experiment/src/control/utils/control_.cpp:640:17: warning: unused variable ‘dropAlt’ [-Wunused-variable]
  640 |     const float dropAlt = 0.6;
      |                 ^~~~~~~
/home/el-system/centering_experiment/src/control/utils/control_.cpp:643:29: warning: variable ‘detected’ set but not used [-Wunused-but-set-variable]
  643 |     float roll, pitch; bool detected = false;
      |                             ^~~~~~~~
/home/el-system/centering_experiment/src/control/utils/control_.cpp:644:59: warning: unused variable ‘avg_sample’ [-Wunused-variable]
  644 |     geometry_msgs::msg::PoseStamped avg_payload_pose; int avg_sample = 1; int buffer_size = 4;
      |                                                           ^~~~~~~~~~
/home/el-system/centering_experiment/src/control/utils/control_.cpp:644:79: warning: unused variable ‘buffer_size’ [-Wunused-variable]
  644 |     geometry_msgs::msg::PoseStamped avg_payload_pose; int avg_sample = 1; int buffer_size = 4;
      |                                                                               ^~~~~~~~~~~
/home/el-system/centering_experiment/src/control/utils/control_.cpp: In function ‘void centeringEmber(const std::shared_ptr<DroneController>&, rclcpp::Rate&, geometry_msgs::msg::PoseStamped&, float, bool&, float, float, float)’:
/home/el-system/centering_experiment/src/control/utils/control_.cpp:916:11: warning: variable ‘roll’ set but not used [-Wunused-but-set-variable]
  916 |     float roll, pitch; bool detected = false;
      |           ^~~~
/home/el-system/centering_experiment/src/control/utils/control_.cpp:916:17: warning: variable ‘pitch’ set but not used [-Wunused-but-set-variable]
  916 |     float roll, pitch; bool detected = false;
      |                 ^~~~~
/home/el-system/centering_experiment/src/control/utils/control_.cpp:916:29: warning: variable ‘detected’ set but not used [-Wunused-but-set-variable]
  916 |     float roll, pitch; bool detected = false;
      |                             ^~~~~~~~
/home/el-system/centering_experiment/src/control/utils/control_.cpp:917:57: warning: unused variable ‘avg_sample’ [-Wunused-variable]
  917 |     geometry_msgs::msg::PoseStamped avg_ember_pose; int avg_sample = 1; int buffer_size = 4;
      |                                                         ^~~~~~~~~~
/home/el-system/centering_experiment/src/control/utils/control_.cpp:917:77: warning: unused variable ‘buffer_size’ [-Wunused-variable]
  917 |     geometry_msgs::msg::PoseStamped avg_ember_pose; int avg_sample = 1; int buffer_size = 4;
      |                                                                             ^~~~~~~~~~~
/home/el-system/centering_experiment/src/control/utils/control_.cpp: In function ‘void centeringGate(const std::shared_ptr<DroneController>&, rclcpp::Rate&, geometry_msgs::msg::PoseStamped&, float)’:
/home/el-system/centering_experiment/src/control/utils/control_.cpp:1194:30: warning: comparison of integer expressions of different signedness: ‘int’ and ‘std::vector<float>::size_type’ {aka ‘long unsigned int’} [-Wsign-compare]
 1194 |             for(int j = 0; j < x_points.size(); j++) {
      |                            ~~^~~~~~~~~~~~~~~~~
/home/el-system/centering_experiment/src/control/utils/control_.cpp:1184:15: warning: unused variable ‘x1_min’ [-Wunused-variable]
 1184 |         float x1_min = -1.0, x2_min = -1.0;
      |               ^~~~~~
/home/el-system/centering_experiment/src/control/utils/control_.cpp:1184:30: warning: unused variable ‘x2_min’ [-Wunused-variable]
 1184 |         float x1_min = -1.0, x2_min = -1.0;
      |                              ^~~~~~
/home/el-system/centering_experiment/src/control/utils/control_.cpp: In function ‘void centeringBunder(const std::shared_ptr<DroneController>&, rclcpp::Rate&, geometry_msgs::msg::PoseStamped&, float, bool&, float, float, float)’:
/home/el-system/centering_experiment/src/control/utils/control_.cpp:1332:11: warning: variable ‘roll’ set but not used [-Wunused-but-set-variable]
 1332 |     float roll, pitch; bool detected = false;
      |           ^~~~
/home/el-system/centering_experiment/src/control/utils/control_.cpp:1332:17: warning: variable ‘pitch’ set but not used [-Wunused-but-set-variable]
 1332 |     float roll, pitch; bool detected = false;
      |                 ^~~~~
/home/el-system/centering_experiment/src/control/utils/control_.cpp:1332:29: warning: variable ‘detected’ set but not used [-Wunused-but-set-variable]
 1332 |     float roll, pitch; bool detected = false;
      |                             ^~~~~~~~
/home/el-system/centering_experiment/src/control/utils/control_.cpp:1333:58: warning: unused variable ‘avg_sample’ [-Wunused-variable]
 1333 |     geometry_msgs::msg::PoseStamped avg_bunder_pose; int avg_sample = 1; int buffer_size = 4;
      |                                                          ^~~~~~~~~~
/home/el-system/centering_experiment/src/control/utils/control_.cpp:1333:78: warning: unused variable ‘buffer_size’ [-Wunused-variable]
 1333 |     geometry_msgs::msg::PoseStamped avg_bunder_pose; int avg_sample = 1; int buffer_size = 4;
      |                                                                              ^~~~~~~~~~~
/home/el-system/centering_experiment/src/control/utils/control_.cpp: In function ‘void moveToPoint(const std::shared_ptr<DroneController>&, rclcpp::Rate&, geometry_msgs::msg::PoseStamped&, float, float, float, float, float, float)’:
/home/el-system/centering_experiment/src/control/utils/control_.cpp:1527:55: warning: unused variable ‘i’ [-Wunused-variable]
 1527 |     float last_x, last_y, distance, progress=0.0; int i =0;
      |                                                       ^
/home/el-system/centering_experiment/src/control/utils/control_.cpp:1511:156: warning: unused parameter ‘angle’ [-Wunused-parameter]
 1511 | void moveToPoint(const std::shared_ptr<DroneController>&node, rclcpp::Rate &rate, geometry_msgs::msg::PoseStamped &posee, float x, float y, float z, float angle, float speed, float tolerance) {
      |                                                                                                                                                      ~~~~~~^~~~~
/home/el-system/centering_experiment/src/control/utils/control_.cpp: In function ‘void moveToPoint(const std::shared_ptr<DroneController>&, rclcpp::Rate&, geometry_msgs::msg::PoseStamped&, geometry_msgs::msg::Pose, float, float, bool, bool, bool)’:
/home/el-system/centering_experiment/src/control/utils/control_.cpp:1573:11: warning: unused variable ‘distance_to_target’ [-Wunused-variable]
 1573 |     float distance_to_target = dist(posee.pose.position, target.position);
      |           ^~~~~~~~~~~~~~~~~~
/home/el-system/centering_experiment/src/control/utils/control_.cpp: In function ‘void holdPosition(const std::shared_ptr<DroneController>&, rclcpp::Rate&, geometry_msgs::msg::PoseStamped&, float)’:
/home/el-system/centering_experiment/src/control/utils/control_.cpp:1713:78: warning: unused parameter ‘rate’ [-Wunused-parameter]
 1713 | void holdPosition(const std::shared_ptr<DroneController>&node, rclcpp::Rate &rate, geometry_msgs::msg::PoseStamped& posee, float duration){
      |                                                                ~~~~~~~~~~~~~~^~~~
In file included from /opt/ros/humble/include/rclcpp/rclcpp/logging.hpp:24,
                 from /opt/ros/humble/include/rclcpp/rclcpp/client.hpp:40,
                 from /opt/ros/humble/include/rclcpp/rclcpp/callback_group.hpp:24,
                 from /opt/ros/humble/include/rclcpp/rclcpp/any_executable.hpp:20,
                 from /opt/ros/humble/include/rclcpp/rclcpp/memory_strategy.hpp:25,
                 from /opt/ros/humble/include/rclcpp/rclcpp/memory_strategies.hpp:18,
                 from /opt/ros/humble/include/rclcpp/rclcpp/executor_options.hpp:20,
                 from /opt/ros/humble/include/rclcpp/rclcpp/executor.hpp:37,
                 from /opt/ros/humble/include/rclcpp/rclcpp/executors/multi_threaded_executor.hpp:25,
                 from /opt/ros/humble/include/rclcpp/rclcpp/executors.hpp:21,
                 from /opt/ros/humble/include/rclcpp/rclcpp/rclcpp.hpp:155,
                 from /home/el-system/centering_experiment/src/control/include/control_.hpp:4,
                 from /home/el-system/centering_experiment/src/control/utils/control_.cpp:1:
/home/el-system/centering_experiment/src/control/utils/control_.cpp: In function ‘void waitForPosition(const std::shared_ptr<DroneController>&, rclcpp::Rate&, mavros_msgs::msg::GlobalPositionTarget, double, bool, float)’:
/home/el-system/centering_experiment/src/control/utils/control_.cpp:1776:41: warning: format ‘%d’ expects argument of type ‘int’, but argument 5 has type ‘double’ [-Wformat=]
 1776 |         RCLCPP_INFO(node->get_logger(), "%d - CURRR DISTANCEE: %f, meter: %.2f, payload: %.2f", distance, dist_m, node->getCurrentPosePayload().pose.position.x);
      |                                         ^~~~~~~~~~~~~~~~~~~~~~~~~~~~~~~~~~~~~~~~~~~~~~~~~~~~~~  ~~~~~~~~
      |                                                                                                 |
      |                                                                                                 double
/home/el-system/centering_experiment/src/control/utils/control_.cpp:1776:43: note: format string is defined here
 1776 |         RCLCPP_INFO(node->get_logger(), "%d - CURRR DISTANCEE: %f, meter: %.2f, payload: %.2f", distance, dist_m, node->getCurrentPosePayload().pose.position.x);
      |                                          ~^
      |                                           |
      |                                           int
      |                                          %f
In file included from /opt/ros/humble/include/rclcpp/rclcpp/logging.hpp:24,
                 from /opt/ros/humble/include/rclcpp/rclcpp/client.hpp:40,
                 from /opt/ros/humble/include/rclcpp/rclcpp/callback_group.hpp:24,
                 from /opt/ros/humble/include/rclcpp/rclcpp/any_executable.hpp:20,
                 from /opt/ros/humble/include/rclcpp/rclcpp/memory_strategy.hpp:25,
                 from /opt/ros/humble/include/rclcpp/rclcpp/memory_strategies.hpp:18,
                 from /opt/ros/humble/include/rclcpp/rclcpp/executor_options.hpp:20,
                 from /opt/ros/humble/include/rclcpp/rclcpp/executor.hpp:37,
                 from /opt/ros/humble/include/rclcpp/rclcpp/executors/multi_threaded_executor.hpp:25,
                 from /opt/ros/humble/include/rclcpp/rclcpp/executors.hpp:21,
                 from /opt/ros/humble/include/rclcpp/rclcpp/rclcpp.hpp:155,
                 from /home/el-system/centering_experiment/src/control/include/control_.hpp:4,
                 from /home/el-system/centering_experiment/src/control/utils/control_.cpp:1:
/home/el-system/centering_experiment/src/control/utils/control_.cpp:1776:41: warning: format ‘%f’ expects a matching ‘double’ argument [-Wformat=]
 1776 |         RCLCPP_INFO(node->get_logger(), "%d - CURRR DISTANCEE: %f, meter: %.2f, payload: %.2f", distance, dist_m, node->getCurrentPosePayload().pose.position.x);
      |                                         ^~~~~~~~~~~~~~~~~~~~~~~~~~~~~~~~~~~~~~~~~~~~~~~~~~~~~~
/home/el-system/centering_experiment/src/control/utils/control_.cpp:1776:93: note: format string is defined here
 1776 |         RCLCPP_INFO(node->get_logger(), "%d - CURRR DISTANCEE: %f, meter: %.2f, payload: %.2f", distance, dist_m, node->getCurrentPosePayload().pose.position.x);
      |                                                                                          ~~~^
      |                                                                                             |
      |                                                                                             double
/home/el-system/centering_experiment/src/control/utils/control_.cpp:1771:16: warning: unused variable ‘dalt’ [-Wunused-variable]
 1771 |         double dalt = raw.altitude - node->getCurrentGPSPosition().altitude;
      |                ^~~~
/home/el-system/centering_experiment/src/control/utils/control_.cpp:1753:177: warning: unused parameter ‘center_dist’ [-Wunused-parameter]
 1753 | void waitForPosition(const std::shared_ptr<DroneController>&node, rclcpp::Rate &rate, mavros_msgs::msg::GlobalPositionTarget raw, double tolerance, bool allow_centering, float center_dist) {
      |                                                                                                                                                                           ~~~~~~^~~~~~~~~~~
/home/el-system/centering_experiment/src/control/utils/control_.cpp: In function ‘void sendGlobalRawAsync(const std::shared_ptr<DroneController>&, rclcpp::Rate&, geometry_msgs::msg::PoseStamped&, float, float, float, bool, float)’:
/home/el-system/centering_experiment/src/control/utils/control_.cpp:1843:171: warning: unused parameter ‘allow_centering’ [-Wunused-parameter]
 1843 | void sendGlobalRawAsync(const std::shared_ptr<DroneController>&node, rclcpp::Rate &rate, geometry_msgs::msg::PoseStamped &posee, float latt, float lonn, float altt, bool allow_centering, float center_dist) {
      |                                                                                                                                                                      ~~~~~^~~~~~~~~~~~~~~
/home/el-system/centering_experiment/src/control/utils/control_.cpp:1843:194: warning: unused parameter ‘center_dist’ [-Wunused-parameter]
 1843 | void sendGlobalRawAsync(const std::shared_ptr<DroneController>&node, rclcpp::Rate &rate, geometry_msgs::msg::PoseStamped &posee, float latt, float lonn, float altt, bool allow_centering, float center_dist) {
      |                                                                                                                                                                                            ~~~~~~^~~~~~~~~~~
/home/el-system/centering_experiment/src/control/utils/control_.cpp: In function ‘void sendGlobalRawFromXYZ(const std::shared_ptr<DroneController>&, rclcpp::Rate&, geometry_msgs::msg::PoseStamped&, LatLonAlt, double, float, float, float, bool, float)’:
/home/el-system/centering_experiment/src/control/utils/control_.cpp:1891:203: warning: unused parameter ‘allow_centering’ [-Wunused-parameter]
 1891 | void sendGlobalRawFromXYZ(const std::shared_ptr<DroneController>&node, rclcpp::Rate &rate, geometry_msgs::msg::PoseStamped &posee, LatLonAlt zero, double zero_hdg, float x, float y, float rel_alt, bool allow_centering, float center_dist) {
      |                                                                                                                                                                                                      ~~~~~^~~~~~~~~~~~~~~
/home/el-system/centering_experiment/src/control/utils/control_.cpp:1891:226: warning: unused parameter ‘center_dist’ [-Wunused-parameter]
 1891 | void sendGlobalRawFromXYZ(const std::shared_ptr<DroneController>&node, rclcpp::Rate &rate, geometry_msgs::msg::PoseStamped &posee, LatLonAlt zero, double zero_hdg, float x, float y, float rel_alt, bool allow_centering, float center_dist) {
      |                                                                                                                                                                                                                            ~~~~~~^~~~~~~~~~~
In file included from /opt/ros/humble/include/rclcpp/rclcpp/logging.hpp:24,
                 from /opt/ros/humble/include/rclcpp/rclcpp/client.hpp:40,
                 from /opt/ros/humble/include/rclcpp/rclcpp/callback_group.hpp:24,
                 from /opt/ros/humble/include/rclcpp/rclcpp/any_executable.hpp:20,
                 from /opt/ros/humble/include/rclcpp/rclcpp/memory_strategy.hpp:25,
                 from /opt/ros/humble/include/rclcpp/rclcpp/memory_strategies.hpp:18,
                 from /opt/ros/humble/include/rclcpp/rclcpp/executor_options.hpp:20,
                 from /opt/ros/humble/include/rclcpp/rclcpp/executor.hpp:37,
                 from /opt/ros/humble/include/rclcpp/rclcpp/executors/multi_threaded_executor.hpp:25,
                 from /opt/ros/humble/include/rclcpp/rclcpp/executors.hpp:21,
                 from /opt/ros/humble/include/rclcpp/rclcpp/rclcpp.hpp:155,
                 from /home/el-system/centering_experiment/src/control/include/control_.hpp:4,
                 from /home/el-system/centering_experiment/src/control/utils/control_.cpp:1:
/home/el-system/centering_experiment/src/control/utils/control_.cpp: In function ‘void pushMission(const std::shared_ptr<DroneController>&, std::vector<mavros_msgs::msg::Waypoint_<std::allocator<void> >, std::allocator<mavros_msgs::msg::Waypoint_<std::allocator<void> > > >)’:
/home/el-system/centering_experiment/src/control/utils/control_.cpp:1992:37: warning: format ‘%d’ expects argument of type ‘int’, but argument 5 has type ‘std::vector<mavros_msgs::msg::Waypoint_<std::allocator<void> >, std::allocator<mavros_msgs::msg::Waypoint_<std::allocator<void> > > >::size_type’ {aka ‘long unsigned int’} [-Wformat=]
 1992 |     RCLCPP_INFO(node->get_logger(), "Pushing mission of size %d", waypoints.size());
      |                                     ^~~~~~~~~~~~~~~~~~~~~~~~~~~~  ~~~~~~~~~~~~~~~~
      |                                                                                 |
      |                                                                                 std::vector<mavros_msgs::msg::Waypoint_<std::allocator<void> >, std::allocator<mavros_msgs::msg::Waypoint_<std::allocator<void> > > >::size_type {aka long unsigned int}
/home/el-system/centering_experiment/src/control/utils/control_.cpp:1992:63: note: format string is defined here
 1992 |     RCLCPP_INFO(node->get_logger(), "Pushing mission of size %d", waypoints.size());
      |                                                              ~^
      |                                                               |
      |                                                               int
      |                                                              %ld
/home/el-system/centering_experiment/src/control/utils/control_.cpp: In function ‘void moveWithLaser(const std::shared_ptr<DroneController>&, rclcpp::Rate&, geometry_msgs::msg::PoseStamped&, float, float, float, float, float, bool, bool, float, float)’:
/home/el-system/centering_experiment/src/control/utils/control_.cpp:2118:422: warning: suggest parentheses around comparison in operand of ‘&’ [-Wparentheses]
 2118 |         vel_pose.pose.position.x = x ? limit(max_speed, P_maju*err_x + I_maju*total_error_maju + D_maju*last_error_maju) : (front + back <= 2.85f ? limit(koreksi_max_speed, P_koreksi*(front - back) + I_koreksi*total_error_koreksi + D_koreksi*last_error_koreksi) : (back == 2.1f && front != 2.1f ? limit(koreksi_max_speed, P_koreksi*(front - 1.25 ) + I_koreksi*total_error_koreksi + D_koreksi*last_error_koreksi) : (front == 2.1f & back != 2.1f ? limit(koreksi_max_speed, P_koreksi*(1.25 - back) + I_koreksi*total_error_koreksi + D_koreksi*last_error_koreksi) : 0.0)));
      |                                                                                                                                                                                                                                                                                                                                                                                                                                ~~~~~~^~~~~~~
/home/el-system/centering_experiment/src/control/utils/control_.cpp:2119:421: warning: suggest parentheses around comparison in operand of ‘&’ [-Wparentheses]
 2119 |         vel_pose.pose.position.y = y ? limit(max_speed, P_maju*err_y + I_maju*total_error_maju + D_maju*last_error_maju) : (left + right <= 2.85f ? limit(koreksi_max_speed, P_koreksi*(left - right) + I_koreksi*total_error_koreksi + D_koreksi*last_error_koreksi) : (right == 2.1f && left != 2.1f ? limit(koreksi_max_speed, P_koreksi*(left - 1.25  ) + I_koreksi*total_error_koreksi + D_koreksi*last_error_koreksi) : (left == 2.1f & right != 2.1f ? limit(koreksi_max_speed, P_koreksi*(1.25 - right) + I_koreksi*total_error_koreksi + D_koreksi*last_error_koreksi) : 0.0)));
      |                                                                                                                                                                                                                                                                                                                                                                                                                                ~~~~~^~~~~~~
/home/el-system/centering_experiment/src/control/utils/control_.cpp: In function ‘float getYawError(const std::shared_ptr<DroneController>&, rclcpp::Rate&)’:
/home/el-system/centering_experiment/src/control/utils/control_.cpp:2294:24: warning: comparison of integer expressions of different signedness: ‘int’ and ‘std::vector<float>::size_type’ {aka ‘long unsigned int’} [-Wsign-compare]
 2294 |         if(right_index > curr_scan.ranges.size()) {
      |            ~~~~~~~~~~~~^~~~~~~~~~~~~~~~~~~~~~~~~
/home/el-system/centering_experiment/src/control/utils/control_.cpp:2276:78: warning: unused parameter ‘rate’ [-Wunused-parameter]
 2276 | float getYawError(const std::shared_ptr<DroneController>&node, rclcpp::Rate &rate)
      |                                                                ~~~~~~~~~~~~~~^~~~
/home/el-system/centering_experiment/src/control/utils/control_.cpp: In function ‘void printTitik(std::vector<double, std::allocator<double> >&, std::vector<double, std::allocator<double> >&, std::vector<double, std::allocator<double> >&, std::vector<double, std::allocator<double> >&, double, double)’:
/home/el-system/centering_experiment/src/control/utils/control_.cpp:2314:26: warning: comparison of integer expressions of different signedness: ‘int’ and ‘std::vector<double, std::allocator<double> >::size_type’ {aka ‘long unsigned int’} [-Wsign-compare]
 2314 |         for(int i = 0; i < lat_indoor.size(); i++) {
      |                        ~~^~~~~~~~~~~~~~~~~~~
/home/el-system/centering_experiment/src/control/utils/control_.cpp:2316:18: warning: comparison of integer expressions of different signedness: ‘int’ and ‘std::vector<double, std::allocator<double> >::size_type’ {aka ‘long unsigned int’} [-Wsign-compare]
 2316 |             if(i != lat_indoor.size() -1) {std::cout<<", ";}
      |                ~~^~~~~~~~~~~~~~~~~~~~~~~
/home/el-system/centering_experiment/src/control/utils/control_.cpp:2320:26: warning: comparison of integer expressions of different signedness: ‘int’ and ‘std::vector<double, std::allocator<double> >::size_type’ {aka ‘long unsigned int’} [-Wsign-compare]
 2320 |         for(int i = 0; i < lon_indoor.size(); i++) {
      |                        ~~^~~~~~~~~~~~~~~~~~~
/home/el-system/centering_experiment/src/control/utils/control_.cpp:2322:18: warning: comparison of integer expressions of different signedness: ‘int’ and ‘std::vector<double, std::allocator<double> >::size_type’ {aka ‘long unsigned int’} [-Wsign-compare]
 2322 |             if(i != lon_indoor.size() -1) {std::cout<<", ";}
      |                ~~^~~~~~~~~~~~~~~~~~~~~~~
/home/el-system/centering_experiment/src/control/utils/control_.cpp:2330:26: warning: comparison of integer expressions of different signedness: ‘int’ and ‘std::vector<double, std::allocator<double> >::size_type’ {aka ‘long unsigned int’} [-Wsign-compare]
 2330 |         for(int i = 0; i < lat_outdoor.size(); i++) {
      |                        ~~^~~~~~~~~~~~~~~~~~~~
/home/el-system/centering_experiment/src/control/utils/control_.cpp:2332:18: warning: comparison of integer expressions of different signedness: ‘int’ and ‘std::vector<double, std::allocator<double> >::size_type’ {aka ‘long unsigned int’} [-Wsign-compare]
 2332 |             if(i != lat_outdoor.size() -1) {std::cout<<", ";}
      |                ~~^~~~~~~~~~~~~~~~~~~~~~~~
/home/el-system/centering_experiment/src/control/utils/control_.cpp:2336:26: warning: comparison of integer expressions of different signedness: ‘int’ and ‘std::vector<double, std::allocator<double> >::size_type’ {aka ‘long unsigned int’} [-Wsign-compare]
 2336 |         for(int i = 0; i < lon_outdoor.size(); i++) {
      |                        ~~^~~~~~~~~~~~~~~~~~~~
/home/el-system/centering_experiment/src/control/utils/control_.cpp:2338:18: warning: comparison of integer expressions of different signedness: ‘int’ and ‘std::vector<double, std::allocator<double> >::size_type’ {aka ‘long unsigned int’} [-Wsign-compare]
 2338 |             if(i != lon_outdoor.size() -1) {std::cout<<", ";}
      |                ~~^~~~~~~~~~~~~~~~~~~~~~~~
/home/el-system/centering_experiment/src/control/utils/control_.cpp: In function ‘void executeLocalWaypointMove(const std::shared_ptr<DroneController>&, rclcpp::Rate&, geometry_msgs::msg::PoseStamped&, float, float, float, float, float)’:
/home/el-system/centering_experiment/src/control/utils/control_.cpp:2345:90: warning: unused parameter ‘rate’ [-Wunused-parameter]
 2345 | void executeLocalWaypointMove(const std::shared_ptr<DroneController>&node, rclcpp::Rate &rate,
      |                                                                            ~~~~~~~~~~~~~~^~~~
/home/el-system/centering_experiment/src/control/utils/control_.cpp: In function ‘void centeringGateNear(const std::shared_ptr<DroneController>&, rclcpp::Rate&, geometry_msgs::msg::PoseStamped&, float, float, bool&, float, float, float, float, float)’:
/home/el-system/centering_experiment/src/control/utils/control_.cpp:3239:57: warning: unused parameter ‘posee’ [-Wunused-parameter]
 3239 |                        geometry_msgs::msg::PoseStamped &posee, float gate_width,
      |                        ~~~~~~~~~~~~~~~~~~~~~~~~~~~~~~~~~^~~~~
/home/el-system/centering_experiment/src/control/utils/control_.cpp: In function ‘void centeringGateLivoxSimple(const std::shared_ptr<DroneController>&, rclcpp::Rate&, geometry_msgs::msg::PoseStamped&, float, float, bool&, float, float, float, bool)’:
/home/el-system/centering_experiment/src/control/utils/control_.cpp:3882:38: warning: unused parameter ‘posee’ [-Wunused-parameter]
 3882 |     geometry_msgs::msg::PoseStamped &posee,
      |     ~~~~~~~~~~~~~~~~~~~~~~~~~~~~~~~~~^~~~~
[ 25%] Linking CXX executable control_lidar
In file included from /home/el-system/centering_experiment/src/control/include/control_.hpp:30,
                 from /home/el-system/centering_experiment/src/control/utils/control_.cpp:1:
/home/el-system/centering_experiment/src/control/include/drone_controller_.hpp:162:25: warning: use of ‘auto’ in parameter declaration only available with ‘-std=c++20’ or ‘-fconcepts’
  162 |     void waitForService(auto &client);
      |                         ^~~~
In file included from /home/el-system/centering_experiment/src/control/utils/control_.cpp:1:
/home/el-system/centering_experiment/src/control/include/control_.hpp:63:62: warning: use of ‘auto’ in parameter declaration only available with ‘-std=c++20’ or ‘-fconcepts’
   63 | bool hasReplied(const std::shared_ptr<DroneController>&node, auto& result);
      |                                                              ^~~~
/home/el-system/centering_experiment/src/control/utils/control_.cpp:51:62: warning: use of ‘auto’ in parameter declaration only available with ‘-std=c++20’ or ‘-fconcepts’
   51 | bool hasReplied(const std::shared_ptr<DroneController>&node, auto& result){
      |                                                              ^~~~
/home/el-system/centering_experiment/src/control/utils/control_.cpp: In function ‘void safeLanding(const std::shared_ptr<DroneController>&, rclcpp::Rate&, geometry_msgs::msg::PoseStamped&, float)’:
/home/el-system/centering_experiment/src/control/utils/control_.cpp:464:77: warning: unused parameter ‘rate’ [-Wunused-parameter]
  464 | void safeLanding(const std::shared_ptr<DroneController>&node, rclcpp::Rate &rate, geometry_msgs::msg::PoseStamped &posee, float descent_rate = 0.3) {
      |                                                               ~~~~~~~~~~~~~~^~~~
/home/el-system/centering_experiment/src/control/utils/control_.cpp: In function ‘void centeringPayload(const std::shared_ptr<DroneController>&, rclcpp::Rate&, geometry_msgs::msg::PoseStamped&, float, bool&, float, float, float, float, float, float, float, float, float, std::string, std::string)’:
/home/el-system/centering_experiment/src/control/utils/control_.cpp:640:17: warning: unused variable ‘dropAlt’ [-Wunused-variable]
  640 |     const float dropAlt = 0.6;
      |                 ^~~~~~~
/home/el-system/centering_experiment/src/control/utils/control_.cpp:643:29: warning: variable ‘detected’ set but not used [-Wunused-but-set-variable]
  643 |     float roll, pitch; bool detected = false;
      |                             ^~~~~~~~
/home/el-system/centering_experiment/src/control/utils/control_.cpp:644:59: warning: unused variable ‘avg_sample’ [-Wunused-variable]
  644 |     geometry_msgs::msg::PoseStamped avg_payload_pose; int avg_sample = 1; int buffer_size = 4;
      |                                                           ^~~~~~~~~~
/home/el-system/centering_experiment/src/control/utils/control_.cpp:644:79: warning: unused variable ‘buffer_size’ [-Wunused-variable]
  644 |     geometry_msgs::msg::PoseStamped avg_payload_pose; int avg_sample = 1; int buffer_size = 4;
      |                                                                               ^~~~~~~~~~~
/home/el-system/centering_experiment/src/control/utils/control_.cpp: In function ‘void centeringEmber(const std::shared_ptr<DroneController>&, rclcpp::Rate&, geometry_msgs::msg::PoseStamped&, float, bool&, float, float, float)’:
/home/el-system/centering_experiment/src/control/utils/control_.cpp:916:11: warning: variable ‘roll’ set but not used [-Wunused-but-set-variable]
  916 |     float roll, pitch; bool detected = false;
      |           ^~~~
/home/el-system/centering_experiment/src/control/utils/control_.cpp:916:17: warning: variable ‘pitch’ set but not used [-Wunused-but-set-variable]
  916 |     float roll, pitch; bool detected = false;
      |                 ^~~~~
/home/el-system/centering_experiment/src/control/utils/control_.cpp:916:29: warning: variable ‘detected’ set but not used [-Wunused-but-set-variable]
  916 |     float roll, pitch; bool detected = false;
      |                             ^~~~~~~~
/home/el-system/centering_experiment/src/control/utils/control_.cpp:917:57: warning: unused variable ‘avg_sample’ [-Wunused-variable]
  917 |     geometry_msgs::msg::PoseStamped avg_ember_pose; int avg_sample = 1; int buffer_size = 4;
      |                                                         ^~~~~~~~~~
/home/el-system/centering_experiment/src/control/utils/control_.cpp:917:77: warning: unused variable ‘buffer_size’ [-Wunused-variable]
  917 |     geometry_msgs::msg::PoseStamped avg_ember_pose; int avg_sample = 1; int buffer_size = 4;
      |                                                                             ^~~~~~~~~~~
/home/el-system/centering_experiment/src/control/utils/control_.cpp: In function ‘void centeringGate(const std::shared_ptr<DroneController>&, rclcpp::Rate&, geometry_msgs::msg::PoseStamped&, float)’:
/home/el-system/centering_experiment/src/control/utils/control_.cpp:1194:30: warning: comparison of integer expressions of different signedness: ‘int’ and ‘std::vector<float>::size_type’ {aka ‘long unsigned int’} [-Wsign-compare]
 1194 |             for(int j = 0; j < x_points.size(); j++) {
      |                            ~~^~~~~~~~~~~~~~~~~
/home/el-system/centering_experiment/src/control/utils/control_.cpp:1184:15: warning: unused variable ‘x1_min’ [-Wunused-variable]
 1184 |         float x1_min = -1.0, x2_min = -1.0;
      |               ^~~~~~
/home/el-system/centering_experiment/src/control/utils/control_.cpp:1184:30: warning: unused variable ‘x2_min’ [-Wunused-variable]
 1184 |         float x1_min = -1.0, x2_min = -1.0;
      |                              ^~~~~~
/home/el-system/centering_experiment/src/control/utils/control_.cpp: In function ‘void centeringBunder(const std::shared_ptr<DroneController>&, rclcpp::Rate&, geometry_msgs::msg::PoseStamped&, float, bool&, float, float, float)’:
/home/el-system/centering_experiment/src/control/utils/control_.cpp:1332:11: warning: variable ‘roll’ set but not used [-Wunused-but-set-variable]
 1332 |     float roll, pitch; bool detected = false;
      |           ^~~~
/home/el-system/centering_experiment/src/control/utils/control_.cpp:1332:17: warning: variable ‘pitch’ set but not used [-Wunused-but-set-variable]
 1332 |     float roll, pitch; bool detected = false;
      |                 ^~~~~
/home/el-system/centering_experiment/src/control/utils/control_.cpp:1332:29: warning: variable ‘detected’ set but not used [-Wunused-but-set-variable]
 1332 |     float roll, pitch; bool detected = false;
      |                             ^~~~~~~~
/home/el-system/centering_experiment/src/control/utils/control_.cpp:1333:58: warning: unused variable ‘avg_sample’ [-Wunused-variable]
 1333 |     geometry_msgs::msg::PoseStamped avg_bunder_pose; int avg_sample = 1; int buffer_size = 4;
      |                                                          ^~~~~~~~~~
/home/el-system/centering_experiment/src/control/utils/control_.cpp:1333:78: warning: unused variable ‘buffer_size’ [-Wunused-variable]
 1333 |     geometry_msgs::msg::PoseStamped avg_bunder_pose; int avg_sample = 1; int buffer_size = 4;
      |                                                                              ^~~~~~~~~~~
/home/el-system/centering_experiment/src/control/utils/control_.cpp: In function ‘void moveToPoint(const std::shared_ptr<DroneController>&, rclcpp::Rate&, geometry_msgs::msg::PoseStamped&, float, float, float, float, float, float)’:
/home/el-system/centering_experiment/src/control/utils/control_.cpp:1527:55: warning: unused variable ‘i’ [-Wunused-variable]
 1527 |     float last_x, last_y, distance, progress=0.0; int i =0;
      |                                                       ^
/home/el-system/centering_experiment/src/control/utils/control_.cpp:1511:156: warning: unused parameter ‘angle’ [-Wunused-parameter]
 1511 | void moveToPoint(const std::shared_ptr<DroneController>&node, rclcpp::Rate &rate, geometry_msgs::msg::PoseStamped &posee, float x, float y, float z, float angle, float speed, float tolerance) {
      |                                                                                                                                                      ~~~~~~^~~~~
/home/el-system/centering_experiment/src/control/utils/control_.cpp: In function ‘void moveToPoint(const std::shared_ptr<DroneController>&, rclcpp::Rate&, geometry_msgs::msg::PoseStamped&, geometry_msgs::msg::Pose, float, float, bool, bool, bool)’:
/home/el-system/centering_experiment/src/control/utils/control_.cpp:1573:11: warning: unused variable ‘distance_to_target’ [-Wunused-variable]
 1573 |     float distance_to_target = dist(posee.pose.position, target.position);
      |           ^~~~~~~~~~~~~~~~~~
/home/el-system/centering_experiment/src/control/utils/control_.cpp: In function ‘void holdPosition(const std::shared_ptr<DroneController>&, rclcpp::Rate&, geometry_msgs::msg::PoseStamped&, float)’:
/home/el-system/centering_experiment/src/control/utils/control_.cpp:1713:78: warning: unused parameter ‘rate’ [-Wunused-parameter]
 1713 | void holdPosition(const std::shared_ptr<DroneController>&node, rclcpp::Rate &rate, geometry_msgs::msg::PoseStamped& posee, float duration){
      |                                                                ~~~~~~~~~~~~~~^~~~
In file included from /opt/ros/humble/include/rclcpp/rclcpp/logging.hpp:24,
                 from /opt/ros/humble/include/rclcpp/rclcpp/client.hpp:40,
                 from /opt/ros/humble/include/rclcpp/rclcpp/callback_group.hpp:24,
                 from /opt/ros/humble/include/rclcpp/rclcpp/any_executable.hpp:20,
                 from /opt/ros/humble/include/rclcpp/rclcpp/memory_strategy.hpp:25,
                 from /opt/ros/humble/include/rclcpp/rclcpp/memory_strategies.hpp:18,
                 from /opt/ros/humble/include/rclcpp/rclcpp/executor_options.hpp:20,
                 from /opt/ros/humble/include/rclcpp/rclcpp/executor.hpp:37,
                 from /opt/ros/humble/include/rclcpp/rclcpp/executors/multi_threaded_executor.hpp:25,
                 from /opt/ros/humble/include/rclcpp/rclcpp/executors.hpp:21,
                 from /opt/ros/humble/include/rclcpp/rclcpp/rclcpp.hpp:155,
                 from /home/el-system/centering_experiment/src/control/include/control_.hpp:4,
                 from /home/el-system/centering_experiment/src/control/utils/control_.cpp:1:
/home/el-system/centering_experiment/src/control/utils/control_.cpp: In function ‘void waitForPosition(const std::shared_ptr<DroneController>&, rclcpp::Rate&, mavros_msgs::msg::GlobalPositionTarget, double, bool, float)’:
/home/el-system/centering_experiment/src/control/utils/control_.cpp:1776:41: warning: format ‘%d’ expects argument of type ‘int’, but argument 5 has type ‘double’ [-Wformat=]
 1776 |         RCLCPP_INFO(node->get_logger(), "%d - CURRR DISTANCEE: %f, meter: %.2f, payload: %.2f", distance, dist_m, node->getCurrentPosePayload().pose.position.x);
      |                                         ^~~~~~~~~~~~~~~~~~~~~~~~~~~~~~~~~~~~~~~~~~~~~~~~~~~~~~  ~~~~~~~~
      |                                                                                                 |
      |                                                                                                 double
/home/el-system/centering_experiment/src/control/utils/control_.cpp:1776:43: note: format string is defined here
 1776 |         RCLCPP_INFO(node->get_logger(), "%d - CURRR DISTANCEE: %f, meter: %.2f, payload: %.2f", distance, dist_m, node->getCurrentPosePayload().pose.position.x);
      |                                          ~^
      |                                           |
      |                                           int
      |                                          %f
In file included from /opt/ros/humble/include/rclcpp/rclcpp/logging.hpp:24,
                 from /opt/ros/humble/include/rclcpp/rclcpp/client.hpp:40,
                 from /opt/ros/humble/include/rclcpp/rclcpp/callback_group.hpp:24,
                 from /opt/ros/humble/include/rclcpp/rclcpp/any_executable.hpp:20,
                 from /opt/ros/humble/include/rclcpp/rclcpp/memory_strategy.hpp:25,
                 from /opt/ros/humble/include/rclcpp/rclcpp/memory_strategies.hpp:18,
                 from /opt/ros/humble/include/rclcpp/rclcpp/executor_options.hpp:20,
                 from /opt/ros/humble/include/rclcpp/rclcpp/executor.hpp:37,
                 from /opt/ros/humble/include/rclcpp/rclcpp/executors/multi_threaded_executor.hpp:25,
                 from /opt/ros/humble/include/rclcpp/rclcpp/executors.hpp:21,
                 from /opt/ros/humble/include/rclcpp/rclcpp/rclcpp.hpp:155,
                 from /home/el-system/centering_experiment/src/control/include/control_.hpp:4,
                 from /home/el-system/centering_experiment/src/control/utils/control_.cpp:1:
/home/el-system/centering_experiment/src/control/utils/control_.cpp:1776:41: warning: format ‘%f’ expects a matching ‘double’ argument [-Wformat=]
 1776 |         RCLCPP_INFO(node->get_logger(), "%d - CURRR DISTANCEE: %f, meter: %.2f, payload: %.2f", distance, dist_m, node->getCurrentPosePayload().pose.position.x);
      |                                         ^~~~~~~~~~~~~~~~~~~~~~~~~~~~~~~~~~~~~~~~~~~~~~~~~~~~~~
/home/el-system/centering_experiment/src/control/utils/control_.cpp:1776:93: note: format string is defined here
 1776 |         RCLCPP_INFO(node->get_logger(), "%d - CURRR DISTANCEE: %f, meter: %.2f, payload: %.2f", distance, dist_m, node->getCurrentPosePayload().pose.position.x);
      |                                                                                          ~~~^
      |                                                                                             |
      |                                                                                             double
/home/el-system/centering_experiment/src/control/utils/control_.cpp:1771:16: warning: unused variable ‘dalt’ [-Wunused-variable]
 1771 |         double dalt = raw.altitude - node->getCurrentGPSPosition().altitude;
      |                ^~~~
/home/el-system/centering_experiment/src/control/utils/control_.cpp:1753:177: warning: unused parameter ‘center_dist’ [-Wunused-parameter]
 1753 | void waitForPosition(const std::shared_ptr<DroneController>&node, rclcpp::Rate &rate, mavros_msgs::msg::GlobalPositionTarget raw, double tolerance, bool allow_centering, float center_dist) {
      |                                                                                                                                                                           ~~~~~~^~~~~~~~~~~
/home/el-system/centering_experiment/src/control/utils/control_.cpp: In function ‘void sendGlobalRawAsync(const std::shared_ptr<DroneController>&, rclcpp::Rate&, geometry_msgs::msg::PoseStamped&, float, float, float, bool, float)’:
/home/el-system/centering_experiment/src/control/utils/control_.cpp:1843:171: warning: unused parameter ‘allow_centering’ [-Wunused-parameter]
 1843 | void sendGlobalRawAsync(const std::shared_ptr<DroneController>&node, rclcpp::Rate &rate, geometry_msgs::msg::PoseStamped &posee, float latt, float lonn, float altt, bool allow_centering, float center_dist) {
      |                                                                                                                                                                      ~~~~~^~~~~~~~~~~~~~~
/home/el-system/centering_experiment/src/control/utils/control_.cpp:1843:194: warning: unused parameter ‘center_dist’ [-Wunused-parameter]
 1843 | void sendGlobalRawAsync(const std::shared_ptr<DroneController>&node, rclcpp::Rate &rate, geometry_msgs::msg::PoseStamped &posee, float latt, float lonn, float altt, bool allow_centering, float center_dist) {
      |                                                                                                                                                                                            ~~~~~~^~~~~~~~~~~
/home/el-system/centering_experiment/src/control/utils/control_.cpp: In function ‘void sendGlobalRawFromXYZ(const std::shared_ptr<DroneController>&, rclcpp::Rate&, geometry_msgs::msg::PoseStamped&, LatLonAlt, double, float, float, float, bool, float)’:
/home/el-system/centering_experiment/src/control/utils/control_.cpp:1891:203: warning: unused parameter ‘allow_centering’ [-Wunused-parameter]
 1891 | void sendGlobalRawFromXYZ(const std::shared_ptr<DroneController>&node, rclcpp::Rate &rate, geometry_msgs::msg::PoseStamped &posee, LatLonAlt zero, double zero_hdg, float x, float y, float rel_alt, bool allow_centering, float center_dist) {
      |                                                                                                                                                                                                      ~~~~~^~~~~~~~~~~~~~~
/home/el-system/centering_experiment/src/control/utils/control_.cpp:1891:226: warning: unused parameter ‘center_dist’ [-Wunused-parameter]
 1891 | void sendGlobalRawFromXYZ(const std::shared_ptr<DroneController>&node, rclcpp::Rate &rate, geometry_msgs::msg::PoseStamped &posee, LatLonAlt zero, double zero_hdg, float x, float y, float rel_alt, bool allow_centering, float center_dist) {
      |                                                                                                                                                                                                                            ~~~~~~^~~~~~~~~~~
In file included from /opt/ros/humble/include/rclcpp/rclcpp/logging.hpp:24,
                 from /opt/ros/humble/include/rclcpp/rclcpp/client.hpp:40,
                 from /opt/ros/humble/include/rclcpp/rclcpp/callback_group.hpp:24,
                 from /opt/ros/humble/include/rclcpp/rclcpp/any_executable.hpp:20,
                 from /opt/ros/humble/include/rclcpp/rclcpp/memory_strategy.hpp:25,
                 from /opt/ros/humble/include/rclcpp/rclcpp/memory_strategies.hpp:18,
                 from /opt/ros/humble/include/rclcpp/rclcpp/executor_options.hpp:20,
                 from /opt/ros/humble/include/rclcpp/rclcpp/executor.hpp:37,
                 from /opt/ros/humble/include/rclcpp/rclcpp/executors/multi_threaded_executor.hpp:25,
                 from /opt/ros/humble/include/rclcpp/rclcpp/executors.hpp:21,
                 from /opt/ros/humble/include/rclcpp/rclcpp/rclcpp.hpp:155,
                 from /home/el-system/centering_experiment/src/control/include/control_.hpp:4,
                 from /home/el-system/centering_experiment/src/control/utils/control_.cpp:1:
/home/el-system/centering_experiment/src/control/utils/control_.cpp: In function ‘void pushMission(const std::shared_ptr<DroneController>&, std::vector<mavros_msgs::msg::Waypoint_<std::allocator<void> >, std::allocator<mavros_msgs::msg::Waypoint_<std::allocator<void> > > >)’:
/home/el-system/centering_experiment/src/control/utils/control_.cpp:1992:37: warning: format ‘%d’ expects argument of type ‘int’, but argument 5 has type ‘std::vector<mavros_msgs::msg::Waypoint_<std::allocator<void> >, std::allocator<mavros_msgs::msg::Waypoint_<std::allocator<void> > > >::size_type’ {aka ‘long unsigned int’} [-Wformat=]
 1992 |     RCLCPP_INFO(node->get_logger(), "Pushing mission of size %d", waypoints.size());
      |                                     ^~~~~~~~~~~~~~~~~~~~~~~~~~~~  ~~~~~~~~~~~~~~~~
      |                                                                                 |
      |                                                                                 std::vector<mavros_msgs::msg::Waypoint_<std::allocator<void> >, std::allocator<mavros_msgs::msg::Waypoint_<std::allocator<void> > > >::size_type {aka long unsigned int}
/home/el-system/centering_experiment/src/control/utils/control_.cpp:1992:63: note: format string is defined here
 1992 |     RCLCPP_INFO(node->get_logger(), "Pushing mission of size %d", waypoints.size());
      |                                                              ~^
      |                                                               |
      |                                                               int
      |                                                              %ld
/home/el-system/centering_experiment/src/control/utils/control_.cpp: In function ‘void moveWithLaser(const std::shared_ptr<DroneController>&, rclcpp::Rate&, geometry_msgs::msg::PoseStamped&, float, float, float, float, float, bool, bool, float, float)’:
/home/el-system/centering_experiment/src/control/utils/control_.cpp:2118:422: warning: suggest parentheses around comparison in operand of ‘&’ [-Wparentheses]
 2118 |         vel_pose.pose.position.x = x ? limit(max_speed, P_maju*err_x + I_maju*total_error_maju + D_maju*last_error_maju) : (front + back <= 2.85f ? limit(koreksi_max_speed, P_koreksi*(front - back) + I_koreksi*total_error_koreksi + D_koreksi*last_error_koreksi) : (back == 2.1f && front != 2.1f ? limit(koreksi_max_speed, P_koreksi*(front - 1.25 ) + I_koreksi*total_error_koreksi + D_koreksi*last_error_koreksi) : (front == 2.1f & back != 2.1f ? limit(koreksi_max_speed, P_koreksi*(1.25 - back) + I_koreksi*total_error_koreksi + D_koreksi*last_error_koreksi) : 0.0)));
      |                                                                                                                                                                                                                                                                                                                                                                                                                                ~~~~~~^~~~~~~
/home/el-system/centering_experiment/src/control/utils/control_.cpp:2119:421: warning: suggest parentheses around comparison in operand of ‘&’ [-Wparentheses]
 2119 |         vel_pose.pose.position.y = y ? limit(max_speed, P_maju*err_y + I_maju*total_error_maju + D_maju*last_error_maju) : (left + right <= 2.85f ? limit(koreksi_max_speed, P_koreksi*(left - right) + I_koreksi*total_error_koreksi + D_koreksi*last_error_koreksi) : (right == 2.1f && left != 2.1f ? limit(koreksi_max_speed, P_koreksi*(left - 1.25  ) + I_koreksi*total_error_koreksi + D_koreksi*last_error_koreksi) : (left == 2.1f & right != 2.1f ? limit(koreksi_max_speed, P_koreksi*(1.25 - right) + I_koreksi*total_error_koreksi + D_koreksi*last_error_koreksi) : 0.0)));
      |                                                                                                                                                                                                                                                                                                                                                                                                                                ~~~~~^~~~~~~
/home/el-system/centering_experiment/src/control/utils/control_.cpp: In function ‘float getYawError(const std::shared_ptr<DroneController>&, rclcpp::Rate&)’:
/home/el-system/centering_experiment/src/control/utils/control_.cpp:2294:24: warning: comparison of integer expressions of different signedness: ‘int’ and ‘std::vector<float>::size_type’ {aka ‘long unsigned int’} [-Wsign-compare]
 2294 |         if(right_index > curr_scan.ranges.size()) {
      |            ~~~~~~~~~~~~^~~~~~~~~~~~~~~~~~~~~~~~~
/home/el-system/centering_experiment/src/control/utils/control_.cpp:2276:78: warning: unused parameter ‘rate’ [-Wunused-parameter]
 2276 | float getYawError(const std::shared_ptr<DroneController>&node, rclcpp::Rate &rate)
      |                                                                ~~~~~~~~~~~~~~^~~~
/home/el-system/centering_experiment/src/control/utils/control_.cpp: In function ‘void printTitik(std::vector<double, std::allocator<double> >&, std::vector<double, std::allocator<double> >&, std::vector<double, std::allocator<double> >&, std::vector<double, std::allocator<double> >&, double, double)’:
/home/el-system/centering_experiment/src/control/utils/control_.cpp:2314:26: warning: comparison of integer expressions of different signedness: ‘int’ and ‘std::vector<double, std::allocator<double> >::size_type’ {aka ‘long unsigned int’} [-Wsign-compare]
 2314 |         for(int i = 0; i < lat_indoor.size(); i++) {
      |                        ~~^~~~~~~~~~~~~~~~~~~
/home/el-system/centering_experiment/src/control/utils/control_.cpp:2316:18: warning: comparison of integer expressions of different signedness: ‘int’ and ‘std::vector<double, std::allocator<double> >::size_type’ {aka ‘long unsigned int’} [-Wsign-compare]
 2316 |             if(i != lat_indoor.size() -1) {std::cout<<", ";}
      |                ~~^~~~~~~~~~~~~~~~~~~~~~~
/home/el-system/centering_experiment/src/control/utils/control_.cpp:2320:26: warning: comparison of integer expressions of different signedness: ‘int’ and ‘std::vector<double, std::allocator<double> >::size_type’ {aka ‘long unsigned int’} [-Wsign-compare]
 2320 |         for(int i = 0; i < lon_indoor.size(); i++) {
      |                        ~~^~~~~~~~~~~~~~~~~~~
/home/el-system/centering_experiment/src/control/utils/control_.cpp:2322:18: warning: comparison of integer expressions of different signedness: ‘int’ and ‘std::vector<double, std::allocator<double> >::size_type’ {aka ‘long unsigned int’} [-Wsign-compare]
 2322 |             if(i != lon_indoor.size() -1) {std::cout<<", ";}
      |                ~~^~~~~~~~~~~~~~~~~~~~~~~
/home/el-system/centering_experiment/src/control/utils/control_.cpp:2330:26: warning: comparison of integer expressions of different signedness: ‘int’ and ‘std::vector<double, std::allocator<double> >::size_type’ {aka ‘long unsigned int’} [-Wsign-compare]
 2330 |         for(int i = 0; i < lat_outdoor.size(); i++) {
      |                        ~~^~~~~~~~~~~~~~~~~~~~
/home/el-system/centering_experiment/src/control/utils/control_.cpp:2332:18: warning: comparison of integer expressions of different signedness: ‘int’ and ‘std::vector<double, std::allocator<double> >::size_type’ {aka ‘long unsigned int’} [-Wsign-compare]
 2332 |             if(i != lat_outdoor.size() -1) {std::cout<<", ";}
      |                ~~^~~~~~~~~~~~~~~~~~~~~~~~
/home/el-system/centering_experiment/src/control/utils/control_.cpp:2336:26: warning: comparison of integer expressions of different signedness: ‘int’ and ‘std::vector<double, std::allocator<double> >::size_type’ {aka ‘long unsigned int’} [-Wsign-compare]
 2336 |         for(int i = 0; i < lon_outdoor.size(); i++) {
      |                        ~~^~~~~~~~~~~~~~~~~~~~
/home/el-system/centering_experiment/src/control/utils/control_.cpp:2338:18: warning: comparison of integer expressions of different signedness: ‘int’ and ‘std::vector<double, std::allocator<double> >::size_type’ {aka ‘long unsigned int’} [-Wsign-compare]
 2338 |             if(i != lon_outdoor.size() -1) {std::cout<<", ";}
      |                ~~^~~~~~~~~~~~~~~~~~~~~~~~
/home/el-system/centering_experiment/src/control/utils/control_.cpp: In function ‘void executeLocalWaypointMove(const std::shared_ptr<DroneController>&, rclcpp::Rate&, geometry_msgs::msg::PoseStamped&, float, float, float, float, float)’:
/home/el-system/centering_experiment/src/control/utils/control_.cpp:2345:90: warning: unused parameter ‘rate’ [-Wunused-parameter]
 2345 | void executeLocalWaypointMove(const std::shared_ptr<DroneController>&node, rclcpp::Rate &rate,
      |                                                                            ~~~~~~~~~~~~~~^~~~
/home/el-system/centering_experiment/src/control/utils/control_.cpp: In function ‘void centeringGateNear(const std::shared_ptr<DroneController>&, rclcpp::Rate&, geometry_msgs::msg::PoseStamped&, float, float, bool&, float, float, float, float, float)’:
/home/el-system/centering_experiment/src/control/utils/control_.cpp:3239:57: warning: unused parameter ‘posee’ [-Wunused-parameter]
 3239 |                        geometry_msgs::msg::PoseStamped &posee, float gate_width,
      |                        ~~~~~~~~~~~~~~~~~~~~~~~~~~~~~~~~~^~~~~
/home/el-system/centering_experiment/src/control/utils/control_.cpp: In function ‘void centeringGateLivoxSimple(const std::shared_ptr<DroneController>&, rclcpp::Rate&, geometry_msgs::msg::PoseStamped&, float, float, bool&, float, float, float, bool)’:
/home/el-system/centering_experiment/src/control/utils/control_.cpp:3882:38: warning: unused parameter ‘posee’ [-Wunused-parameter]
 3882 |     geometry_msgs::msg::PoseStamped &posee,
      |     ~~~~~~~~~~~~~~~~~~~~~~~~~~~~~~~~~^~~~~
[ 33%] Linking CXX executable test_lidar
[ 66%] Built target control_lidar
[100%] Built target test_lidar
-- Install configuration: ""
-- Installing: /home/el-system/centering_experiment/install/control/lib/control/test_lidar
-- Set non-toolchain portion of runtime path of "/home/el-system/centering_experiment/install/control/lib/control/test_lidar" to ""
-- Installing: /home/el-system/centering_experiment/install/control/lib/control/control_lidar
-- Set non-toolchain portion of runtime path of "/home/el-system/centering_experiment/install/control/lib/control/control_lidar" to ""
-- Up-to-date: /home/el-system/centering_experiment/install/control/share/control/launch
-- Up-to-date: /home/el-system/centering_experiment/install/control/share/control/config
-- Up-to-date: /home/el-system/centering_experiment/install/control/share/control/config/config.yaml
-- Up-to-date: /home/el-system/centering_experiment/install/control/share/ament_index/resource_index/package_run_dependencies/control
-- Up-to-date: /home/el-system/centering_experiment/install/control/share/ament_index/resource_index/parent_prefix_path/control
-- Up-to-date: /home/el-system/centering_experiment/install/control/share/control/environment/ament_prefix_path.sh
-- Up-to-date: /home/el-system/centering_experiment/install/control/share/control/environment/ament_prefix_path.dsv
-- Up-to-date: /home/el-system/centering_experiment/install/control/share/control/environment/path.sh
-- Up-to-date: /home/el-system/centering_experiment/install/control/share/control/environment/path.dsv
-- Up-to-date: /home/el-system/centering_experiment/install/control/share/control/local_setup.bash
-- Up-to-date: /home/el-system/centering_experiment/install/control/share/control/local_setup.sh
-- Up-to-date: /home/el-system/centering_experiment/install/control/share/control/local_setup.zsh
-- Up-to-date: /home/el-system/centering_experiment/install/control/share/control/local_setup.dsv
-- Installing: /home/el-system/centering_experiment/install/control/share/control/package.dsv
-- Up-to-date: /home/el-system/centering_experiment/install/control/share/ament_index/resource_index/packages/control
-- Up-to-date: /home/el-system/centering_experiment/install/control/share/control/cmake/controlConfig.cmake
-- Up-to-date: /home/el-system/centering_experiment/install/control/share/control/cmake/controlConfig-version.cmake
-- Up-to-date: /home/el-system/centering_experiment/install/control/share/control/package.xml
