[0.015s] Invoking command in '/home/el-system/centering_experiment/build/control': CMAKE_PREFIX_PATH=${CMAKE_PREFIX_PATH}:/opt/ros/humble /usr/local/bin/cmake --build /home/el-system/centering_experiment/build/control -- -j12 -l12
[0.113s] [  8%] Building CXX object CMakeFiles/test_lidar.dir/utils/control_.cpp.o
[0.122s] [ 16%] Building CXX object CMakeFiles/control_lidar.dir/utils/control_.cpp.o
[20.234s] In file included from /home/el-system/centering_experiment/src/control/include/control_.hpp:30,
[20.234s]                  from /home/el-system/centering_experiment/src/control/utils/control_.cpp:1:
[20.234s] /home/el-system/centering_experiment/src/control/include/drone_controller_.hpp:162:25: warning: use of ‘auto’ in parameter declaration only available with ‘-std=c++20’ or ‘-fconcepts’
[20.234s]   162 |     void waitForService(auto &client);
[20.234s]       |                         ^~~~
[20.234s] In file included from /home/el-system/centering_experiment/src/control/utils/control_.cpp:1:
[20.235s] /home/el-system/centering_experiment/src/control/include/control_.hpp:63:62: warning: use of ‘auto’ in parameter declaration only available with ‘-std=c++20’ or ‘-fconcepts’
[20.235s]    63 | bool hasReplied(const std::shared_ptr<DroneController>&node, auto& result);
[20.235s]       |                                                              ^~~~
[20.235s] /home/el-system/centering_experiment/src/control/utils/control_.cpp:51:62: warning: use of ‘auto’ in parameter declaration only available with ‘-std=c++20’ or ‘-fconcepts’
[20.235s]    51 | bool hasReplied(const std::shared_ptr<DroneController>&node, auto& result){
[20.235s]       |                                                              ^~~~
[20.235s] /home/el-system/centering_experiment/src/control/utils/control_.cpp: In function ‘void safeLanding(const std::shared_ptr<DroneController>&, rclcpp::Rate&, geometry_msgs::msg::PoseStamped&, float)’:
[20.235s] /home/el-system/centering_experiment/src/control/utils/control_.cpp:464:77: warning: unused parameter ‘rate’ [-Wunused-parameter]
[20.236s]   464 | void safeLanding(const std::shared_ptr<DroneController>&node, rclcpp::Rate &rate, geometry_msgs::msg::PoseStamped &posee, float descent_rate = 0.3) {
[20.236s]       |                                                               ~~~~~~~~~~~~~~^~~~
[20.236s] /home/el-system/centering_experiment/src/control/utils/control_.cpp: In function ‘void centeringPayload(const std::shared_ptr<DroneController>&, rclcpp::Rate&, geometry_msgs::msg::PoseStamped&, float, bool&, float, float, float, float, float, float, float, float, float, std::string, std::string)’:
[20.236s] /home/el-system/centering_experiment/src/control/utils/control_.cpp:640:17: warning: unused variable ‘dropAlt’ [-Wunused-variable]
[20.236s]   640 |     const float dropAlt = 0.6;
[20.236s]       |                 ^~~~~~~
[20.236s] /home/el-system/centering_experiment/src/control/utils/control_.cpp:643:29: warning: variable ‘detected’ set but not used [-Wunused-but-set-variable]
[20.236s]   643 |     float roll, pitch; bool detected = false;
[20.236s]       |                             ^~~~~~~~
[20.237s] /home/el-system/centering_experiment/src/control/utils/control_.cpp:644:59: warning: unused variable ‘avg_sample’ [-Wunused-variable]
[20.237s]   644 |     geometry_msgs::msg::PoseStamped avg_payload_pose; int avg_sample = 1; int buffer_size = 4;
[20.237s]       |                                                           ^~~~~~~~~~
[20.237s] /home/el-system/centering_experiment/src/control/utils/control_.cpp:644:79: warning: unused variable ‘buffer_size’ [-Wunused-variable]
[20.237s]   644 |     geometry_msgs::msg::PoseStamped avg_payload_pose; int avg_sample = 1; int buffer_size = 4;
[20.237s]       |                                                                               ^~~~~~~~~~~
[20.237s] /home/el-system/centering_experiment/src/control/utils/control_.cpp: In function ‘void centeringEmber(const std::shared_ptr<DroneController>&, rclcpp::Rate&, geometry_msgs::msg::PoseStamped&, float, bool&, float, float, float)’:
[20.237s] /home/el-system/centering_experiment/src/control/utils/control_.cpp:916:11: warning: variable ‘roll’ set but not used [-Wunused-but-set-variable]
[20.238s]   916 |     float roll, pitch; bool detected = false;
[20.238s]       |           ^~~~
[20.238s] /home/el-system/centering_experiment/src/control/utils/control_.cpp:916:17: warning: variable ‘pitch’ set but not used [-Wunused-but-set-variable]
[20.238s]   916 |     float roll, pitch; bool detected = false;
[20.238s]       |                 ^~~~~
[20.238s] /home/el-system/centering_experiment/src/control/utils/control_.cpp:916:29: warning: variable ‘detected’ set but not used [-Wunused-but-set-variable]
[20.238s]   916 |     float roll, pitch; bool detected = false;
[20.238s]       |                             ^~~~~~~~
[20.238s] /home/el-system/centering_experiment/src/control/utils/control_.cpp:917:57: warning: unused variable ‘avg_sample’ [-Wunused-variable]
[20.239s]   917 |     geometry_msgs::msg::PoseStamped avg_ember_pose; int avg_sample = 1; int buffer_size = 4;
[20.239s]       |                                                         ^~~~~~~~~~
[20.239s] /home/el-system/centering_experiment/src/control/utils/control_.cpp:917:77: warning: unused variable ‘buffer_size’ [-Wunused-variable]
[20.239s]   917 |     geometry_msgs::msg::PoseStamped avg_ember_pose; int avg_sample = 1; int buffer_size = 4;
[20.239s]       |                                                                             ^~~~~~~~~~~
[20.239s] /home/el-system/centering_experiment/src/control/utils/control_.cpp: In function ‘void centeringGate(const std::shared_ptr<DroneController>&, rclcpp::Rate&, geometry_msgs::msg::PoseStamped&, float)’:
[20.239s] /home/el-system/centering_experiment/src/control/utils/control_.cpp:1194:30: warning: comparison of integer expressions of different signedness: ‘int’ and ‘std::vector<float>::size_type’ {aka ‘long unsigned int’} [-Wsign-compare]
[20.240s]  1194 |             for(int j = 0; j < x_points.size(); j++) {
[20.240s]       |                            ~~^~~~~~~~~~~~~~~~~
[20.240s] /home/el-system/centering_experiment/src/control/utils/control_.cpp:1184:15: warning: unused variable ‘x1_min’ [-Wunused-variable]
[20.240s]  1184 |         float x1_min = -1.0, x2_min = -1.0;
[20.240s]       |               ^~~~~~
[20.240s] /home/el-system/centering_experiment/src/control/utils/control_.cpp:1184:30: warning: unused variable ‘x2_min’ [-Wunused-variable]
[20.240s]  1184 |         float x1_min = -1.0, x2_min = -1.0;
[20.240s]       |                              ^~~~~~
[20.241s] /home/el-system/centering_experiment/src/control/utils/control_.cpp: In function ‘void centeringBunder(const std::shared_ptr<DroneController>&, rclcpp::Rate&, geometry_msgs::msg::PoseStamped&, float, bool&, float, float, float)’:
[20.241s] /home/el-system/centering_experiment/src/control/utils/control_.cpp:1332:11: warning: variable ‘roll’ set but not used [-Wunused-but-set-variable]
[20.241s]  1332 |     float roll, pitch; bool detected = false;
[20.241s]       |           ^~~~
[20.241s] /home/el-system/centering_experiment/src/control/utils/control_.cpp:1332:17: warning: variable ‘pitch’ set but not used [-Wunused-but-set-variable]
[20.241s]  1332 |     float roll, pitch; bool detected = false;
[20.241s]       |                 ^~~~~
[20.241s] /home/el-system/centering_experiment/src/control/utils/control_.cpp:1332:29: warning: variable ‘detected’ set but not used [-Wunused-but-set-variable]
[20.241s]  1332 |     float roll, pitch; bool detected = false;
[20.242s]       |                             ^~~~~~~~
[20.242s] /home/el-system/centering_experiment/src/control/utils/control_.cpp:1333:58: warning: unused variable ‘avg_sample’ [-Wunused-variable]
[20.242s]  1333 |     geometry_msgs::msg::PoseStamped avg_bunder_pose; int avg_sample = 1; int buffer_size = 4;
[20.242s]       |                                                          ^~~~~~~~~~
[20.242s] /home/el-system/centering_experiment/src/control/utils/control_.cpp:1333:78: warning: unused variable ‘buffer_size’ [-Wunused-variable]
[20.242s]  1333 |     geometry_msgs::msg::PoseStamped avg_bunder_pose; int avg_sample = 1; int buffer_size = 4;
[20.242s]       |                                                                              ^~~~~~~~~~~
[20.242s] /home/el-system/centering_experiment/src/control/utils/control_.cpp: In function ‘void moveToPoint(const std::shared_ptr<DroneController>&, rclcpp::Rate&, geometry_msgs::msg::PoseStamped&, float, float, float, float, float, float)’:
[20.243s] /home/el-system/centering_experiment/src/control/utils/control_.cpp:1527:55: warning: unused variable ‘i’ [-Wunused-variable]
[20.243s]  1527 |     float last_x, last_y, distance, progress=0.0; int i =0;
[20.243s]       |                                                       ^
[20.243s] /home/el-system/centering_experiment/src/control/utils/control_.cpp:1511:156: warning: unused parameter ‘angle’ [-Wunused-parameter]
[20.243s]  1511 | void moveToPoint(const std::shared_ptr<DroneController>&node, rclcpp::Rate &rate, geometry_msgs::msg::PoseStamped &posee, float x, float y, float z, float angle, float speed, float tolerance) {
[20.243s]       |                                                                                                                                                      ~~~~~~^~~~~
[20.243s] /home/el-system/centering_experiment/src/control/utils/control_.cpp: In function ‘void moveToPoint(const std::shared_ptr<DroneController>&, rclcpp::Rate&, geometry_msgs::msg::PoseStamped&, geometry_msgs::msg::Pose, float, float, bool, bool, bool)’:
[20.243s] /home/el-system/centering_experiment/src/control/utils/control_.cpp:1573:11: warning: unused variable ‘distance_to_target’ [-Wunused-variable]
[20.244s]  1573 |     float distance_to_target = dist(posee.pose.position, target.position);
[20.244s]       |           ^~~~~~~~~~~~~~~~~~
[20.244s] /home/el-system/centering_experiment/src/control/utils/control_.cpp: In function ‘void holdPosition(const std::shared_ptr<DroneController>&, rclcpp::Rate&, geometry_msgs::msg::PoseStamped&, float)’:
[20.244s] /home/el-system/centering_experiment/src/control/utils/control_.cpp:1713:78: warning: unused parameter ‘rate’ [-Wunused-parameter]
[20.244s]  1713 | void holdPosition(const std::shared_ptr<DroneController>&node, rclcpp::Rate &rate, geometry_msgs::msg::PoseStamped& posee, float duration){
[20.244s]       |                                                                ~~~~~~~~~~~~~~^~~~
[20.245s] In file included from /opt/ros/humble/include/rclcpp/rclcpp/logging.hpp:24,
[20.245s]                  from /opt/ros/humble/include/rclcpp/rclcpp/client.hpp:40,
[20.245s]                  from /opt/ros/humble/include/rclcpp/rclcpp/callback_group.hpp:24,
[20.245s]                  from /opt/ros/humble/include/rclcpp/rclcpp/any_executable.hpp:20,
[20.245s]                  from /opt/ros/humble/include/rclcpp/rclcpp/memory_strategy.hpp:25,
[20.245s]                  from /opt/ros/humble/include/rclcpp/rclcpp/memory_strategies.hpp:18,
[20.246s]                  from /opt/ros/humble/include/rclcpp/rclcpp/executor_options.hpp:20,
[20.246s]                  from /opt/ros/humble/include/rclcpp/rclcpp/executor.hpp:37,
[20.246s]                  from /opt/ros/humble/include/rclcpp/rclcpp/executors/multi_threaded_executor.hpp:25,
[20.246s]                  from /opt/ros/humble/include/rclcpp/rclcpp/executors.hpp:21,
[20.246s]                  from /opt/ros/humble/include/rclcpp/rclcpp/rclcpp.hpp:155,
[20.246s]                  from /home/el-system/centering_experiment/src/control/include/control_.hpp:4,
[20.247s]                  from /home/el-system/centering_experiment/src/control/utils/control_.cpp:1:
[20.247s] /home/el-system/centering_experiment/src/control/utils/control_.cpp: In function ‘void waitForPosition(const std::shared_ptr<DroneController>&, rclcpp::Rate&, mavros_msgs::msg::GlobalPositionTarget, double, bool, float)’:
[20.247s] /home/el-system/centering_experiment/src/control/utils/control_.cpp:1776:41: warning: format ‘%d’ expects argument of type ‘int’, but argument 5 has type ‘double’ [-Wformat=]
[20.247s]  1776 |         RCLCPP_INFO(node->get_logger(), "%d - CURRR DISTANCEE: %f, meter: %.2f, payload: %.2f", distance, dist_m, node->getCurrentPosePayload().pose.position.x);
[20.248s]       |                                         ^~~~~~~~~~~~~~~~~~~~~~~~~~~~~~~~~~~~~~~~~~~~~~~~~~~~~~  ~~~~~~~~
[20.248s]       |                                                                                                 |
[20.248s]       |                                                                                                 double
[20.248s] /home/el-system/centering_experiment/src/control/utils/control_.cpp:1776:43: note: format string is defined here
[20.248s]  1776 |         RCLCPP_INFO(node->get_logger(), "%d - CURRR DISTANCEE: %f, meter: %.2f, payload: %.2f", distance, dist_m, node->getCurrentPosePayload().pose.position.x);
[20.248s]       |                                          ~^
[20.248s]       |                                           |
[20.249s]       |                                           int
[20.249s]       |                                          %f
[20.249s] In file included from /opt/ros/humble/include/rclcpp/rclcpp/logging.hpp:24,
[20.249s]                  from /opt/ros/humble/include/rclcpp/rclcpp/client.hpp:40,
[20.249s]                  from /opt/ros/humble/include/rclcpp/rclcpp/callback_group.hpp:24,
[20.249s]                  from /opt/ros/humble/include/rclcpp/rclcpp/any_executable.hpp:20,
[20.249s]                  from /opt/ros/humble/include/rclcpp/rclcpp/memory_strategy.hpp:25,
[20.249s]                  from /opt/ros/humble/include/rclcpp/rclcpp/memory_strategies.hpp:18,
[20.249s]                  from /opt/ros/humble/include/rclcpp/rclcpp/executor_options.hpp:20,
[20.249s]                  from /opt/ros/humble/include/rclcpp/rclcpp/executor.hpp:37,
[20.249s]                  from /opt/ros/humble/include/rclcpp/rclcpp/executors/multi_threaded_executor.hpp:25,
[20.249s]                  from /opt/ros/humble/include/rclcpp/rclcpp/executors.hpp:21,
[20.250s]                  from /opt/ros/humble/include/rclcpp/rclcpp/rclcpp.hpp:155,
[20.250s]                  from /home/el-system/centering_experiment/src/control/include/control_.hpp:4,
[20.250s]                  from /home/el-system/centering_experiment/src/control/utils/control_.cpp:1:
[20.250s] /home/el-system/centering_experiment/src/control/utils/control_.cpp:1776:41: warning: format ‘%f’ expects a matching ‘double’ argument [-Wformat=]
[20.250s]  1776 |         RCLCPP_INFO(node->get_logger(), "%d - CURRR DISTANCEE: %f, meter: %.2f, payload: %.2f", distance, dist_m, node->getCurrentPosePayload().pose.position.x);
[20.250s]       |                                         ^~~~~~~~~~~~~~~~~~~~~~~~~~~~~~~~~~~~~~~~~~~~~~~~~~~~~~
[20.250s] /home/el-system/centering_experiment/src/control/utils/control_.cpp:1776:93: note: format string is defined here
[20.250s]  1776 |         RCLCPP_INFO(node->get_logger(), "%d - CURRR DISTANCEE: %f, meter: %.2f, payload: %.2f", distance, dist_m, node->getCurrentPosePayload().pose.position.x);
[20.250s]       |                                                                                          ~~~^
[20.250s]       |                                                                                             |
[20.250s]       |                                                                                             double
[20.250s] /home/el-system/centering_experiment/src/control/utils/control_.cpp:1771:16: warning: unused variable ‘dalt’ [-Wunused-variable]
[20.250s]  1771 |         double dalt = raw.altitude - node->getCurrentGPSPosition().altitude;
[20.251s]       |                ^~~~
[20.251s] /home/el-system/centering_experiment/src/control/utils/control_.cpp:1753:177: warning: unused parameter ‘center_dist’ [-Wunused-parameter]
[20.251s]  1753 | void waitForPosition(const std::shared_ptr<DroneController>&node, rclcpp::Rate &rate, mavros_msgs::msg::GlobalPositionTarget raw, double tolerance, bool allow_centering, float center_dist) {
[20.251s]       |                                                                                                                                                                           ~~~~~~^~~~~~~~~~~
[20.251s] /home/el-system/centering_experiment/src/control/utils/control_.cpp: In function ‘void sendGlobalRawAsync(const std::shared_ptr<DroneController>&, rclcpp::Rate&, geometry_msgs::msg::PoseStamped&, float, float, float, bool, float)’:
[20.251s] /home/el-system/centering_experiment/src/control/utils/control_.cpp:1843:171: warning: unused parameter ‘allow_centering’ [-Wunused-parameter]
[20.251s]  1843 | void sendGlobalRawAsync(const std::shared_ptr<DroneController>&node, rclcpp::Rate &rate, geometry_msgs::msg::PoseStamped &posee, float latt, float lonn, float altt, bool allow_centering, float center_dist) {
[20.251s]       |                                                                                                                                                                      ~~~~~^~~~~~~~~~~~~~~
[20.251s] /home/el-system/centering_experiment/src/control/utils/control_.cpp:1843:194: warning: unused parameter ‘center_dist’ [-Wunused-parameter]
[20.251s]  1843 | void sendGlobalRawAsync(const std::shared_ptr<DroneController>&node, rclcpp::Rate &rate, geometry_msgs::msg::PoseStamped &posee, float latt, float lonn, float altt, bool allow_centering, float center_dist) {
[20.251s]       |                                                                                                                                                                                            ~~~~~~^~~~~~~~~~~
[20.251s] /home/el-system/centering_experiment/src/control/utils/control_.cpp: In function ‘void sendGlobalRawFromXYZ(const std::shared_ptr<DroneController>&, rclcpp::Rate&, geometry_msgs::msg::PoseStamped&, LatLonAlt, double, float, float, float, bool, float)’:
[20.251s] /home/el-system/centering_experiment/src/control/utils/control_.cpp:1891:203: warning: unused parameter ‘allow_centering’ [-Wunused-parameter]
[20.251s]  1891 | void sendGlobalRawFromXYZ(const std::shared_ptr<DroneController>&node, rclcpp::Rate &rate, geometry_msgs::msg::PoseStamped &posee, LatLonAlt zero, double zero_hdg, float x, float y, float rel_alt, bool allow_centering, float center_dist) {
[20.251s]       |                                                                                                                                                                                                      ~~~~~^~~~~~~~~~~~~~~
[20.251s] /home/el-system/centering_experiment/src/control/utils/control_.cpp:1891:226: warning: unused parameter ‘center_dist’ [-Wunused-parameter]
[20.251s]  1891 | void sendGlobalRawFromXYZ(const std::shared_ptr<DroneController>&node, rclcpp::Rate &rate, geometry_msgs::msg::PoseStamped &posee, LatLonAlt zero, double zero_hdg, float x, float y, float rel_alt, bool allow_centering, float center_dist) {
[20.252s]       |                                                                                                                                                                                                                            ~~~~~~^~~~~~~~~~~
[20.252s] In file included from /opt/ros/humble/include/rclcpp/rclcpp/logging.hpp:24,
[20.252s]                  from /opt/ros/humble/include/rclcpp/rclcpp/client.hpp:40,
[20.252s]                  from /opt/ros/humble/include/rclcpp/rclcpp/callback_group.hpp:24,
[20.252s]                  from /opt/ros/humble/include/rclcpp/rclcpp/any_executable.hpp:20,
[20.252s]                  from /opt/ros/humble/include/rclcpp/rclcpp/memory_strategy.hpp:25,
[20.252s]                  from /opt/ros/humble/include/rclcpp/rclcpp/memory_strategies.hpp:18,
[20.252s]                  from /opt/ros/humble/include/rclcpp/rclcpp/executor_options.hpp:20,
[20.252s]                  from /opt/ros/humble/include/rclcpp/rclcpp/executor.hpp:37,
[20.252s]                  from /opt/ros/humble/include/rclcpp/rclcpp/executors/multi_threaded_executor.hpp:25,
[20.252s]                  from /opt/ros/humble/include/rclcpp/rclcpp/executors.hpp:21,
[20.252s]                  from /opt/ros/humble/include/rclcpp/rclcpp/rclcpp.hpp:155,
[20.252s]                  from /home/el-system/centering_experiment/src/control/include/control_.hpp:4,
[20.252s]                  from /home/el-system/centering_experiment/src/control/utils/control_.cpp:1:
[20.252s] /home/el-system/centering_experiment/src/control/utils/control_.cpp: In function ‘void pushMission(const std::shared_ptr<DroneController>&, std::vector<mavros_msgs::msg::Waypoint_<std::allocator<void> >, std::allocator<mavros_msgs::msg::Waypoint_<std::allocator<void> > > >)’:
[20.252s] /home/el-system/centering_experiment/src/control/utils/control_.cpp:1992:37: warning: format ‘%d’ expects argument of type ‘int’, but argument 5 has type ‘std::vector<mavros_msgs::msg::Waypoint_<std::allocator<void> >, std::allocator<mavros_msgs::msg::Waypoint_<std::allocator<void> > > >::size_type’ {aka ‘long unsigned int’} [-Wformat=]
[20.252s]  1992 |     RCLCPP_INFO(node->get_logger(), "Pushing mission of size %d", waypoints.size());
[20.253s]       |                                     ^~~~~~~~~~~~~~~~~~~~~~~~~~~~  ~~~~~~~~~~~~~~~~
[20.253s]       |                                                                                 |
[20.253s]       |                                                                                 std::vector<mavros_msgs::msg::Waypoint_<std::allocator<void> >, std::allocator<mavros_msgs::msg::Waypoint_<std::allocator<void> > > >::size_type {aka long unsigned int}
[20.253s] /home/el-system/centering_experiment/src/control/utils/control_.cpp:1992:63: note: format string is defined here
[20.253s]  1992 |     RCLCPP_INFO(node->get_logger(), "Pushing mission of size %d", waypoints.size());
[20.253s]       |                                                              ~^
[20.253s]       |                                                               |
[20.253s]       |                                                               int
[20.253s]       |                                                              %ld
[20.253s] /home/el-system/centering_experiment/src/control/utils/control_.cpp: In function ‘void moveWithLaser(const std::shared_ptr<DroneController>&, rclcpp::Rate&, geometry_msgs::msg::PoseStamped&, float, float, float, float, float, bool, bool, float, float)’:
[20.253s] /home/el-system/centering_experiment/src/control/utils/control_.cpp:2118:422: warning: suggest parentheses around comparison in operand of ‘&’ [-Wparentheses]
[20.254s]  2118 |         vel_pose.pose.position.x = x ? limit(max_speed, P_maju*err_x + I_maju*total_error_maju + D_maju*last_error_maju) : (front + back <= 2.85f ? limit(koreksi_max_speed, P_koreksi*(front - back) + I_koreksi*total_error_koreksi + D_koreksi*last_error_koreksi) : (back == 2.1f && front != 2.1f ? limit(koreksi_max_speed, P_koreksi*(front - 1.25 ) + I_koreksi*total_error_koreksi + D_koreksi*last_error_koreksi) : (front == 2.1f & back != 2.1f ? limit(koreksi_max_speed, P_koreksi*(1.25 - back) + I_koreksi*total_error_koreksi + D_koreksi*last_error_koreksi) : 0.0)));
[20.254s]       |                                                                                                                                                                                                                                                                                                                                                                                                                                ~~~~~~^~~~~~~
[20.254s] /home/el-system/centering_experiment/src/control/utils/control_.cpp:2119:421: warning: suggest parentheses around comparison in operand of ‘&’ [-Wparentheses]
[20.254s]  2119 |         vel_pose.pose.position.y = y ? limit(max_speed, P_maju*err_y + I_maju*total_error_maju + D_maju*last_error_maju) : (left + right <= 2.85f ? limit(koreksi_max_speed, P_koreksi*(left - right) + I_koreksi*total_error_koreksi + D_koreksi*last_error_koreksi) : (right == 2.1f && left != 2.1f ? limit(koreksi_max_speed, P_koreksi*(left - 1.25  ) + I_koreksi*total_error_koreksi + D_koreksi*last_error_koreksi) : (left == 2.1f & right != 2.1f ? limit(koreksi_max_speed, P_koreksi*(1.25 - right) + I_koreksi*total_error_koreksi + D_koreksi*last_error_koreksi) : 0.0)));
[20.254s]       |                                                                                                                                                                                                                                                                                                                                                                                                                                ~~~~~^~~~~~~
[20.254s] /home/el-system/centering_experiment/src/control/utils/control_.cpp: In function ‘float getYawError(const std::shared_ptr<DroneController>&, rclcpp::Rate&)’:
[20.254s] /home/el-system/centering_experiment/src/control/utils/control_.cpp:2294:24: warning: comparison of integer expressions of different signedness: ‘int’ and ‘std::vector<float>::size_type’ {aka ‘long unsigned int’} [-Wsign-compare]
[20.254s]  2294 |         if(right_index > curr_scan.ranges.size()) {
[20.254s]       |            ~~~~~~~~~~~~^~~~~~~~~~~~~~~~~~~~~~~~~
[20.254s] /home/el-system/centering_experiment/src/control/utils/control_.cpp:2276:78: warning: unused parameter ‘rate’ [-Wunused-parameter]
[20.254s]  2276 | float getYawError(const std::shared_ptr<DroneController>&node, rclcpp::Rate &rate)
[20.254s]       |                                                                ~~~~~~~~~~~~~~^~~~
[20.254s] /home/el-system/centering_experiment/src/control/utils/control_.cpp: In function ‘void printTitik(std::vector<double, std::allocator<double> >&, std::vector<double, std::allocator<double> >&, std::vector<double, std::allocator<double> >&, std::vector<double, std::allocator<double> >&, double, double)’:
[20.254s] /home/el-system/centering_experiment/src/control/utils/control_.cpp:2314:26: warning: comparison of integer expressions of different signedness: ‘int’ and ‘std::vector<double, std::allocator<double> >::size_type’ {aka ‘long unsigned int’} [-Wsign-compare]
[20.254s]  2314 |         for(int i = 0; i < lat_indoor.size(); i++) {
[20.254s]       |                        ~~^~~~~~~~~~~~~~~~~~~
[20.255s] /home/el-system/centering_experiment/src/control/utils/control_.cpp:2316:18: warning: comparison of integer expressions of different signedness: ‘int’ and ‘std::vector<double, std::allocator<double> >::size_type’ {aka ‘long unsigned int’} [-Wsign-compare]
[20.255s]  2316 |             if(i != lat_indoor.size() -1) {std::cout<<", ";}
[20.255s]       |                ~~^~~~~~~~~~~~~~~~~~~~~~~
[20.255s] /home/el-system/centering_experiment/src/control/utils/control_.cpp:2320:26: warning: comparison of integer expressions of different signedness: ‘int’ and ‘std::vector<double, std::allocator<double> >::size_type’ {aka ‘long unsigned int’} [-Wsign-compare]
[20.255s]  2320 |         for(int i = 0; i < lon_indoor.size(); i++) {
[20.255s]       |                        ~~^~~~~~~~~~~~~~~~~~~
[20.255s] /home/el-system/centering_experiment/src/control/utils/control_.cpp:2322:18: warning: comparison of integer expressions of different signedness: ‘int’ and ‘std::vector<double, std::allocator<double> >::size_type’ {aka ‘long unsigned int’} [-Wsign-compare]
[20.255s]  2322 |             if(i != lon_indoor.size() -1) {std::cout<<", ";}
[20.255s]       |                ~~^~~~~~~~~~~~~~~~~~~~~~~
[20.255s] /home/el-system/centering_experiment/src/control/utils/control_.cpp:2330:26: warning: comparison of integer expressions of different signedness: ‘int’ and ‘std::vector<double, std::allocator<double> >::size_type’ {aka ‘long unsigned int’} [-Wsign-compare]
[20.255s]  2330 |         for(int i = 0; i < lat_outdoor.size(); i++) {
[20.255s]       |                        ~~^~~~~~~~~~~~~~~~~~~~
[20.255s] /home/el-system/centering_experiment/src/control/utils/control_.cpp:2332:18: warning: comparison of integer expressions of different signedness: ‘int’ and ‘std::vector<double, std::allocator<double> >::size_type’ {aka ‘long unsigned int’} [-Wsign-compare]
[20.255s]  2332 |             if(i != lat_outdoor.size() -1) {std::cout<<", ";}
[20.255s]       |                ~~^~~~~~~~~~~~~~~~~~~~~~~~
[20.255s] /home/el-system/centering_experiment/src/control/utils/control_.cpp:2336:26: warning: comparison of integer expressions of different signedness: ‘int’ and ‘std::vector<double, std::allocator<double> >::size_type’ {aka ‘long unsigned int’} [-Wsign-compare]
[20.255s]  2336 |         for(int i = 0; i < lon_outdoor.size(); i++) {
[20.255s]       |                        ~~^~~~~~~~~~~~~~~~~~~~
[20.256s] /home/el-system/centering_experiment/src/control/utils/control_.cpp:2338:18: warning: comparison of integer expressions of different signedness: ‘int’ and ‘std::vector<double, std::allocator<double> >::size_type’ {aka ‘long unsigned int’} [-Wsign-compare]
[20.256s]  2338 |             if(i != lon_outdoor.size() -1) {std::cout<<", ";}
[20.256s]       |                ~~^~~~~~~~~~~~~~~~~~~~~~~~
[20.256s] /home/el-system/centering_experiment/src/control/utils/control_.cpp: In function ‘void executeLocalWaypointMove(const std::shared_ptr<DroneController>&, rclcpp::Rate&, geometry_msgs::msg::PoseStamped&, float, float, float, float, float)’:
[20.256s] /home/el-system/centering_experiment/src/control/utils/control_.cpp:2345:90: warning: unused parameter ‘rate’ [-Wunused-parameter]
[20.256s]  2345 | void executeLocalWaypointMove(const std::shared_ptr<DroneController>&node, rclcpp::Rate &rate,
[20.256s]       |                                                                            ~~~~~~~~~~~~~~^~~~
[20.256s] /home/el-system/centering_experiment/src/control/utils/control_.cpp: In function ‘void centeringGateNear(const std::shared_ptr<DroneController>&, rclcpp::Rate&, geometry_msgs::msg::PoseStamped&, float, float, bool&, float, float, float, float, float)’:
[20.256s] /home/el-system/centering_experiment/src/control/utils/control_.cpp:3239:57: warning: unused parameter ‘posee’ [-Wunused-parameter]
[20.256s]  3239 |                        geometry_msgs::msg::PoseStamped &posee, float gate_width,
[20.256s]       |                        ~~~~~~~~~~~~~~~~~~~~~~~~~~~~~~~~~^~~~~
[20.256s] /home/el-system/centering_experiment/src/control/utils/control_.cpp: In function ‘void centeringGateLivoxSimple(const std::shared_ptr<DroneController>&, rclcpp::Rate&, geometry_msgs::msg::PoseStamped&, float, float, bool&, float, float, float, bool)’:
[20.256s] /home/el-system/centering_experiment/src/control/utils/control_.cpp:3882:38: warning: unused parameter ‘posee’ [-Wunused-parameter]
[20.256s]  3882 |     geometry_msgs::msg::PoseStamped &posee,
[20.256s]       |     ~~~~~~~~~~~~~~~~~~~~~~~~~~~~~~~~~^~~~~
[20.256s] [ 25%] Linking CXX executable control_lidar
[20.384s] In file included from /home/el-system/centering_experiment/src/control/include/control_.hpp:30,
[20.385s]                  from /home/el-system/centering_experiment/src/control/utils/control_.cpp:1:
[20.385s] /home/el-system/centering_experiment/src/control/include/drone_controller_.hpp:162:25: warning: use of ‘auto’ in parameter declaration only available with ‘-std=c++20’ or ‘-fconcepts’
[20.385s]   162 |     void waitForService(auto &client);
[20.385s]       |                         ^~~~
[20.385s] In file included from /home/el-system/centering_experiment/src/control/utils/control_.cpp:1:
[20.385s] /home/el-system/centering_experiment/src/control/include/control_.hpp:63:62: warning: use of ‘auto’ in parameter declaration only available with ‘-std=c++20’ or ‘-fconcepts’
[20.385s]    63 | bool hasReplied(const std::shared_ptr<DroneController>&node, auto& result);
[20.385s]       |                                                              ^~~~
[20.385s] /home/el-system/centering_experiment/src/control/utils/control_.cpp:51:62: warning: use of ‘auto’ in parameter declaration only available with ‘-std=c++20’ or ‘-fconcepts’
[20.385s]    51 | bool hasReplied(const std::shared_ptr<DroneController>&node, auto& result){
[20.385s]       |                                                              ^~~~
[20.385s] /home/el-system/centering_experiment/src/control/utils/control_.cpp: In function ‘void safeLanding(const std::shared_ptr<DroneController>&, rclcpp::Rate&, geometry_msgs::msg::PoseStamped&, float)’:
[20.386s] /home/el-system/centering_experiment/src/control/utils/control_.cpp:464:77: warning: unused parameter ‘rate’ [-Wunused-parameter]
[20.386s]   464 | void safeLanding(const std::shared_ptr<DroneController>&node, rclcpp::Rate &rate, geometry_msgs::msg::PoseStamped &posee, float descent_rate = 0.3) {
[20.386s]       |                                                               ~~~~~~~~~~~~~~^~~~
[20.386s] /home/el-system/centering_experiment/src/control/utils/control_.cpp: In function ‘void centeringPayload(const std::shared_ptr<DroneController>&, rclcpp::Rate&, geometry_msgs::msg::PoseStamped&, float, bool&, float, float, float, float, float, float, float, float, float, std::string, std::string)’:
[20.386s] /home/el-system/centering_experiment/src/control/utils/control_.cpp:640:17: warning: unused variable ‘dropAlt’ [-Wunused-variable]
[20.386s]   640 |     const float dropAlt = 0.6;
[20.386s]       |                 ^~~~~~~
[20.386s] /home/el-system/centering_experiment/src/control/utils/control_.cpp:643:29: warning: variable ‘detected’ set but not used [-Wunused-but-set-variable]
[20.386s]   643 |     float roll, pitch; bool detected = false;
[20.386s]       |                             ^~~~~~~~
[20.386s] /home/el-system/centering_experiment/src/control/utils/control_.cpp:644:59: warning: unused variable ‘avg_sample’ [-Wunused-variable]
[20.386s]   644 |     geometry_msgs::msg::PoseStamped avg_payload_pose; int avg_sample = 1; int buffer_size = 4;
[20.386s]       |                                                           ^~~~~~~~~~
[20.386s] /home/el-system/centering_experiment/src/control/utils/control_.cpp:644:79: warning: unused variable ‘buffer_size’ [-Wunused-variable]
[20.386s]   644 |     geometry_msgs::msg::PoseStamped avg_payload_pose; int avg_sample = 1; int buffer_size = 4;
[20.386s]       |                                                                               ^~~~~~~~~~~
[20.386s] /home/el-system/centering_experiment/src/control/utils/control_.cpp: In function ‘void centeringEmber(const std::shared_ptr<DroneController>&, rclcpp::Rate&, geometry_msgs::msg::PoseStamped&, float, bool&, float, float, float)’:
[20.387s] /home/el-system/centering_experiment/src/control/utils/control_.cpp:916:11: warning: variable ‘roll’ set but not used [-Wunused-but-set-variable]
[20.387s]   916 |     float roll, pitch; bool detected = false;
[20.387s]       |           ^~~~
[20.387s] /home/el-system/centering_experiment/src/control/utils/control_.cpp:916:17: warning: variable ‘pitch’ set but not used [-Wunused-but-set-variable]
[20.387s]   916 |     float roll, pitch; bool detected = false;
[20.387s]       |                 ^~~~~
[20.387s] /home/el-system/centering_experiment/src/control/utils/control_.cpp:916:29: warning: variable ‘detected’ set but not used [-Wunused-but-set-variable]
[20.387s]   916 |     float roll, pitch; bool detected = false;
[20.387s]       |                             ^~~~~~~~
[20.387s] /home/el-system/centering_experiment/src/control/utils/control_.cpp:917:57: warning: unused variable ‘avg_sample’ [-Wunused-variable]
[20.387s]   917 |     geometry_msgs::msg::PoseStamped avg_ember_pose; int avg_sample = 1; int buffer_size = 4;
[20.387s]       |                                                         ^~~~~~~~~~
[20.387s] /home/el-system/centering_experiment/src/control/utils/control_.cpp:917:77: warning: unused variable ‘buffer_size’ [-Wunused-variable]
[20.387s]   917 |     geometry_msgs::msg::PoseStamped avg_ember_pose; int avg_sample = 1; int buffer_size = 4;
[20.387s]       |                                                                             ^~~~~~~~~~~
[20.387s] /home/el-system/centering_experiment/src/control/utils/control_.cpp: In function ‘void centeringGate(const std::shared_ptr<DroneController>&, rclcpp::Rate&, geometry_msgs::msg::PoseStamped&, float)’:
[20.387s] /home/el-system/centering_experiment/src/control/utils/control_.cpp:1194:30: warning: comparison of integer expressions of different signedness: ‘int’ and ‘std::vector<float>::size_type’ {aka ‘long unsigned int’} [-Wsign-compare]
[20.387s]  1194 |             for(int j = 0; j < x_points.size(); j++) {
[20.387s]       |                            ~~^~~~~~~~~~~~~~~~~
[20.387s] /home/el-system/centering_experiment/src/control/utils/control_.cpp:1184:15: warning: unused variable ‘x1_min’ [-Wunused-variable]
[20.388s]  1184 |         float x1_min = -1.0, x2_min = -1.0;
[20.388s]       |               ^~~~~~
[20.388s] /home/el-system/centering_experiment/src/control/utils/control_.cpp:1184:30: warning: unused variable ‘x2_min’ [-Wunused-variable]
[20.388s]  1184 |         float x1_min = -1.0, x2_min = -1.0;
[20.388s]       |                              ^~~~~~
[20.388s] /home/el-system/centering_experiment/src/control/utils/control_.cpp: In function ‘void centeringBunder(const std::shared_ptr<DroneController>&, rclcpp::Rate&, geometry_msgs::msg::PoseStamped&, float, bool&, float, float, float)’:
[20.388s] /home/el-system/centering_experiment/src/control/utils/control_.cpp:1332:11: warning: variable ‘roll’ set but not used [-Wunused-but-set-variable]
[20.388s]  1332 |     float roll, pitch; bool detected = false;
[20.388s]       |           ^~~~
[20.388s] /home/el-system/centering_experiment/src/control/utils/control_.cpp:1332:17: warning: variable ‘pitch’ set but not used [-Wunused-but-set-variable]
[20.388s]  1332 |     float roll, pitch; bool detected = false;
[20.388s]       |                 ^~~~~
[20.388s] /home/el-system/centering_experiment/src/control/utils/control_.cpp:1332:29: warning: variable ‘detected’ set but not used [-Wunused-but-set-variable]
[20.388s]  1332 |     float roll, pitch; bool detected = false;
[20.388s]       |                             ^~~~~~~~
[20.388s] /home/el-system/centering_experiment/src/control/utils/control_.cpp:1333:58: warning: unused variable ‘avg_sample’ [-Wunused-variable]
[20.388s]  1333 |     geometry_msgs::msg::PoseStamped avg_bunder_pose; int avg_sample = 1; int buffer_size = 4;
[20.388s]       |                                                          ^~~~~~~~~~
[20.389s] /home/el-system/centering_experiment/src/control/utils/control_.cpp:1333:78: warning: unused variable ‘buffer_size’ [-Wunused-variable]
[20.389s]  1333 |     geometry_msgs::msg::PoseStamped avg_bunder_pose; int avg_sample = 1; int buffer_size = 4;
[20.389s]       |                                                                              ^~~~~~~~~~~
[20.389s] /home/el-system/centering_experiment/src/control/utils/control_.cpp: In function ‘void moveToPoint(const std::shared_ptr<DroneController>&, rclcpp::Rate&, geometry_msgs::msg::PoseStamped&, float, float, float, float, float, float)’:
[20.389s] /home/el-system/centering_experiment/src/control/utils/control_.cpp:1527:55: warning: unused variable ‘i’ [-Wunused-variable]
[20.389s]  1527 |     float last_x, last_y, distance, progress=0.0; int i =0;
[20.389s]       |                                                       ^
[20.389s] /home/el-system/centering_experiment/src/control/utils/control_.cpp:1511:156: warning: unused parameter ‘angle’ [-Wunused-parameter]
[20.389s]  1511 | void moveToPoint(const std::shared_ptr<DroneController>&node, rclcpp::Rate &rate, geometry_msgs::msg::PoseStamped &posee, float x, float y, float z, float angle, float speed, float tolerance) {
[20.389s]       |                                                                                                                                                      ~~~~~~^~~~~
[20.389s] /home/el-system/centering_experiment/src/control/utils/control_.cpp: In function ‘void moveToPoint(const std::shared_ptr<DroneController>&, rclcpp::Rate&, geometry_msgs::msg::PoseStamped&, geometry_msgs::msg::Pose, float, float, bool, bool, bool)’:
[20.389s] /home/el-system/centering_experiment/src/control/utils/control_.cpp:1573:11: warning: unused variable ‘distance_to_target’ [-Wunused-variable]
[20.389s]  1573 |     float distance_to_target = dist(posee.pose.position, target.position);
[20.389s]       |           ^~~~~~~~~~~~~~~~~~
[20.389s] /home/el-system/centering_experiment/src/control/utils/control_.cpp: In function ‘void holdPosition(const std::shared_ptr<DroneController>&, rclcpp::Rate&, geometry_msgs::msg::PoseStamped&, float)’:
[20.389s] /home/el-system/centering_experiment/src/control/utils/control_.cpp:1713:78: warning: unused parameter ‘rate’ [-Wunused-parameter]
[20.389s]  1713 | void holdPosition(const std::shared_ptr<DroneController>&node, rclcpp::Rate &rate, geometry_msgs::msg::PoseStamped& posee, float duration){
[20.389s]       |                                                                ~~~~~~~~~~~~~~^~~~
[20.389s] In file included from /opt/ros/humble/include/rclcpp/rclcpp/logging.hpp:24,
[20.389s]                  from /opt/ros/humble/include/rclcpp/rclcpp/client.hpp:40,
[20.390s]                  from /opt/ros/humble/include/rclcpp/rclcpp/callback_group.hpp:24,
[20.390s]                  from /opt/ros/humble/include/rclcpp/rclcpp/any_executable.hpp:20,
[20.390s]                  from /opt/ros/humble/include/rclcpp/rclcpp/memory_strategy.hpp:25,
[20.390s]                  from /opt/ros/humble/include/rclcpp/rclcpp/memory_strategies.hpp:18,
[20.390s]                  from /opt/ros/humble/include/rclcpp/rclcpp/executor_options.hpp:20,
[20.390s]                  from /opt/ros/humble/include/rclcpp/rclcpp/executor.hpp:37,
[20.390s]                  from /opt/ros/humble/include/rclcpp/rclcpp/executors/multi_threaded_executor.hpp:25,
[20.390s]                  from /opt/ros/humble/include/rclcpp/rclcpp/executors.hpp:21,
[20.390s]                  from /opt/ros/humble/include/rclcpp/rclcpp/rclcpp.hpp:155,
[20.390s]                  from /home/el-system/centering_experiment/src/control/include/control_.hpp:4,
[20.390s]                  from /home/el-system/centering_experiment/src/control/utils/control_.cpp:1:
[20.390s] /home/el-system/centering_experiment/src/control/utils/control_.cpp: In function ‘void waitForPosition(const std::shared_ptr<DroneController>&, rclcpp::Rate&, mavros_msgs::msg::GlobalPositionTarget, double, bool, float)’:
[20.390s] /home/el-system/centering_experiment/src/control/utils/control_.cpp:1776:41: warning: format ‘%d’ expects argument of type ‘int’, but argument 5 has type ‘double’ [-Wformat=]
[20.390s]  1776 |         RCLCPP_INFO(node->get_logger(), "%d - CURRR DISTANCEE: %f, meter: %.2f, payload: %.2f", distance, dist_m, node->getCurrentPosePayload().pose.position.x);
[20.390s]       |                                         ^~~~~~~~~~~~~~~~~~~~~~~~~~~~~~~~~~~~~~~~~~~~~~~~~~~~~~  ~~~~~~~~
[20.390s]       |                                                                                                 |
[20.390s]       |                                                                                                 double
[20.390s] /home/el-system/centering_experiment/src/control/utils/control_.cpp:1776:43: note: format string is defined here
[20.390s]  1776 |         RCLCPP_INFO(node->get_logger(), "%d - CURRR DISTANCEE: %f, meter: %.2f, payload: %.2f", distance, dist_m, node->getCurrentPosePayload().pose.position.x);
[20.391s]       |                                          ~^
[20.391s]       |                                           |
[20.391s]       |                                           int
[20.391s]       |                                          %f
[20.391s] In file included from /opt/ros/humble/include/rclcpp/rclcpp/logging.hpp:24,
[20.391s]                  from /opt/ros/humble/include/rclcpp/rclcpp/client.hpp:40,
[20.391s]                  from /opt/ros/humble/include/rclcpp/rclcpp/callback_group.hpp:24,
[20.391s]                  from /opt/ros/humble/include/rclcpp/rclcpp/any_executable.hpp:20,
[20.391s]                  from /opt/ros/humble/include/rclcpp/rclcpp/memory_strategy.hpp:25,
[20.391s]                  from /opt/ros/humble/include/rclcpp/rclcpp/memory_strategies.hpp:18,
[20.391s]                  from /opt/ros/humble/include/rclcpp/rclcpp/executor_options.hpp:20,
[20.391s]                  from /opt/ros/humble/include/rclcpp/rclcpp/executor.hpp:37,
[20.391s]                  from /opt/ros/humble/include/rclcpp/rclcpp/executors/multi_threaded_executor.hpp:25,
[20.391s]                  from /opt/ros/humble/include/rclcpp/rclcpp/executors.hpp:21,
[20.391s]                  from /opt/ros/humble/include/rclcpp/rclcpp/rclcpp.hpp:155,
[20.391s]                  from /home/el-system/centering_experiment/src/control/include/control_.hpp:4,
[20.391s]                  from /home/el-system/centering_experiment/src/control/utils/control_.cpp:1:
[20.391s] /home/el-system/centering_experiment/src/control/utils/control_.cpp:1776:41: warning: format ‘%f’ expects a matching ‘double’ argument [-Wformat=]
[20.391s]  1776 |         RCLCPP_INFO(node->get_logger(), "%d - CURRR DISTANCEE: %f, meter: %.2f, payload: %.2f", distance, dist_m, node->getCurrentPosePayload().pose.position.x);
[20.391s]       |                                         ^~~~~~~~~~~~~~~~~~~~~~~~~~~~~~~~~~~~~~~~~~~~~~~~~~~~~~
[20.392s] /home/el-system/centering_experiment/src/control/utils/control_.cpp:1776:93: note: format string is defined here
[20.392s]  1776 |         RCLCPP_INFO(node->get_logger(), "%d - CURRR DISTANCEE: %f, meter: %.2f, payload: %.2f", distance, dist_m, node->getCurrentPosePayload().pose.position.x);
[20.392s]       |                                                                                          ~~~^
[20.392s]       |                                                                                             |
[20.392s]       |                                                                                             double
[20.392s] /home/el-system/centering_experiment/src/control/utils/control_.cpp:1771:16: warning: unused variable ‘dalt’ [-Wunused-variable]
[20.392s]  1771 |         double dalt = raw.altitude - node->getCurrentGPSPosition().altitude;
[20.392s]       |                ^~~~
[20.392s] /home/el-system/centering_experiment/src/control/utils/control_.cpp:1753:177: warning: unused parameter ‘center_dist’ [-Wunused-parameter]
[20.392s]  1753 | void waitForPosition(const std::shared_ptr<DroneController>&node, rclcpp::Rate &rate, mavros_msgs::msg::GlobalPositionTarget raw, double tolerance, bool allow_centering, float center_dist) {
[20.392s]       |                                                                                                                                                                           ~~~~~~^~~~~~~~~~~
[20.393s] /home/el-system/centering_experiment/src/control/utils/control_.cpp: In function ‘void sendGlobalRawAsync(const std::shared_ptr<DroneController>&, rclcpp::Rate&, geometry_msgs::msg::PoseStamped&, float, float, float, bool, float)’:
[20.393s] /home/el-system/centering_experiment/src/control/utils/control_.cpp:1843:171: warning: unused parameter ‘allow_centering’ [-Wunused-parameter]
[20.393s]  1843 | void sendGlobalRawAsync(const std::shared_ptr<DroneController>&node, rclcpp::Rate &rate, geometry_msgs::msg::PoseStamped &posee, float latt, float lonn, float altt, bool allow_centering, float center_dist) {
[20.393s]       |                                                                                                                                                                      ~~~~~^~~~~~~~~~~~~~~
[20.393s] /home/el-system/centering_experiment/src/control/utils/control_.cpp:1843:194: warning: unused parameter ‘center_dist’ [-Wunused-parameter]
[20.393s]  1843 | void sendGlobalRawAsync(const std::shared_ptr<DroneController>&node, rclcpp::Rate &rate, geometry_msgs::msg::PoseStamped &posee, float latt, float lonn, float altt, bool allow_centering, float center_dist) {
[20.394s]       |                                                                                                                                                                                            ~~~~~~^~~~~~~~~~~
[20.394s] /home/el-system/centering_experiment/src/control/utils/control_.cpp: In function ‘void sendGlobalRawFromXYZ(const std::shared_ptr<DroneController>&, rclcpp::Rate&, geometry_msgs::msg::PoseStamped&, LatLonAlt, double, float, float, float, bool, float)’:
[20.394s] /home/el-system/centering_experiment/src/control/utils/control_.cpp:1891:203: warning: unused parameter ‘allow_centering’ [-Wunused-parameter]
[20.394s]  1891 | void sendGlobalRawFromXYZ(const std::shared_ptr<DroneController>&node, rclcpp::Rate &rate, geometry_msgs::msg::PoseStamped &posee, LatLonAlt zero, double zero_hdg, float x, float y, float rel_alt, bool allow_centering, float center_dist) {
[20.394s]       |                                                                                                                                                                                                      ~~~~~^~~~~~~~~~~~~~~
[20.394s] /home/el-system/centering_experiment/src/control/utils/control_.cpp:1891:226: warning: unused parameter ‘center_dist’ [-Wunused-parameter]
[20.394s]  1891 | void sendGlobalRawFromXYZ(const std::shared_ptr<DroneController>&node, rclcpp::Rate &rate, geometry_msgs::msg::PoseStamped &posee, LatLonAlt zero, double zero_hdg, float x, float y, float rel_alt, bool allow_centering, float center_dist) {
[20.395s]       |                                                                                                                                                                                                                            ~~~~~~^~~~~~~~~~~
[20.395s] In file included from /opt/ros/humble/include/rclcpp/rclcpp/logging.hpp:24,
[20.395s]                  from /opt/ros/humble/include/rclcpp/rclcpp/client.hpp:40,
[20.395s]                  from /opt/ros/humble/include/rclcpp/rclcpp/callback_group.hpp:24,
[20.395s]                  from /opt/ros/humble/include/rclcpp/rclcpp/any_executable.hpp:20,
[20.395s]                  from /opt/ros/humble/include/rclcpp/rclcpp/memory_strategy.hpp:25,
[20.395s]                  from /opt/ros/humble/include/rclcpp/rclcpp/memory_strategies.hpp:18,
[20.395s]                  from /opt/ros/humble/include/rclcpp/rclcpp/executor_options.hpp:20,
[20.396s]                  from /opt/ros/humble/include/rclcpp/rclcpp/executor.hpp:37,
[20.396s]                  from /opt/ros/humble/include/rclcpp/rclcpp/executors/multi_threaded_executor.hpp:25,
[20.396s]                  from /opt/ros/humble/include/rclcpp/rclcpp/executors.hpp:21,
[20.396s]                  from /opt/ros/humble/include/rclcpp/rclcpp/rclcpp.hpp:155,
[20.396s]                  from /home/el-system/centering_experiment/src/control/include/control_.hpp:4,
[20.396s]                  from /home/el-system/centering_experiment/src/control/utils/control_.cpp:1:
[20.396s] /home/el-system/centering_experiment/src/control/utils/control_.cpp: In function ‘void pushMission(const std::shared_ptr<DroneController>&, std::vector<mavros_msgs::msg::Waypoint_<std::allocator<void> >, std::allocator<mavros_msgs::msg::Waypoint_<std::allocator<void> > > >)’:
[20.397s] /home/el-system/centering_experiment/src/control/utils/control_.cpp:1992:37: warning: format ‘%d’ expects argument of type ‘int’, but argument 5 has type ‘std::vector<mavros_msgs::msg::Waypoint_<std::allocator<void> >, std::allocator<mavros_msgs::msg::Waypoint_<std::allocator<void> > > >::size_type’ {aka ‘long unsigned int’} [-Wformat=]
[20.397s]  1992 |     RCLCPP_INFO(node->get_logger(), "Pushing mission of size %d", waypoints.size());
[20.397s]       |                                     ^~~~~~~~~~~~~~~~~~~~~~~~~~~~  ~~~~~~~~~~~~~~~~
[20.397s]       |                                                                                 |
[20.397s]       |                                                                                 std::vector<mavros_msgs::msg::Waypoint_<std::allocator<void> >, std::allocator<mavros_msgs::msg::Waypoint_<std::allocator<void> > > >::size_type {aka long unsigned int}
[20.397s] /home/el-system/centering_experiment/src/control/utils/control_.cpp:1992:63: note: format string is defined here
[20.397s]  1992 |     RCLCPP_INFO(node->get_logger(), "Pushing mission of size %d", waypoints.size());
[20.398s]       |                                                              ~^
[20.398s]       |                                                               |
[20.398s]       |                                                               int
[20.398s]       |                                                              %ld
[20.398s] /home/el-system/centering_experiment/src/control/utils/control_.cpp: In function ‘void moveWithLaser(const std::shared_ptr<DroneController>&, rclcpp::Rate&, geometry_msgs::msg::PoseStamped&, float, float, float, float, float, bool, bool, float, float)’:
[20.398s] /home/el-system/centering_experiment/src/control/utils/control_.cpp:2118:422: warning: suggest parentheses around comparison in operand of ‘&’ [-Wparentheses]
[20.398s]  2118 |         vel_pose.pose.position.x = x ? limit(max_speed, P_maju*err_x + I_maju*total_error_maju + D_maju*last_error_maju) : (front + back <= 2.85f ? limit(koreksi_max_speed, P_koreksi*(front - back) + I_koreksi*total_error_koreksi + D_koreksi*last_error_koreksi) : (back == 2.1f && front != 2.1f ? limit(koreksi_max_speed, P_koreksi*(front - 1.25 ) + I_koreksi*total_error_koreksi + D_koreksi*last_error_koreksi) : (front == 2.1f & back != 2.1f ? limit(koreksi_max_speed, P_koreksi*(1.25 - back) + I_koreksi*total_error_koreksi + D_koreksi*last_error_koreksi) : 0.0)));
[20.398s]       |                                                                                                                                                                                                                                                                                                                                                                                                                                ~~~~~~^~~~~~~
[20.399s] /home/el-system/centering_experiment/src/control/utils/control_.cpp:2119:421: warning: suggest parentheses around comparison in operand of ‘&’ [-Wparentheses]
[20.399s]  2119 |         vel_pose.pose.position.y = y ? limit(max_speed, P_maju*err_y + I_maju*total_error_maju + D_maju*last_error_maju) : (left + right <= 2.85f ? limit(koreksi_max_speed, P_koreksi*(left - right) + I_koreksi*total_error_koreksi + D_koreksi*last_error_koreksi) : (right == 2.1f && left != 2.1f ? limit(koreksi_max_speed, P_koreksi*(left - 1.25  ) + I_koreksi*total_error_koreksi + D_koreksi*last_error_koreksi) : (left == 2.1f & right != 2.1f ? limit(koreksi_max_speed, P_koreksi*(1.25 - right) + I_koreksi*total_error_koreksi + D_koreksi*last_error_koreksi) : 0.0)));
[20.399s]       |                                                                                                                                                                                                                                                                                                                                                                                                                                ~~~~~^~~~~~~
[20.399s] /home/el-system/centering_experiment/src/control/utils/control_.cpp: In function ‘float getYawError(const std::shared_ptr<DroneController>&, rclcpp::Rate&)’:
[20.399s] /home/el-system/centering_experiment/src/control/utils/control_.cpp:2294:24: warning: comparison of integer expressions of different signedness: ‘int’ and ‘std::vector<float>::size_type’ {aka ‘long unsigned int’} [-Wsign-compare]
[20.399s]  2294 |         if(right_index > curr_scan.ranges.size()) {
[20.399s]       |            ~~~~~~~~~~~~^~~~~~~~~~~~~~~~~~~~~~~~~
[20.399s] /home/el-system/centering_experiment/src/control/utils/control_.cpp:2276:78: warning: unused parameter ‘rate’ [-Wunused-parameter]
[20.400s]  2276 | float getYawError(const std::shared_ptr<DroneController>&node, rclcpp::Rate &rate)
[20.400s]       |                                                                ~~~~~~~~~~~~~~^~~~
[20.400s] /home/el-system/centering_experiment/src/control/utils/control_.cpp: In function ‘void printTitik(std::vector<double, std::allocator<double> >&, std::vector<double, std::allocator<double> >&, std::vector<double, std::allocator<double> >&, std::vector<double, std::allocator<double> >&, double, double)’:
[20.400s] /home/el-system/centering_experiment/src/control/utils/control_.cpp:2314:26: warning: comparison of integer expressions of different signedness: ‘int’ and ‘std::vector<double, std::allocator<double> >::size_type’ {aka ‘long unsigned int’} [-Wsign-compare]
[20.400s]  2314 |         for(int i = 0; i < lat_indoor.size(); i++) {
[20.400s]       |                        ~~^~~~~~~~~~~~~~~~~~~
[20.400s] /home/el-system/centering_experiment/src/control/utils/control_.cpp:2316:18: warning: comparison of integer expressions of different signedness: ‘int’ and ‘std::vector<double, std::allocator<double> >::size_type’ {aka ‘long unsigned int’} [-Wsign-compare]
[20.400s]  2316 |             if(i != lat_indoor.size() -1) {std::cout<<", ";}
[20.401s]       |                ~~^~~~~~~~~~~~~~~~~~~~~~~
[20.401s] /home/el-system/centering_experiment/src/control/utils/control_.cpp:2320:26: warning: comparison of integer expressions of different signedness: ‘int’ and ‘std::vector<double, std::allocator<double> >::size_type’ {aka ‘long unsigned int’} [-Wsign-compare]
[20.401s]  2320 |         for(int i = 0; i < lon_indoor.size(); i++) {
[20.401s]       |                        ~~^~~~~~~~~~~~~~~~~~~
[20.401s] /home/el-system/centering_experiment/src/control/utils/control_.cpp:2322:18: warning: comparison of integer expressions of different signedness: ‘int’ and ‘std::vector<double, std::allocator<double> >::size_type’ {aka ‘long unsigned int’} [-Wsign-compare]
[20.401s]  2322 |             if(i != lon_indoor.size() -1) {std::cout<<", ";}
[20.401s]       |                ~~^~~~~~~~~~~~~~~~~~~~~~~
[20.401s] /home/el-system/centering_experiment/src/control/utils/control_.cpp:2330:26: warning: comparison of integer expressions of different signedness: ‘int’ and ‘std::vector<double, std::allocator<double> >::size_type’ {aka ‘long unsigned int’} [-Wsign-compare]
[20.402s]  2330 |         for(int i = 0; i < lat_outdoor.size(); i++) {
[20.402s]       |                        ~~^~~~~~~~~~~~~~~~~~~~
[20.402s] /home/el-system/centering_experiment/src/control/utils/control_.cpp:2332:18: warning: comparison of integer expressions of different signedness: ‘int’ and ‘std::vector<double, std::allocator<double> >::size_type’ {aka ‘long unsigned int’} [-Wsign-compare]
[20.402s]  2332 |             if(i != lat_outdoor.size() -1) {std::cout<<", ";}
[20.402s]       |                ~~^~~~~~~~~~~~~~~~~~~~~~~~
[20.402s] /home/el-system/centering_experiment/src/control/utils/control_.cpp:2336:26: warning: comparison of integer expressions of different signedness: ‘int’ and ‘std::vector<double, std::allocator<double> >::size_type’ {aka ‘long unsigned int’} [-Wsign-compare]
[20.402s]  2336 |         for(int i = 0; i < lon_outdoor.size(); i++) {
[20.402s]       |                        ~~^~~~~~~~~~~~~~~~~~~~
[20.403s] /home/el-system/centering_experiment/src/control/utils/control_.cpp:2338:18: warning: comparison of integer expressions of different signedness: ‘int’ and ‘std::vector<double, std::allocator<double> >::size_type’ {aka ‘long unsigned int’} [-Wsign-compare]
[20.403s]  2338 |             if(i != lon_outdoor.size() -1) {std::cout<<", ";}
[20.403s]       |                ~~^~~~~~~~~~~~~~~~~~~~~~~~
[20.403s] /home/el-system/centering_experiment/src/control/utils/control_.cpp: In function ‘void executeLocalWaypointMove(const std::shared_ptr<DroneController>&, rclcpp::Rate&, geometry_msgs::msg::PoseStamped&, float, float, float, float, float)’:
[20.403s] /home/el-system/centering_experiment/src/control/utils/control_.cpp:2345:90: warning: unused parameter ‘rate’ [-Wunused-parameter]
[20.403s]  2345 | void executeLocalWaypointMove(const std::shared_ptr<DroneController>&node, rclcpp::Rate &rate,
[20.403s]       |                                                                            ~~~~~~~~~~~~~~^~~~
[20.403s] /home/el-system/centering_experiment/src/control/utils/control_.cpp: In function ‘void centeringGateNear(const std::shared_ptr<DroneController>&, rclcpp::Rate&, geometry_msgs::msg::PoseStamped&, float, float, bool&, float, float, float, float, float)’:
[20.404s] /home/el-system/centering_experiment/src/control/utils/control_.cpp:3239:57: warning: unused parameter ‘posee’ [-Wunused-parameter]
[20.404s]  3239 |                        geometry_msgs::msg::PoseStamped &posee, float gate_width,
[20.404s]       |                        ~~~~~~~~~~~~~~~~~~~~~~~~~~~~~~~~~^~~~~
[20.404s] /home/el-system/centering_experiment/src/control/utils/control_.cpp: In function ‘void centeringGateLivoxSimple(const std::shared_ptr<DroneController>&, rclcpp::Rate&, geometry_msgs::msg::PoseStamped&, float, float, bool&, float, float, float, bool)’:
[20.404s] /home/el-system/centering_experiment/src/control/utils/control_.cpp:3882:38: warning: unused parameter ‘posee’ [-Wunused-parameter]
[20.404s]  3882 |     geometry_msgs::msg::PoseStamped &posee,
[20.404s]       |     ~~~~~~~~~~~~~~~~~~~~~~~~~~~~~~~~~^~~~~
[20.404s] [ 33%] Linking CXX executable test_lidar
[24.895s] [ 66%] Built target control_lidar
[25.172s] [100%] Built target test_lidar
[25.182s] Invoked command in '/home/el-system/centering_experiment/build/control' returned '0': CMAKE_PREFIX_PATH=${CMAKE_PREFIX_PATH}:/opt/ros/humble /usr/local/bin/cmake --build /home/el-system/centering_experiment/build/control -- -j12 -l12
[25.189s] Invoking command in '/home/el-system/centering_experiment/build/control': CMAKE_PREFIX_PATH=${CMAKE_PREFIX_PATH}:/opt/ros/humble /usr/local/bin/cmake --install /home/el-system/centering_experiment/build/control
[25.193s] -- Install configuration: ""
[25.194s] -- Installing: /home/el-system/centering_experiment/install/control/lib/control/test_lidar
[25.245s] -- Set non-toolchain portion of runtime path of "/home/el-system/centering_experiment/install/control/lib/control/test_lidar" to ""
[25.246s] -- Installing: /home/el-system/centering_experiment/install/control/lib/control/control_lidar
[25.290s] -- Set non-toolchain portion of runtime path of "/home/el-system/centering_experiment/install/control/lib/control/control_lidar" to ""
[25.290s] -- Up-to-date: /home/el-system/centering_experiment/install/control/share/control/launch
[25.290s] -- Up-to-date: /home/el-system/centering_experiment/install/control/share/control/config
[25.290s] -- Up-to-date: /home/el-system/centering_experiment/install/control/share/control/config/config.yaml
[25.290s] -- Up-to-date: /home/el-system/centering_experiment/install/control/share/ament_index/resource_index/package_run_dependencies/control
[25.291s] -- Up-to-date: /home/el-system/centering_experiment/install/control/share/ament_index/resource_index/parent_prefix_path/control
[25.291s] -- Up-to-date: /home/el-system/centering_experiment/install/control/share/control/environment/ament_prefix_path.sh
[25.291s] -- Up-to-date: /home/el-system/centering_experiment/install/control/share/control/environment/ament_prefix_path.dsv
[25.291s] -- Up-to-date: /home/el-system/centering_experiment/install/control/share/control/environment/path.sh
[25.291s] -- Up-to-date: /home/el-system/centering_experiment/install/control/share/control/environment/path.dsv
[25.292s] -- Up-to-date: /home/el-system/centering_experiment/install/control/share/control/local_setup.bash
[25.292s] -- Up-to-date: /home/el-system/centering_experiment/install/control/share/control/local_setup.sh
[25.292s] -- Up-to-date: /home/el-system/centering_experiment/install/control/share/control/local_setup.zsh
[25.293s] -- Up-to-date: /home/el-system/centering_experiment/install/control/share/control/local_setup.dsv
[25.293s] -- Installing: /home/el-system/centering_experiment/install/control/share/control/package.dsv
[25.293s] -- Up-to-date: /home/el-system/centering_experiment/install/control/share/ament_index/resource_index/packages/control
[25.293s] -- Up-to-date: /home/el-system/centering_experiment/install/control/share/control/cmake/controlConfig.cmake
[25.294s] -- Up-to-date: /home/el-system/centering_experiment/install/control/share/control/cmake/controlConfig-version.cmake
[25.294s] -- Up-to-date: /home/el-system/centering_experiment/install/control/share/control/package.xml
[25.294s] Invoked command in '/home/el-system/centering_experiment/build/control' returned '0': CMAKE_PREFIX_PATH=${CMAKE_PREFIX_PATH}:/opt/ros/humble /usr/local/bin/cmake --install /home/el-system/centering_experiment/build/control
