[0.010s] Invoking command in '/home/el-system/centering_experiment/build/control': CMAKE_PREFIX_PATH=${CMAKE_PREFIX_PATH}:/opt/ros/humble /usr/local/bin/cmake --build /home/el-system/centering_experiment/build/control -- -j12 -l12
[0.081s] [ 50%] Built target test_lidar
[0.094s] [100%] Built target control_lidar
[0.099s] Invoked command in '/home/el-system/centering_experiment/build/control' returned '0': CMAKE_PREFIX_PATH=${CMAKE_PREFIX_PATH}:/opt/ros/humble /usr/local/bin/cmake --build /home/el-system/centering_experiment/build/control -- -j12 -l12
[0.105s] Invoking command in '/home/el-system/centering_experiment/build/control': CMAKE_PREFIX_PATH=${CMAKE_PREFIX_PATH}:/opt/ros/humble /usr/local/bin/cmake --install /home/el-system/centering_experiment/build/control
[0.108s] -- Install configuration: ""
[0.109s] -- Up-to-date: /home/el-system/centering_experiment/install/control/lib/control/test_lidar
[0.109s] -- Up-to-date: /home/el-system/centering_experiment/install/control/lib/control/control_lidar
[0.109s] -- Up-to-date: /home/el-system/centering_experiment/install/control/share/control/launch
[0.109s] -- Up-to-date: /home/el-system/centering_experiment/install/control/share/control/config
[0.110s] -- Up-to-date: /home/el-system/centering_experiment/install/control/share/control/config/config.yaml
[0.110s] -- Up-to-date: /home/el-system/centering_experiment/install/control/share/ament_index/resource_index/package_run_dependencies/control
[0.110s] -- Up-to-date: /home/el-system/centering_experiment/install/control/share/ament_index/resource_index/parent_prefix_path/control
[0.110s] -- Up-to-date: /home/el-system/centering_experiment/install/control/share/control/environment/ament_prefix_path.sh
[0.110s] -- Up-to-date: /home/el-system/centering_experiment/install/control/share/control/environment/ament_prefix_path.dsv
[0.111s] -- Up-to-date: /home/el-system/centering_experiment/install/control/share/control/environment/path.sh
[0.111s] -- Up-to-date: /home/el-system/centering_experiment/install/control/share/control/environment/path.dsv
[0.113s] -- Up-to-date: /home/el-system/centering_experiment/install/control/share/control/local_setup.bash
[0.115s] -- Up-to-date: /home/el-system/centering_experiment/install/control/share/control/local_setup.sh
[0.116s] -- Up-to-date: /home/el-system/centering_experiment/install/control/share/control/local_setup.zsh
[0.116s] -- Up-to-date: /home/el-system/centering_experiment/install/control/share/control/local_setup.dsv
[0.117s] -- Installing: /home/el-system/centering_experiment/install/control/share/control/package.dsv
[0.117s] -- Up-to-date: /home/el-system/centering_experiment/install/control/share/ament_index/resource_index/packages/control
[0.117s] -- Up-to-date: /home/el-system/centering_experiment/install/control/share/control/cmake/controlConfig.cmake
[0.117s] -- Up-to-date: /home/el-system/centering_experiment/install/control/share/control/cmake/controlConfig-version.cmake
[0.117s] -- Up-to-date: /home/el-system/centering_experiment/install/control/share/control/package.xml
[0.118s] Invoked command in '/home/el-system/centering_experiment/build/control' returned '0': CMAKE_PREFIX_PATH=${CMAKE_PREFIX_PATH}:/opt/ros/humble /usr/local/bin/cmake --install /home/el-system/centering_experiment/build/control
