[0.012s] Invoking command in '/home/el-system/centering_experiment/build/control': CMAKE_PREFIX_PATH=${CMAKE_PREFIX_PATH}:/opt/ros/humble /usr/local/bin/cmake --build /home/el-system/centering_experiment/build/control -- -j12 -l12
[0.082s] [100%] Built target control_lidar
[0.087s] Invoked command in '/home/el-system/centering_experiment/build/control' returned '0': CMAKE_PREFIX_PATH=${CMAKE_PREFIX_PATH}:/opt/ros/humble /usr/local/bin/cmake --build /home/el-system/centering_experiment/build/control -- -j12 -l12
[0.092s] Invoking command in '/home/el-system/centering_experiment/build/control': CMAKE_PREFIX_PATH=${CMAKE_PREFIX_PATH}:/opt/ros/humble /usr/local/bin/cmake --install /home/el-system/centering_experiment/build/control
[0.096s] -- Install configuration: ""
[0.097s] -- Up-to-date: /home/el-system/centering_experiment/install/control/lib/control/control_lidar
[0.097s] -- Up-to-date: /home/el-system/centering_experiment/install/control/share/control/launch
[0.098s] -- Up-to-date: /home/el-system/centering_experiment/install/control/share/control/launch/px4_mavros.launch.py
[0.098s] -- Up-to-date: /home/el-system/centering_experiment/install/control/share/control/launch/control_only.launch.py
[0.098s] -- Up-to-date: /home/el-system/centering_experiment/install/control/share/control/config
[0.098s] -- Up-to-date: /home/el-system/centering_experiment/install/control/share/control/config/config.yaml
[0.098s] -- Up-to-date: /home/el-system/centering_experiment/install/control/share/ament_index/resource_index/package_run_dependencies/control
[0.099s] -- Up-to-date: /home/el-system/centering_experiment/install/control/share/ament_index/resource_index/parent_prefix_path/control
[0.099s] -- Up-to-date: /home/el-system/centering_experiment/install/control/share/control/environment/ament_prefix_path.sh
[0.100s] -- Up-to-date: /home/el-system/centering_experiment/install/control/share/control/environment/ament_prefix_path.dsv
[0.100s] -- Up-to-date: /home/el-system/centering_experiment/install/control/share/control/environment/path.sh
[0.100s] -- Up-to-date: /home/el-system/centering_experiment/install/control/share/control/environment/path.dsv
[0.100s] -- Up-to-date: /home/el-system/centering_experiment/install/control/share/control/local_setup.bash
[0.100s] -- Up-to-date: /home/el-system/centering_experiment/install/control/share/control/local_setup.sh
[0.100s] -- Up-to-date: /home/el-system/centering_experiment/install/control/share/control/local_setup.zsh
[0.100s] -- Up-to-date: /home/el-system/centering_experiment/install/control/share/control/local_setup.dsv
[0.100s] -- Installing: /home/el-system/centering_experiment/install/control/share/control/package.dsv
[0.100s] -- Up-to-date: /home/el-system/centering_experiment/install/control/share/ament_index/resource_index/packages/control
[0.100s] -- Up-to-date: /home/el-system/centering_experiment/install/control/share/control/cmake/controlConfig.cmake
[0.101s] -- Up-to-date: /home/el-system/centering_experiment/install/control/share/control/cmake/controlConfig-version.cmake
[0.101s] -- Up-to-date: /home/el-system/centering_experiment/install/control/share/control/package.xml
[0.102s] Invoked command in '/home/el-system/centering_experiment/build/control' returned '0': CMAKE_PREFIX_PATH=${CMAKE_PREFIX_PATH}:/opt/ros/humble /usr/local/bin/cmake --install /home/el-system/centering_experiment/build/control
