[0.254s] colcon DEBUG Command line arguments: ['/usr/bin/colcon', 'build', '--packages-select', 'control']
[0.254s] colcon DEBUG Parsed command line arguments: Namespace(log_base=None, log_level=None, verb_name='build', build_base='build', install_base='install', merge_install=False, symlink_install=False, test_result_base=None, continue_on_error=False, executor='parallel', parallel_workers=12, event_handlers=None, ignore_user_meta=False, metas=['./colcon.meta'], base_paths=['.'], packages_ignore=None, packages_ignore_regex=None, paths=None, packages_up_to=None, packages_up_to_regex=None, packages_above=None, packages_above_and_dependencies=None, packages_above_depth=None, packages_select_by_dep=None, packages_skip_by_dep=None, packages_skip_up_to=None, packages_select_build_failed=False, packages_skip_build_finished=False, packages_select_test_failures=False, packages_skip_test_passed=False, packages_select=['control'], packages_skip=None, packages_select_regex=None, packages_skip_regex=None, packages_start=None, packages_end=None, allow_overriding=[], cmake_args=None, cmake_target=None, cmake_target_skip_unavailable=False, cmake_clean_cache=False, cmake_clean_first=False, cmake_force_configure=False, ament_cmake_args=None, catkin_cmake_args=None, catkin_skip_building_tests=False, mixin_files=None, mixin=None, verb_parser=<colcon_mixin.mixin.mixin_argument.MixinArgumentDecorator object at 0x7cb31175b4c0>, verb_extension=<colcon_core.verb.build.BuildVerb object at 0x7cb31175aec0>, main=<bound method BuildVerb.main of <colcon_core.verb.build.BuildVerb object at 0x7cb31175aec0>>, mixin_verb=('build',))
[0.328s] colcon.colcon_core.package_discovery Level 1 discover_packages(colcon_meta) check parameters
[0.328s] colcon.colcon_core.package_discovery Level 1 discover_packages(recursive) check parameters
[0.328s] colcon.colcon_core.package_discovery Level 1 discover_packages(ignore) check parameters
[0.328s] colcon.colcon_core.package_discovery Level 1 discover_packages(path) check parameters
[0.328s] colcon.colcon_core.package_discovery Level 1 discover_packages(colcon_meta) discover
[0.328s] colcon.colcon_core.package_discovery Level 1 discover_packages(recursive) discover
[0.328s] colcon.colcon_core.package_discovery INFO Crawling recursively for packages in '/home/el-system/centering_experiment'
[0.328s] colcon.colcon_core.package_identification Level 1 _identify(.) by extensions ['ignore', 'ignore_ament_install']
[0.329s] colcon.colcon_core.package_identification Level 1 _identify(.) by extension 'ignore'
[0.329s] colcon.colcon_core.package_identification Level 1 _identify(.) by extension 'ignore_ament_install'
[0.329s] colcon.colcon_core.package_identification Level 1 _identify(.) by extensions ['colcon_pkg']
[0.329s] colcon.colcon_core.package_identification Level 1 _identify(.) by extension 'colcon_pkg'
[0.329s] colcon.colcon_core.package_identification Level 1 _identify(.) by extensions ['colcon_meta']
[0.329s] colcon.colcon_core.package_identification Level 1 _identify(.) by extension 'colcon_meta'
[0.329s] colcon.colcon_core.package_identification Level 1 _identify(.) by extensions ['ros']
[0.329s] colcon.colcon_core.package_identification Level 1 _identify(.) by extension 'ros'
[0.376s] colcon.colcon_core.package_identification Level 1 _identify(.) by extensions ['cmake', 'python']
[0.377s] colcon.colcon_core.package_identification Level 1 _identify(.) by extension 'cmake'
[0.377s] colcon.colcon_core.package_identification Level 1 _identify(.) by extension 'python'
[0.377s] colcon.colcon_core.package_identification Level 1 _identify(.) by extensions ['python_setup_py']
[0.377s] colcon.colcon_core.package_identification Level 1 _identify(.) by extension 'python_setup_py'
[0.377s] colcon.colcon_core.package_identification Level 1 _identify(build) by extensions ['ignore', 'ignore_ament_install']
[0.377s] colcon.colcon_core.package_identification Level 1 _identify(build) by extension 'ignore'
[0.377s] colcon.colcon_core.package_identification Level 1 _identify(build) ignored
[0.377s] colcon.colcon_core.package_identification Level 1 _identify(config) by extensions ['ignore', 'ignore_ament_install']
[0.378s] colcon.colcon_core.package_identification Level 1 _identify(config) by extension 'ignore'
[0.378s] colcon.colcon_core.package_identification Level 1 _identify(config) by extension 'ignore_ament_install'
[0.378s] colcon.colcon_core.package_identification Level 1 _identify(config) by extensions ['colcon_pkg']
[0.378s] colcon.colcon_core.package_identification Level 1 _identify(config) by extension 'colcon_pkg'
[0.378s] colcon.colcon_core.package_identification Level 1 _identify(config) by extensions ['colcon_meta']
[0.378s] colcon.colcon_core.package_identification Level 1 _identify(config) by extension 'colcon_meta'
[0.378s] colcon.colcon_core.package_identification Level 1 _identify(config) by extensions ['ros']
[0.378s] colcon.colcon_core.package_identification Level 1 _identify(config) by extension 'ros'
[0.378s] colcon.colcon_core.package_identification Level 1 _identify(config) by extensions ['cmake', 'python']
[0.378s] colcon.colcon_core.package_identification Level 1 _identify(config) by extension 'cmake'
[0.378s] colcon.colcon_core.package_identification Level 1 _identify(config) by extension 'python'
[0.378s] colcon.colcon_core.package_identification Level 1 _identify(config) by extensions ['python_setup_py']
[0.378s] colcon.colcon_core.package_identification Level 1 _identify(config) by extension 'python_setup_py'
[0.378s] colcon.colcon_core.package_identification Level 1 _identify(install) by extensions ['ignore', 'ignore_ament_install']
[0.378s] colcon.colcon_core.package_identification Level 1 _identify(install) by extension 'ignore'
[0.378s] colcon.colcon_core.package_identification Level 1 _identify(install) ignored
[0.379s] colcon.colcon_core.package_identification Level 1 _identify(log) by extensions ['ignore', 'ignore_ament_install']
[0.379s] colcon.colcon_core.package_identification Level 1 _identify(log) by extension 'ignore'
[0.379s] colcon.colcon_core.package_identification Level 1 _identify(log) ignored
[0.379s] colcon.colcon_core.package_identification Level 1 _identify(src) by extensions ['ignore', 'ignore_ament_install']
[0.379s] colcon.colcon_core.package_identification Level 1 _identify(src) by extension 'ignore'
[0.379s] colcon.colcon_core.package_identification Level 1 _identify(src) by extension 'ignore_ament_install'
[0.379s] colcon.colcon_core.package_identification Level 1 _identify(src) by extensions ['colcon_pkg']
[0.379s] colcon.colcon_core.package_identification Level 1 _identify(src) by extension 'colcon_pkg'
[0.379s] colcon.colcon_core.package_identification Level 1 _identify(src) by extensions ['colcon_meta']
[0.379s] colcon.colcon_core.package_identification Level 1 _identify(src) by extension 'colcon_meta'
[0.379s] colcon.colcon_core.package_identification Level 1 _identify(src) by extensions ['ros']
[0.379s] colcon.colcon_core.package_identification Level 1 _identify(src) by extension 'ros'
[0.379s] colcon.colcon_core.package_identification Level 1 _identify(src) by extensions ['cmake', 'python']
[0.379s] colcon.colcon_core.package_identification Level 1 _identify(src) by extension 'cmake'
[0.379s] colcon.colcon_core.package_identification Level 1 _identify(src) by extension 'python'
[0.379s] colcon.colcon_core.package_identification Level 1 _identify(src) by extensions ['python_setup_py']
[0.379s] colcon.colcon_core.package_identification Level 1 _identify(src) by extension 'python_setup_py'
[0.380s] colcon.colcon_core.package_identification Level 1 _identify(src/control) by extensions ['ignore', 'ignore_ament_install']
[0.380s] colcon.colcon_core.package_identification Level 1 _identify(src/control) by extension 'ignore'
[0.380s] colcon.colcon_core.package_identification Level 1 _identify(src/control) by extension 'ignore_ament_install'
[0.380s] colcon.colcon_core.package_identification Level 1 _identify(src/control) by extensions ['colcon_pkg']
[0.380s] colcon.colcon_core.package_identification Level 1 _identify(src/control) by extension 'colcon_pkg'
[0.380s] colcon.colcon_core.package_identification Level 1 _identify(src/control) by extensions ['colcon_meta']
[0.380s] colcon.colcon_core.package_identification Level 1 _identify(src/control) by extension 'colcon_meta'
[0.380s] colcon.colcon_core.package_identification Level 1 _identify(src/control) by extensions ['ros']
[0.380s] colcon.colcon_core.package_identification Level 1 _identify(src/control) by extension 'ros'
[0.385s] colcon.colcon_core.package_identification DEBUG Package 'src/control' with type 'ros.ament_cmake' and name 'control'
[0.386s] colcon.colcon_core.package_discovery Level 1 discover_packages(recursive) using defaults
[0.386s] colcon.colcon_core.package_discovery Level 1 discover_packages(ignore) discover
[0.386s] colcon.colcon_core.package_discovery Level 1 discover_packages(ignore) using defaults
[0.386s] colcon.colcon_core.package_discovery Level 1 discover_packages(path) discover
[0.386s] colcon.colcon_core.package_discovery Level 1 discover_packages(path) using defaults
[0.412s] colcon.colcon_core.package_discovery Level 1 discover_packages(prefix_path) check parameters
[0.412s] colcon.colcon_core.package_discovery Level 1 discover_packages(prefix_path) discover
[0.414s] colcon.colcon_installed_package_information.package_discovery DEBUG Found 3 installed packages in /home/el-system/ros2_ws/install
[0.416s] colcon.colcon_installed_package_information.package_discovery DEBUG Found 288 installed packages in /opt/ros/humble
[0.418s] colcon.colcon_core.package_discovery Level 1 discover_packages(prefix_path) using defaults
[0.479s] colcon.colcon_core.verb Level 5 set package 'control' build argument 'cmake_args' from command line to 'None'
[0.479s] colcon.colcon_core.verb Level 5 set package 'control' build argument 'cmake_target' from command line to 'None'
[0.479s] colcon.colcon_core.verb Level 5 set package 'control' build argument 'cmake_target_skip_unavailable' from command line to 'False'
[0.480s] colcon.colcon_core.verb Level 5 set package 'control' build argument 'cmake_clean_cache' from command line to 'False'
[0.480s] colcon.colcon_core.verb Level 5 set package 'control' build argument 'cmake_clean_first' from command line to 'False'
[0.480s] colcon.colcon_core.verb Level 5 set package 'control' build argument 'cmake_force_configure' from command line to 'False'
[0.480s] colcon.colcon_core.verb Level 5 set package 'control' build argument 'ament_cmake_args' from command line to 'None'
[0.480s] colcon.colcon_core.verb Level 5 set package 'control' build argument 'catkin_cmake_args' from command line to 'None'
[0.480s] colcon.colcon_core.verb Level 5 set package 'control' build argument 'catkin_skip_building_tests' from command line to 'False'
[0.480s] colcon.colcon_core.verb DEBUG Building package 'control' with the following arguments: {'ament_cmake_args': None, 'build_base': '/home/el-system/centering_experiment/build/control', 'catkin_cmake_args': None, 'catkin_skip_building_tests': False, 'cmake_args': None, 'cmake_clean_cache': False, 'cmake_clean_first': False, 'cmake_force_configure': False, 'cmake_target': None, 'cmake_target_skip_unavailable': False, 'install_base': '/home/el-system/centering_experiment/install/control', 'merge_install': False, 'path': '/home/el-system/centering_experiment/src/control', 'symlink_install': False, 'test_result_base': None}
[0.480s] colcon.colcon_core.executor INFO Executing jobs using 'parallel' executor
[0.481s] colcon.colcon_parallel_executor.executor.parallel DEBUG run_until_complete
[0.482s] colcon.colcon_ros.task.ament_cmake.build INFO Building ROS package in '/home/el-system/centering_experiment/src/control' with build type 'ament_cmake'
[0.482s] colcon.colcon_cmake.task.cmake.build INFO Building CMake package in '/home/el-system/centering_experiment/src/control'
[0.484s] colcon.colcon_core.plugin_system INFO Skipping extension 'colcon_core.shell.bat': Not used on non-Windows systems
[0.484s] colcon.colcon_core.shell INFO Skip shell extension 'powershell' for command environment: Not usable outside of PowerShell
[0.484s] colcon.colcon_core.shell DEBUG Skip shell extension 'dsv' for command environment
[0.497s] colcon.colcon_core.event_handler.log_command DEBUG Invoking command in '/home/el-system/centering_experiment/build/control': CMAKE_PREFIX_PATH=${CMAKE_PREFIX_PATH}:/opt/ros/humble /usr/local/bin/cmake --build /home/el-system/centering_experiment/build/control -- -j12 -l12
[25.665s] colcon.colcon_core.event_handler.log_command DEBUG Invoked command in '/home/el-system/centering_experiment/build/control' returned '0': CMAKE_PREFIX_PATH=${CMAKE_PREFIX_PATH}:/opt/ros/humble /usr/local/bin/cmake --build /home/el-system/centering_experiment/build/control -- -j12 -l12
[25.671s] colcon.colcon_core.event_handler.log_command DEBUG Invoking command in '/home/el-system/centering_experiment/build/control': CMAKE_PREFIX_PATH=${CMAKE_PREFIX_PATH}:/opt/ros/humble /usr/local/bin/cmake --install /home/el-system/centering_experiment/build/control
[25.774s] colcon.colcon_core.environment Level 1 create_environment_scripts_only(control)
[25.777s] colcon.colcon_core.event_handler.log_command DEBUG Invoked command in '/home/el-system/centering_experiment/build/control' returned '0': CMAKE_PREFIX_PATH=${CMAKE_PREFIX_PATH}:/opt/ros/humble /usr/local/bin/cmake --install /home/el-system/centering_experiment/build/control
[25.781s] colcon.colcon_core.environment Level 1 checking '/home/el-system/centering_experiment/install/control' for CMake module files
[25.782s] colcon.colcon_core.environment Level 1 checking '/home/el-system/centering_experiment/install/control' for CMake config files
[25.783s] colcon.colcon_core.shell Level 1 create_environment_hook('control', 'cmake_prefix_path')
[25.783s] colcon.colcon_core.shell INFO Creating environment hook '/home/el-system/centering_experiment/install/control/share/control/hook/cmake_prefix_path.ps1'
[25.785s] colcon.colcon_core.shell INFO Creating environment descriptor '/home/el-system/centering_experiment/install/control/share/control/hook/cmake_prefix_path.dsv'
[25.786s] colcon.colcon_core.shell INFO Creating environment hook '/home/el-system/centering_experiment/install/control/share/control/hook/cmake_prefix_path.sh'
[25.787s] colcon.colcon_core.environment Level 1 checking '/home/el-system/centering_experiment/install/control/lib'
[25.787s] colcon.colcon_core.environment Level 1 checking '/home/el-system/centering_experiment/install/control/bin'
[25.788s] colcon.colcon_core.environment Level 1 checking '/home/el-system/centering_experiment/install/control/lib/pkgconfig/control.pc'
[25.788s] colcon.colcon_core.environment Level 1 checking '/home/el-system/centering_experiment/install/control/lib/python3.10/site-packages'
[25.789s] colcon.colcon_core.environment Level 1 checking '/home/el-system/centering_experiment/install/control/bin'
[25.790s] colcon.colcon_core.shell INFO Creating package script '/home/el-system/centering_experiment/install/control/share/control/package.ps1'
[25.791s] colcon.colcon_core.shell INFO Creating package descriptor '/home/el-system/centering_experiment/install/control/share/control/package.dsv'
[25.791s] colcon.colcon_core.shell INFO Creating package script '/home/el-system/centering_experiment/install/control/share/control/package.sh'
[25.792s] colcon.colcon_core.shell INFO Creating package script '/home/el-system/centering_experiment/install/control/share/control/package.bash'
[25.793s] colcon.colcon_core.shell INFO Creating package script '/home/el-system/centering_experiment/install/control/share/control/package.zsh'
[25.794s] colcon.colcon_core.environment Level 1 create_file_with_runtime_dependencies(/home/el-system/centering_experiment/install/control/share/colcon-core/packages/control)
[25.795s] colcon.colcon_core.environment Level 1 create_environment_scripts_only(control)
[25.795s] colcon.colcon_core.environment Level 1 checking '/home/el-system/centering_experiment/install/control' for CMake module files
[25.795s] colcon.colcon_core.environment Level 1 checking '/home/el-system/centering_experiment/install/control' for CMake config files
[25.796s] colcon.colcon_core.shell Level 1 create_environment_hook('control', 'cmake_prefix_path')
[25.796s] colcon.colcon_core.shell INFO Creating environment hook '/home/el-system/centering_experiment/install/control/share/control/hook/cmake_prefix_path.ps1'
[25.797s] colcon.colcon_core.shell INFO Creating environment descriptor '/home/el-system/centering_experiment/install/control/share/control/hook/cmake_prefix_path.dsv'
[25.798s] colcon.colcon_core.shell INFO Creating environment hook '/home/el-system/centering_experiment/install/control/share/control/hook/cmake_prefix_path.sh'
[25.799s] colcon.colcon_core.environment Level 1 checking '/home/el-system/centering_experiment/install/control/lib'
[25.799s] colcon.colcon_core.environment Level 1 checking '/home/el-system/centering_experiment/install/control/bin'
[25.799s] colcon.colcon_core.environment Level 1 checking '/home/el-system/centering_experiment/install/control/lib/pkgconfig/control.pc'
[25.799s] colcon.colcon_core.environment Level 1 checking '/home/el-system/centering_experiment/install/control/lib/python3.10/site-packages'
[25.800s] colcon.colcon_core.environment Level 1 checking '/home/el-system/centering_experiment/install/control/bin'
[25.801s] colcon.colcon_core.shell INFO Creating package script '/home/el-system/centering_experiment/install/control/share/control/package.ps1'
[25.802s] colcon.colcon_core.shell INFO Creating package descriptor '/home/el-system/centering_experiment/install/control/share/control/package.dsv'
[25.803s] colcon.colcon_core.shell INFO Creating package script '/home/el-system/centering_experiment/install/control/share/control/package.sh'
[25.804s] colcon.colcon_core.shell INFO Creating package script '/home/el-system/centering_experiment/install/control/share/control/package.bash'
[25.805s] colcon.colcon_core.shell INFO Creating package script '/home/el-system/centering_experiment/install/control/share/control/package.zsh'
[25.806s] colcon.colcon_core.environment Level 1 create_file_with_runtime_dependencies(/home/el-system/centering_experiment/install/control/share/colcon-core/packages/control)
[25.806s] colcon.colcon_parallel_executor.executor.parallel DEBUG closing loop
[25.807s] colcon.colcon_parallel_executor.executor.parallel DEBUG loop closed
[25.807s] colcon.colcon_parallel_executor.executor.parallel DEBUG run_until_complete finished with '0'
[25.807s] colcon.colcon_core.event_reactor DEBUG joining thread
[25.820s] colcon.colcon_core.plugin_system INFO Skipping extension 'colcon_notification.desktop_notification.terminal_notifier': Not used on non-Darwin systems
[25.821s] colcon.colcon_core.plugin_system INFO Skipping extension 'colcon_notification.desktop_notification.win32': Not used on non-Windows systems
[25.821s] colcon.colcon_notification.desktop_notification INFO Sending desktop notification using 'notify2'
[25.841s] colcon.colcon_core.event_reactor DEBUG joined thread
[25.842s] colcon.colcon_core.shell INFO Creating prefix script '/home/el-system/centering_experiment/install/local_setup.ps1'
[25.845s] colcon.colcon_core.shell INFO Creating prefix util module '/home/el-system/centering_experiment/install/_local_setup_util_ps1.py'
[25.848s] colcon.colcon_core.shell INFO Creating prefix chain script '/home/el-system/centering_experiment/install/setup.ps1'
[25.849s] colcon.colcon_core.shell INFO Creating prefix script '/home/el-system/centering_experiment/install/local_setup.sh'
[25.850s] colcon.colcon_core.shell INFO Creating prefix util module '/home/el-system/centering_experiment/install/_local_setup_util_sh.py'
[25.851s] colcon.colcon_core.shell INFO Creating prefix chain script '/home/el-system/centering_experiment/install/setup.sh'
[25.852s] colcon.colcon_core.shell INFO Creating prefix script '/home/el-system/centering_experiment/install/local_setup.bash'
[25.852s] colcon.colcon_core.shell INFO Creating prefix chain script '/home/el-system/centering_experiment/install/setup.bash'
[25.854s] colcon.colcon_core.shell INFO Creating prefix script '/home/el-system/centering_experiment/install/local_setup.zsh'
[25.854s] colcon.colcon_core.shell INFO Creating prefix chain script '/home/el-system/centering_experiment/install/setup.zsh'
