In file included from [01m[K/home/el-system/backup/centering_experiment/src/control/src/testing/drone_controller.cpp:17[m[K:
[01m[K/home/el-system/backup/centering_experiment/src/control/include/drone_controller_.hpp:167:25:[m[K [01;35m[Kwarning: [m[Kuse of ‘[01m[Kauto[m[K’ in parameter declaration only available with ‘[01m[K-std=c++20[m[K’ or ‘[01m[K-fconcepts[m[K’
  167 |     void waitForService([01;35m[Kauto[m[K &client);
      |                         [01;35m[K^~~~[m[K
[01m[K/home/el-system/backup/centering_experiment/src/control/src/testing/drone_controller.cpp:[m[K In member function ‘[01m[Kfloat DroneController::getObstacleDistance(float, float)[m[K’:
[01m[K/home/el-system/backup/centering_experiment/src/control/src/testing/drone_controller.cpp:91:11:[m[K [01;35m[Kwarning: [m[Kvariable ‘[01m[Kmin_angle[m[K’ set but not used [[01;35m[K-Wunused-but-set-variable[m[K]
   91 |     float [01;35m[Kmin_angle[m[K = angle - angle_tolerance/2;
      |           [01;35m[K^~~~~~~~~[m[K
[01m[K/home/el-system/backup/centering_experiment/src/control/src/testing/drone_controller.cpp:[m[K In member function ‘[01m[Kint DroneController::reset_wp_()[m[K’:
[01m[K/home/el-system/backup/centering_experiment/src/control/src/testing/drone_controller.cpp:110:52:[m[K [01;35m[Kwarning: [m[Kno return statement in function returning non-void [[01;35m[K-Wreturn-type[m[K]
  110 | int DroneController::reset_wp_()   {wp_reached = 0;[01;35m[K}[m[K
      |                                                    [01;35m[K^[m[K
[01m[K/home/el-system/backup/centering_experiment/src/control/src/testing/drone_controller.cpp:[m[K In member function ‘[01m[Krclcpp::Client<mavros_msgs::srv::CommandTOL>::SharedFuture DroneController::takeoff_(const std::shared_ptr<mavros_msgs::srv::CommandTOL_Request_<std::allocator<void> > >&)[m[K’:
[01m[K/home/el-system/backup/centering_experiment/src/control/src/testing/drone_controller.cpp:173:250:[m[K [01;35m[Kwarning: [m[K‘[01m[Krclcpp::Client<ServiceT>::FutureAndRequestId::operator rclcpp::Client<ServiceT>::SharedFuture() [with ServiceT = mavros_msgs::srv::CommandTOL; rclcpp::Client<ServiceT>::SharedFuture = std::shared_future<std::shared_ptr<mavros_msgs::srv::CommandTOL_Response_<std::allocator<void> > > >][m[K’ is deprecated: FutureAndRequestId: use .future.share() instead of an implicit conversion [[01;35m[K-Wdeprecated-declarations[m[K]
  173 | rclcpp::Client<mavros_msgs::srv::CommandTOL>::SharedFuture DroneController::takeoff_(const std::shared_ptr<mavros_msgs::srv::CommandTOL::Request>& request)             {waitForTakeoffService(); return this->takeoff_client->async_send_request(request[01;35m[K)[m[K;}
      |                                                                                                                                                                                                                                                          [01;35m[K^[m[K
In file included from [01m[K/opt/ros/humble/include/rclcpp/rclcpp/callback_group.hpp:24[m[K,
                 from [01m[K/opt/ros/humble/include/rclcpp/rclcpp/any_executable.hpp:20[m[K,
                 from [01m[K/opt/ros/humble/include/rclcpp/rclcpp/memory_strategy.hpp:25[m[K,
                 from [01m[K/opt/ros/humble/include/rclcpp/rclcpp/memory_strategies.hpp:18[m[K,
                 from [01m[K/opt/ros/humble/include/rclcpp/rclcpp/executor_options.hpp:20[m[K,
                 from [01m[K/opt/ros/humble/include/rclcpp/rclcpp/executor.hpp:37[m[K,
                 from [01m[K/opt/ros/humble/include/rclcpp/rclcpp/executors/multi_threaded_executor.hpp:25[m[K,
                 from [01m[K/opt/ros/humble/include/rclcpp/rclcpp/executors.hpp:21[m[K,
                 from [01m[K/opt/ros/humble/include/rclcpp/rclcpp/rclcpp.hpp:155[m[K,
                 from [01m[K/home/el-system/backup/centering_experiment/src/control/include/drone_controller_.hpp:20[m[K,
                 from [01m[K/home/el-system/backup/centering_experiment/src/control/src/testing/drone_controller.cpp:17[m[K:
[01m[K/opt/ros/humble/include/rclcpp/rclcpp/client.hpp:415:5:[m[K [01;36m[Knote: [m[Kdeclared here
  415 |     [01;36m[Koperator[m[K SharedFuture() {return this->future.share();}
      |     [01;36m[K^~~~~~~~[m[K
[01m[K/home/el-system/backup/centering_experiment/src/control/src/testing/drone_controller.cpp:[m[K In member function ‘[01m[Krclcpp::Client<mavros_msgs::srv::CommandTOL>::SharedFuture DroneController::land_(const std::shared_ptr<mavros_msgs::srv::CommandTOL_Request_<std::allocator<void> > >&)[m[K’:
[01m[K/home/el-system/backup/centering_experiment/src/control/src/testing/drone_controller.cpp:174:244:[m[K [01;35m[Kwarning: [m[K‘[01m[Krclcpp::Client<ServiceT>::FutureAndRequestId::operator rclcpp::Client<ServiceT>::SharedFuture() [with ServiceT = mavros_msgs::srv::CommandTOL; rclcpp::Client<ServiceT>::SharedFuture = std::shared_future<std::shared_ptr<mavros_msgs::srv::CommandTOL_Response_<std::allocator<void> > > >][m[K’ is deprecated: FutureAndRequestId: use .future.share() instead of an implicit conversion [[01;35m[K-Wdeprecated-declarations[m[K]
  174 | rclcpp::Client<mavros_msgs::srv::CommandTOL>::SharedFuture DroneController::land_(const std::shared_ptr<mavros_msgs::srv::CommandTOL::Request>& request)                {waitForLandService(); return this->land_client->async_send_request(request[01;35m[K)[m[K;}
      |                                                                                                                                                                                                                                                    [01;35m[K^[m[K
In file included from [01m[K/opt/ros/humble/include/rclcpp/rclcpp/callback_group.hpp:24[m[K,
                 from [01m[K/opt/ros/humble/include/rclcpp/rclcpp/any_executable.hpp:20[m[K,
                 from [01m[K/opt/ros/humble/include/rclcpp/rclcpp/memory_strategy.hpp:25[m[K,
                 from [01m[K/opt/ros/humble/include/rclcpp/rclcpp/memory_strategies.hpp:18[m[K,
                 from [01m[K/opt/ros/humble/include/rclcpp/rclcpp/executor_options.hpp:20[m[K,
                 from [01m[K/opt/ros/humble/include/rclcpp/rclcpp/executor.hpp:37[m[K,
                 from [01m[K/opt/ros/humble/include/rclcpp/rclcpp/executors/multi_threaded_executor.hpp:25[m[K,
                 from [01m[K/opt/ros/humble/include/rclcpp/rclcpp/executors.hpp:21[m[K,
                 from [01m[K/opt/ros/humble/include/rclcpp/rclcpp/rclcpp.hpp:155[m[K,
                 from [01m[K/home/el-system/backup/centering_experiment/src/control/include/drone_controller_.hpp:20[m[K,
                 from [01m[K/home/el-system/backup/centering_experiment/src/control/src/testing/drone_controller.cpp:17[m[K:
[01m[K/opt/ros/humble/include/rclcpp/rclcpp/client.hpp:415:5:[m[K [01;36m[Knote: [m[Kdeclared here
  415 |     [01;36m[Koperator[m[K SharedFuture() {return this->future.share();}
      |     [01;36m[K^~~~~~~~[m[K
[01m[K/home/el-system/backup/centering_experiment/src/control/src/testing/drone_controller.cpp:[m[K In member function ‘[01m[Krclcpp::Client<mavros_msgs::srv::CommandBool>::SharedFuture DroneController::arm_(const std::shared_ptr<mavros_msgs::srv::CommandBool_Request_<std::allocator<void> > >&)[m[K’:
[01m[K/home/el-system/backup/centering_experiment/src/control/src/testing/drone_controller.cpp:175:248:[m[K [01;35m[Kwarning: [m[K‘[01m[Krclcpp::Client<ServiceT>::FutureAndRequestId::operator rclcpp::Client<ServiceT>::SharedFuture() [with ServiceT = mavros_msgs::srv::CommandBool; rclcpp::Client<ServiceT>::SharedFuture = std::shared_future<std::shared_ptr<mavros_msgs::srv::CommandBool_Response_<std::allocator<void> > > >][m[K’ is deprecated: FutureAndRequestId: use .future.share() instead of an implicit conversion [[01;35m[K-Wdeprecated-declarations[m[K]
  175 | rclcpp::Client<mavros_msgs::srv::CommandBool>::SharedFuture DroneController::arm_(const std::shared_ptr<mavros_msgs::srv::CommandBool::Request>& request)               {waitForArmingService(); return this->arming_client->async_send_request(request[01;35m[K)[m[K;}
      |                                                                                                                                                                                                                                                        [01;35m[K^[m[K
In file included from [01m[K/opt/ros/humble/include/rclcpp/rclcpp/callback_group.hpp:24[m[K,
                 from [01m[K/opt/ros/humble/include/rclcpp/rclcpp/any_executable.hpp:20[m[K,
                 from [01m[K/opt/ros/humble/include/rclcpp/rclcpp/memory_strategy.hpp:25[m[K,
                 from [01m[K/opt/ros/humble/include/rclcpp/rclcpp/memory_strategies.hpp:18[m[K,
                 from [01m[K/opt/ros/humble/include/rclcpp/rclcpp/executor_options.hpp:20[m[K,
                 from [01m[K/opt/ros/humble/include/rclcpp/rclcpp/executor.hpp:37[m[K,
                 from [01m[K/opt/ros/humble/include/rclcpp/rclcpp/executors/multi_threaded_executor.hpp:25[m[K,
                 from [01m[K/opt/ros/humble/include/rclcpp/rclcpp/executors.hpp:21[m[K,
                 from [01m[K/opt/ros/humble/include/rclcpp/rclcpp/rclcpp.hpp:155[m[K,
                 from [01m[K/home/el-system/backup/centering_experiment/src/control/include/drone_controller_.hpp:20[m[K,
                 from [01m[K/home/el-system/backup/centering_experiment/src/control/src/testing/drone_controller.cpp:17[m[K:
[01m[K/opt/ros/humble/include/rclcpp/rclcpp/client.hpp:415:5:[m[K [01;36m[Knote: [m[Kdeclared here
  415 |     [01;36m[Koperator[m[K SharedFuture() {return this->future.share();}
      |     [01;36m[K^~~~~~~~[m[K
[01m[K/home/el-system/backup/centering_experiment/src/control/src/testing/drone_controller.cpp:[m[K In member function ‘[01m[Krclcpp::Client<mavros_msgs::srv::SetMode>::SharedFuture DroneController::setMode_(const std::shared_ptr<mavros_msgs::srv::SetMode_Request_<std::allocator<void> > >&)[m[K’:
[01m[K/home/el-system/backup/centering_experiment/src/control/src/testing/drone_controller.cpp:176:251:[m[K [01;35m[Kwarning: [m[K‘[01m[Krclcpp::Client<ServiceT>::FutureAndRequestId::operator rclcpp::Client<ServiceT>::SharedFuture() [with ServiceT = mavros_msgs::srv::SetMode; rclcpp::Client<ServiceT>::SharedFuture = std::shared_future<std::shared_ptr<mavros_msgs::srv::SetMode_Response_<std::allocator<void> > > >][m[K’ is deprecated: FutureAndRequestId: use .future.share() instead of an implicit conversion [[01;35m[K-Wdeprecated-declarations[m[K]
  176 | rclcpp::Client<mavros_msgs::srv::SetMode>::SharedFuture DroneController::setMode_(const std::shared_ptr<mavros_msgs::srv::SetMode::Request>& request)                   {waitForSetModeService(); return this->set_mode_client->async_send_request(request[01;35m[K)[m[K;}
      |                                                                                                                                                                                                                                                           [01;35m[K^[m[K
In file included from [01m[K/opt/ros/humble/include/rclcpp/rclcpp/callback_group.hpp:24[m[K,
                 from [01m[K/opt/ros/humble/include/rclcpp/rclcpp/any_executable.hpp:20[m[K,
                 from [01m[K/opt/ros/humble/include/rclcpp/rclcpp/memory_strategy.hpp:25[m[K,
                 from [01m[K/opt/ros/humble/include/rclcpp/rclcpp/memory_strategies.hpp:18[m[K,
                 from [01m[K/opt/ros/humble/include/rclcpp/rclcpp/executor_options.hpp:20[m[K,
                 from [01m[K/opt/ros/humble/include/rclcpp/rclcpp/executor.hpp:37[m[K,
                 from [01m[K/opt/ros/humble/include/rclcpp/rclcpp/executors/multi_threaded_executor.hpp:25[m[K,
                 from [01m[K/opt/ros/humble/include/rclcpp/rclcpp/executors.hpp:21[m[K,
                 from [01m[K/opt/ros/humble/include/rclcpp/rclcpp/rclcpp.hpp:155[m[K,
                 from [01m[K/home/el-system/backup/centering_experiment/src/control/include/drone_controller_.hpp:20[m[K,
                 from [01m[K/home/el-system/backup/centering_experiment/src/control/src/testing/drone_controller.cpp:17[m[K:
[01m[K/opt/ros/humble/include/rclcpp/rclcpp/client.hpp:415:5:[m[K [01;36m[Knote: [m[Kdeclared here
  415 |     [01;36m[Koperator[m[K SharedFuture() {return this->future.share();}
      |     [01;36m[K^~~~~~~~[m[K
[01m[K/home/el-system/backup/centering_experiment/src/control/src/testing/drone_controller.cpp:[m[K In member function ‘[01m[Krclcpp::Client<mavros_msgs::srv::CommandLong>::SharedFuture DroneController::servo_(const std::shared_ptr<mavros_msgs::srv::CommandLong_Request_<std::allocator<void> > >&)[m[K’:
[01m[K/home/el-system/backup/centering_experiment/src/control/src/testing/drone_controller.cpp:177:246:[m[K [01;35m[Kwarning: [m[K‘[01m[Krclcpp::Client<ServiceT>::FutureAndRequestId::operator rclcpp::Client<ServiceT>::SharedFuture() [with ServiceT = mavros_msgs::srv::CommandLong; rclcpp::Client<ServiceT>::SharedFuture = std::shared_future<std::shared_ptr<mavros_msgs::srv::CommandLong_Response_<std::allocator<void> > > >][m[K’ is deprecated: FutureAndRequestId: use .future.share() instead of an implicit conversion [[01;35m[K-Wdeprecated-declarations[m[K]
  177 | rclcpp::Client<mavros_msgs::srv::CommandLong>::SharedFuture DroneController::servo_(const std::shared_ptr<mavros_msgs::srv::CommandLong::Request>& request)             {waitForServoService(); return this->servo_client->async_send_request(request[01;35m[K)[m[K;}
      |                                                                                                                                                                                                                                                      [01;35m[K^[m[K
In file included from [01m[K/opt/ros/humble/include/rclcpp/rclcpp/callback_group.hpp:24[m[K,
                 from [01m[K/opt/ros/humble/include/rclcpp/rclcpp/any_executable.hpp:20[m[K,
                 from [01m[K/opt/ros/humble/include/rclcpp/rclcpp/memory_strategy.hpp:25[m[K,
                 from [01m[K/opt/ros/humble/include/rclcpp/rclcpp/memory_strategies.hpp:18[m[K,
                 from [01m[K/opt/ros/humble/include/rclcpp/rclcpp/executor_options.hpp:20[m[K,
                 from [01m[K/opt/ros/humble/include/rclcpp/rclcpp/executor.hpp:37[m[K,
                 from [01m[K/opt/ros/humble/include/rclcpp/rclcpp/executors/multi_threaded_executor.hpp:25[m[K,
                 from [01m[K/opt/ros/humble/include/rclcpp/rclcpp/executors.hpp:21[m[K,
                 from [01m[K/opt/ros/humble/include/rclcpp/rclcpp/rclcpp.hpp:155[m[K,
                 from [01m[K/home/el-system/backup/centering_experiment/src/control/include/drone_controller_.hpp:20[m[K,
                 from [01m[K/home/el-system/backup/centering_experiment/src/control/src/testing/drone_controller.cpp:17[m[K:
[01m[K/opt/ros/humble/include/rclcpp/rclcpp/client.hpp:415:5:[m[K [01;36m[Knote: [m[Kdeclared here
  415 |     [01;36m[Koperator[m[K SharedFuture() {return this->future.share();}
      |     [01;36m[K^~~~~~~~[m[K
[01m[K/home/el-system/backup/centering_experiment/src/control/src/testing/drone_controller.cpp:[m[K In member function ‘[01m[Krclcpp::Client<std_srvs::srv::Trigger>::SharedFuture DroneController::closeCamera_(const std::shared_ptr<std_srvs::srv::Trigger_Request_<std::allocator<void> > >&)[m[K’:
[01m[K/home/el-system/backup/centering_experiment/src/control/src/testing/drone_controller.cpp:178:253:[m[K [01;35m[Kwarning: [m[K‘[01m[Krclcpp::Client<ServiceT>::FutureAndRequestId::operator rclcpp::Client<ServiceT>::SharedFuture() [with ServiceT = std_srvs::srv::Trigger; rclcpp::Client<ServiceT>::SharedFuture = std::shared_future<std::shared_ptr<std_srvs::srv::Trigger_Response_<std::allocator<void> > > >][m[K’ is deprecated: FutureAndRequestId: use .future.share() instead of an implicit conversion [[01;35m[K-Wdeprecated-declarations[m[K]
  178 | rclcpp::Client<std_srvs::srv::Trigger>::SharedFuture DroneController::closeCamera_(const std::shared_ptr<std_srvs::srv::Trigger::Request>& request)                     {waitForCloseCamService(); return this->close_cam_client->async_send_request(request[01;35m[K)[m[K;}
      |                                                                                                                                                                                                                                                             [01;35m[K^[m[K
In file included from [01m[K/opt/ros/humble/include/rclcpp/rclcpp/callback_group.hpp:24[m[K,
                 from [01m[K/opt/ros/humble/include/rclcpp/rclcpp/any_executable.hpp:20[m[K,
                 from [01m[K/opt/ros/humble/include/rclcpp/rclcpp/memory_strategy.hpp:25[m[K,
                 from [01m[K/opt/ros/humble/include/rclcpp/rclcpp/memory_strategies.hpp:18[m[K,
                 from [01m[K/opt/ros/humble/include/rclcpp/rclcpp/executor_options.hpp:20[m[K,
                 from [01m[K/opt/ros/humble/include/rclcpp/rclcpp/executor.hpp:37[m[K,
                 from [01m[K/opt/ros/humble/include/rclcpp/rclcpp/executors/multi_threaded_executor.hpp:25[m[K,
                 from [01m[K/opt/ros/humble/include/rclcpp/rclcpp/executors.hpp:21[m[K,
                 from [01m[K/opt/ros/humble/include/rclcpp/rclcpp/rclcpp.hpp:155[m[K,
                 from [01m[K/home/el-system/backup/centering_experiment/src/control/include/drone_controller_.hpp:20[m[K,
                 from [01m[K/home/el-system/backup/centering_experiment/src/control/src/testing/drone_controller.cpp:17[m[K:
[01m[K/opt/ros/humble/include/rclcpp/rclcpp/client.hpp:415:5:[m[K [01;36m[Knote: [m[Kdeclared here
  415 |     [01;36m[Koperator[m[K SharedFuture() {return this->future.share();}
      |     [01;36m[K^~~~~~~~[m[K
[01m[K/home/el-system/backup/centering_experiment/src/control/src/testing/drone_controller.cpp:[m[K In member function ‘[01m[Krclcpp::Client<std_srvs::srv::Trigger>::SharedFuture DroneController::openCamera_(const std::shared_ptr<std_srvs::srv::Trigger_Request_<std::allocator<void> > >&)[m[K’:
[01m[K/home/el-system/backup/centering_experiment/src/control/src/testing/drone_controller.cpp:179:251:[m[K [01;35m[Kwarning: [m[K‘[01m[Krclcpp::Client<ServiceT>::FutureAndRequestId::operator rclcpp::Client<ServiceT>::SharedFuture() [with ServiceT = std_srvs::srv::Trigger; rclcpp::Client<ServiceT>::SharedFuture = std::shared_future<std::shared_ptr<std_srvs::srv::Trigger_Response_<std::allocator<void> > > >][m[K’ is deprecated: FutureAndRequestId: use .future.share() instead of an implicit conversion [[01;35m[K-Wdeprecated-declarations[m[K]
  179 | rclcpp::Client<std_srvs::srv::Trigger>::SharedFuture DroneController::openCamera_(const std::shared_ptr<std_srvs::srv::Trigger::Request>& request)                      {waitForOpenCamService(); return this->open_cam_client->async_send_request(request[01;35m[K)[m[K;}
      |                                                                                                                                                                                                                                                           [01;35m[K^[m[K
In file included from [01m[K/opt/ros/humble/include/rclcpp/rclcpp/callback_group.hpp:24[m[K,
                 from [01m[K/opt/ros/humble/include/rclcpp/rclcpp/any_executable.hpp:20[m[K,
                 from [01m[K/opt/ros/humble/include/rclcpp/rclcpp/memory_strategy.hpp:25[m[K,
                 from [01m[K/opt/ros/humble/include/rclcpp/rclcpp/memory_strategies.hpp:18[m[K,
                 from [01m[K/opt/ros/humble/include/rclcpp/rclcpp/executor_options.hpp:20[m[K,
                 from [01m[K/opt/ros/humble/include/rclcpp/rclcpp/executor.hpp:37[m[K,
                 from [01m[K/opt/ros/humble/include/rclcpp/rclcpp/executors/multi_threaded_executor.hpp:25[m[K,
                 from [01m[K/opt/ros/humble/include/rclcpp/rclcpp/executors.hpp:21[m[K,
                 from [01m[K/opt/ros/humble/include/rclcpp/rclcpp/rclcpp.hpp:155[m[K,
                 from [01m[K/home/el-system/backup/centering_experiment/src/control/include/drone_controller_.hpp:20[m[K,
                 from [01m[K/home/el-system/backup/centering_experiment/src/control/src/testing/drone_controller.cpp:17[m[K:
[01m[K/opt/ros/humble/include/rclcpp/rclcpp/client.hpp:415:5:[m[K [01;36m[Knote: [m[Kdeclared here
  415 |     [01;36m[Koperator[m[K SharedFuture() {return this->future.share();}
      |     [01;36m[K^~~~~~~~[m[K
[01m[K/home/el-system/backup/centering_experiment/src/control/src/testing/drone_controller.cpp:[m[K In member function ‘[01m[Krclcpp::Client<mavros_msgs::srv::ParamSetV2>::SharedFuture DroneController::setParam_(const std::shared_ptr<mavros_msgs::srv::ParamSetV2_Request_<std::allocator<void> > >&)[m[K’:
[01m[K/home/el-system/backup/centering_experiment/src/control/src/testing/drone_controller.cpp:180:253:[m[K [01;35m[Kwarning: [m[K‘[01m[Krclcpp::Client<ServiceT>::FutureAndRequestId::operator rclcpp::Client<ServiceT>::SharedFuture() [with ServiceT = mavros_msgs::srv::ParamSetV2; rclcpp::Client<ServiceT>::SharedFuture = std::shared_future<std::shared_ptr<mavros_msgs::srv::ParamSetV2_Response_<std::allocator<void> > > >][m[K’ is deprecated: FutureAndRequestId: use .future.share() instead of an implicit conversion [[01;35m[K-Wdeprecated-declarations[m[K]
  180 | rclcpp::Client<mavros_msgs::srv::ParamSetV2>::SharedFuture DroneController::setParam_(const std::shared_ptr<mavros_msgs::srv::ParamSetV2::Request>& request)            {waitForSetParamService(); return this->set_param_client->async_send_request(request[01;35m[K)[m[K;}
      |                                                                                                                                                                                                                                                             [01;35m[K^[m[K
In file included from [01m[K/opt/ros/humble/include/rclcpp/rclcpp/callback_group.hpp:24[m[K,
                 from [01m[K/opt/ros/humble/include/rclcpp/rclcpp/any_executable.hpp:20[m[K,
                 from [01m[K/opt/ros/humble/include/rclcpp/rclcpp/memory_strategy.hpp:25[m[K,
                 from [01m[K/opt/ros/humble/include/rclcpp/rclcpp/memory_strategies.hpp:18[m[K,
                 from [01m[K/opt/ros/humble/include/rclcpp/rclcpp/executor_options.hpp:20[m[K,
                 from [01m[K/opt/ros/humble/include/rclcpp/rclcpp/executor.hpp:37[m[K,
                 from [01m[K/opt/ros/humble/include/rclcpp/rclcpp/executors/multi_threaded_executor.hpp:25[m[K,
                 from [01m[K/opt/ros/humble/include/rclcpp/rclcpp/executors.hpp:21[m[K,
                 from [01m[K/opt/ros/humble/include/rclcpp/rclcpp/rclcpp.hpp:155[m[K,
                 from [01m[K/home/el-system/backup/centering_experiment/src/control/include/drone_controller_.hpp:20[m[K,
                 from [01m[K/home/el-system/backup/centering_experiment/src/control/src/testing/drone_controller.cpp:17[m[K:
[01m[K/opt/ros/humble/include/rclcpp/rclcpp/client.hpp:415:5:[m[K [01;36m[Knote: [m[Kdeclared here
  415 |     [01;36m[Koperator[m[K SharedFuture() {return this->future.share();}
      |     [01;36m[K^~~~~~~~[m[K
[01m[K/home/el-system/backup/centering_experiment/src/control/src/testing/drone_controller.cpp:[m[K In member function ‘[01m[Krclcpp::Client<mavros_msgs::srv::WaypointPush>::SharedFuture DroneController::pushMission_(const std::shared_ptr<mavros_msgs::srv::WaypointPush_Request_<std::allocator<void> > >&)[m[K’:
[01m[K/home/el-system/backup/centering_experiment/src/control/src/testing/drone_controller.cpp:181:256:[m[K [01;35m[Kwarning: [m[K‘[01m[Krclcpp::Client<ServiceT>::FutureAndRequestId::operator rclcpp::Client<ServiceT>::SharedFuture() [with ServiceT = mavros_msgs::srv::WaypointPush; rclcpp::Client<ServiceT>::SharedFuture = std::shared_future<std::shared_ptr<mavros_msgs::srv::WaypointPush_Response_<std::allocator<void> > > >][m[K’ is deprecated: FutureAndRequestId: use .future.share() instead of an implicit conversion [[01;35m[K-Wdeprecated-declarations[m[K]
  181 | rclcpp::Client<mavros_msgs::srv::WaypointPush>::SharedFuture DroneController::pushMission_(const std::shared_ptr<mavros_msgs::srv::WaypointPush::Request>& request)     {waitForSetParamService(); return this->push_mission_client->async_send_request(request[01;35m[K)[m[K;}
      |                                                                                                                                                                                                                                                                [01;35m[K^[m[K
In file included from [01m[K/opt/ros/humble/include/rclcpp/rclcpp/callback_group.hpp:24[m[K,
                 from [01m[K/opt/ros/humble/include/rclcpp/rclcpp/any_executable.hpp:20[m[K,
                 from [01m[K/opt/ros/humble/include/rclcpp/rclcpp/memory_strategy.hpp:25[m[K,
                 from [01m[K/opt/ros/humble/include/rclcpp/rclcpp/memory_strategies.hpp:18[m[K,
                 from [01m[K/opt/ros/humble/include/rclcpp/rclcpp/executor_options.hpp:20[m[K,
                 from [01m[K/opt/ros/humble/include/rclcpp/rclcpp/executor.hpp:37[m[K,
                 from [01m[K/opt/ros/humble/include/rclcpp/rclcpp/executors/multi_threaded_executor.hpp:25[m[K,
                 from [01m[K/opt/ros/humble/include/rclcpp/rclcpp/executors.hpp:21[m[K,
                 from [01m[K/opt/ros/humble/include/rclcpp/rclcpp/rclcpp.hpp:155[m[K,
                 from [01m[K/home/el-system/backup/centering_experiment/src/control/include/drone_controller_.hpp:20[m[K,
                 from [01m[K/home/el-system/backup/centering_experiment/src/control/src/testing/drone_controller.cpp:17[m[K:
[01m[K/opt/ros/humble/include/rclcpp/rclcpp/client.hpp:415:5:[m[K [01;36m[Knote: [m[Kdeclared here
  415 |     [01;36m[Koperator[m[K SharedFuture() {return this->future.share();}
      |     [01;36m[K^~~~~~~~[m[K
[01m[K/home/el-system/backup/centering_experiment/src/control/src/testing/drone_controller.cpp:[m[K In member function ‘[01m[Krclcpp::Client<mavros_msgs::srv::WaypointClear>::SharedFuture DroneController::clearMission_(const std::shared_ptr<mavros_msgs::srv::WaypointClear_Request_<std::allocator<void> > >&)[m[K’:
[01m[K/home/el-system/backup/centering_experiment/src/control/src/testing/drone_controller.cpp:182:257:[m[K [01;35m[Kwarning: [m[K‘[01m[Krclcpp::Client<ServiceT>::FutureAndRequestId::operator rclcpp::Client<ServiceT>::SharedFuture() [with ServiceT = mavros_msgs::srv::WaypointClear; rclcpp::Client<ServiceT>::SharedFuture = std::shared_future<std::shared_ptr<mavros_msgs::srv::WaypointClear_Response_<std::allocator<void> > > >][m[K’ is deprecated: FutureAndRequestId: use .future.share() instead of an implicit conversion [[01;35m[K-Wdeprecated-declarations[m[K]
  182 | rclcpp::Client<mavros_msgs::srv::WaypointClear>::SharedFuture DroneController::clearMission_(const std::shared_ptr<mavros_msgs::srv::WaypointClear::Request>& request)  {waitForSetParamService(); return this->clear_mission_client->async_send_request(request[01;35m[K)[m[K;}
      |                                                                                                                                                                                                                                                                 [01;35m[K^[m[K
In file included from [01m[K/opt/ros/humble/include/rclcpp/rclcpp/callback_group.hpp:24[m[K,
                 from [01m[K/opt/ros/humble/include/rclcpp/rclcpp/any_executable.hpp:20[m[K,
                 from [01m[K/opt/ros/humble/include/rclcpp/rclcpp/memory_strategy.hpp:25[m[K,
                 from [01m[K/opt/ros/humble/include/rclcpp/rclcpp/memory_strategies.hpp:18[m[K,
                 from [01m[K/opt/ros/humble/include/rclcpp/rclcpp/executor_options.hpp:20[m[K,
                 from [01m[K/opt/ros/humble/include/rclcpp/rclcpp/executor.hpp:37[m[K,
                 from [01m[K/opt/ros/humble/include/rclcpp/rclcpp/executors/multi_threaded_executor.hpp:25[m[K,
                 from [01m[K/opt/ros/humble/include/rclcpp/rclcpp/executors.hpp:21[m[K,
                 from [01m[K/opt/ros/humble/include/rclcpp/rclcpp/rclcpp.hpp:155[m[K,
                 from [01m[K/home/el-system/backup/centering_experiment/src/control/include/drone_controller_.hpp:20[m[K,
                 from [01m[K/home/el-system/backup/centering_experiment/src/control/src/testing/drone_controller.cpp:17[m[K:
[01m[K/opt/ros/humble/include/rclcpp/rclcpp/client.hpp:415:5:[m[K [01;36m[Knote: [m[Kdeclared here
  415 |     [01;36m[Koperator[m[K SharedFuture() {return this->future.share();}
      |     [01;36m[K^~~~~~~~[m[K
[01m[K/home/el-system/backup/centering_experiment/src/control/src/testing/drone_controller.cpp:[m[K At global scope:
[01m[K/home/el-system/backup/centering_experiment/src/control/src/testing/drone_controller.cpp:225:38:[m[K [01;35m[Kwarning: [m[Kuse of ‘[01m[Kauto[m[K’ in parameter declaration only available with ‘[01m[K-std=c++20[m[K’ or ‘[01m[K-fconcepts[m[K’
  225 | void DroneController::waitForService([01;35m[Kauto[m[K &client) {
      |                                      [01;35m[K^~~~[m[K
