[0.013s] Invoking command in '/home/el-system/backup/centering_experiment/build/control': CMAKE_PREFIX_PATH=${CMAKE_PREFIX_PATH}:/opt/ros/humble /usr/local/bin/cmake --build /home/el-system/backup/centering_experiment/build/control -- -j12 -l12
[0.069s] [ 50%] Built target control
[0.081s] [ 58%] [32mBuilding CXX object CMakeFiles/test_centering.dir/src/mission/test.cpp.o[0m
[4.174s] In file included from [01m[K/home/el-system/backup/centering_experiment/src/control/include/control_.hpp:30[m[K,
[4.174s]                  from [01m[K/home/el-system/backup/centering_experiment/src/control/src/mission/test.cpp:1[m[K:
[4.174s] [01m[K/home/el-system/backup/centering_experiment/src/control/include/drone_controller_.hpp:167:25:[m[K [01;35m[Kwarning: [m[Kuse of ‘[01m[Kauto[m[K’ in parameter declaration only available with ‘[01m[K-std=c++20[m[K’ or ‘[01m[K-fconcepts[m[K’
[4.174s]   167 |     void waitForService([01;35m[Kauto[m[K &client);
[4.174s]       |                         [01;35m[K^~~~[m[K
[4.175s] In file included from [01m[K/home/el-system/backup/centering_experiment/src/control/src/mission/test.cpp:1[m[K:
[4.175s] [01m[K/home/el-system/backup/centering_experiment/src/control/include/control_.hpp:88:62:[m[K [01;35m[Kwarning: [m[Kuse of ‘[01m[Kauto[m[K’ in parameter declaration only available with ‘[01m[K-std=c++20[m[K’ or ‘[01m[K-fconcepts[m[K’
[4.175s]    88 | bool hasReplied(const std::shared_ptr<DroneController>&node, [01;35m[Kauto[m[K& result);
[4.175s]       |                                                              [01;35m[K^~~~[m[K
[4.180s] [ 66%] [1m[32mLinking CXX executable test_centering[0m
[6.464s] [100%] Built target test_centering
[6.470s] Invoked command in '/home/el-system/backup/centering_experiment/build/control' returned '0': CMAKE_PREFIX_PATH=${CMAKE_PREFIX_PATH}:/opt/ros/humble /usr/local/bin/cmake --build /home/el-system/backup/centering_experiment/build/control -- -j12 -l12
[6.476s] Invoking command in '/home/el-system/backup/centering_experiment/build/control': CMAKE_PREFIX_PATH=${CMAKE_PREFIX_PATH}:/opt/ros/humble /usr/local/bin/cmake --install /home/el-system/backup/centering_experiment/build/control
[6.478s] -- Install configuration: ""
[6.478s] -- Installing: /home/el-system/backup/centering_experiment/install/control/lib/control/control
[6.495s] -- Set non-toolchain portion of runtime path of "/home/el-system/backup/centering_experiment/install/control/lib/control/control" to ""
[6.495s] -- Installing: /home/el-system/backup/centering_experiment/install/control/lib/control/test_centering
[6.511s] -- Set non-toolchain portion of runtime path of "/home/el-system/backup/centering_experiment/install/control/lib/control/test_centering" to ""
[6.511s] -- Up-to-date: /home/el-system/backup/centering_experiment/install/control/share/control/launch
[6.512s] -- Up-to-date: /home/el-system/backup/centering_experiment/install/control/share/control/config
[6.512s] -- Up-to-date: /home/el-system/backup/centering_experiment/install/control/share/control/config/config.yaml
[6.512s] -- Up-to-date: /home/el-system/backup/centering_experiment/install/control/share/ament_index/resource_index/package_run_dependencies/control
[6.512s] -- Up-to-date: /home/el-system/backup/centering_experiment/install/control/share/ament_index/resource_index/parent_prefix_path/control
[6.513s] -- Up-to-date: /home/el-system/backup/centering_experiment/install/control/share/control/environment/ament_prefix_path.sh
[6.513s] -- Installing: /home/el-system/backup/centering_experiment/install/control/share/control/environment/ament_prefix_path.dsv
[6.513s] -- Up-to-date: /home/el-system/backup/centering_experiment/install/control/share/control/environment/path.sh
[6.514s] -- Installing: /home/el-system/backup/centering_experiment/install/control/share/control/environment/path.dsv
[6.514s] -- Up-to-date: /home/el-system/backup/centering_experiment/install/control/share/control/local_setup.bash
[6.514s] -- Up-to-date: /home/el-system/backup/centering_experiment/install/control/share/control/local_setup.sh
[6.515s] -- Up-to-date: /home/el-system/backup/centering_experiment/install/control/share/control/local_setup.zsh
[6.515s] -- Installing: /home/el-system/backup/centering_experiment/install/control/share/control/local_setup.dsv
[6.515s] -- Installing: /home/el-system/backup/centering_experiment/install/control/share/control/package.dsv
[6.515s] -- Up-to-date: /home/el-system/backup/centering_experiment/install/control/share/ament_index/resource_index/packages/control
[6.515s] -- Up-to-date: /home/el-system/backup/centering_experiment/install/control/share/control/cmake/controlConfig.cmake
[6.515s] -- Up-to-date: /home/el-system/backup/centering_experiment/install/control/share/control/cmake/controlConfig-version.cmake
[6.516s] -- Up-to-date: /home/el-system/backup/centering_experiment/install/control/share/control/package.xml
[6.516s] Invoked command in '/home/el-system/backup/centering_experiment/build/control' returned '0': CMAKE_PREFIX_PATH=${CMAKE_PREFIX_PATH}:/opt/ros/humble /usr/local/bin/cmake --install /home/el-system/backup/centering_experiment/build/control
