[0.011s] Invoking command in '/home/el-system/backup/centering_experiment/build/control': CMAKE_PREFIX_PATH=${CMAKE_PREFIX_PATH}:/opt/ros/humble /usr/local/bin/cmake --build /home/el-system/backup/centering_experiment/build/control -- -j12 -l12
[0.068s] [100%] Built target control
[0.073s] Invoked command in '/home/el-system/backup/centering_experiment/build/control' returned '0': CMAKE_PREFIX_PATH=${CMAKE_PREFIX_PATH}:/opt/ros/humble /usr/local/bin/cmake --build /home/el-system/backup/centering_experiment/build/control -- -j12 -l12
[0.078s] Invoking command in '/home/el-system/backup/centering_experiment/build/control': CMAKE_PREFIX_PATH=${CMAKE_PREFIX_PATH}:/opt/ros/humble /usr/local/bin/cmake --install /home/el-system/backup/centering_experiment/build/control
[0.080s] -- Install configuration: ""
[0.080s] -- Up-to-date: /home/el-system/backup/centering_experiment/install/control/lib/control/control
[0.080s] -- Up-to-date: /home/el-system/backup/centering_experiment/install/control/share/control/launch
[0.080s] -- Up-to-date: /home/el-system/backup/centering_experiment/install/control/share/control/config
[0.080s] -- Up-to-date: /home/el-system/backup/centering_experiment/install/control/share/control/config/config.yaml
[0.080s] -- Up-to-date: /home/el-system/backup/centering_experiment/install/control/share/ament_index/resource_index/package_run_dependencies/control
[0.080s] -- Up-to-date: /home/el-system/backup/centering_experiment/install/control/share/ament_index/resource_index/parent_prefix_path/control
[0.080s] -- Up-to-date: /home/el-system/backup/centering_experiment/install/control/share/control/environment/ament_prefix_path.sh
[0.080s] -- Up-to-date: /home/el-system/backup/centering_experiment/install/control/share/control/environment/ament_prefix_path.dsv
[0.081s] -- Up-to-date: /home/el-system/backup/centering_experiment/install/control/share/control/environment/path.sh
[0.081s] -- Up-to-date: /home/el-system/backup/centering_experiment/install/control/share/control/environment/path.dsv
[0.081s] -- Up-to-date: /home/el-system/backup/centering_experiment/install/control/share/control/local_setup.bash
[0.081s] -- Up-to-date: /home/el-system/backup/centering_experiment/install/control/share/control/local_setup.sh
[0.081s] -- Up-to-date: /home/el-system/backup/centering_experiment/install/control/share/control/local_setup.zsh
[0.081s] -- Up-to-date: /home/el-system/backup/centering_experiment/install/control/share/control/local_setup.dsv
[0.081s] -- Installing: /home/el-system/backup/centering_experiment/install/control/share/control/package.dsv
[0.081s] -- Up-to-date: /home/el-system/backup/centering_experiment/install/control/share/ament_index/resource_index/packages/control
[0.081s] -- Up-to-date: /home/el-system/backup/centering_experiment/install/control/share/control/cmake/controlConfig.cmake
[0.082s] -- Up-to-date: /home/el-system/backup/centering_experiment/install/control/share/control/cmake/controlConfig-version.cmake
[0.082s] -- Up-to-date: /home/el-system/backup/centering_experiment/install/control/share/control/package.xml
[0.083s] Invoked command in '/home/el-system/backup/centering_experiment/build/control' returned '0': CMAKE_PREFIX_PATH=${CMAKE_PREFIX_PATH}:/opt/ros/humble /usr/local/bin/cmake --install /home/el-system/backup/centering_experiment/build/control
