[0mCMake Deprecation Warning at CMakeLists.txt:1 (cmake_minimum_required):
  Compatibility with CMake < 3.10 will be removed from a future version of
  CMake.

  Update the VERSION argument <min> value.  Or, use the <min>...<max> syntax
  to tell CMake that the project requires at least <min> but has been updated
  to work with policies introduced by <max> or earlier.

[0m
-- Found ament_cmake: 1.3.12 (/opt/ros/humble/share/ament_cmake/cmake)
-- Found std_msgs: 4.9.0 (/opt/ros/humble/share/std_msgs/cmake)
-- Found rosidl_generator_c: 3.1.7 (/opt/ros/humble/share/rosidl_generator_c/cmake)
-- Found rosidl_adapter: 3.1.7 (/opt/ros/humble/share/rosidl_adapter/cmake)
-- Found rosidl_generator_cpp: 3.1.7 (/opt/ros/humble/share/rosidl_generator_cpp/cmake)
-- Using all available rosidl_typesupport_c: rosidl_typesupport_fastrtps_c;rosidl_typesupport_introspection_c
-- Using all available rosidl_typesupport_cpp: rosidl_typesupport_fastrtps_cpp;rosidl_typesupport_introspection_cpp
-- Found std_srvs: 4.9.0 (/opt/ros/humble/share/std_srvs/cmake)
-- Found mavros_msgs: 2.12.0 (/opt/ros/humble/share/mavros_msgs/cmake)
-- Found rclcpp: 16.0.15 (/opt/ros/humble/share/rclcpp/cmake)
-- Found rmw_implementation_cmake: 6.1.2 (/opt/ros/humble/share/rmw_implementation_cmake/cmake)
-- Found rmw_fastrtps_cpp: 6.2.8 (/opt/ros/humble/share/rmw_fastrtps_cpp/cmake)
-- Using RMW implementation 'rmw_fastrtps_cpp' as default
-- Found ament_lint_auto: 0.12.14 (/opt/ros/humble/share/ament_lint_auto/cmake)
-- Added test 'cppcheck' to perform static code analysis on C / C++ code
-- Configured cppcheck include dirs: /home/el-system/centering_experiment/src/control/include
-- Configured cppcheck exclude dirs and/or files: 
-- Added test 'flake8' to check Python code syntax and style conventions
-- Added test 'lint_cmake' to check CMake code style
-- Added test 'pep257' to check Python code against some of the docstring style conventions in PEP 257
-- Added test 'uncrustify' to check C / C++ code style
-- Configured uncrustify additional arguments: 
-- Added test 'xmllint' to check XML markup files
-- Configuring done (1.0s)
-- Generating done (0.0s)
-- Build files have been written to: /home/el-system/centering_experiment/build/control
[100%] Built target control_lidar
-- Install configuration: ""
-- Up-to-date: /home/el-system/centering_experiment/install/control/lib/control/control_lidar
-- Up-to-date: /home/el-system/centering_experiment/install/control/share/control/launch
-- Installing: /home/el-system/centering_experiment/install/control/share/control/launch/px4_mavros.launch.py
-- Installing: /home/el-system/centering_experiment/install/control/share/control/launch/control_only.launch.py
-- Installing: /home/el-system/centering_experiment/install/control/share/control/config
-- Installing: /home/el-system/centering_experiment/install/control/share/control/config/config.yaml
-- Installing: /home/el-system/centering_experiment/install/control/share/ament_index/resource_index/package_run_dependencies/control
-- Up-to-date: /home/el-system/centering_experiment/install/control/share/ament_index/resource_index/parent_prefix_path/control
-- Up-to-date: /home/el-system/centering_experiment/install/control/share/control/environment/ament_prefix_path.sh
-- Installing: /home/el-system/centering_experiment/install/control/share/control/environment/ament_prefix_path.dsv
-- Up-to-date: /home/el-system/centering_experiment/install/control/share/control/environment/path.sh
-- Installing: /home/el-system/centering_experiment/install/control/share/control/environment/path.dsv
-- Up-to-date: /home/el-system/centering_experiment/install/control/share/control/local_setup.bash
-- Up-to-date: /home/el-system/centering_experiment/install/control/share/control/local_setup.sh
-- Up-to-date: /home/el-system/centering_experiment/install/control/share/control/local_setup.zsh
-- Installing: /home/el-system/centering_experiment/install/control/share/control/local_setup.dsv
-- Installing: /home/el-system/centering_experiment/install/control/share/control/package.dsv
-- Up-to-date: /home/el-system/centering_experiment/install/control/share/ament_index/resource_index/packages/control
-- Up-to-date: /home/el-system/centering_experiment/install/control/share/control/cmake/controlConfig.cmake
-- Up-to-date: /home/el-system/centering_experiment/install/control/share/control/cmake/controlConfig-version.cmake
-- Installing: /home/el-system/centering_experiment/install/control/share/control/package.xml
