[0.012s] Invoking command in '/home/el-system/centering_experiment/build/control': CMAKE_PREFIX_PATH=${CMAKE_PREFIX_PATH}:/opt/ros/humble /usr/local/bin/cmake --build /home/el-system/centering_experiment/build/control -- -j12 -l12
[0.028s] [0mCMake Deprecation Warning at CMakeLists.txt:1 (cmake_minimum_required):
[0.028s]   Compatibility with CMake < 3.10 will be removed from a future version of
[0.028s]   CMake.
[0.028s] 
[0.028s]   Update the VERSION argument <min> value.  Or, use the <min>...<max> syntax
[0.028s]   to tell CMake that the project requires at least <min> but has been updated
[0.028s]   to work with policies introduced by <max> or earlier.
[0.028s] 
[0.028s] [0m
[0.035s] -- Found ament_cmake: 1.3.12 (/opt/ros/humble/share/ament_cmake/cmake)
[0.297s] -- Found std_msgs: 4.9.0 (/opt/ros/humble/share/std_msgs/cmake)
[0.330s] -- Found rosidl_generator_c: 3.1.7 (/opt/ros/humble/share/rosidl_generator_c/cmake)
[0.333s] -- Found rosidl_adapter: 3.1.7 (/opt/ros/humble/share/rosidl_adapter/cmake)
[0.341s] -- Found rosidl_generator_cpp: 3.1.7 (/opt/ros/humble/share/rosidl_generator_cpp/cmake)
[0.356s] -- Using all available rosidl_typesupport_c: rosidl_typesupport_fastrtps_c;rosidl_typesupport_introspection_c
[0.374s] -- Using all available rosidl_typesupport_cpp: rosidl_typesupport_fastrtps_cpp;rosidl_typesupport_introspection_cpp
[0.410s] -- Found std_srvs: 4.9.0 (/opt/ros/humble/share/std_srvs/cmake)
[0.423s] -- Found mavros_msgs: 2.12.0 (/opt/ros/humble/share/mavros_msgs/cmake)
[0.584s] -- Found rclcpp: 16.0.15 (/opt/ros/humble/share/rclcpp/cmake)
[0.607s] -- Found rmw_implementation_cmake: 6.1.2 (/opt/ros/humble/share/rmw_implementation_cmake/cmake)
[0.609s] -- Found rmw_fastrtps_cpp: 6.2.8 (/opt/ros/humble/share/rmw_fastrtps_cpp/cmake)
[0.780s] -- Using RMW implementation 'rmw_fastrtps_cpp' as default
[0.849s] -- Found ament_lint_auto: 0.12.14 (/opt/ros/humble/share/ament_lint_auto/cmake)
[0.998s] -- Added test 'cppcheck' to perform static code analysis on C / C++ code
[0.998s] -- Configured cppcheck include dirs: /home/el-system/centering_experiment/src/control/include
[0.998s] -- Configured cppcheck exclude dirs and/or files: 
[0.999s] -- Added test 'flake8' to check Python code syntax and style conventions
[0.999s] -- Added test 'lint_cmake' to check CMake code style
[1.000s] -- Added test 'pep257' to check Python code against some of the docstring style conventions in PEP 257
[1.002s] -- Added test 'uncrustify' to check C / C++ code style
[1.002s] -- Configured uncrustify additional arguments: 
[1.003s] -- Added test 'xmllint' to check XML markup files
[1.005s] -- Configuring done (1.0s)
[1.024s] -- Generating done (0.0s)
[1.027s] -- Build files have been written to: /home/el-system/centering_experiment/build/control
[1.080s] [100%] Built target control_lidar
[1.087s] Invoked command in '/home/el-system/centering_experiment/build/control' returned '0': CMAKE_PREFIX_PATH=${CMAKE_PREFIX_PATH}:/opt/ros/humble /usr/local/bin/cmake --build /home/el-system/centering_experiment/build/control -- -j12 -l12
[1.094s] Invoking command in '/home/el-system/centering_experiment/build/control': CMAKE_PREFIX_PATH=${CMAKE_PREFIX_PATH}:/opt/ros/humble /usr/local/bin/cmake --install /home/el-system/centering_experiment/build/control
[1.097s] -- Install configuration: ""
[1.097s] -- Up-to-date: /home/el-system/centering_experiment/install/control/lib/control/control_lidar
[1.097s] -- Up-to-date: /home/el-system/centering_experiment/install/control/share/control/launch
[1.097s] -- Installing: /home/el-system/centering_experiment/install/control/share/control/launch/px4_mavros.launch.py
[1.098s] -- Installing: /home/el-system/centering_experiment/install/control/share/control/launch/control_only.launch.py
[1.098s] -- Installing: /home/el-system/centering_experiment/install/control/share/control/config
[1.098s] -- Installing: /home/el-system/centering_experiment/install/control/share/control/config/config.yaml
[1.098s] -- Installing: /home/el-system/centering_experiment/install/control/share/ament_index/resource_index/package_run_dependencies/control
[1.099s] -- Up-to-date: /home/el-system/centering_experiment/install/control/share/ament_index/resource_index/parent_prefix_path/control
[1.099s] -- Up-to-date: /home/el-system/centering_experiment/install/control/share/control/environment/ament_prefix_path.sh
[1.099s] -- Installing: /home/el-system/centering_experiment/install/control/share/control/environment/ament_prefix_path.dsv
[1.099s] -- Up-to-date: /home/el-system/centering_experiment/install/control/share/control/environment/path.sh
[1.099s] -- Installing: /home/el-system/centering_experiment/install/control/share/control/environment/path.dsv
[1.099s] -- Up-to-date: /home/el-system/centering_experiment/install/control/share/control/local_setup.bash
[1.100s] -- Up-to-date: /home/el-system/centering_experiment/install/control/share/control/local_setup.sh
[1.100s] -- Up-to-date: /home/el-system/centering_experiment/install/control/share/control/local_setup.zsh
[1.100s] -- Installing: /home/el-system/centering_experiment/install/control/share/control/local_setup.dsv
[1.100s] -- Installing: /home/el-system/centering_experiment/install/control/share/control/package.dsv
[1.101s] -- Up-to-date: /home/el-system/centering_experiment/install/control/share/ament_index/resource_index/packages/control
[1.101s] -- Up-to-date: /home/el-system/centering_experiment/install/control/share/control/cmake/controlConfig.cmake
[1.102s] -- Up-to-date: /home/el-system/centering_experiment/install/control/share/control/cmake/controlConfig-version.cmake
[1.102s] -- Installing: /home/el-system/centering_experiment/install/control/share/control/package.xml
[1.106s] Invoked command in '/home/el-system/centering_experiment/build/control' returned '0': CMAKE_PREFIX_PATH=${CMAKE_PREFIX_PATH}:/opt/ros/humble /usr/local/bin/cmake --install /home/el-system/centering_experiment/build/control
