[0.010s] Invoking command in '/home/el-system/centering_experiment/build/control': CMAKE_PREFIX_PATH=${CMAKE_PREFIX_PATH}:/opt/ros/humble /usr/local/bin/cmake --build /home/el-system/centering_experiment/build/control -- -j12 -l12
[0.023s] [0mCMake Deprecation Warning at CMakeLists.txt:1 (cmake_minimum_required):
[0.023s]   Compatibility with CMake < 3.10 will be removed from a future version of
[0.023s]   CMake.
[0.023s] 
[0.023s]   Update the VERSION argument <min> value.  Or, use the <min>...<max> syntax
[0.023s]   to tell CMake that the project requires at least <min> but has been updated
[0.023s]   to work with policies introduced by <max> or earlier.
[0.023s] 
[0.023s] [0m
[0.029s] -- Found ament_cmake: 1.3.12 (/opt/ros/humble/share/ament_cmake/cmake)
[0.201s] -- Found std_msgs: 4.9.0 (/opt/ros/humble/share/std_msgs/cmake)
[0.224s] -- Found rosidl_generator_c: 3.1.7 (/opt/ros/humble/share/rosidl_generator_c/cmake)
[0.227s] -- Found rosidl_adapter: 3.1.7 (/opt/ros/humble/share/rosidl_adapter/cmake)
[0.232s] -- Found rosidl_generator_cpp: 3.1.7 (/opt/ros/humble/share/rosidl_generator_cpp/cmake)
[0.241s] -- Using all available rosidl_typesupport_c: rosidl_typesupport_fastrtps_c;rosidl_typesupport_introspection_c
[0.260s] -- Using all available rosidl_typesupport_cpp: rosidl_typesupport_fastrtps_cpp;rosidl_typesupport_introspection_cpp
[0.285s] -- Found std_srvs: 4.9.0 (/opt/ros/humble/share/std_srvs/cmake)
[0.294s] -- Found mavros_msgs: 2.12.0 (/opt/ros/humble/share/mavros_msgs/cmake)
[0.412s] -- Found rclcpp: 16.0.15 (/opt/ros/humble/share/rclcpp/cmake)
[0.431s] -- Found rmw_implementation_cmake: 6.1.2 (/opt/ros/humble/share/rmw_implementation_cmake/cmake)
[0.433s] -- Found rmw_fastrtps_cpp: 6.2.8 (/opt/ros/humble/share/rmw_fastrtps_cpp/cmake)
[0.547s] -- Using RMW implementation 'rmw_fastrtps_cpp' as default
[0.592s] -- Found ament_lint_auto: 0.12.14 (/opt/ros/humble/share/ament_lint_auto/cmake)
[0.668s] -- Added test 'cppcheck' to perform static code analysis on C / C++ code
[0.669s] -- Configured cppcheck include dirs: /home/el-system/centering_experiment/src/control/include
[0.669s] -- Configured cppcheck exclude dirs and/or files: 
[0.669s] -- Added test 'lint_cmake' to check CMake code style
[0.670s] -- Added test 'uncrustify' to check C / C++ code style
[0.670s] -- Configured uncrustify additional arguments: 
[0.670s] -- Added test 'xmllint' to check XML markup files
[0.671s] [31mCMake Error at CMakeLists.txt:30 (add_executable):
[0.671s]   The target name "test" is reserved when CTest testing is enabled.
[0.671s] 
[0.671s] [0m
[0.671s] -- Configuring incomplete, errors occurred!
[0.678s] gmake: *** [Makefile:375: cmake_check_build_system] Error 1
[0.680s] Invoked command in '/home/el-system/centering_experiment/build/control' returned '2': CMAKE_PREFIX_PATH=${CMAKE_PREFIX_PATH}:/opt/ros/humble /usr/local/bin/cmake --build /home/el-system/centering_experiment/build/control -- -j12 -l12
