[0.010s] Invoking command in '/home/el-system/centering_experiment/build/control': CMAKE_PREFIX_PATH=${CMAKE_PREFIX_PATH}:/opt/ros/humble /usr/local/bin/cmake --build /home/el-system/centering_experiment/build/control -- -j12 -l12
[0.093s] [  8%] [32mBuilding CXX object CMakeFiles/control_lidar.dir/src/mission/control.cpp.o[0m
[0.099s] [ 58%] Built target test_lidar
[0.119s] In file included from [01m[K/home/el-system/centering_experiment/src/control/include/control_.hpp:30[m[K,
[0.119s]                  from [01m[K/home/el-system/centering_experiment/src/control/src/mission/control.cpp:1[m[K:
[0.119s] [01m[K/home/el-system/centering_experiment/src/control/include/drone_controller_.hpp:162:25:[m[K [01;35m[Kwarning: [m[Kuse of ‘[01m[Kauto[m[K’ in parameter declaration only available with ‘[01m[K-std=c++20[m[K’ or ‘[01m[K-fconcepts[m[K’
[0.119s]   162 |     void waitForService([01;35m[Kauto[m[K &client);
[0.119s]       |                         [01;35m[K^~~~[m[K
[0.119s] In file included from [01m[K/home/el-system/centering_experiment/src/control/src/mission/control.cpp:1[m[K:
[0.119s] [01m[K/home/el-system/centering_experiment/src/control/include/control_.hpp:63:62:[m[K [01;35m[Kwarning: [m[Kuse of ‘[01m[Kauto[m[K’ in parameter declaration only available with ‘[01m[K-std=c++20[m[K’ or ‘[01m[K-fconcepts[m[K’
[0.119s]    63 | bool hasReplied(const std::shared_ptr<DroneController>&node, [01;35m[Kauto[m[K& result);
[0.120s]       |                                                              [01;35m[K^~~~[m[K
[0.124s] [ 66%] [1m[32mLinking CXX executable control_lidar[0m
[5.122s] [100%] Built target control_lidar
[5.132s] Invoked command in '/home/el-system/centering_experiment/build/control' returned '0': CMAKE_PREFIX_PATH=${CMAKE_PREFIX_PATH}:/opt/ros/humble /usr/local/bin/cmake --build /home/el-system/centering_experiment/build/control -- -j12 -l12
[5.143s] Invoking command in '/home/el-system/centering_experiment/build/control': CMAKE_PREFIX_PATH=${CMAKE_PREFIX_PATH}:/opt/ros/humble /usr/local/bin/cmake --install /home/el-system/centering_experiment/build/control
[5.146s] -- Install configuration: ""
[5.146s] -- Up-to-date: /home/el-system/centering_experiment/install/control/lib/control/test_lidar
[5.147s] -- Installing: /home/el-system/centering_experiment/install/control/lib/control/control_lidar
[5.184s] -- Set non-toolchain portion of runtime path of "/home/el-system/centering_experiment/install/control/lib/control/control_lidar" to ""
[5.184s] -- Up-to-date: /home/el-system/centering_experiment/install/control/share/control/launch
[5.185s] -- Up-to-date: /home/el-system/centering_experiment/install/control/share/control/config
[5.185s] -- Up-to-date: /home/el-system/centering_experiment/install/control/share/control/config/config.yaml
[5.185s] -- Up-to-date: /home/el-system/centering_experiment/install/control/share/ament_index/resource_index/package_run_dependencies/control
[5.186s] -- Up-to-date: /home/el-system/centering_experiment/install/control/share/ament_index/resource_index/parent_prefix_path/control
[5.186s] -- Up-to-date: /home/el-system/centering_experiment/install/control/share/control/environment/ament_prefix_path.sh
[5.186s] -- Up-to-date: /home/el-system/centering_experiment/install/control/share/control/environment/ament_prefix_path.dsv
[5.188s] -- Up-to-date: /home/el-system/centering_experiment/install/control/share/control/environment/path.sh
[5.189s] -- Up-to-date: /home/el-system/centering_experiment/install/control/share/control/environment/path.dsv
[5.190s] -- Up-to-date: /home/el-system/centering_experiment/install/control/share/control/local_setup.bash
[5.190s] -- Up-to-date: /home/el-system/centering_experiment/install/control/share/control/local_setup.sh
[5.190s] -- Up-to-date: /home/el-system/centering_experiment/install/control/share/control/local_setup.zsh
[5.190s] -- Up-to-date: /home/el-system/centering_experiment/install/control/share/control/local_setup.dsv
[5.190s] -- Installing: /home/el-system/centering_experiment/install/control/share/control/package.dsv
[5.191s] -- Up-to-date: /home/el-system/centering_experiment/install/control/share/ament_index/resource_index/packages/control
[5.191s] -- Up-to-date: /home/el-system/centering_experiment/install/control/share/control/cmake/controlConfig.cmake
[5.191s] -- Up-to-date: /home/el-system/centering_experiment/install/control/share/control/cmake/controlConfig-version.cmake
[5.191s] -- Up-to-date: /home/el-system/centering_experiment/install/control/share/control/package.xml
[5.191s] Invoked command in '/home/el-system/centering_experiment/build/control' returned '0': CMAKE_PREFIX_PATH=${CMAKE_PREFIX_PATH}:/opt/ros/humble /usr/local/bin/cmake --install /home/el-system/centering_experiment/build/control
