[0.016s] Invoking command in '/home/el-system/centering_experiment/build/control': CMAKE_PREFIX_PATH=${CMAKE_PREFIX_PATH}:/opt/ros/humble /usr/local/bin/cmake --build /home/el-system/centering_experiment/build/control -- -j12 -l12
[0.084s] [ 16%] [32mBuilding CXX object CMakeFiles/control_lidar.dir/utils/control_.cpp.o[0m
[0.116s] In file included from [01m[K/home/el-system/centering_experiment/src/control/include/control_.hpp:30[m[K,
[0.117s]                  from [01m[K/home/el-system/centering_experiment/src/control/utils/control_.cpp:1[m[K:
[0.117s] [01m[K/home/el-system/centering_experiment/src/control/include/drone_controller_.hpp:162:25:[m[K [01;35m[Kwarning: [m[Kuse of ‘[01m[Kauto[m[K’ in parameter declaration only available with ‘[01m[K-std=c++20[m[K’ or ‘[01m[K-fconcepts[m[K’
[0.117s]   162 |     void waitForService([01;35m[Kauto[m[K &client);
[0.117s]       |                         [01;35m[K^~~~[m[K
[0.117s] In file included from [01m[K/home/el-system/centering_experiment/src/control/utils/control_.cpp:1[m[K:
[0.117s] [01m[K/home/el-system/centering_experiment/src/control/include/control_.hpp:63:62:[m[K [01;35m[Kwarning: [m[Kuse of ‘[01m[Kauto[m[K’ in parameter declaration only available with ‘[01m[K-std=c++20[m[K’ or ‘[01m[K-fconcepts[m[K’
[0.117s]    63 | bool hasReplied(const std::shared_ptr<DroneController>&node, [01;35m[Kauto[m[K& result);
[0.117s]       |                                                              [01;35m[K^~~~[m[K
[0.117s] [01m[K/home/el-system/centering_experiment/src/control/utils/control_.cpp:51:62:[m[K [01;35m[Kwarning: [m[Kuse of ‘[01m[Kauto[m[K’ in parameter declaration only available with ‘[01m[K-std=c++20[m[K’ or ‘[01m[K-fconcepts[m[K’
[0.118s]    51 | bool hasReplied(const std::shared_ptr<DroneController>&node, [01;35m[Kauto[m[K& result){
[0.118s]       |                                                              [01;35m[K^~~~[m[K
[0.118s] [01m[K/home/el-system/centering_experiment/src/control/utils/control_.cpp:[m[K In function ‘[01m[Kvoid centeringPayload(const std::shared_ptr<DroneController>&, rclcpp::Rate&, geometry_msgs::msg::PoseStamped&, float, bool&, float, float, float, float, float, float, float, float, float, std::string, std::string)[m[K’:
[0.118s] [01m[K/home/el-system/centering_experiment/src/control/utils/control_.cpp:519:17:[m[K [01;35m[Kwarning: [m[Kunused variable ‘[01m[KdropAlt[m[K’ [[01;35m[K-Wunused-variable[m[K]
[0.118s]   519 |     const float [01;35m[KdropAlt[m[K = 0.6;
[0.118s]       |                 [01;35m[K^~~~~~~[m[K
[0.118s] [01m[K/home/el-system/centering_experiment/src/control/utils/control_.cpp:522:29:[m[K [01;35m[Kwarning: [m[Kvariable ‘[01m[Kdetected[m[K’ set but not used [[01;35m[K-Wunused-but-set-variable[m[K]
[0.118s]   522 |     float roll, pitch; bool [01;35m[Kdetected[m[K = false;
[0.118s]       |                             [01;35m[K^~~~~~~~[m[K
[0.118s] [01m[K/home/el-system/centering_experiment/src/control/utils/control_.cpp:523:59:[m[K [01;35m[Kwarning: [m[Kunused variable ‘[01m[Kavg_sample[m[K’ [[01;35m[K-Wunused-variable[m[K]
[0.118s]   523 |     geometry_msgs::msg::PoseStamped avg_payload_pose; int [01;35m[Kavg_sample[m[K = 1; int buffer_size = 4;
[0.118s]       |                                                           [01;35m[K^~~~~~~~~~[m[K
[0.119s] [01m[K/home/el-system/centering_experiment/src/control/utils/control_.cpp:523:79:[m[K [01;35m[Kwarning: [m[Kunused variable ‘[01m[Kbuffer_size[m[K’ [[01;35m[K-Wunused-variable[m[K]
[0.119s]   523 |     geometry_msgs::msg::PoseStamped avg_payload_pose; int avg_sample = 1; int [01;35m[Kbuffer_size[m[K = 4;
[0.119s]       |                                                                               [01;35m[K^~~~~~~~~~~[m[K
[0.119s] [01m[K/home/el-system/centering_experiment/src/control/utils/control_.cpp:[m[K In function ‘[01m[Kvoid centeringEmber(const std::shared_ptr<DroneController>&, rclcpp::Rate&, geometry_msgs::msg::PoseStamped&, float, bool&, float, float, float)[m[K’:
[0.119s] [01m[K/home/el-system/centering_experiment/src/control/utils/control_.cpp:795:11:[m[K [01;35m[Kwarning: [m[Kvariable ‘[01m[Kroll[m[K’ set but not used [[01;35m[K-Wunused-but-set-variable[m[K]
[0.119s]   795 |     float [01;35m[Kroll[m[K, pitch; bool detected = false;
[0.119s]       |           [01;35m[K^~~~[m[K
[0.119s] [01m[K/home/el-system/centering_experiment/src/control/utils/control_.cpp:795:17:[m[K [01;35m[Kwarning: [m[Kvariable ‘[01m[Kpitch[m[K’ set but not used [[01;35m[K-Wunused-but-set-variable[m[K]
[0.119s]   795 |     float roll, [01;35m[Kpitch[m[K; bool detected = false;
[0.119s]       |                 [01;35m[K^~~~~[m[K
[0.120s] [01m[K/home/el-system/centering_experiment/src/control/utils/control_.cpp:795:29:[m[K [01;35m[Kwarning: [m[Kvariable ‘[01m[Kdetected[m[K’ set but not used [[01;35m[K-Wunused-but-set-variable[m[K]
[0.120s]   795 |     float roll, pitch; bool [01;35m[Kdetected[m[K = false;
[0.120s]       |                             [01;35m[K^~~~~~~~[m[K
[0.120s] [01m[K/home/el-system/centering_experiment/src/control/utils/control_.cpp:796:57:[m[K [01;35m[Kwarning: [m[Kunused variable ‘[01m[Kavg_sample[m[K’ [[01;35m[K-Wunused-variable[m[K]
[0.120s]   796 |     geometry_msgs::msg::PoseStamped avg_ember_pose; int [01;35m[Kavg_sample[m[K = 1; int buffer_size = 4;
[0.120s]       |                                                         [01;35m[K^~~~~~~~~~[m[K
[0.120s] [01m[K/home/el-system/centering_experiment/src/control/utils/control_.cpp:796:77:[m[K [01;35m[Kwarning: [m[Kunused variable ‘[01m[Kbuffer_size[m[K’ [[01;35m[K-Wunused-variable[m[K]
[0.120s]   796 |     geometry_msgs::msg::PoseStamped avg_ember_pose; int avg_sample = 1; int [01;35m[Kbuffer_size[m[K = 4;
[0.120s]       |                                                                             [01;35m[K^~~~~~~~~~~[m[K
[0.120s] [01m[K/home/el-system/centering_experiment/src/control/utils/control_.cpp:[m[K In function ‘[01m[Kvoid centeringGate(const std::shared_ptr<DroneController>&, rclcpp::Rate&, geometry_msgs::msg::PoseStamped&, float)[m[K’:
[0.120s] [01m[K/home/el-system/centering_experiment/src/control/utils/control_.cpp:1073:30:[m[K [01;35m[Kwarning: [m[Kcomparison of integer expressions of different signedness: ‘[01m[Kint[m[K’ and ‘[01m[Kstd::vector<float>::size_type[m[K’ {aka ‘[01m[Klong unsigned int[m[K’} [[01;35m[K-Wsign-compare[m[K]
[0.121s]  1073 |             for(int j = 0; [01;35m[Kj < x_points.size()[m[K; j++) {
[0.121s]       |                            [01;35m[K~~^~~~~~~~~~~~~~~~~[m[K
[0.121s] [01m[K/home/el-system/centering_experiment/src/control/utils/control_.cpp:1063:15:[m[K [01;35m[Kwarning: [m[Kunused variable ‘[01m[Kx1_min[m[K’ [[01;35m[K-Wunused-variable[m[K]
[0.121s]  1063 |         float [01;35m[Kx1_min[m[K = -1.0, x2_min = -1.0;
[0.121s]       |               [01;35m[K^~~~~~[m[K
[0.121s] [01m[K/home/el-system/centering_experiment/src/control/utils/control_.cpp:1063:30:[m[K [01;35m[Kwarning: [m[Kunused variable ‘[01m[Kx2_min[m[K’ [[01;35m[K-Wunused-variable[m[K]
[0.121s]  1063 |         float x1_min = -1.0, [01;35m[Kx2_min[m[K = -1.0;
[0.121s]       |                              [01;35m[K^~~~~~[m[K
[0.122s] [01m[K/home/el-system/centering_experiment/src/control/utils/control_.cpp:[m[K In function ‘[01m[Kvoid centeringBunder(const std::shared_ptr<DroneController>&, rclcpp::Rate&, geometry_msgs::msg::PoseStamped&, float, bool&, float, float, float)[m[K’:
[0.122s] [01m[K/home/el-system/centering_experiment/src/control/utils/control_.cpp:1211:11:[m[K [01;35m[Kwarning: [m[Kvariable ‘[01m[Kroll[m[K’ set but not used [[01;35m[K-Wunused-but-set-variable[m[K]
[0.123s]  1211 |     float [01;35m[Kroll[m[K, pitch; bool detected = false;
[0.123s]       |           [01;35m[K^~~~[m[K
[0.123s] [01m[K/home/el-system/centering_experiment/src/control/utils/control_.cpp:1211:17:[m[K [01;35m[Kwarning: [m[Kvariable ‘[01m[Kpitch[m[K’ set but not used [[01;35m[K-Wunused-but-set-variable[m[K]
[0.124s]  1211 |     float roll, [01;35m[Kpitch[m[K; bool detected = false;
[0.124s]       |                 [01;35m[K^~~~~[m[K
[0.124s] [01m[K/home/el-system/centering_experiment/src/control/utils/control_.cpp:1211:29:[m[K [01;35m[Kwarning: [m[Kvariable ‘[01m[Kdetected[m[K’ set but not used [[01;35m[K-Wunused-but-set-variable[m[K]
[0.125s]  1211 |     float roll, pitch; bool [01;35m[Kdetected[m[K = false;
[0.125s]       |                             [01;35m[K^~~~~~~~[m[K
[0.125s] [01m[K/home/el-system/centering_experiment/src/control/utils/control_.cpp:1212:58:[m[K [01;35m[Kwarning: [m[Kunused variable ‘[01m[Kavg_sample[m[K’ [[01;35m[K-Wunused-variable[m[K]
[0.125s]  1212 |     geometry_msgs::msg::PoseStamped avg_bunder_pose; int [01;35m[Kavg_sample[m[K = 1; int buffer_size = 4;
[0.126s]       |                                                          [01;35m[K^~~~~~~~~~[m[K
[0.126s] [01m[K/home/el-system/centering_experiment/src/control/utils/control_.cpp:1212:78:[m[K [01;35m[Kwarning: [m[Kunused variable ‘[01m[Kbuffer_size[m[K’ [[01;35m[K-Wunused-variable[m[K]
[0.126s]  1212 |     geometry_msgs::msg::PoseStamped avg_bunder_pose; int avg_sample = 1; int [01;35m[Kbuffer_size[m[K = 4;
[0.127s]       |                                                                              [01;35m[K^~~~~~~~~~~[m[K
[0.127s] [01m[K/home/el-system/centering_experiment/src/control/utils/control_.cpp:[m[K In function ‘[01m[Kvoid moveToPoint(const std::shared_ptr<DroneController>&, rclcpp::Rate&, geometry_msgs::msg::PoseStamped&, float, float, float, float, float, float)[m[K’:
[0.127s] [01m[K/home/el-system/centering_experiment/src/control/utils/control_.cpp:1406:55:[m[K [01;35m[Kwarning: [m[Kunused variable ‘[01m[Ki[m[K’ [[01;35m[K-Wunused-variable[m[K]
[0.127s]  1406 |     float last_x, last_y, distance, progress=0.0; int [01;35m[Ki[m[K =0;
[0.128s]       |                                                       [01;35m[K^[m[K
[0.128s] [01m[K/home/el-system/centering_experiment/src/control/utils/control_.cpp:1390:156:[m[K [01;35m[Kwarning: [m[Kunused parameter ‘[01m[Kangle[m[K’ [[01;35m[K-Wunused-parameter[m[K]
[0.128s]  1390 | void moveToPoint(const std::shared_ptr<DroneController>&node, rclcpp::Rate &rate, geometry_msgs::msg::PoseStamped &posee, float x, float y, float z, [01;35m[Kfloat angle[m[K, float speed, float tolerance) {
[0.128s]       |                                                                                                                                                      [01;35m[K~~~~~~^~~~~[m[K
[0.129s] [01m[K/home/el-system/centering_experiment/src/control/utils/control_.cpp:[m[K In function ‘[01m[Kvoid moveToPoint(const std::shared_ptr<DroneController>&, rclcpp::Rate&, geometry_msgs::msg::PoseStamped&, geometry_msgs::msg::Pose, float, float, bool, bool, bool)[m[K’:
[0.129s] [01m[K/home/el-system/centering_experiment/src/control/utils/control_.cpp:1452:11:[m[K [01;35m[Kwarning: [m[Kunused variable ‘[01m[Kdistance_to_target[m[K’ [[01;35m[K-Wunused-variable[m[K]
[0.129s]  1452 |     float [01;35m[Kdistance_to_target[m[K = dist(posee.pose.position, target.position);
[0.130s]       |           [01;35m[K^~~~~~~~~~~~~~~~~~[m[K
[0.130s] [01m[K/home/el-system/centering_experiment/src/control/utils/control_.cpp:[m[K In function ‘[01m[Kvoid holdPosition(const std::shared_ptr<DroneController>&, rclcpp::Rate&, geometry_msgs::msg::PoseStamped&, float)[m[K’:
[0.130s] [01m[K/home/el-system/centering_experiment/src/control/utils/control_.cpp:1592:78:[m[K [01;35m[Kwarning: [m[Kunused parameter ‘[01m[Krate[m[K’ [[01;35m[K-Wunused-parameter[m[K]
[0.130s]  1592 | void holdPosition(const std::shared_ptr<DroneController>&node, [01;35m[Krclcpp::Rate &rate[m[K, geometry_msgs::msg::PoseStamped& posee, float duration){
[0.131s]       |                                                                [01;35m[K~~~~~~~~~~~~~~^~~~[m[K
[0.131s] In file included from [01m[K/opt/ros/humble/include/rclcpp/rclcpp/logging.hpp:24[m[K,
[0.131s]                  from [01m[K/opt/ros/humble/include/rclcpp/rclcpp/client.hpp:40[m[K,
[0.131s]                  from [01m[K/opt/ros/humble/include/rclcpp/rclcpp/callback_group.hpp:24[m[K,
[0.132s]                  from [01m[K/opt/ros/humble/include/rclcpp/rclcpp/any_executable.hpp:20[m[K,
[0.132s]                  from [01m[K/opt/ros/humble/include/rclcpp/rclcpp/memory_strategy.hpp:25[m[K,
[0.132s]                  from [01m[K/opt/ros/humble/include/rclcpp/rclcpp/memory_strategies.hpp:18[m[K,
[0.133s]                  from [01m[K/opt/ros/humble/include/rclcpp/rclcpp/executor_options.hpp:20[m[K,
[0.133s]                  from [01m[K/opt/ros/humble/include/rclcpp/rclcpp/executor.hpp:37[m[K,
[0.133s]                  from [01m[K/opt/ros/humble/include/rclcpp/rclcpp/executors/multi_threaded_executor.hpp:25[m[K,
[0.134s]                  from [01m[K/opt/ros/humble/include/rclcpp/rclcpp/executors.hpp:21[m[K,
[0.134s]                  from [01m[K/opt/ros/humble/include/rclcpp/rclcpp/rclcpp.hpp:155[m[K,
[0.134s]                  from [01m[K/home/el-system/centering_experiment/src/control/include/control_.hpp:4[m[K,
[0.134s]                  from [01m[K/home/el-system/centering_experiment/src/control/utils/control_.cpp:1[m[K:
[0.135s] [01m[K/home/el-system/centering_experiment/src/control/utils/control_.cpp:[m[K In function ‘[01m[Kvoid waitForPosition(const std::shared_ptr<DroneController>&, rclcpp::Rate&, mavros_msgs::msg::GlobalPositionTarget, double, bool, float)[m[K’:
[0.135s] [01m[K/home/el-system/centering_experiment/src/control/utils/control_.cpp:1655:41:[m[K [01;35m[Kwarning: [m[Kformat ‘[01m[K%d[m[K’ expects argument of type ‘[01m[Kint[m[K’, but argument 5 has type ‘[01m[Kdouble[m[K’ [[01;35m[K-Wformat=[m[K]
[0.135s]  1655 |         RCLCPP_INFO(node->get_logger(), [01;35m[K"%d - CURRR DISTANCEE: %f, meter: %.2f, payload: %.2f"[m[K, [32m[Kdistance[m[K, dist_m, node->getCurrentPosePayload().pose.position.x);
[0.136s]       |                                         [01;35m[K^~~~~~~~~~~~~~~~~~~~~~~~~~~~~~~~~~~~~~~~~~~~~~~~~~~~~~[m[K  [32m[K~~~~~~~~[m[K
[0.136s]       |                                                                                                 [32m[K|[m[K
[0.136s]       |                                                                                                 [32m[Kdouble[m[K
[0.136s] [01m[K/home/el-system/centering_experiment/src/control/utils/control_.cpp:1655:43:[m[K [01;36m[Knote: [m[Kformat string is defined here
[0.137s]  1655 |         RCLCPP_INFO(node->get_logger(), "[01;36m[K%d[m[K - CURRR DISTANCEE: %f, meter: %.2f, payload: %.2f", distance, dist_m, node->getCurrentPosePayload().pose.position.x);
[0.137s]       |                                          [01;36m[K~^[m[K
[0.137s]       |                                           [01;36m[K|[m[K
[0.137s]       |                                           [01;36m[Kint[m[K
[0.138s]       |                                          [32m[K%f[m[K
[0.138s] In file included from [01m[K/opt/ros/humble/include/rclcpp/rclcpp/logging.hpp:24[m[K,
[0.138s]                  from [01m[K/opt/ros/humble/include/rclcpp/rclcpp/client.hpp:40[m[K,
[0.138s]                  from [01m[K/opt/ros/humble/include/rclcpp/rclcpp/callback_group.hpp:24[m[K,
[0.139s]                  from [01m[K/opt/ros/humble/include/rclcpp/rclcpp/any_executable.hpp:20[m[K,
[0.139s]                  from [01m[K/opt/ros/humble/include/rclcpp/rclcpp/memory_strategy.hpp:25[m[K,
[0.139s]                  from [01m[K/opt/ros/humble/include/rclcpp/rclcpp/memory_strategies.hpp:18[m[K,
[0.139s]                  from [01m[K/opt/ros/humble/include/rclcpp/rclcpp/executor_options.hpp:20[m[K,
[0.139s]                  from [01m[K/opt/ros/humble/include/rclcpp/rclcpp/executor.hpp:37[m[K,
[0.140s]                  from [01m[K/opt/ros/humble/include/rclcpp/rclcpp/executors/multi_threaded_executor.hpp:25[m[K,
[0.140s]                  from [01m[K/opt/ros/humble/include/rclcpp/rclcpp/executors.hpp:21[m[K,
[0.140s]                  from [01m[K/opt/ros/humble/include/rclcpp/rclcpp/rclcpp.hpp:155[m[K,
[0.140s]                  from [01m[K/home/el-system/centering_experiment/src/control/include/control_.hpp:4[m[K,
[0.141s]                  from [01m[K/home/el-system/centering_experiment/src/control/utils/control_.cpp:1[m[K:
[0.141s] [01m[K/home/el-system/centering_experiment/src/control/utils/control_.cpp:1655:41:[m[K [01;35m[Kwarning: [m[Kformat ‘[01m[K%f[m[K’ expects a matching ‘[01m[Kdouble[m[K’ argument [[01;35m[K-Wformat=[m[K]
[0.141s]  1655 |         RCLCPP_INFO(node->get_logger(), [01;35m[K"%d - CURRR DISTANCEE: %f, meter: %.2f, payload: %.2f"[m[K, distance, dist_m, node->getCurrentPosePayload().pose.position.x);
[0.141s]       |                                         [01;35m[K^~~~~~~~~~~~~~~~~~~~~~~~~~~~~~~~~~~~~~~~~~~~~~~~~~~~~~[m[K
[0.142s] [01m[K/home/el-system/centering_experiment/src/control/utils/control_.cpp:1655:93:[m[K [01;36m[Knote: [m[Kformat string is defined here
[0.142s]  1655 |         RCLCPP_INFO(node->get_logger(), "%d - CURRR DISTANCEE: %f, meter: %.2f, payload: [01;36m[K%.2f[m[K", distance, dist_m, node->getCurrentPosePayload().pose.position.x);
[0.142s]       |                                                                                          [01;36m[K~~~^[m[K
[0.142s]       |                                                                                             [01;36m[K|[m[K
[0.142s]       |                                                                                             [01;36m[Kdouble[m[K
[0.143s] [01m[K/home/el-system/centering_experiment/src/control/utils/control_.cpp:1650:16:[m[K [01;35m[Kwarning: [m[Kunused variable ‘[01m[Kdalt[m[K’ [[01;35m[K-Wunused-variable[m[K]
[0.143s]  1650 |         double [01;35m[Kdalt[m[K = raw.altitude - node->getCurrentGPSPosition().altitude;
[0.143s]       |                [01;35m[K^~~~[m[K
[0.143s] [01m[K/home/el-system/centering_experiment/src/control/utils/control_.cpp:1632:177:[m[K [01;35m[Kwarning: [m[Kunused parameter ‘[01m[Kcenter_dist[m[K’ [[01;35m[K-Wunused-parameter[m[K]
[0.144s]  1632 | void waitForPosition(const std::shared_ptr<DroneController>&node, rclcpp::Rate &rate, mavros_msgs::msg::GlobalPositionTarget raw, double tolerance, bool allow_centering, [01;35m[Kfloat center_dist[m[K) {
[0.144s]       |                                                                                                                                                                           [01;35m[K~~~~~~^~~~~~~~~~~[m[K
[0.144s] [01m[K/home/el-system/centering_experiment/src/control/utils/control_.cpp:[m[K In function ‘[01m[Kvoid sendGlobalRawAsync(const std::shared_ptr<DroneController>&, rclcpp::Rate&, geometry_msgs::msg::PoseStamped&, float, float, float, bool, float)[m[K’:
[0.144s] [01m[K/home/el-system/centering_experiment/src/control/utils/control_.cpp:1722:171:[m[K [01;35m[Kwarning: [m[Kunused parameter ‘[01m[Kallow_centering[m[K’ [[01;35m[K-Wunused-parameter[m[K]
[0.145s]  1722 | void sendGlobalRawAsync(const std::shared_ptr<DroneController>&node, rclcpp::Rate &rate, geometry_msgs::msg::PoseStamped &posee, float latt, float lonn, float altt, [01;35m[Kbool allow_centering[m[K, float center_dist) {
[0.145s]       |                                                                                                                                                                      [01;35m[K~~~~~^~~~~~~~~~~~~~~[m[K
[0.145s] [01m[K/home/el-system/centering_experiment/src/control/utils/control_.cpp:1722:194:[m[K [01;35m[Kwarning: [m[Kunused parameter ‘[01m[Kcenter_dist[m[K’ [[01;35m[K-Wunused-parameter[m[K]
[0.145s]  1722 | void sendGlobalRawAsync(const std::shared_ptr<DroneController>&node, rclcpp::Rate &rate, geometry_msgs::msg::PoseStamped &posee, float latt, float lonn, float altt, bool allow_centering, [01;35m[Kfloat center_dist[m[K) {
[0.145s]       |                                                                                                                                                                                            [01;35m[K~~~~~~^~~~~~~~~~~[m[K
[0.146s] [01m[K/home/el-system/centering_experiment/src/control/utils/control_.cpp:[m[K In function ‘[01m[Kvoid sendGlobalRawFromXYZ(const std::shared_ptr<DroneController>&, rclcpp::Rate&, geometry_msgs::msg::PoseStamped&, LatLonAlt, double, float, float, float, bool, float)[m[K’:
[0.146s] [01m[K/home/el-system/centering_experiment/src/control/utils/control_.cpp:1770:203:[m[K [01;35m[Kwarning: [m[Kunused parameter ‘[01m[Kallow_centering[m[K’ [[01;35m[K-Wunused-parameter[m[K]
[0.146s]  1770 | void sendGlobalRawFromXYZ(const std::shared_ptr<DroneController>&node, rclcpp::Rate &rate, geometry_msgs::msg::PoseStamped &posee, LatLonAlt zero, double zero_hdg, float x, float y, float rel_alt, [01;35m[Kbool allow_centering[m[K, float center_dist) {
[0.146s]       |                                                                                                                                                                                                      [01;35m[K~~~~~^~~~~~~~~~~~~~~[m[K
[0.146s] [01m[K/home/el-system/centering_experiment/src/control/utils/control_.cpp:1770:226:[m[K [01;35m[Kwarning: [m[Kunused parameter ‘[01m[Kcenter_dist[m[K’ [[01;35m[K-Wunused-parameter[m[K]
[0.147s]  1770 | void sendGlobalRawFromXYZ(const std::shared_ptr<DroneController>&node, rclcpp::Rate &rate, geometry_msgs::msg::PoseStamped &posee, LatLonAlt zero, double zero_hdg, float x, float y, float rel_alt, bool allow_centering, [01;35m[Kfloat center_dist[m[K) {
[0.147s]       |                                                                                                                                                                                                                            [01;35m[K~~~~~~^~~~~~~~~~~[m[K
[0.147s] In file included from [01m[K/opt/ros/humble/include/rclcpp/rclcpp/logging.hpp:24[m[K,
[0.147s]                  from [01m[K/opt/ros/humble/include/rclcpp/rclcpp/client.hpp:40[m[K,
[0.147s]                  from [01m[K/opt/ros/humble/include/rclcpp/rclcpp/callback_group.hpp:24[m[K,
[0.148s]                  from [01m[K/opt/ros/humble/include/rclcpp/rclcpp/any_executable.hpp:20[m[K,
[0.148s]                  from [01m[K/opt/ros/humble/include/rclcpp/rclcpp/memory_strategy.hpp:25[m[K,
[0.148s]                  from [01m[K/opt/ros/humble/include/rclcpp/rclcpp/memory_strategies.hpp:18[m[K,
[0.148s]                  from [01m[K/opt/ros/humble/include/rclcpp/rclcpp/executor_options.hpp:20[m[K,
[0.148s]                  from [01m[K/opt/ros/humble/include/rclcpp/rclcpp/executor.hpp:37[m[K,
[0.149s]                  from [01m[K/opt/ros/humble/include/rclcpp/rclcpp/executors/multi_threaded_executor.hpp:25[m[K,
[0.149s]                  from [01m[K/opt/ros/humble/include/rclcpp/rclcpp/executors.hpp:21[m[K,
[0.149s]                  from [01m[K/opt/ros/humble/include/rclcpp/rclcpp/rclcpp.hpp:155[m[K,
[0.149s]                  from [01m[K/home/el-system/centering_experiment/src/control/include/control_.hpp:4[m[K,
[0.149s]                  from [01m[K/home/el-system/centering_experiment/src/control/utils/control_.cpp:1[m[K:
[0.149s] [01m[K/home/el-system/centering_experiment/src/control/utils/control_.cpp:[m[K In function ‘[01m[Kvoid pushMission(const std::shared_ptr<DroneController>&, std::vector<mavros_msgs::msg::Waypoint_<std::allocator<void> >, std::allocator<mavros_msgs::msg::Waypoint_<std::allocator<void> > > >)[m[K’:
[0.149s] [01m[K/home/el-system/centering_experiment/src/control/utils/control_.cpp:1871:37:[m[K [01;35m[Kwarning: [m[Kformat ‘[01m[K%d[m[K’ expects argument of type ‘[01m[Kint[m[K’, but argument 5 has type ‘[01m[Kstd::vector<mavros_msgs::msg::Waypoint_<std::allocator<void> >, std::allocator<mavros_msgs::msg::Waypoint_<std::allocator<void> > > >::size_type[m[K’ {aka ‘[01m[Klong unsigned int[m[K’} [[01;35m[K-Wformat=[m[K]
[0.150s]  1871 |     RCLCPP_INFO(node->get_logger(), [01;35m[K"Pushing mission of size %d"[m[K, [32m[Kwaypoints.size()[m[K);
[0.150s]       |                                     [01;35m[K^~~~~~~~~~~~~~~~~~~~~~~~~~~~[m[K  [32m[K~~~~~~~~~~~~~~~~[m[K
[0.150s]       |                                                                                 [32m[K|[m[K
[0.150s]       |                                                                                 [32m[Kstd::vector<mavros_msgs::msg::Waypoint_<std::allocator<void> >, std::allocator<mavros_msgs::msg::Waypoint_<std::allocator<void> > > >::size_type {aka long unsigned int}[m[K
[0.150s] [01m[K/home/el-system/centering_experiment/src/control/utils/control_.cpp:1871:63:[m[K [01;36m[Knote: [m[Kformat string is defined here
[0.150s]  1871 |     RCLCPP_INFO(node->get_logger(), "Pushing mission of size [01;36m[K%d[m[K", waypoints.size());
[0.151s]       |                                                              [01;36m[K~^[m[K
[0.151s]       |                                                               [01;36m[K|[m[K
[0.151s]       |                                                               [01;36m[Kint[m[K
[0.151s]       |                                                              [32m[K%ld[m[K
[0.151s] [01m[K/home/el-system/centering_experiment/src/control/utils/control_.cpp:[m[K In function ‘[01m[Kvoid moveWithLaser(const std::shared_ptr<DroneController>&, rclcpp::Rate&, geometry_msgs::msg::PoseStamped&, float, float, float, float, float, bool, bool, float, float)[m[K’:
[0.152s] [01m[K/home/el-system/centering_experiment/src/control/utils/control_.cpp:1997:422:[m[K [01;35m[Kwarning: [m[Ksuggest parentheses around comparison in operand of ‘[01m[K&[m[K’ [[01;35m[K-Wparentheses[m[K]
[0.152s]  1997 |         vel_pose.pose.position.x = x ? limit(max_speed, P_maju*err_x + I_maju*total_error_maju + D_maju*last_error_maju) : (front + back <= 2.85f ? limit(koreksi_max_speed, P_koreksi*(front - back) + I_koreksi*total_error_koreksi + D_koreksi*last_error_koreksi) : (back == 2.1f && front != 2.1f ? limit(koreksi_max_speed, P_koreksi*(front - 1.25 ) + I_koreksi*total_error_koreksi + D_koreksi*last_error_koreksi) : ([01;35m[Kfront == 2.1f[m[K & back != 2.1f ? limit(koreksi_max_speed, P_koreksi*(1.25 - back) + I_koreksi*total_error_koreksi + D_koreksi*last_error_koreksi) : 0.0)));
[0.152s]       |                                                                                                                                                                                                                                                                                                                                                                                                                                [01;35m[K~~~~~~^~~~~~~[m[K
[0.152s] [01m[K/home/el-system/centering_experiment/src/control/utils/control_.cpp:1998:421:[m[K [01;35m[Kwarning: [m[Ksuggest parentheses around comparison in operand of ‘[01m[K&[m[K’ [[01;35m[K-Wparentheses[m[K]
[0.152s]  1998 |         vel_pose.pose.position.y = y ? limit(max_speed, P_maju*err_y + I_maju*total_error_maju + D_maju*last_error_maju) : (left + right <= 2.85f ? limit(koreksi_max_speed, P_koreksi*(left - right) + I_koreksi*total_error_koreksi + D_koreksi*last_error_koreksi) : (right == 2.1f && left != 2.1f ? limit(koreksi_max_speed, P_koreksi*(left - 1.25  ) + I_koreksi*total_error_koreksi + D_koreksi*last_error_koreksi) : ([01;35m[Kleft == 2.1f[m[K & right != 2.1f ? limit(koreksi_max_speed, P_koreksi*(1.25 - right) + I_koreksi*total_error_koreksi + D_koreksi*last_error_koreksi) : 0.0)));
[0.152s]       |                                                                                                                                                                                                                                                                                                                                                                                                                                [01;35m[K~~~~~^~~~~~~[m[K
[0.153s] [01m[K/home/el-system/centering_experiment/src/control/utils/control_.cpp:[m[K In function ‘[01m[Kfloat getYawError(const std::shared_ptr<DroneController>&, rclcpp::Rate&)[m[K’:
[0.153s] [01m[K/home/el-system/centering_experiment/src/control/utils/control_.cpp:2173:24:[m[K [01;35m[Kwarning: [m[Kcomparison of integer expressions of different signedness: ‘[01m[Kint[m[K’ and ‘[01m[Kstd::vector<float>::size_type[m[K’ {aka ‘[01m[Klong unsigned int[m[K’} [[01;35m[K-Wsign-compare[m[K]
[0.153s]  2173 |         if([01;35m[Kright_index > curr_scan.ranges.size()[m[K) {
[0.153s]       |            [01;35m[K~~~~~~~~~~~~^~~~~~~~~~~~~~~~~~~~~~~~~[m[K
[0.153s] [01m[K/home/el-system/centering_experiment/src/control/utils/control_.cpp:2155:78:[m[K [01;35m[Kwarning: [m[Kunused parameter ‘[01m[Krate[m[K’ [[01;35m[K-Wunused-parameter[m[K]
[0.153s]  2155 | float getYawError(const std::shared_ptr<DroneController>&node, [01;35m[Krclcpp::Rate &rate[m[K)
[0.154s]       |                                                                [01;35m[K~~~~~~~~~~~~~~^~~~[m[K
[0.154s] [01m[K/home/el-system/centering_experiment/src/control/utils/control_.cpp:[m[K In function ‘[01m[Kvoid printTitik(std::vector<double, std::allocator<double> >&, std::vector<double, std::allocator<double> >&, std::vector<double, std::allocator<double> >&, std::vector<double, std::allocator<double> >&, double, double)[m[K’:
[0.154s] [01m[K/home/el-system/centering_experiment/src/control/utils/control_.cpp:2193:26:[m[K [01;35m[Kwarning: [m[Kcomparison of integer expressions of different signedness: ‘[01m[Kint[m[K’ and ‘[01m[Kstd::vector<double, std::allocator<double> >::size_type[m[K’ {aka ‘[01m[Klong unsigned int[m[K’} [[01;35m[K-Wsign-compare[m[K]
[0.154s]  2193 |         for(int i = 0; [01;35m[Ki < lat_indoor.size()[m[K; i++) {
[0.154s]       |                        [01;35m[K~~^~~~~~~~~~~~~~~~~~~[m[K
[0.154s] [01m[K/home/el-system/centering_experiment/src/control/utils/control_.cpp:2195:18:[m[K [01;35m[Kwarning: [m[Kcomparison of integer expressions of different signedness: ‘[01m[Kint[m[K’ and ‘[01m[Kstd::vector<double, std::allocator<double> >::size_type[m[K’ {aka ‘[01m[Klong unsigned int[m[K’} [[01;35m[K-Wsign-compare[m[K]
[0.154s]  2195 |             if([01;35m[Ki != lat_indoor.size() -1[m[K) {std::cout<<", ";}
[0.155s]       |                [01;35m[K~~^~~~~~~~~~~~~~~~~~~~~~~[m[K
[0.155s] [01m[K/home/el-system/centering_experiment/src/control/utils/control_.cpp:2199:26:[m[K [01;35m[Kwarning: [m[Kcomparison of integer expressions of different signedness: ‘[01m[Kint[m[K’ and ‘[01m[Kstd::vector<double, std::allocator<double> >::size_type[m[K’ {aka ‘[01m[Klong unsigned int[m[K’} [[01;35m[K-Wsign-compare[m[K]
[0.155s]  2199 |         for(int i = 0; [01;35m[Ki < lon_indoor.size()[m[K; i++) {
[0.155s]       |                        [01;35m[K~~^~~~~~~~~~~~~~~~~~~[m[K
[0.155s] [01m[K/home/el-system/centering_experiment/src/control/utils/control_.cpp:2201:18:[m[K [01;35m[Kwarning: [m[Kcomparison of integer expressions of different signedness: ‘[01m[Kint[m[K’ and ‘[01m[Kstd::vector<double, std::allocator<double> >::size_type[m[K’ {aka ‘[01m[Klong unsigned int[m[K’} [[01;35m[K-Wsign-compare[m[K]
[0.155s]  2201 |             if([01;35m[Ki != lon_indoor.size() -1[m[K) {std::cout<<", ";}
[0.155s]       |                [01;35m[K~~^~~~~~~~~~~~~~~~~~~~~~~[m[K
[0.156s] [01m[K/home/el-system/centering_experiment/src/control/utils/control_.cpp:2209:26:[m[K [01;35m[Kwarning: [m[Kcomparison of integer expressions of different signedness: ‘[01m[Kint[m[K’ and ‘[01m[Kstd::vector<double, std::allocator<double> >::size_type[m[K’ {aka ‘[01m[Klong unsigned int[m[K’} [[01;35m[K-Wsign-compare[m[K]
[0.156s]  2209 |         for(int i = 0; [01;35m[Ki < lat_outdoor.size()[m[K; i++) {
[0.156s]       |                        [01;35m[K~~^~~~~~~~~~~~~~~~~~~~[m[K
[0.156s] [01m[K/home/el-system/centering_experiment/src/control/utils/control_.cpp:2211:18:[m[K [01;35m[Kwarning: [m[Kcomparison of integer expressions of different signedness: ‘[01m[Kint[m[K’ and ‘[01m[Kstd::vector<double, std::allocator<double> >::size_type[m[K’ {aka ‘[01m[Klong unsigned int[m[K’} [[01;35m[K-Wsign-compare[m[K]
[0.156s]  2211 |             if([01;35m[Ki != lat_outdoor.size() -1[m[K) {std::cout<<", ";}
[0.156s]       |                [01;35m[K~~^~~~~~~~~~~~~~~~~~~~~~~~[m[K
[0.156s] [01m[K/home/el-system/centering_experiment/src/control/utils/control_.cpp:2215:26:[m[K [01;35m[Kwarning: [m[Kcomparison of integer expressions of different signedness: ‘[01m[Kint[m[K’ and ‘[01m[Kstd::vector<double, std::allocator<double> >::size_type[m[K’ {aka ‘[01m[Klong unsigned int[m[K’} [[01;35m[K-Wsign-compare[m[K]
[0.157s]  2215 |         for(int i = 0; [01;35m[Ki < lon_outdoor.size()[m[K; i++) {
[0.157s]       |                        [01;35m[K~~^~~~~~~~~~~~~~~~~~~~[m[K
[0.157s] [01m[K/home/el-system/centering_experiment/src/control/utils/control_.cpp:2217:18:[m[K [01;35m[Kwarning: [m[Kcomparison of integer expressions of different signedness: ‘[01m[Kint[m[K’ and ‘[01m[Kstd::vector<double, std::allocator<double> >::size_type[m[K’ {aka ‘[01m[Klong unsigned int[m[K’} [[01;35m[K-Wsign-compare[m[K]
[0.157s]  2217 |             if([01;35m[Ki != lon_outdoor.size() -1[m[K) {std::cout<<", ";}
[0.157s]       |                [01;35m[K~~^~~~~~~~~~~~~~~~~~~~~~~~[m[K
[0.157s] [01m[K/home/el-system/centering_experiment/src/control/utils/control_.cpp:[m[K In function ‘[01m[Kvoid executeLocalWaypointMove(const std::shared_ptr<DroneController>&, rclcpp::Rate&, geometry_msgs::msg::PoseStamped&, float, float, float, float, float)[m[K’:
[0.157s] [01m[K/home/el-system/centering_experiment/src/control/utils/control_.cpp:2224:90:[m[K [01;35m[Kwarning: [m[Kunused parameter ‘[01m[Krate[m[K’ [[01;35m[K-Wunused-parameter[m[K]
[0.158s]  2224 | void executeLocalWaypointMove(const std::shared_ptr<DroneController>&node, [01;35m[Krclcpp::Rate &rate[m[K,
[0.158s]       |                                                                            [01;35m[K~~~~~~~~~~~~~~^~~~[m[K
[0.158s] [01m[K/home/el-system/centering_experiment/src/control/utils/control_.cpp:[m[K In function ‘[01m[Kvoid centeringGateNear(const std::shared_ptr<DroneController>&, rclcpp::Rate&, geometry_msgs::msg::PoseStamped&, float, float, bool&, float, float, float, float, float)[m[K’:
[0.158s] [01m[K/home/el-system/centering_experiment/src/control/utils/control_.cpp:3118:57:[m[K [01;35m[Kwarning: [m[Kunused parameter ‘[01m[Kposee[m[K’ [[01;35m[K-Wunused-parameter[m[K]
[0.158s]  3118 |                        [01;35m[Kgeometry_msgs::msg::PoseStamped &posee[m[K, float gate_width,
[0.158s]       |                        [01;35m[K~~~~~~~~~~~~~~~~~~~~~~~~~~~~~~~~~^~~~~[m[K
[0.158s] [01m[K/home/el-system/centering_experiment/src/control/utils/control_.cpp:[m[K In function ‘[01m[Kvoid centeringGateLivoxSimple(const std::shared_ptr<DroneController>&, rclcpp::Rate&, geometry_msgs::msg::PoseStamped&, float, float, bool&, float, float, float)[m[K’:
[0.159s] [01m[K/home/el-system/centering_experiment/src/control/utils/control_.cpp:3761:38:[m[K [01;35m[Kwarning: [m[Kunused parameter ‘[01m[Kposee[m[K’ [[01;35m[K-Wunused-parameter[m[K]
[0.159s]  3761 |     [01;35m[Kgeometry_msgs::msg::PoseStamped &posee[m[K,
[0.159s]       |     [01;35m[K~~~~~~~~~~~~~~~~~~~~~~~~~~~~~~~~~^~~~~[m[K
[0.169s] [ 33%] [1m[32mLinking CXX executable control_lidar[0m
[4.183s] [100%] Built target control_lidar
[4.194s] Invoked command in '/home/el-system/centering_experiment/build/control' returned '0': CMAKE_PREFIX_PATH=${CMAKE_PREFIX_PATH}:/opt/ros/humble /usr/local/bin/cmake --build /home/el-system/centering_experiment/build/control -- -j12 -l12
[4.205s] Invoking command in '/home/el-system/centering_experiment/build/control': CMAKE_PREFIX_PATH=${CMAKE_PREFIX_PATH}:/opt/ros/humble /usr/local/bin/cmake --install /home/el-system/centering_experiment/build/control
[4.210s] -- Install configuration: ""
[4.211s] -- Installing: /home/el-system/centering_experiment/install/control/lib/control/control_lidar
[4.285s] -- Set non-toolchain portion of runtime path of "/home/el-system/centering_experiment/install/control/lib/control/control_lidar" to ""
[4.285s] -- Up-to-date: /home/el-system/centering_experiment/install/control/share/control/launch
[4.285s] -- Up-to-date: /home/el-system/centering_experiment/install/control/share/control/launch/px4_mavros.launch.py
[4.285s] -- Up-to-date: /home/el-system/centering_experiment/install/control/share/control/launch/control_only.launch.py
[4.285s] -- Up-to-date: /home/el-system/centering_experiment/install/control/share/control/config
[4.286s] -- Up-to-date: /home/el-system/centering_experiment/install/control/share/control/config/config.yaml
[4.286s] -- Up-to-date: /home/el-system/centering_experiment/install/control/share/ament_index/resource_index/package_run_dependencies/control
[4.286s] -- Up-to-date: /home/el-system/centering_experiment/install/control/share/ament_index/resource_index/parent_prefix_path/control
[4.286s] -- Up-to-date: /home/el-system/centering_experiment/install/control/share/control/environment/ament_prefix_path.sh
[4.286s] -- Up-to-date: /home/el-system/centering_experiment/install/control/share/control/environment/ament_prefix_path.dsv
[4.287s] -- Up-to-date: /home/el-system/centering_experiment/install/control/share/control/environment/path.sh
[4.287s] -- Up-to-date: /home/el-system/centering_experiment/install/control/share/control/environment/path.dsv
[4.287s] -- Up-to-date: /home/el-system/centering_experiment/install/control/share/control/local_setup.bash
[4.287s] -- Up-to-date: /home/el-system/centering_experiment/install/control/share/control/local_setup.sh
[4.287s] -- Up-to-date: /home/el-system/centering_experiment/install/control/share/control/local_setup.zsh
[4.289s] -- Up-to-date: /home/el-system/centering_experiment/install/control/share/control/local_setup.dsv
[4.289s] -- Installing: /home/el-system/centering_experiment/install/control/share/control/package.dsv
[4.289s] -- Up-to-date: /home/el-system/centering_experiment/install/control/share/ament_index/resource_index/packages/control
[4.290s] -- Up-to-date: /home/el-system/centering_experiment/install/control/share/control/cmake/controlConfig.cmake
[4.290s] -- Up-to-date: /home/el-system/centering_experiment/install/control/share/control/cmake/controlConfig-version.cmake
[4.290s] -- Up-to-date: /home/el-system/centering_experiment/install/control/share/control/package.xml
[4.291s] Invoked command in '/home/el-system/centering_experiment/build/control' returned '0': CMAKE_PREFIX_PATH=${CMAKE_PREFIX_PATH}:/opt/ros/humble /usr/local/bin/cmake --install /home/el-system/centering_experiment/build/control
