[0.010s] Invoking command in '/home/el-system/backup/centering_experiment/build/control': CMAKE_PREFIX_PATH=${CMAKE_PREFIX_PATH}:/opt/ros/humble /usr/local/bin/cmake --build /home/el-system/backup/centering_experiment/build/control -- -j12 -l12
[0.024s] [0mCMake Deprecation Warning at CMakeLists.txt:1 (cmake_minimum_required):
[0.024s]   Compatibility with CMake < 3.10 will be removed from a future version of
[0.024s]   CMake.
[0.024s] 
[0.024s]   Update the VERSION argument <min> value.  Or, use the <min>...<max> syntax
[0.025s]   to tell CMake that the project requires at least <min> but has been updated
[0.025s]   to work with policies introduced by <max> or earlier.
[0.025s] 
[0.025s] [0m
[0.035s] -- Found ament_cmake: 1.3.12 (/opt/ros/humble/share/ament_cmake/cmake)
[0.281s] -- Found std_msgs: 4.9.0 (/opt/ros/humble/share/std_msgs/cmake)
[0.309s] -- Found rosidl_generator_c: 3.1.7 (/opt/ros/humble/share/rosidl_generator_c/cmake)
[0.312s] -- Found rosidl_adapter: 3.1.7 (/opt/ros/humble/share/rosidl_adapter/cmake)
[0.318s] -- Found rosidl_generator_cpp: 3.1.7 (/opt/ros/humble/share/rosidl_generator_cpp/cmake)
[0.330s] -- Using all available rosidl_typesupport_c: rosidl_typesupport_fastrtps_c;rosidl_typesupport_introspection_c
[0.357s] -- Using all available rosidl_typesupport_cpp: rosidl_typesupport_fastrtps_cpp;rosidl_typesupport_introspection_cpp
[0.397s] -- Found std_srvs: 4.9.0 (/opt/ros/humble/share/std_srvs/cmake)
[0.416s] -- Found mavros_msgs: 2.12.0 (/opt/ros/humble/share/mavros_msgs/cmake)
[0.624s] -- Found rclcpp: 16.0.15 (/opt/ros/humble/share/rclcpp/cmake)
[0.651s] -- Found rmw_implementation_cmake: 6.1.2 (/opt/ros/humble/share/rmw_implementation_cmake/cmake)
[0.653s] -- Found rmw_fastrtps_cpp: 6.2.8 (/opt/ros/humble/share/rmw_fastrtps_cpp/cmake)
[0.836s] -- Using RMW implementation 'rmw_fastrtps_cpp' as default
[0.915s] -- Found ament_lint_auto: 0.12.14 (/opt/ros/humble/share/ament_lint_auto/cmake)
[1.043s] -- Added test 'cppcheck' to perform static code analysis on C / C++ code
[1.043s] -- Configured cppcheck include dirs: /home/el-system/backup/centering_experiment/src/control/include
[1.043s] -- Configured cppcheck exclude dirs and/or files: 
[1.044s] -- Added test 'lint_cmake' to check CMake code style
[1.045s] -- Added test 'uncrustify' to check C / C++ code style
[1.045s] -- Configured uncrustify additional arguments: 
[1.045s] -- Added test 'xmllint' to check XML markup files
[1.046s] -- Configuring done (1.0s)
[1.065s] -- Generating done (0.0s)
[1.068s] -- Build files have been written to: /home/el-system/backup/centering_experiment/build/control
[1.096s] [ 33%] [32mBuilding CXX object CMakeFiles/control.dir/utils/math_.cpp.o[0m
[1.096s] [ 33%] [32mBuilding CXX object CMakeFiles/control.dir/src/mission/control.cpp.o[0m
[1.097s] [ 66%] [32mBuilding CXX object CMakeFiles/control.dir/utils/control_.cpp.o[0m
[1.097s] [ 66%] [32mBuilding CXX object CMakeFiles/control.dir/src/testing/drone_controller.cpp.o[0m
[1.099s] [ 83%] [32mBuilding CXX object CMakeFiles/control.dir/utils/geo_.cpp.o[0m
[3.011s] [01m[K/home/el-system/backup/centering_experiment/src/control/utils/math_.cpp:[m[K In function ‘[01m[Kgeometry_msgs::msg::TwistStamped zero(geometry_msgs::msg::TwistStamped&)[m[K’:
[3.011s] [01m[K/home/el-system/backup/centering_experiment/src/control/utils/math_.cpp:205:73:[m[K [01;35m[Kwarning: [m[Kunused parameter ‘[01m[Ktgt[m[K’ [[01;35m[K-Wunused-parameter[m[K]
[3.012s]   205 | geometry_msgs::msg::TwistStamped zero([01;35m[Kgeometry_msgs::msg::TwistStamped& tgt[m[K){
[3.012s]       |                                       [01;35m[K~~~~~~~~~~~~~~~~~~~~~~~~~~~~~~~~~~^~~[m[K
[3.012s] [01m[K/home/el-system/backup/centering_experiment/src/control/utils/math_.cpp:[m[K In function ‘[01m[Kfloat dataRange(std::vector<float>)[m[K’:
[3.013s] [01m[K/home/el-system/backup/centering_experiment/src/control/utils/math_.cpp:244:23:[m[K [01;35m[Kwarning: [m[Kcomparison of integer expressions of different signedness: ‘[01m[Kint[m[K’ and ‘[01m[Kstd::vector<float>::size_type[m[K’ {aka ‘[01m[Klong unsigned int[m[K’} [[01;35m[K-Wsign-compare[m[K]
[3.013s]   244 |     for (int i = 0; [01;35m[Ki < data.size()[m[K; i++)
[3.013s]       |                     [01;35m[K~~^~~~~~~~~~~~~[m[K
[3.361s] [01m[K/home/el-system/backup/centering_experiment/src/control/utils/geo_.cpp:[m[K In function ‘[01m[Kvoid offset_waypoints(std::vector<double>&, std::vector<double>&, sensor_msgs::msg::NavSatFix, sensor_msgs::msg::NavSatFix)[m[K’:
[3.361s] [01m[K/home/el-system/backup/centering_experiment/src/control/utils/geo_.cpp:182:23:[m[K [01;35m[Kwarning: [m[Kcomparison of integer expressions of different signedness: ‘[01m[Kint[m[K’ and ‘[01m[Kstd::vector<double>::size_type[m[K’ {aka ‘[01m[Klong unsigned int[m[K’} [[01;35m[K-Wsign-compare[m[K]
[3.361s]   182 |     for (int i = 0; [01;35m[Ki < latitudes.size()[m[K; ++i) {
[3.361s]       |                     [01;35m[K~~^~~~~~~~~~~~~~~~~~[m[K
[9.172s] In file included from [01m[K/home/el-system/backup/centering_experiment/src/control/include/control_.hpp:30[m[K,
[9.172s]                  from [01m[K/home/el-system/backup/centering_experiment/src/control/src/mission/control.cpp:1[m[K:
[9.172s] [01m[K/home/el-system/backup/centering_experiment/src/control/include/drone_controller_.hpp:167:25:[m[K [01;35m[Kwarning: [m[Kuse of ‘[01m[Kauto[m[K’ in parameter declaration only available with ‘[01m[K-std=c++20[m[K’ or ‘[01m[K-fconcepts[m[K’
[9.172s]   167 |     void waitForService([01;35m[Kauto[m[K &client);
[9.173s]       |                         [01;35m[K^~~~[m[K
[9.173s] In file included from [01m[K/home/el-system/backup/centering_experiment/src/control/src/mission/control.cpp:1[m[K:
[9.173s] [01m[K/home/el-system/backup/centering_experiment/src/control/include/control_.hpp:88:62:[m[K [01;35m[Kwarning: [m[Kuse of ‘[01m[Kauto[m[K’ in parameter declaration only available with ‘[01m[K-std=c++20[m[K’ or ‘[01m[K-fconcepts[m[K’
[9.173s]    88 | bool hasReplied(const std::shared_ptr<DroneController>&node, [01;35m[Kauto[m[K& result);
[9.173s]       |                                                              [01;35m[K^~~~[m[K
[10.751s] In file included from [01m[K/home/el-system/backup/centering_experiment/src/control/include/control_.hpp:30[m[K,
[10.752s]                  from [01m[K/home/el-system/backup/centering_experiment/src/control/utils/control_.cpp:1[m[K:
[10.752s] [01m[K/home/el-system/backup/centering_experiment/src/control/include/drone_controller_.hpp:167:25:[m[K [01;35m[Kwarning: [m[Kuse of ‘[01m[Kauto[m[K’ in parameter declaration only available with ‘[01m[K-std=c++20[m[K’ or ‘[01m[K-fconcepts[m[K’
[10.752s]   167 |     void waitForService([01;35m[Kauto[m[K &client);
[10.752s]       |                         [01;35m[K^~~~[m[K
[10.752s] In file included from [01m[K/home/el-system/backup/centering_experiment/src/control/utils/control_.cpp:1[m[K:
[10.752s] [01m[K/home/el-system/backup/centering_experiment/src/control/include/control_.hpp:88:62:[m[K [01;35m[Kwarning: [m[Kuse of ‘[01m[Kauto[m[K’ in parameter declaration only available with ‘[01m[K-std=c++20[m[K’ or ‘[01m[K-fconcepts[m[K’
[10.752s]    88 | bool hasReplied(const std::shared_ptr<DroneController>&node, [01;35m[Kauto[m[K& result);
[10.753s]       |                                                              [01;35m[K^~~~[m[K
[10.753s] [01m[K/home/el-system/backup/centering_experiment/src/control/utils/control_.cpp:57:62:[m[K [01;35m[Kwarning: [m[Kuse of ‘[01m[Kauto[m[K’ in parameter declaration only available with ‘[01m[K-std=c++20[m[K’ or ‘[01m[K-fconcepts[m[K’
[10.753s]    57 | bool hasReplied(const std::shared_ptr<DroneController>&node, [01;35m[Kauto[m[K& result){
[10.753s]       |                                                              [01;35m[K^~~~[m[K
[10.753s] [01m[K/home/el-system/backup/centering_experiment/src/control/utils/control_.cpp:[m[K In function ‘[01m[Kvoid executeLocalWaypointMoveVelocity(const std::shared_ptr<DroneController>&, rclcpp::Rate&, geometry_msgs::msg::PoseStamped&, float, float, float, float, float, float)[m[K’:
[10.753s] [01m[K/home/el-system/backup/centering_experiment/src/control/utils/control_.cpp:484:98:[m[K [01;35m[Kwarning: [m[Kunused parameter ‘[01m[Krate[m[K’ [[01;35m[K-Wunused-parameter[m[K]
[10.753s]   484 | void executeLocalWaypointMoveVelocity(const std::shared_ptr<DroneController>&node, [01;35m[Krclcpp::Rate &rate[m[K,
[10.754s]       |                                                                                    [01;35m[K~~~~~~~~~~~~~~^~~~[m[K
[10.754s] [01m[K/home/el-system/backup/centering_experiment/src/control/utils/control_.cpp:486:50:[m[K [01;35m[Kwarning: [m[Kunused parameter ‘[01m[Kyaw_angle[m[K’ [[01;35m[K-Wunused-parameter[m[K]
[10.754s]   486 |                                float up_z, [01;35m[Kfloat yaw_angle[m[K, float max_velocity, float tolerance) {
[10.754s]       |                                            [01;35m[K~~~~~~^~~~~~~~~[m[K
[10.754s] [01m[K/home/el-system/backup/centering_experiment/src/control/utils/control_.cpp:[m[K In function ‘[01m[Kvoid safeLanding(const std::shared_ptr<DroneController>&, rclcpp::Rate&, geometry_msgs::msg::PoseStamped&, float)[m[K’:
[10.754s] [01m[K/home/el-system/backup/centering_experiment/src/control/utils/control_.cpp:880:77:[m[K [01;35m[Kwarning: [m[Kunused parameter ‘[01m[Krate[m[K’ [[01;35m[K-Wunused-parameter[m[K]
[10.754s]   880 | void safeLanding(const std::shared_ptr<DroneController>&node, [01;35m[Krclcpp::Rate &rate[m[K, geometry_msgs::msg::PoseStamped &posee, float descent_rate = 0.3) {
[10.754s]       |                                                               [01;35m[K~~~~~~~~~~~~~~^~~~[m[K
[10.755s] [01m[K/home/el-system/backup/centering_experiment/src/control/utils/control_.cpp:[m[K In function ‘[01m[Kvoid centeringPayload(const std::shared_ptr<DroneController>&, rclcpp::Rate&, geometry_msgs::msg::PoseStamped&, float, bool&, float, float, float, float, float, float, float, float, float, std::string, std::string)[m[K’:
[10.755s] [01m[K/home/el-system/backup/centering_experiment/src/control/utils/control_.cpp:1056:17:[m[K [01;35m[Kwarning: [m[Kunused variable ‘[01m[KdropAlt[m[K’ [[01;35m[K-Wunused-variable[m[K]
[10.755s]  1056 |     const float [01;35m[KdropAlt[m[K = 0.6;
[10.755s]       |                 [01;35m[K^~~~~~~[m[K
[10.755s] [01m[K/home/el-system/backup/centering_experiment/src/control/utils/control_.cpp:1059:29:[m[K [01;35m[Kwarning: [m[Kvariable ‘[01m[Kdetected[m[K’ set but not used [[01;35m[K-Wunused-but-set-variable[m[K]
[10.755s]  1059 |     float roll, pitch; bool [01;35m[Kdetected[m[K = false;
[10.755s]       |                             [01;35m[K^~~~~~~~[m[K
[10.755s] [01m[K/home/el-system/backup/centering_experiment/src/control/utils/control_.cpp:1060:59:[m[K [01;35m[Kwarning: [m[Kunused variable ‘[01m[Kavg_sample[m[K’ [[01;35m[K-Wunused-variable[m[K]
[10.756s]  1060 |     geometry_msgs::msg::PoseStamped avg_payload_pose; int [01;35m[Kavg_sample[m[K = 1; int buffer_size = 4;
[10.756s]       |                                                           [01;35m[K^~~~~~~~~~[m[K
[10.756s] [01m[K/home/el-system/backup/centering_experiment/src/control/utils/control_.cpp:1060:79:[m[K [01;35m[Kwarning: [m[Kunused variable ‘[01m[Kbuffer_size[m[K’ [[01;35m[K-Wunused-variable[m[K]
[10.756s]  1060 |     geometry_msgs::msg::PoseStamped avg_payload_pose; int avg_sample = 1; int [01;35m[Kbuffer_size[m[K = 4;
[10.756s]       |                                                                               [01;35m[K^~~~~~~~~~~[m[K
[10.756s] [01m[K/home/el-system/backup/centering_experiment/src/control/utils/control_.cpp:[m[K In function ‘[01m[Kvoid centeringEmber(const std::shared_ptr<DroneController>&, rclcpp::Rate&, geometry_msgs::msg::PoseStamped&, float, bool&, float, float, float)[m[K’:
[10.756s] [01m[K/home/el-system/backup/centering_experiment/src/control/utils/control_.cpp:1332:11:[m[K [01;35m[Kwarning: [m[Kvariable ‘[01m[Kroll[m[K’ set but not used [[01;35m[K-Wunused-but-set-variable[m[K]
[10.756s]  1332 |     float [01;35m[Kroll[m[K, pitch; bool detected = false;
[10.757s]       |           [01;35m[K^~~~[m[K
[10.757s] [01m[K/home/el-system/backup/centering_experiment/src/control/utils/control_.cpp:1332:17:[m[K [01;35m[Kwarning: [m[Kvariable ‘[01m[Kpitch[m[K’ set but not used [[01;35m[K-Wunused-but-set-variable[m[K]
[10.757s]  1332 |     float roll, [01;35m[Kpitch[m[K; bool detected = false;
[10.757s]       |                 [01;35m[K^~~~~[m[K
[10.757s] [01m[K/home/el-system/backup/centering_experiment/src/control/utils/control_.cpp:1332:29:[m[K [01;35m[Kwarning: [m[Kvariable ‘[01m[Kdetected[m[K’ set but not used [[01;35m[K-Wunused-but-set-variable[m[K]
[10.757s]  1332 |     float roll, pitch; bool [01;35m[Kdetected[m[K = false;
[10.757s]       |                             [01;35m[K^~~~~~~~[m[K
[10.757s] [01m[K/home/el-system/backup/centering_experiment/src/control/utils/control_.cpp:1333:57:[m[K [01;35m[Kwarning: [m[Kunused variable ‘[01m[Kavg_sample[m[K’ [[01;35m[K-Wunused-variable[m[K]
[10.757s]  1333 |     geometry_msgs::msg::PoseStamped avg_ember_pose; int [01;35m[Kavg_sample[m[K = 1; int buffer_size = 4;
[10.757s]       |                                                         [01;35m[K^~~~~~~~~~[m[K
[10.758s] [01m[K/home/el-system/backup/centering_experiment/src/control/utils/control_.cpp:1333:77:[m[K [01;35m[Kwarning: [m[Kunused variable ‘[01m[Kbuffer_size[m[K’ [[01;35m[K-Wunused-variable[m[K]
[10.758s]  1333 |     geometry_msgs::msg::PoseStamped avg_ember_pose; int avg_sample = 1; int [01;35m[Kbuffer_size[m[K = 4;
[10.758s]       |                                                                             [01;35m[K^~~~~~~~~~~[m[K
[10.758s] [01m[K/home/el-system/backup/centering_experiment/src/control/utils/control_.cpp:[m[K In function ‘[01m[Kvoid centeringGate(const std::shared_ptr<DroneController>&, rclcpp::Rate&, geometry_msgs::msg::PoseStamped&, float)[m[K’:
[10.758s] [01m[K/home/el-system/backup/centering_experiment/src/control/utils/control_.cpp:1610:30:[m[K [01;35m[Kwarning: [m[Kcomparison of integer expressions of different signedness: ‘[01m[Kint[m[K’ and ‘[01m[Kstd::vector<float>::size_type[m[K’ {aka ‘[01m[Klong unsigned int[m[K’} [[01;35m[K-Wsign-compare[m[K]
[10.758s]  1610 |             for(int j = 0; [01;35m[Kj < x_points.size()[m[K; j++) {
[10.758s]       |                            [01;35m[K~~^~~~~~~~~~~~~~~~~[m[K
[10.758s] [01m[K/home/el-system/backup/centering_experiment/src/control/utils/control_.cpp:1600:15:[m[K [01;35m[Kwarning: [m[Kunused variable ‘[01m[Kx1_min[m[K’ [[01;35m[K-Wunused-variable[m[K]
[10.758s]  1600 |         float [01;35m[Kx1_min[m[K = -1.0, x2_min = -1.0;
[10.759s]       |               [01;35m[K^~~~~~[m[K
[10.759s] [01m[K/home/el-system/backup/centering_experiment/src/control/utils/control_.cpp:1600:30:[m[K [01;35m[Kwarning: [m[Kunused variable ‘[01m[Kx2_min[m[K’ [[01;35m[K-Wunused-variable[m[K]
[10.759s]  1600 |         float x1_min = -1.0, [01;35m[Kx2_min[m[K = -1.0;
[10.759s]       |                              [01;35m[K^~~~~~[m[K
[10.759s] [01m[K/home/el-system/backup/centering_experiment/src/control/utils/control_.cpp:[m[K In function ‘[01m[Kvoid centeringBunder(const std::shared_ptr<DroneController>&, rclcpp::Rate&, geometry_msgs::msg::PoseStamped&, float, bool&, float, float, float)[m[K’:
[10.759s] [01m[K/home/el-system/backup/centering_experiment/src/control/utils/control_.cpp:1748:11:[m[K [01;35m[Kwarning: [m[Kvariable ‘[01m[Kroll[m[K’ set but not used [[01;35m[K-Wunused-but-set-variable[m[K]
[10.759s]  1748 |     float [01;35m[Kroll[m[K, pitch; bool detected = false;
[10.759s]       |           [01;35m[K^~~~[m[K
[10.759s] [01m[K/home/el-system/backup/centering_experiment/src/control/utils/control_.cpp:1748:17:[m[K [01;35m[Kwarning: [m[Kvariable ‘[01m[Kpitch[m[K’ set but not used [[01;35m[K-Wunused-but-set-variable[m[K]
[10.760s]  1748 |     float roll, [01;35m[Kpitch[m[K; bool detected = false;
[10.760s]       |                 [01;35m[K^~~~~[m[K
[10.760s] [01m[K/home/el-system/backup/centering_experiment/src/control/utils/control_.cpp:1748:29:[m[K [01;35m[Kwarning: [m[Kvariable ‘[01m[Kdetected[m[K’ set but not used [[01;35m[K-Wunused-but-set-variable[m[K]
[10.760s]  1748 |     float roll, pitch; bool [01;35m[Kdetected[m[K = false;
[10.760s]       |                             [01;35m[K^~~~~~~~[m[K
[10.760s] [01m[K/home/el-system/backup/centering_experiment/src/control/utils/control_.cpp:1749:58:[m[K [01;35m[Kwarning: [m[Kunused variable ‘[01m[Kavg_sample[m[K’ [[01;35m[K-Wunused-variable[m[K]
[10.760s]  1749 |     geometry_msgs::msg::PoseStamped avg_bunder_pose; int [01;35m[Kavg_sample[m[K = 1; int buffer_size = 4;
[10.760s]       |                                                          [01;35m[K^~~~~~~~~~[m[K
[10.760s] [01m[K/home/el-system/backup/centering_experiment/src/control/utils/control_.cpp:1749:78:[m[K [01;35m[Kwarning: [m[Kunused variable ‘[01m[Kbuffer_size[m[K’ [[01;35m[K-Wunused-variable[m[K]
[10.761s]  1749 |     geometry_msgs::msg::PoseStamped avg_bunder_pose; int avg_sample = 1; int [01;35m[Kbuffer_size[m[K = 4;
[10.761s]       |                                                                              [01;35m[K^~~~~~~~~~~[m[K
[10.761s] [01m[K/home/el-system/backup/centering_experiment/src/control/utils/control_.cpp:[m[K In function ‘[01m[Kvoid moveToPoint(const std::shared_ptr<DroneController>&, rclcpp::Rate&, geometry_msgs::msg::PoseStamped&, float, float, float, float, float, float)[m[K’:
[10.761s] [01m[K/home/el-system/backup/centering_experiment/src/control/utils/control_.cpp:1943:55:[m[K [01;35m[Kwarning: [m[Kunused variable ‘[01m[Ki[m[K’ [[01;35m[K-Wunused-variable[m[K]
[10.761s]  1943 |     float last_x, last_y, distance, progress=0.0; int [01;35m[Ki[m[K =0;
[10.761s]       |                                                       [01;35m[K^[m[K
[10.761s] [01m[K/home/el-system/backup/centering_experiment/src/control/utils/control_.cpp:1927:156:[m[K [01;35m[Kwarning: [m[Kunused parameter ‘[01m[Kangle[m[K’ [[01;35m[K-Wunused-parameter[m[K]
[10.761s]  1927 | void moveToPoint(const std::shared_ptr<DroneController>&node, rclcpp::Rate &rate, geometry_msgs::msg::PoseStamped &posee, float x, float y, float z, [01;35m[Kfloat angle[m[K, float speed, float tolerance) {
[10.761s]       |                                                                                                                                                      [01;35m[K~~~~~~^~~~~[m[K
[10.762s] [01m[K/home/el-system/backup/centering_experiment/src/control/utils/control_.cpp:[m[K In function ‘[01m[Kvoid moveToPoint(const std::shared_ptr<DroneController>&, rclcpp::Rate&, geometry_msgs::msg::PoseStamped&, geometry_msgs::msg::Pose, float, float, bool, bool, bool)[m[K’:
[10.762s] [01m[K/home/el-system/backup/centering_experiment/src/control/utils/control_.cpp:1989:11:[m[K [01;35m[Kwarning: [m[Kunused variable ‘[01m[Kdistance_to_target[m[K’ [[01;35m[K-Wunused-variable[m[K]
[10.762s]  1989 |     float [01;35m[Kdistance_to_target[m[K = dist(posee.pose.position, target.position);
[10.762s]       |           [01;35m[K^~~~~~~~~~~~~~~~~~[m[K
[10.762s] [01m[K/home/el-system/backup/centering_experiment/src/control/utils/control_.cpp:[m[K In function ‘[01m[Kvoid holdPosition(const std::shared_ptr<DroneController>&, rclcpp::Rate&, geometry_msgs::msg::PoseStamped&, float)[m[K’:
[10.762s] [01m[K/home/el-system/backup/centering_experiment/src/control/utils/control_.cpp:2129:78:[m[K [01;35m[Kwarning: [m[Kunused parameter ‘[01m[Krate[m[K’ [[01;35m[K-Wunused-parameter[m[K]
[10.762s]  2129 | void holdPosition(const std::shared_ptr<DroneController>&node, [01;35m[Krclcpp::Rate &rate[m[K, geometry_msgs::msg::PoseStamped& posee, float duration){
[10.762s]       |                                                                [01;35m[K~~~~~~~~~~~~~~^~~~[m[K
[10.762s] In file included from [01m[K/opt/ros/humble/include/rclcpp/rclcpp/logging.hpp:24[m[K,
[10.763s]                  from [01m[K/opt/ros/humble/include/rclcpp/rclcpp/client.hpp:40[m[K,
[10.763s]                  from [01m[K/opt/ros/humble/include/rclcpp/rclcpp/callback_group.hpp:24[m[K,
[10.763s]                  from [01m[K/opt/ros/humble/include/rclcpp/rclcpp/any_executable.hpp:20[m[K,
[10.763s]                  from [01m[K/opt/ros/humble/include/rclcpp/rclcpp/memory_strategy.hpp:25[m[K,
[10.763s]                  from [01m[K/opt/ros/humble/include/rclcpp/rclcpp/memory_strategies.hpp:18[m[K,
[10.763s]                  from [01m[K/opt/ros/humble/include/rclcpp/rclcpp/executor_options.hpp:20[m[K,
[10.763s]                  from [01m[K/opt/ros/humble/include/rclcpp/rclcpp/executor.hpp:37[m[K,
[10.763s]                  from [01m[K/opt/ros/humble/include/rclcpp/rclcpp/executors/multi_threaded_executor.hpp:25[m[K,
[10.764s]                  from [01m[K/opt/ros/humble/include/rclcpp/rclcpp/executors.hpp:21[m[K,
[10.764s]                  from [01m[K/opt/ros/humble/include/rclcpp/rclcpp/rclcpp.hpp:155[m[K,
[10.764s]                  from [01m[K/home/el-system/backup/centering_experiment/src/control/include/control_.hpp:4[m[K,
[10.764s]                  from [01m[K/home/el-system/backup/centering_experiment/src/control/utils/control_.cpp:1[m[K:
[10.764s] [01m[K/home/el-system/backup/centering_experiment/src/control/utils/control_.cpp:[m[K In function ‘[01m[Kvoid waitForPosition(const std::shared_ptr<DroneController>&, rclcpp::Rate&, mavros_msgs::msg::GlobalPositionTarget, double, bool, float)[m[K’:
[10.764s] [01m[K/home/el-system/backup/centering_experiment/src/control/utils/control_.cpp:2192:41:[m[K [01;35m[Kwarning: [m[Kformat ‘[01m[K%d[m[K’ expects argument of type ‘[01m[Kint[m[K’, but argument 5 has type ‘[01m[Kdouble[m[K’ [[01;35m[K-Wformat=[m[K]
[10.764s]  2192 |         RCLCPP_INFO(node->get_logger(), [01;35m[K"%d - CURRR DISTANCEE: %f, meter: %.2f, payload: %.2f"[m[K, [32m[Kdistance[m[K, dist_m, node->getCurrentPosePayload().pose.position.x);
[10.764s]       |                                         [01;35m[K^~~~~~~~~~~~~~~~~~~~~~~~~~~~~~~~~~~~~~~~~~~~~~~~~~~~~~[m[K  [32m[K~~~~~~~~[m[K
[10.764s]       |                                                                                                 [32m[K|[m[K
[10.764s]       |                                                                                                 [32m[Kdouble[m[K
[10.765s] [01m[K/home/el-system/backup/centering_experiment/src/control/utils/control_.cpp:2192:43:[m[K [01;36m[Knote: [m[Kformat string is defined here
[10.765s]  2192 |         RCLCPP_INFO(node->get_logger(), "[01;36m[K%d[m[K - CURRR DISTANCEE: %f, meter: %.2f, payload: %.2f", distance, dist_m, node->getCurrentPosePayload().pose.position.x);
[10.765s]       |                                          [01;36m[K~^[m[K
[10.765s]       |                                           [01;36m[K|[m[K
[10.765s]       |                                           [01;36m[Kint[m[K
[10.765s]       |                                          [32m[K%f[m[K
[10.765s] In file included from [01m[K/opt/ros/humble/include/rclcpp/rclcpp/logging.hpp:24[m[K,
[10.765s]                  from [01m[K/opt/ros/humble/include/rclcpp/rclcpp/client.hpp:40[m[K,
[10.765s]                  from [01m[K/opt/ros/humble/include/rclcpp/rclcpp/callback_group.hpp:24[m[K,
[10.766s]                  from [01m[K/opt/ros/humble/include/rclcpp/rclcpp/any_executable.hpp:20[m[K,
[10.766s]                  from [01m[K/opt/ros/humble/include/rclcpp/rclcpp/memory_strategy.hpp:25[m[K,
[10.766s]                  from [01m[K/opt/ros/humble/include/rclcpp/rclcpp/memory_strategies.hpp:18[m[K,
[10.766s]                  from [01m[K/opt/ros/humble/include/rclcpp/rclcpp/executor_options.hpp:20[m[K,
[10.766s]                  from [01m[K/opt/ros/humble/include/rclcpp/rclcpp/executor.hpp:37[m[K,
[10.766s]                  from [01m[K/opt/ros/humble/include/rclcpp/rclcpp/executors/multi_threaded_executor.hpp:25[m[K,
[10.766s]                  from [01m[K/opt/ros/humble/include/rclcpp/rclcpp/executors.hpp:21[m[K,
[10.766s]                  from [01m[K/opt/ros/humble/include/rclcpp/rclcpp/rclcpp.hpp:155[m[K,
[10.766s]                  from [01m[K/home/el-system/backup/centering_experiment/src/control/include/control_.hpp:4[m[K,
[10.767s]                  from [01m[K/home/el-system/backup/centering_experiment/src/control/utils/control_.cpp:1[m[K:
[10.767s] [01m[K/home/el-system/backup/centering_experiment/src/control/utils/control_.cpp:2192:41:[m[K [01;35m[Kwarning: [m[Kformat ‘[01m[K%f[m[K’ expects a matching ‘[01m[Kdouble[m[K’ argument [[01;35m[K-Wformat=[m[K]
[10.767s]  2192 |         RCLCPP_INFO(node->get_logger(), [01;35m[K"%d - CURRR DISTANCEE: %f, meter: %.2f, payload: %.2f"[m[K, distance, dist_m, node->getCurrentPosePayload().pose.position.x);
[10.767s]       |                                         [01;35m[K^~~~~~~~~~~~~~~~~~~~~~~~~~~~~~~~~~~~~~~~~~~~~~~~~~~~~~[m[K
[10.767s] [01m[K/home/el-system/backup/centering_experiment/src/control/utils/control_.cpp:2192:93:[m[K [01;36m[Knote: [m[Kformat string is defined here
[10.767s]  2192 |         RCLCPP_INFO(node->get_logger(), "%d - CURRR DISTANCEE: %f, meter: %.2f, payload: [01;36m[K%.2f[m[K", distance, dist_m, node->getCurrentPosePayload().pose.position.x);
[10.767s]       |                                                                                          [01;36m[K~~~^[m[K
[10.767s]       |                                                                                             [01;36m[K|[m[K
[10.767s]       |                                                                                             [01;36m[Kdouble[m[K
[10.768s] [01m[K/home/el-system/backup/centering_experiment/src/control/utils/control_.cpp:2187:16:[m[K [01;35m[Kwarning: [m[Kunused variable ‘[01m[Kdalt[m[K’ [[01;35m[K-Wunused-variable[m[K]
[10.768s]  2187 |         double [01;35m[Kdalt[m[K = raw.altitude - node->getCurrentGPSPosition().altitude;
[10.768s]       |                [01;35m[K^~~~[m[K
[10.768s] [01m[K/home/el-system/backup/centering_experiment/src/control/utils/control_.cpp:2169:177:[m[K [01;35m[Kwarning: [m[Kunused parameter ‘[01m[Kcenter_dist[m[K’ [[01;35m[K-Wunused-parameter[m[K]
[10.768s]  2169 | void waitForPosition(const std::shared_ptr<DroneController>&node, rclcpp::Rate &rate, mavros_msgs::msg::GlobalPositionTarget raw, double tolerance, bool allow_centering, [01;35m[Kfloat center_dist[m[K) {
[10.768s]       |                                                                                                                                                                           [01;35m[K~~~~~~^~~~~~~~~~~[m[K
[10.768s] [01m[K/home/el-system/backup/centering_experiment/src/control/utils/control_.cpp:[m[K In function ‘[01m[Kvoid sendGlobalRawAsync(const std::shared_ptr<DroneController>&, rclcpp::Rate&, geometry_msgs::msg::PoseStamped&, float, float, float, bool, float)[m[K’:
[10.768s] [01m[K/home/el-system/backup/centering_experiment/src/control/utils/control_.cpp:2259:171:[m[K [01;35m[Kwarning: [m[Kunused parameter ‘[01m[Kallow_centering[m[K’ [[01;35m[K-Wunused-parameter[m[K]
[10.768s]  2259 | void sendGlobalRawAsync(const std::shared_ptr<DroneController>&node, rclcpp::Rate &rate, geometry_msgs::msg::PoseStamped &posee, float latt, float lonn, float altt, [01;35m[Kbool allow_centering[m[K, float center_dist) {
[10.769s]       |                                                                                                                                                                      [01;35m[K~~~~~^~~~~~~~~~~~~~~[m[K
[10.769s] [01m[K/home/el-system/backup/centering_experiment/src/control/utils/control_.cpp:2259:194:[m[K [01;35m[Kwarning: [m[Kunused parameter ‘[01m[Kcenter_dist[m[K’ [[01;35m[K-Wunused-parameter[m[K]
[10.769s]  2259 | void sendGlobalRawAsync(const std::shared_ptr<DroneController>&node, rclcpp::Rate &rate, geometry_msgs::msg::PoseStamped &posee, float latt, float lonn, float altt, bool allow_centering, [01;35m[Kfloat center_dist[m[K) {
[10.769s]       |                                                                                                                                                                                            [01;35m[K~~~~~~^~~~~~~~~~~[m[K
[10.769s] [01m[K/home/el-system/backup/centering_experiment/src/control/utils/control_.cpp:[m[K In function ‘[01m[Kvoid sendGlobalRawFromXYZ(const std::shared_ptr<DroneController>&, rclcpp::Rate&, geometry_msgs::msg::PoseStamped&, LatLonAlt, double, float, float, float, bool, float)[m[K’:
[10.769s] [01m[K/home/el-system/backup/centering_experiment/src/control/utils/control_.cpp:2307:203:[m[K [01;35m[Kwarning: [m[Kunused parameter ‘[01m[Kallow_centering[m[K’ [[01;35m[K-Wunused-parameter[m[K]
[10.769s]  2307 | void sendGlobalRawFromXYZ(const std::shared_ptr<DroneController>&node, rclcpp::Rate &rate, geometry_msgs::msg::PoseStamped &posee, LatLonAlt zero, double zero_hdg, float x, float y, float rel_alt, [01;35m[Kbool allow_centering[m[K, float center_dist) {
[10.769s]       |                                                                                                                                                                                                      [01;35m[K~~~~~^~~~~~~~~~~~~~~[m[K
[10.769s] [01m[K/home/el-system/backup/centering_experiment/src/control/utils/control_.cpp:2307:226:[m[K [01;35m[Kwarning: [m[Kunused parameter ‘[01m[Kcenter_dist[m[K’ [[01;35m[K-Wunused-parameter[m[K]
[10.770s]  2307 | void sendGlobalRawFromXYZ(const std::shared_ptr<DroneController>&node, rclcpp::Rate &rate, geometry_msgs::msg::PoseStamped &posee, LatLonAlt zero, double zero_hdg, float x, float y, float rel_alt, bool allow_centering, [01;35m[Kfloat center_dist[m[K) {
[10.770s]       |                                                                                                                                                                                                                            [01;35m[K~~~~~~^~~~~~~~~~~[m[K
[10.770s] In file included from [01m[K/opt/ros/humble/include/rclcpp/rclcpp/logging.hpp:24[m[K,
[10.770s]                  from [01m[K/opt/ros/humble/include/rclcpp/rclcpp/client.hpp:40[m[K,
[10.770s]                  from [01m[K/opt/ros/humble/include/rclcpp/rclcpp/callback_group.hpp:24[m[K,
[10.770s]                  from [01m[K/opt/ros/humble/include/rclcpp/rclcpp/any_executable.hpp:20[m[K,
[10.770s]                  from [01m[K/opt/ros/humble/include/rclcpp/rclcpp/memory_strategy.hpp:25[m[K,
[10.770s]                  from [01m[K/opt/ros/humble/include/rclcpp/rclcpp/memory_strategies.hpp:18[m[K,
[10.770s]                  from [01m[K/opt/ros/humble/include/rclcpp/rclcpp/executor_options.hpp:20[m[K,
[10.771s]                  from [01m[K/opt/ros/humble/include/rclcpp/rclcpp/executor.hpp:37[m[K,
[10.771s]                  from [01m[K/opt/ros/humble/include/rclcpp/rclcpp/executors/multi_threaded_executor.hpp:25[m[K,
[10.771s]                  from [01m[K/opt/ros/humble/include/rclcpp/rclcpp/executors.hpp:21[m[K,
[10.771s]                  from [01m[K/opt/ros/humble/include/rclcpp/rclcpp/rclcpp.hpp:155[m[K,
[10.771s]                  from [01m[K/home/el-system/backup/centering_experiment/src/control/include/control_.hpp:4[m[K,
[10.771s]                  from [01m[K/home/el-system/backup/centering_experiment/src/control/utils/control_.cpp:1[m[K:
[10.771s] [01m[K/home/el-system/backup/centering_experiment/src/control/utils/control_.cpp:[m[K In function ‘[01m[Kvoid pushMission(const std::shared_ptr<DroneController>&, std::vector<mavros_msgs::msg::Waypoint_<std::allocator<void> >, std::allocator<mavros_msgs::msg::Waypoint_<std::allocator<void> > > >)[m[K’:
[10.772s] [01m[K/home/el-system/backup/centering_experiment/src/control/utils/control_.cpp:2408:37:[m[K [01;35m[Kwarning: [m[Kformat ‘[01m[K%d[m[K’ expects argument of type ‘[01m[Kint[m[K’, but argument 5 has type ‘[01m[Kstd::vector<mavros_msgs::msg::Waypoint_<std::allocator<void> >, std::allocator<mavros_msgs::msg::Waypoint_<std::allocator<void> > > >::size_type[m[K’ {aka ‘[01m[Klong unsigned int[m[K’} [[01;35m[K-Wformat=[m[K]
[10.772s]  2408 |     RCLCPP_INFO(node->get_logger(), [01;35m[K"Pushing mission of size %d"[m[K, [32m[Kwaypoints.size()[m[K);
[10.772s]       |                                     [01;35m[K^~~~~~~~~~~~~~~~~~~~~~~~~~~~[m[K  [32m[K~~~~~~~~~~~~~~~~[m[K
[10.772s]       |                                                                                 [32m[K|[m[K
[10.772s]       |                                                                                 [32m[Kstd::vector<mavros_msgs::msg::Waypoint_<std::allocator<void> >, std::allocator<mavros_msgs::msg::Waypoint_<std::allocator<void> > > >::size_type {aka long unsigned int}[m[K
[10.772s] [01m[K/home/el-system/backup/centering_experiment/src/control/utils/control_.cpp:2408:63:[m[K [01;36m[Knote: [m[Kformat string is defined here
[10.772s]  2408 |     RCLCPP_INFO(node->get_logger(), "Pushing mission of size [01;36m[K%d[m[K", waypoints.size());
[10.772s]       |                                                              [01;36m[K~^[m[K
[10.772s]       |                                                               [01;36m[K|[m[K
[10.773s]       |                                                               [01;36m[Kint[m[K
[10.773s]       |                                                              [32m[K%ld[m[K
[10.773s] [01m[K/home/el-system/backup/centering_experiment/src/control/utils/control_.cpp:[m[K In function ‘[01m[Kvoid moveWithLaser(const std::shared_ptr<DroneController>&, rclcpp::Rate&, geometry_msgs::msg::PoseStamped&, float, float, float, float, float, bool, bool, float, float)[m[K’:
[10.773s] [01m[K/home/el-system/backup/centering_experiment/src/control/utils/control_.cpp:2534:422:[m[K [01;35m[Kwarning: [m[Ksuggest parentheses around comparison in operand of ‘[01m[K&[m[K’ [[01;35m[K-Wparentheses[m[K]
[10.773s]  2534 |         vel_pose.pose.position.x = x ? limit(max_speed, P_maju*err_x + I_maju*total_error_maju + D_maju*last_error_maju) : (front + back <= 2.85f ? limit(koreksi_max_speed, P_koreksi*(front - back) + I_koreksi*total_error_koreksi + D_koreksi*last_error_koreksi) : (back == 2.1f && front != 2.1f ? limit(koreksi_max_speed, P_koreksi*(front - 1.25 ) + I_koreksi*total_error_koreksi + D_koreksi*last_error_koreksi) : ([01;35m[Kfront == 2.1f[m[K & back != 2.1f ? limit(koreksi_max_speed, P_koreksi*(1.25 - back) + I_koreksi*total_error_koreksi + D_koreksi*last_error_koreksi) : 0.0)));
[10.773s]       |                                                                                                                                                                                                                                                                                                                                                                                                                                [01;35m[K~~~~~~^~~~~~~[m[K
[10.773s] [01m[K/home/el-system/backup/centering_experiment/src/control/utils/control_.cpp:2535:421:[m[K [01;35m[Kwarning: [m[Ksuggest parentheses around comparison in operand of ‘[01m[K&[m[K’ [[01;35m[K-Wparentheses[m[K]
[10.773s]  2535 |         vel_pose.pose.position.y = y ? limit(max_speed, P_maju*err_y + I_maju*total_error_maju + D_maju*last_error_maju) : (left + right <= 2.85f ? limit(koreksi_max_speed, P_koreksi*(left - right) + I_koreksi*total_error_koreksi + D_koreksi*last_error_koreksi) : (right == 2.1f && left != 2.1f ? limit(koreksi_max_speed, P_koreksi*(left - 1.25  ) + I_koreksi*total_error_koreksi + D_koreksi*last_error_koreksi) : ([01;35m[Kleft == 2.1f[m[K & right != 2.1f ? limit(koreksi_max_speed, P_koreksi*(1.25 - right) + I_koreksi*total_error_koreksi + D_koreksi*last_error_koreksi) : 0.0)));
[10.773s]       |                                                                                                                                                                                                                                                                                                                                                                                                                                [01;35m[K~~~~~^~~~~~~[m[K
[10.774s] [01m[K/home/el-system/backup/centering_experiment/src/control/utils/control_.cpp:[m[K In function ‘[01m[Kfloat getYawError(const std::shared_ptr<DroneController>&, rclcpp::Rate&)[m[K’:
[10.774s] [01m[K/home/el-system/backup/centering_experiment/src/control/utils/control_.cpp:2710:24:[m[K [01;35m[Kwarning: [m[Kcomparison of integer expressions of different signedness: ‘[01m[Kint[m[K’ and ‘[01m[Kstd::vector<float>::size_type[m[K’ {aka ‘[01m[Klong unsigned int[m[K’} [[01;35m[K-Wsign-compare[m[K]
[10.774s]  2710 |         if([01;35m[Kright_index > curr_scan.ranges.size()[m[K) {
[10.774s]       |            [01;35m[K~~~~~~~~~~~~^~~~~~~~~~~~~~~~~~~~~~~~~[m[K
[10.774s] [01m[K/home/el-system/backup/centering_experiment/src/control/utils/control_.cpp:2692:78:[m[K [01;35m[Kwarning: [m[Kunused parameter ‘[01m[Krate[m[K’ [[01;35m[K-Wunused-parameter[m[K]
[10.774s]  2692 | float getYawError(const std::shared_ptr<DroneController>&node, [01;35m[Krclcpp::Rate &rate[m[K)
[10.774s]       |                                                                [01;35m[K~~~~~~~~~~~~~~^~~~[m[K
[10.774s] [01m[K/home/el-system/backup/centering_experiment/src/control/utils/control_.cpp:[m[K In function ‘[01m[Kvoid printTitik(std::vector<double, std::allocator<double> >&, std::vector<double, std::allocator<double> >&, std::vector<double, std::allocator<double> >&, std::vector<double, std::allocator<double> >&, double, double)[m[K’:
[10.774s] [01m[K/home/el-system/backup/centering_experiment/src/control/utils/control_.cpp:2730:26:[m[K [01;35m[Kwarning: [m[Kcomparison of integer expressions of different signedness: ‘[01m[Kint[m[K’ and ‘[01m[Kstd::vector<double, std::allocator<double> >::size_type[m[K’ {aka ‘[01m[Klong unsigned int[m[K’} [[01;35m[K-Wsign-compare[m[K]
[10.775s]  2730 |         for(int i = 0; [01;35m[Ki < lat_indoor.size()[m[K; i++) {
[10.775s]       |                        [01;35m[K~~^~~~~~~~~~~~~~~~~~~[m[K
[10.775s] [01m[K/home/el-system/backup/centering_experiment/src/control/utils/control_.cpp:2732:18:[m[K [01;35m[Kwarning: [m[Kcomparison of integer expressions of different signedness: ‘[01m[Kint[m[K’ and ‘[01m[Kstd::vector<double, std::allocator<double> >::size_type[m[K’ {aka ‘[01m[Klong unsigned int[m[K’} [[01;35m[K-Wsign-compare[m[K]
[10.775s]  2732 |             if([01;35m[Ki != lat_indoor.size() -1[m[K) {std::cout<<", ";}
[10.775s]       |                [01;35m[K~~^~~~~~~~~~~~~~~~~~~~~~~[m[K
[10.775s] [01m[K/home/el-system/backup/centering_experiment/src/control/utils/control_.cpp:2736:26:[m[K [01;35m[Kwarning: [m[Kcomparison of integer expressions of different signedness: ‘[01m[Kint[m[K’ and ‘[01m[Kstd::vector<double, std::allocator<double> >::size_type[m[K’ {aka ‘[01m[Klong unsigned int[m[K’} [[01;35m[K-Wsign-compare[m[K]
[10.775s]  2736 |         for(int i = 0; [01;35m[Ki < lon_indoor.size()[m[K; i++) {
[10.776s]       |                        [01;35m[K~~^~~~~~~~~~~~~~~~~~~[m[K
[10.776s] [01m[K/home/el-system/backup/centering_experiment/src/control/utils/control_.cpp:2738:18:[m[K [01;35m[Kwarning: [m[Kcomparison of integer expressions of different signedness: ‘[01m[Kint[m[K’ and ‘[01m[Kstd::vector<double, std::allocator<double> >::size_type[m[K’ {aka ‘[01m[Klong unsigned int[m[K’} [[01;35m[K-Wsign-compare[m[K]
[10.776s]  2738 |             if([01;35m[Ki != lon_indoor.size() -1[m[K) {std::cout<<", ";}
[10.776s]       |                [01;35m[K~~^~~~~~~~~~~~~~~~~~~~~~~[m[K
[10.776s] [01m[K/home/el-system/backup/centering_experiment/src/control/utils/control_.cpp:2746:26:[m[K [01;35m[Kwarning: [m[Kcomparison of integer expressions of different signedness: ‘[01m[Kint[m[K’ and ‘[01m[Kstd::vector<double, std::allocator<double> >::size_type[m[K’ {aka ‘[01m[Klong unsigned int[m[K’} [[01;35m[K-Wsign-compare[m[K]
[10.776s]  2746 |         for(int i = 0; [01;35m[Ki < lat_outdoor.size()[m[K; i++) {
[10.776s]       |                        [01;35m[K~~^~~~~~~~~~~~~~~~~~~~[m[K
[10.776s] [01m[K/home/el-system/backup/centering_experiment/src/control/utils/control_.cpp:2748:18:[m[K [01;35m[Kwarning: [m[Kcomparison of integer expressions of different signedness: ‘[01m[Kint[m[K’ and ‘[01m[Kstd::vector<double, std::allocator<double> >::size_type[m[K’ {aka ‘[01m[Klong unsigned int[m[K’} [[01;35m[K-Wsign-compare[m[K]
[10.777s]  2748 |             if([01;35m[Ki != lat_outdoor.size() -1[m[K) {std::cout<<", ";}
[10.777s]       |                [01;35m[K~~^~~~~~~~~~~~~~~~~~~~~~~~[m[K
[10.777s] [01m[K/home/el-system/backup/centering_experiment/src/control/utils/control_.cpp:2752:26:[m[K [01;35m[Kwarning: [m[Kcomparison of integer expressions of different signedness: ‘[01m[Kint[m[K’ and ‘[01m[Kstd::vector<double, std::allocator<double> >::size_type[m[K’ {aka ‘[01m[Klong unsigned int[m[K’} [[01;35m[K-Wsign-compare[m[K]
[10.777s]  2752 |         for(int i = 0; [01;35m[Ki < lon_outdoor.size()[m[K; i++) {
[10.777s]       |                        [01;35m[K~~^~~~~~~~~~~~~~~~~~~~[m[K
[10.777s] [01m[K/home/el-system/backup/centering_experiment/src/control/utils/control_.cpp:2754:18:[m[K [01;35m[Kwarning: [m[Kcomparison of integer expressions of different signedness: ‘[01m[Kint[m[K’ and ‘[01m[Kstd::vector<double, std::allocator<double> >::size_type[m[K’ {aka ‘[01m[Klong unsigned int[m[K’} [[01;35m[K-Wsign-compare[m[K]
[10.777s]  2754 |             if([01;35m[Ki != lon_outdoor.size() -1[m[K) {std::cout<<", ";}
[10.777s]       |                [01;35m[K~~^~~~~~~~~~~~~~~~~~~~~~~~[m[K
[10.777s] [01m[K/home/el-system/backup/centering_experiment/src/control/utils/control_.cpp:[m[K In function ‘[01m[Kvoid executeLocalWaypointMove(const std::shared_ptr<DroneController>&, rclcpp::Rate&, geometry_msgs::msg::PoseStamped&, float, float, float, float, float)[m[K’:
[10.778s] [01m[K/home/el-system/backup/centering_experiment/src/control/utils/control_.cpp:2761:90:[m[K [01;35m[Kwarning: [m[Kunused parameter ‘[01m[Krate[m[K’ [[01;35m[K-Wunused-parameter[m[K]
[10.778s]  2761 | void executeLocalWaypointMove(const std::shared_ptr<DroneController>&node, [01;35m[Krclcpp::Rate &rate[m[K,
[10.778s]       |                                                                            [01;35m[K~~~~~~~~~~~~~~^~~~[m[K
[10.778s] [01m[K/home/el-system/backup/centering_experiment/src/control/utils/control_.cpp:[m[K In function ‘[01m[Kvoid centeringGateNear(const std::shared_ptr<DroneController>&, rclcpp::Rate&, geometry_msgs::msg::PoseStamped&, float, float, bool&, float, float, float, float, float)[m[K’:
[10.778s] [01m[K/home/el-system/backup/centering_experiment/src/control/utils/control_.cpp:3776:57:[m[K [01;35m[Kwarning: [m[Kunused parameter ‘[01m[Kposee[m[K’ [[01;35m[K-Wunused-parameter[m[K]
[10.778s]  3776 |                        [01;35m[Kgeometry_msgs::msg::PoseStamped &posee[m[K, float gate_width,
[10.778s]       |                        [01;35m[K~~~~~~~~~~~~~~~~~~~~~~~~~~~~~~~~~^~~~~[m[K
[44.554s] In file included from [01m[K/home/el-system/backup/centering_experiment/src/control/src/testing/drone_controller.cpp:17[m[K:
[44.554s] [01m[K/home/el-system/backup/centering_experiment/src/control/include/drone_controller_.hpp:167:25:[m[K [01;35m[Kwarning: [m[Kuse of ‘[01m[Kauto[m[K’ in parameter declaration only available with ‘[01m[K-std=c++20[m[K’ or ‘[01m[K-fconcepts[m[K’
[44.554s]   167 |     void waitForService([01;35m[Kauto[m[K &client);
[44.555s]       |                         [01;35m[K^~~~[m[K
[44.555s] [01m[K/home/el-system/backup/centering_experiment/src/control/src/testing/drone_controller.cpp:[m[K In member function ‘[01m[Kfloat DroneController::getObstacleDistance(float, float)[m[K’:
[44.555s] [01m[K/home/el-system/backup/centering_experiment/src/control/src/testing/drone_controller.cpp:91:11:[m[K [01;35m[Kwarning: [m[Kvariable ‘[01m[Kmin_angle[m[K’ set but not used [[01;35m[K-Wunused-but-set-variable[m[K]
[44.555s]    91 |     float [01;35m[Kmin_angle[m[K = angle - angle_tolerance/2;
[44.555s]       |           [01;35m[K^~~~~~~~~[m[K
[44.555s] [01m[K/home/el-system/backup/centering_experiment/src/control/src/testing/drone_controller.cpp:[m[K In member function ‘[01m[Kint DroneController::reset_wp_()[m[K’:
[44.555s] [01m[K/home/el-system/backup/centering_experiment/src/control/src/testing/drone_controller.cpp:110:52:[m[K [01;35m[Kwarning: [m[Kno return statement in function returning non-void [[01;35m[K-Wreturn-type[m[K]
[44.555s]   110 | int DroneController::reset_wp_()   {wp_reached = 0;[01;35m[K}[m[K
[44.555s]       |                                                    [01;35m[K^[m[K
[44.555s] [01m[K/home/el-system/backup/centering_experiment/src/control/src/testing/drone_controller.cpp:[m[K In member function ‘[01m[Krclcpp::Client<mavros_msgs::srv::CommandTOL>::SharedFuture DroneController::takeoff_(const std::shared_ptr<mavros_msgs::srv::CommandTOL_Request_<std::allocator<void> > >&)[m[K’:
[44.556s] [01m[K/home/el-system/backup/centering_experiment/src/control/src/testing/drone_controller.cpp:173:250:[m[K [01;35m[Kwarning: [m[K‘[01m[Krclcpp::Client<ServiceT>::FutureAndRequestId::operator rclcpp::Client<ServiceT>::SharedFuture() [with ServiceT = mavros_msgs::srv::CommandTOL; rclcpp::Client<ServiceT>::SharedFuture = std::shared_future<std::shared_ptr<mavros_msgs::srv::CommandTOL_Response_<std::allocator<void> > > >][m[K’ is deprecated: FutureAndRequestId: use .future.share() instead of an implicit conversion [[01;35m[K-Wdeprecated-declarations[m[K]
[44.556s]   173 | rclcpp::Client<mavros_msgs::srv::CommandTOL>::SharedFuture DroneController::takeoff_(const std::shared_ptr<mavros_msgs::srv::CommandTOL::Request>& request)             {waitForTakeoffService(); return this->takeoff_client->async_send_request(request[01;35m[K)[m[K;}
[44.556s]       |                                                                                                                                                                                                                                                          [01;35m[K^[m[K
[44.556s] In file included from [01m[K/opt/ros/humble/include/rclcpp/rclcpp/callback_group.hpp:24[m[K,
[44.556s]                  from [01m[K/opt/ros/humble/include/rclcpp/rclcpp/any_executable.hpp:20[m[K,
[44.556s]                  from [01m[K/opt/ros/humble/include/rclcpp/rclcpp/memory_strategy.hpp:25[m[K,
[44.556s]                  from [01m[K/opt/ros/humble/include/rclcpp/rclcpp/memory_strategies.hpp:18[m[K,
[44.556s]                  from [01m[K/opt/ros/humble/include/rclcpp/rclcpp/executor_options.hpp:20[m[K,
[44.556s]                  from [01m[K/opt/ros/humble/include/rclcpp/rclcpp/executor.hpp:37[m[K,
[44.556s]                  from [01m[K/opt/ros/humble/include/rclcpp/rclcpp/executors/multi_threaded_executor.hpp:25[m[K,
[44.556s]                  from [01m[K/opt/ros/humble/include/rclcpp/rclcpp/executors.hpp:21[m[K,
[44.556s]                  from [01m[K/opt/ros/humble/include/rclcpp/rclcpp/rclcpp.hpp:155[m[K,
[44.557s]                  from [01m[K/home/el-system/backup/centering_experiment/src/control/include/drone_controller_.hpp:20[m[K,
[44.557s]                  from [01m[K/home/el-system/backup/centering_experiment/src/control/src/testing/drone_controller.cpp:17[m[K:
[44.557s] [01m[K/opt/ros/humble/include/rclcpp/rclcpp/client.hpp:415:5:[m[K [01;36m[Knote: [m[Kdeclared here
[44.557s]   415 |     [01;36m[Koperator[m[K SharedFuture() {return this->future.share();}
[44.557s]       |     [01;36m[K^~~~~~~~[m[K
[44.557s] [01m[K/home/el-system/backup/centering_experiment/src/control/src/testing/drone_controller.cpp:[m[K In member function ‘[01m[Krclcpp::Client<mavros_msgs::srv::CommandTOL>::SharedFuture DroneController::land_(const std::shared_ptr<mavros_msgs::srv::CommandTOL_Request_<std::allocator<void> > >&)[m[K’:
[44.557s] [01m[K/home/el-system/backup/centering_experiment/src/control/src/testing/drone_controller.cpp:174:244:[m[K [01;35m[Kwarning: [m[K‘[01m[Krclcpp::Client<ServiceT>::FutureAndRequestId::operator rclcpp::Client<ServiceT>::SharedFuture() [with ServiceT = mavros_msgs::srv::CommandTOL; rclcpp::Client<ServiceT>::SharedFuture = std::shared_future<std::shared_ptr<mavros_msgs::srv::CommandTOL_Response_<std::allocator<void> > > >][m[K’ is deprecated: FutureAndRequestId: use .future.share() instead of an implicit conversion [[01;35m[K-Wdeprecated-declarations[m[K]
[44.557s]   174 | rclcpp::Client<mavros_msgs::srv::CommandTOL>::SharedFuture DroneController::land_(const std::shared_ptr<mavros_msgs::srv::CommandTOL::Request>& request)                {waitForLandService(); return this->land_client->async_send_request(request[01;35m[K)[m[K;}
[44.557s]       |                                                                                                                                                                                                                                                    [01;35m[K^[m[K
[44.557s] In file included from [01m[K/opt/ros/humble/include/rclcpp/rclcpp/callback_group.hpp:24[m[K,
[44.557s]                  from [01m[K/opt/ros/humble/include/rclcpp/rclcpp/any_executable.hpp:20[m[K,
[44.558s]                  from [01m[K/opt/ros/humble/include/rclcpp/rclcpp/memory_strategy.hpp:25[m[K,
[44.558s]                  from [01m[K/opt/ros/humble/include/rclcpp/rclcpp/memory_strategies.hpp:18[m[K,
[44.558s]                  from [01m[K/opt/ros/humble/include/rclcpp/rclcpp/executor_options.hpp:20[m[K,
[44.558s]                  from [01m[K/opt/ros/humble/include/rclcpp/rclcpp/executor.hpp:37[m[K,
[44.558s]                  from [01m[K/opt/ros/humble/include/rclcpp/rclcpp/executors/multi_threaded_executor.hpp:25[m[K,
[44.558s]                  from [01m[K/opt/ros/humble/include/rclcpp/rclcpp/executors.hpp:21[m[K,
[44.558s]                  from [01m[K/opt/ros/humble/include/rclcpp/rclcpp/rclcpp.hpp:155[m[K,
[44.558s]                  from [01m[K/home/el-system/backup/centering_experiment/src/control/include/drone_controller_.hpp:20[m[K,
[44.558s]                  from [01m[K/home/el-system/backup/centering_experiment/src/control/src/testing/drone_controller.cpp:17[m[K:
[44.558s] [01m[K/opt/ros/humble/include/rclcpp/rclcpp/client.hpp:415:5:[m[K [01;36m[Knote: [m[Kdeclared here
[44.558s]   415 |     [01;36m[Koperator[m[K SharedFuture() {return this->future.share();}
[44.559s]       |     [01;36m[K^~~~~~~~[m[K
[44.559s] [01m[K/home/el-system/backup/centering_experiment/src/control/src/testing/drone_controller.cpp:[m[K In member function ‘[01m[Krclcpp::Client<mavros_msgs::srv::CommandBool>::SharedFuture DroneController::arm_(const std::shared_ptr<mavros_msgs::srv::CommandBool_Request_<std::allocator<void> > >&)[m[K’:
[44.559s] [01m[K/home/el-system/backup/centering_experiment/src/control/src/testing/drone_controller.cpp:175:248:[m[K [01;35m[Kwarning: [m[K‘[01m[Krclcpp::Client<ServiceT>::FutureAndRequestId::operator rclcpp::Client<ServiceT>::SharedFuture() [with ServiceT = mavros_msgs::srv::CommandBool; rclcpp::Client<ServiceT>::SharedFuture = std::shared_future<std::shared_ptr<mavros_msgs::srv::CommandBool_Response_<std::allocator<void> > > >][m[K’ is deprecated: FutureAndRequestId: use .future.share() instead of an implicit conversion [[01;35m[K-Wdeprecated-declarations[m[K]
[44.559s]   175 | rclcpp::Client<mavros_msgs::srv::CommandBool>::SharedFuture DroneController::arm_(const std::shared_ptr<mavros_msgs::srv::CommandBool::Request>& request)               {waitForArmingService(); return this->arming_client->async_send_request(request[01;35m[K)[m[K;}
[44.559s]       |                                                                                                                                                                                                                                                        [01;35m[K^[m[K
[44.559s] In file included from [01m[K/opt/ros/humble/include/rclcpp/rclcpp/callback_group.hpp:24[m[K,
[44.559s]                  from [01m[K/opt/ros/humble/include/rclcpp/rclcpp/any_executable.hpp:20[m[K,
[44.559s]                  from [01m[K/opt/ros/humble/include/rclcpp/rclcpp/memory_strategy.hpp:25[m[K,
[44.559s]                  from [01m[K/opt/ros/humble/include/rclcpp/rclcpp/memory_strategies.hpp:18[m[K,
[44.559s]                  from [01m[K/opt/ros/humble/include/rclcpp/rclcpp/executor_options.hpp:20[m[K,
[44.559s]                  from [01m[K/opt/ros/humble/include/rclcpp/rclcpp/executor.hpp:37[m[K,
[44.560s]                  from [01m[K/opt/ros/humble/include/rclcpp/rclcpp/executors/multi_threaded_executor.hpp:25[m[K,
[44.560s]                  from [01m[K/opt/ros/humble/include/rclcpp/rclcpp/executors.hpp:21[m[K,
[44.560s]                  from [01m[K/opt/ros/humble/include/rclcpp/rclcpp/rclcpp.hpp:155[m[K,
[44.560s]                  from [01m[K/home/el-system/backup/centering_experiment/src/control/include/drone_controller_.hpp:20[m[K,
[44.560s]                  from [01m[K/home/el-system/backup/centering_experiment/src/control/src/testing/drone_controller.cpp:17[m[K:
[44.560s] [01m[K/opt/ros/humble/include/rclcpp/rclcpp/client.hpp:415:5:[m[K [01;36m[Knote: [m[Kdeclared here
[44.560s]   415 |     [01;36m[Koperator[m[K SharedFuture() {return this->future.share();}
[44.560s]       |     [01;36m[K^~~~~~~~[m[K
[44.560s] [01m[K/home/el-system/backup/centering_experiment/src/control/src/testing/drone_controller.cpp:[m[K In member function ‘[01m[Krclcpp::Client<mavros_msgs::srv::SetMode>::SharedFuture DroneController::setMode_(const std::shared_ptr<mavros_msgs::srv::SetMode_Request_<std::allocator<void> > >&)[m[K’:
[44.560s] [01m[K/home/el-system/backup/centering_experiment/src/control/src/testing/drone_controller.cpp:176:251:[m[K [01;35m[Kwarning: [m[K‘[01m[Krclcpp::Client<ServiceT>::FutureAndRequestId::operator rclcpp::Client<ServiceT>::SharedFuture() [with ServiceT = mavros_msgs::srv::SetMode; rclcpp::Client<ServiceT>::SharedFuture = std::shared_future<std::shared_ptr<mavros_msgs::srv::SetMode_Response_<std::allocator<void> > > >][m[K’ is deprecated: FutureAndRequestId: use .future.share() instead of an implicit conversion [[01;35m[K-Wdeprecated-declarations[m[K]
[44.560s]   176 | rclcpp::Client<mavros_msgs::srv::SetMode>::SharedFuture DroneController::setMode_(const std::shared_ptr<mavros_msgs::srv::SetMode::Request>& request)                   {waitForSetModeService(); return this->set_mode_client->async_send_request(request[01;35m[K)[m[K;}
[44.560s]       |                                                                                                                                                                                                                                                           [01;35m[K^[m[K
[44.561s] In file included from [01m[K/opt/ros/humble/include/rclcpp/rclcpp/callback_group.hpp:24[m[K,
[44.561s]                  from [01m[K/opt/ros/humble/include/rclcpp/rclcpp/any_executable.hpp:20[m[K,
[44.561s]                  from [01m[K/opt/ros/humble/include/rclcpp/rclcpp/memory_strategy.hpp:25[m[K,
[44.561s]                  from [01m[K/opt/ros/humble/include/rclcpp/rclcpp/memory_strategies.hpp:18[m[K,
[44.561s]                  from [01m[K/opt/ros/humble/include/rclcpp/rclcpp/executor_options.hpp:20[m[K,
[44.561s]                  from [01m[K/opt/ros/humble/include/rclcpp/rclcpp/executor.hpp:37[m[K,
[44.561s]                  from [01m[K/opt/ros/humble/include/rclcpp/rclcpp/executors/multi_threaded_executor.hpp:25[m[K,
[44.561s]                  from [01m[K/opt/ros/humble/include/rclcpp/rclcpp/executors.hpp:21[m[K,
[44.561s]                  from [01m[K/opt/ros/humble/include/rclcpp/rclcpp/rclcpp.hpp:155[m[K,
[44.561s]                  from [01m[K/home/el-system/backup/centering_experiment/src/control/include/drone_controller_.hpp:20[m[K,
[44.561s]                  from [01m[K/home/el-system/backup/centering_experiment/src/control/src/testing/drone_controller.cpp:17[m[K:
[44.562s] [01m[K/opt/ros/humble/include/rclcpp/rclcpp/client.hpp:415:5:[m[K [01;36m[Knote: [m[Kdeclared here
[44.562s]   415 |     [01;36m[Koperator[m[K SharedFuture() {return this->future.share();}
[44.562s]       |     [01;36m[K^~~~~~~~[m[K
[44.562s] [01m[K/home/el-system/backup/centering_experiment/src/control/src/testing/drone_controller.cpp:[m[K In member function ‘[01m[Krclcpp::Client<mavros_msgs::srv::CommandLong>::SharedFuture DroneController::servo_(const std::shared_ptr<mavros_msgs::srv::CommandLong_Request_<std::allocator<void> > >&)[m[K’:
[44.562s] [01m[K/home/el-system/backup/centering_experiment/src/control/src/testing/drone_controller.cpp:177:246:[m[K [01;35m[Kwarning: [m[K‘[01m[Krclcpp::Client<ServiceT>::FutureAndRequestId::operator rclcpp::Client<ServiceT>::SharedFuture() [with ServiceT = mavros_msgs::srv::CommandLong; rclcpp::Client<ServiceT>::SharedFuture = std::shared_future<std::shared_ptr<mavros_msgs::srv::CommandLong_Response_<std::allocator<void> > > >][m[K’ is deprecated: FutureAndRequestId: use .future.share() instead of an implicit conversion [[01;35m[K-Wdeprecated-declarations[m[K]
[44.562s]   177 | rclcpp::Client<mavros_msgs::srv::CommandLong>::SharedFuture DroneController::servo_(const std::shared_ptr<mavros_msgs::srv::CommandLong::Request>& request)             {waitForServoService(); return this->servo_client->async_send_request(request[01;35m[K)[m[K;}
[44.562s]       |                                                                                                                                                                                                                                                      [01;35m[K^[m[K
[44.562s] In file included from [01m[K/opt/ros/humble/include/rclcpp/rclcpp/callback_group.hpp:24[m[K,
[44.562s]                  from [01m[K/opt/ros/humble/include/rclcpp/rclcpp/any_executable.hpp:20[m[K,
[44.562s]                  from [01m[K/opt/ros/humble/include/rclcpp/rclcpp/memory_strategy.hpp:25[m[K,
[44.562s]                  from [01m[K/opt/ros/humble/include/rclcpp/rclcpp/memory_strategies.hpp:18[m[K,
[44.563s]                  from [01m[K/opt/ros/humble/include/rclcpp/rclcpp/executor_options.hpp:20[m[K,
[44.563s]                  from [01m[K/opt/ros/humble/include/rclcpp/rclcpp/executor.hpp:37[m[K,
[44.563s]                  from [01m[K/opt/ros/humble/include/rclcpp/rclcpp/executors/multi_threaded_executor.hpp:25[m[K,
[44.563s]                  from [01m[K/opt/ros/humble/include/rclcpp/rclcpp/executors.hpp:21[m[K,
[44.563s]                  from [01m[K/opt/ros/humble/include/rclcpp/rclcpp/rclcpp.hpp:155[m[K,
[44.563s]                  from [01m[K/home/el-system/backup/centering_experiment/src/control/include/drone_controller_.hpp:20[m[K,
[44.563s]                  from [01m[K/home/el-system/backup/centering_experiment/src/control/src/testing/drone_controller.cpp:17[m[K:
[44.563s] [01m[K/opt/ros/humble/include/rclcpp/rclcpp/client.hpp:415:5:[m[K [01;36m[Knote: [m[Kdeclared here
[44.563s]   415 |     [01;36m[Koperator[m[K SharedFuture() {return this->future.share();}
[44.563s]       |     [01;36m[K^~~~~~~~[m[K
[44.563s] [01m[K/home/el-system/backup/centering_experiment/src/control/src/testing/drone_controller.cpp:[m[K In member function ‘[01m[Krclcpp::Client<std_srvs::srv::Trigger>::SharedFuture DroneController::closeCamera_(const std::shared_ptr<std_srvs::srv::Trigger_Request_<std::allocator<void> > >&)[m[K’:
[44.564s] [01m[K/home/el-system/backup/centering_experiment/src/control/src/testing/drone_controller.cpp:178:253:[m[K [01;35m[Kwarning: [m[K‘[01m[Krclcpp::Client<ServiceT>::FutureAndRequestId::operator rclcpp::Client<ServiceT>::SharedFuture() [with ServiceT = std_srvs::srv::Trigger; rclcpp::Client<ServiceT>::SharedFuture = std::shared_future<std::shared_ptr<std_srvs::srv::Trigger_Response_<std::allocator<void> > > >][m[K’ is deprecated: FutureAndRequestId: use .future.share() instead of an implicit conversion [[01;35m[K-Wdeprecated-declarations[m[K]
[44.564s]   178 | rclcpp::Client<std_srvs::srv::Trigger>::SharedFuture DroneController::closeCamera_(const std::shared_ptr<std_srvs::srv::Trigger::Request>& request)                     {waitForCloseCamService(); return this->close_cam_client->async_send_request(request[01;35m[K)[m[K;}
[44.564s]       |                                                                                                                                                                                                                                                             [01;35m[K^[m[K
[44.564s] In file included from [01m[K/opt/ros/humble/include/rclcpp/rclcpp/callback_group.hpp:24[m[K,
[44.564s]                  from [01m[K/opt/ros/humble/include/rclcpp/rclcpp/any_executable.hpp:20[m[K,
[44.564s]                  from [01m[K/opt/ros/humble/include/rclcpp/rclcpp/memory_strategy.hpp:25[m[K,
[44.564s]                  from [01m[K/opt/ros/humble/include/rclcpp/rclcpp/memory_strategies.hpp:18[m[K,
[44.564s]                  from [01m[K/opt/ros/humble/include/rclcpp/rclcpp/executor_options.hpp:20[m[K,
[44.564s]                  from [01m[K/opt/ros/humble/include/rclcpp/rclcpp/executor.hpp:37[m[K,
[44.564s]                  from [01m[K/opt/ros/humble/include/rclcpp/rclcpp/executors/multi_threaded_executor.hpp:25[m[K,
[44.564s]                  from [01m[K/opt/ros/humble/include/rclcpp/rclcpp/executors.hpp:21[m[K,
[44.564s]                  from [01m[K/opt/ros/humble/include/rclcpp/rclcpp/rclcpp.hpp:155[m[K,
[44.565s]                  from [01m[K/home/el-system/backup/centering_experiment/src/control/include/drone_controller_.hpp:20[m[K,
[44.565s]                  from [01m[K/home/el-system/backup/centering_experiment/src/control/src/testing/drone_controller.cpp:17[m[K:
[44.565s] [01m[K/opt/ros/humble/include/rclcpp/rclcpp/client.hpp:415:5:[m[K [01;36m[Knote: [m[Kdeclared here
[44.565s]   415 |     [01;36m[Koperator[m[K SharedFuture() {return this->future.share();}
[44.565s]       |     [01;36m[K^~~~~~~~[m[K
[44.565s] [01m[K/home/el-system/backup/centering_experiment/src/control/src/testing/drone_controller.cpp:[m[K In member function ‘[01m[Krclcpp::Client<std_srvs::srv::Trigger>::SharedFuture DroneController::openCamera_(const std::shared_ptr<std_srvs::srv::Trigger_Request_<std::allocator<void> > >&)[m[K’:
[44.565s] [01m[K/home/el-system/backup/centering_experiment/src/control/src/testing/drone_controller.cpp:179:251:[m[K [01;35m[Kwarning: [m[K‘[01m[Krclcpp::Client<ServiceT>::FutureAndRequestId::operator rclcpp::Client<ServiceT>::SharedFuture() [with ServiceT = std_srvs::srv::Trigger; rclcpp::Client<ServiceT>::SharedFuture = std::shared_future<std::shared_ptr<std_srvs::srv::Trigger_Response_<std::allocator<void> > > >][m[K’ is deprecated: FutureAndRequestId: use .future.share() instead of an implicit conversion [[01;35m[K-Wdeprecated-declarations[m[K]
[44.565s]   179 | rclcpp::Client<std_srvs::srv::Trigger>::SharedFuture DroneController::openCamera_(const std::shared_ptr<std_srvs::srv::Trigger::Request>& request)                      {waitForOpenCamService(); return this->open_cam_client->async_send_request(request[01;35m[K)[m[K;}
[44.565s]       |                                                                                                                                                                                                                                                           [01;35m[K^[m[K
[44.565s] In file included from [01m[K/opt/ros/humble/include/rclcpp/rclcpp/callback_group.hpp:24[m[K,
[44.565s]                  from [01m[K/opt/ros/humble/include/rclcpp/rclcpp/any_executable.hpp:20[m[K,
[44.566s]                  from [01m[K/opt/ros/humble/include/rclcpp/rclcpp/memory_strategy.hpp:25[m[K,
[44.566s]                  from [01m[K/opt/ros/humble/include/rclcpp/rclcpp/memory_strategies.hpp:18[m[K,
[44.566s]                  from [01m[K/opt/ros/humble/include/rclcpp/rclcpp/executor_options.hpp:20[m[K,
[44.566s]                  from [01m[K/opt/ros/humble/include/rclcpp/rclcpp/executor.hpp:37[m[K,
[44.566s]                  from [01m[K/opt/ros/humble/include/rclcpp/rclcpp/executors/multi_threaded_executor.hpp:25[m[K,
[44.566s]                  from [01m[K/opt/ros/humble/include/rclcpp/rclcpp/executors.hpp:21[m[K,
[44.566s]                  from [01m[K/opt/ros/humble/include/rclcpp/rclcpp/rclcpp.hpp:155[m[K,
[44.566s]                  from [01m[K/home/el-system/backup/centering_experiment/src/control/include/drone_controller_.hpp:20[m[K,
[44.566s]                  from [01m[K/home/el-system/backup/centering_experiment/src/control/src/testing/drone_controller.cpp:17[m[K:
[44.566s] [01m[K/opt/ros/humble/include/rclcpp/rclcpp/client.hpp:415:5:[m[K [01;36m[Knote: [m[Kdeclared here
[44.566s]   415 |     [01;36m[Koperator[m[K SharedFuture() {return this->future.share();}
[44.567s]       |     [01;36m[K^~~~~~~~[m[K
[44.567s] [01m[K/home/el-system/backup/centering_experiment/src/control/src/testing/drone_controller.cpp:[m[K In member function ‘[01m[Krclcpp::Client<mavros_msgs::srv::ParamSetV2>::SharedFuture DroneController::setParam_(const std::shared_ptr<mavros_msgs::srv::ParamSetV2_Request_<std::allocator<void> > >&)[m[K’:
[44.567s] [01m[K/home/el-system/backup/centering_experiment/src/control/src/testing/drone_controller.cpp:180:253:[m[K [01;35m[Kwarning: [m[K‘[01m[Krclcpp::Client<ServiceT>::FutureAndRequestId::operator rclcpp::Client<ServiceT>::SharedFuture() [with ServiceT = mavros_msgs::srv::ParamSetV2; rclcpp::Client<ServiceT>::SharedFuture = std::shared_future<std::shared_ptr<mavros_msgs::srv::ParamSetV2_Response_<std::allocator<void> > > >][m[K’ is deprecated: FutureAndRequestId: use .future.share() instead of an implicit conversion [[01;35m[K-Wdeprecated-declarations[m[K]
[44.567s]   180 | rclcpp::Client<mavros_msgs::srv::ParamSetV2>::SharedFuture DroneController::setParam_(const std::shared_ptr<mavros_msgs::srv::ParamSetV2::Request>& request)            {waitForSetParamService(); return this->set_param_client->async_send_request(request[01;35m[K)[m[K;}
[44.567s]       |                                                                                                                                                                                                                                                             [01;35m[K^[m[K
[44.567s] In file included from [01m[K/opt/ros/humble/include/rclcpp/rclcpp/callback_group.hpp:24[m[K,
[44.567s]                  from [01m[K/opt/ros/humble/include/rclcpp/rclcpp/any_executable.hpp:20[m[K,
[44.567s]                  from [01m[K/opt/ros/humble/include/rclcpp/rclcpp/memory_strategy.hpp:25[m[K,
[44.567s]                  from [01m[K/opt/ros/humble/include/rclcpp/rclcpp/memory_strategies.hpp:18[m[K,
[44.567s]                  from [01m[K/opt/ros/humble/include/rclcpp/rclcpp/executor_options.hpp:20[m[K,
[44.568s]                  from [01m[K/opt/ros/humble/include/rclcpp/rclcpp/executor.hpp:37[m[K,
[44.568s]                  from [01m[K/opt/ros/humble/include/rclcpp/rclcpp/executors/multi_threaded_executor.hpp:25[m[K,
[44.568s]                  from [01m[K/opt/ros/humble/include/rclcpp/rclcpp/executors.hpp:21[m[K,
[44.568s]                  from [01m[K/opt/ros/humble/include/rclcpp/rclcpp/rclcpp.hpp:155[m[K,
[44.568s]                  from [01m[K/home/el-system/backup/centering_experiment/src/control/include/drone_controller_.hpp:20[m[K,
[44.568s]                  from [01m[K/home/el-system/backup/centering_experiment/src/control/src/testing/drone_controller.cpp:17[m[K:
[44.568s] [01m[K/opt/ros/humble/include/rclcpp/rclcpp/client.hpp:415:5:[m[K [01;36m[Knote: [m[Kdeclared here
[44.568s]   415 |     [01;36m[Koperator[m[K SharedFuture() {return this->future.share();}
[44.568s]       |     [01;36m[K^~~~~~~~[m[K
[44.568s] [01m[K/home/el-system/backup/centering_experiment/src/control/src/testing/drone_controller.cpp:[m[K In member function ‘[01m[Krclcpp::Client<mavros_msgs::srv::WaypointPush>::SharedFuture DroneController::pushMission_(const std::shared_ptr<mavros_msgs::srv::WaypointPush_Request_<std::allocator<void> > >&)[m[K’:
[44.569s] [01m[K/home/el-system/backup/centering_experiment/src/control/src/testing/drone_controller.cpp:181:256:[m[K [01;35m[Kwarning: [m[K‘[01m[Krclcpp::Client<ServiceT>::FutureAndRequestId::operator rclcpp::Client<ServiceT>::SharedFuture() [with ServiceT = mavros_msgs::srv::WaypointPush; rclcpp::Client<ServiceT>::SharedFuture = std::shared_future<std::shared_ptr<mavros_msgs::srv::WaypointPush_Response_<std::allocator<void> > > >][m[K’ is deprecated: FutureAndRequestId: use .future.share() instead of an implicit conversion [[01;35m[K-Wdeprecated-declarations[m[K]
[44.569s]   181 | rclcpp::Client<mavros_msgs::srv::WaypointPush>::SharedFuture DroneController::pushMission_(const std::shared_ptr<mavros_msgs::srv::WaypointPush::Request>& request)     {waitForSetParamService(); return this->push_mission_client->async_send_request(request[01;35m[K)[m[K;}
[44.569s]       |                                                                                                                                                                                                                                                                [01;35m[K^[m[K
[44.569s] In file included from [01m[K/opt/ros/humble/include/rclcpp/rclcpp/callback_group.hpp:24[m[K,
[44.569s]                  from [01m[K/opt/ros/humble/include/rclcpp/rclcpp/any_executable.hpp:20[m[K,
[44.569s]                  from [01m[K/opt/ros/humble/include/rclcpp/rclcpp/memory_strategy.hpp:25[m[K,
[44.569s]                  from [01m[K/opt/ros/humble/include/rclcpp/rclcpp/memory_strategies.hpp:18[m[K,
[44.569s]                  from [01m[K/opt/ros/humble/include/rclcpp/rclcpp/executor_options.hpp:20[m[K,
[44.569s]                  from [01m[K/opt/ros/humble/include/rclcpp/rclcpp/executor.hpp:37[m[K,
[44.569s]                  from [01m[K/opt/ros/humble/include/rclcpp/rclcpp/executors/multi_threaded_executor.hpp:25[m[K,
[44.569s]                  from [01m[K/opt/ros/humble/include/rclcpp/rclcpp/executors.hpp:21[m[K,
[44.570s]                  from [01m[K/opt/ros/humble/include/rclcpp/rclcpp/rclcpp.hpp:155[m[K,
[44.570s]                  from [01m[K/home/el-system/backup/centering_experiment/src/control/include/drone_controller_.hpp:20[m[K,
[44.570s]                  from [01m[K/home/el-system/backup/centering_experiment/src/control/src/testing/drone_controller.cpp:17[m[K:
[44.570s] [01m[K/opt/ros/humble/include/rclcpp/rclcpp/client.hpp:415:5:[m[K [01;36m[Knote: [m[Kdeclared here
[44.570s]   415 |     [01;36m[Koperator[m[K SharedFuture() {return this->future.share();}
[44.570s]       |     [01;36m[K^~~~~~~~[m[K
[44.570s] [01m[K/home/el-system/backup/centering_experiment/src/control/src/testing/drone_controller.cpp:[m[K In member function ‘[01m[Krclcpp::Client<mavros_msgs::srv::WaypointClear>::SharedFuture DroneController::clearMission_(const std::shared_ptr<mavros_msgs::srv::WaypointClear_Request_<std::allocator<void> > >&)[m[K’:
[44.570s] [01m[K/home/el-system/backup/centering_experiment/src/control/src/testing/drone_controller.cpp:182:257:[m[K [01;35m[Kwarning: [m[K‘[01m[Krclcpp::Client<ServiceT>::FutureAndRequestId::operator rclcpp::Client<ServiceT>::SharedFuture() [with ServiceT = mavros_msgs::srv::WaypointClear; rclcpp::Client<ServiceT>::SharedFuture = std::shared_future<std::shared_ptr<mavros_msgs::srv::WaypointClear_Response_<std::allocator<void> > > >][m[K’ is deprecated: FutureAndRequestId: use .future.share() instead of an implicit conversion [[01;35m[K-Wdeprecated-declarations[m[K]
[44.570s]   182 | rclcpp::Client<mavros_msgs::srv::WaypointClear>::SharedFuture DroneController::clearMission_(const std::shared_ptr<mavros_msgs::srv::WaypointClear::Request>& request)  {waitForSetParamService(); return this->clear_mission_client->async_send_request(request[01;35m[K)[m[K;}
[44.570s]       |                                                                                                                                                                                                                                                                 [01;35m[K^[m[K
[44.570s] In file included from [01m[K/opt/ros/humble/include/rclcpp/rclcpp/callback_group.hpp:24[m[K,
[44.571s]                  from [01m[K/opt/ros/humble/include/rclcpp/rclcpp/any_executable.hpp:20[m[K,
[44.571s]                  from [01m[K/opt/ros/humble/include/rclcpp/rclcpp/memory_strategy.hpp:25[m[K,
[44.571s]                  from [01m[K/opt/ros/humble/include/rclcpp/rclcpp/memory_strategies.hpp:18[m[K,
[44.571s]                  from [01m[K/opt/ros/humble/include/rclcpp/rclcpp/executor_options.hpp:20[m[K,
[44.571s]                  from [01m[K/opt/ros/humble/include/rclcpp/rclcpp/executor.hpp:37[m[K,
[44.571s]                  from [01m[K/opt/ros/humble/include/rclcpp/rclcpp/executors/multi_threaded_executor.hpp:25[m[K,
[44.571s]                  from [01m[K/opt/ros/humble/include/rclcpp/rclcpp/executors.hpp:21[m[K,
[44.571s]                  from [01m[K/opt/ros/humble/include/rclcpp/rclcpp/rclcpp.hpp:155[m[K,
[44.571s]                  from [01m[K/home/el-system/backup/centering_experiment/src/control/include/drone_controller_.hpp:20[m[K,
[44.571s]                  from [01m[K/home/el-system/backup/centering_experiment/src/control/src/testing/drone_controller.cpp:17[m[K:
[44.571s] [01m[K/opt/ros/humble/include/rclcpp/rclcpp/client.hpp:415:5:[m[K [01;36m[Knote: [m[Kdeclared here
[44.572s]   415 |     [01;36m[Koperator[m[K SharedFuture() {return this->future.share();}
[44.572s]       |     [01;36m[K^~~~~~~~[m[K
[44.572s] [01m[K/home/el-system/backup/centering_experiment/src/control/src/testing/drone_controller.cpp:[m[K At global scope:
[44.572s] [01m[K/home/el-system/backup/centering_experiment/src/control/src/testing/drone_controller.cpp:225:38:[m[K [01;35m[Kwarning: [m[Kuse of ‘[01m[Kauto[m[K’ in parameter declaration only available with ‘[01m[K-std=c++20[m[K’ or ‘[01m[K-fconcepts[m[K’
[44.572s]   225 | void DroneController::waitForService([01;35m[Kauto[m[K &client) {
[44.572s]       |                                      [01;35m[K^~~~[m[K
[44.572s] [100%] [1m[32mLinking CXX executable control[0m
[47.028s] [100%] Built target control
[47.040s] Invoked command in '/home/el-system/backup/centering_experiment/build/control' returned '0': CMAKE_PREFIX_PATH=${CMAKE_PREFIX_PATH}:/opt/ros/humble /usr/local/bin/cmake --build /home/el-system/backup/centering_experiment/build/control -- -j12 -l12
[47.050s] Invoking command in '/home/el-system/backup/centering_experiment/build/control': CMAKE_PREFIX_PATH=${CMAKE_PREFIX_PATH}:/opt/ros/humble /usr/local/bin/cmake --install /home/el-system/backup/centering_experiment/build/control
[47.056s] -- Install configuration: ""
[47.056s] -- Installing: /home/el-system/backup/centering_experiment/install/control/lib/control/control
[47.080s] -- Set non-toolchain portion of runtime path of "/home/el-system/backup/centering_experiment/install/control/lib/control/control" to ""
[47.081s] -- Installing: /home/el-system/backup/centering_experiment/install/control/share/control/launch
[47.081s] -- Installing: /home/el-system/backup/centering_experiment/install/control/share/control/config
[47.081s] -- Installing: /home/el-system/backup/centering_experiment/install/control/share/control/config/config.yaml
[47.081s] -- Installing: /home/el-system/backup/centering_experiment/install/control/share/ament_index/resource_index/package_run_dependencies/control
[47.081s] -- Installing: /home/el-system/backup/centering_experiment/install/control/share/ament_index/resource_index/parent_prefix_path/control
[47.082s] -- Installing: /home/el-system/backup/centering_experiment/install/control/share/control/environment/ament_prefix_path.sh
[47.082s] -- Installing: /home/el-system/backup/centering_experiment/install/control/share/control/environment/ament_prefix_path.dsv
[47.082s] -- Installing: /home/el-system/backup/centering_experiment/install/control/share/control/environment/path.sh
[47.082s] -- Installing: /home/el-system/backup/centering_experiment/install/control/share/control/environment/path.dsv
[47.082s] -- Installing: /home/el-system/backup/centering_experiment/install/control/share/control/local_setup.bash
[47.082s] -- Installing: /home/el-system/backup/centering_experiment/install/control/share/control/local_setup.sh
[47.082s] -- Installing: /home/el-system/backup/centering_experiment/install/control/share/control/local_setup.zsh
[47.083s] -- Installing: /home/el-system/backup/centering_experiment/install/control/share/control/local_setup.dsv
[47.084s] -- Installing: /home/el-system/backup/centering_experiment/install/control/share/control/package.dsv
[47.084s] -- Installing: /home/el-system/backup/centering_experiment/install/control/share/ament_index/resource_index/packages/control
[47.085s] -- Installing: /home/el-system/backup/centering_experiment/install/control/share/control/cmake/controlConfig.cmake
[47.085s] -- Installing: /home/el-system/backup/centering_experiment/install/control/share/control/cmake/controlConfig-version.cmake
[47.085s] -- Installing: /home/el-system/backup/centering_experiment/install/control/share/control/package.xml
[47.085s] Invoked command in '/home/el-system/backup/centering_experiment/build/control' returned '0': CMAKE_PREFIX_PATH=${CMAKE_PREFIX_PATH}:/opt/ros/humble /usr/local/bin/cmake --install /home/el-system/backup/centering_experiment/build/control
