[0.009s] Invoking command in '/home/el-system/backup/centering_experiment/build/control': CMAKE_PREFIX_PATH=${CMAKE_PREFIX_PATH}:/opt/ros/humble /usr/local/bin/cmake --build /home/el-system/backup/centering_experiment/build/control -- -j12 -l12
[0.069s] [  8%] [32mBuilding CXX object CMakeFiles/test_centering.dir/src/mission/test.cpp.o[0m
[0.078s] [ 58%] Built target control
[4.424s] In file included from [01m[K/home/el-system/backup/centering_experiment/src/control/include/control_.hpp:30[m[K,
[4.424s]                  from [01m[K/home/el-system/backup/centering_experiment/src/control/src/mission/test.cpp:1[m[K:
[4.424s] [01m[K/home/el-system/backup/centering_experiment/src/control/include/drone_controller_.hpp:167:25:[m[K [01;35m[Kwarning: [m[Kuse of ‘[01m[Kauto[m[K’ in parameter declaration only available with ‘[01m[K-std=c++20[m[K’ or ‘[01m[K-fconcepts[m[K’
[4.424s]   167 |     void waitForService([01;35m[Kauto[m[K &client);
[4.424s]       |                         [01;35m[K^~~~[m[K
[4.425s] In file included from [01m[K/home/el-system/backup/centering_experiment/src/control/src/mission/test.cpp:1[m[K:
[4.425s] [01m[K/home/el-system/backup/centering_experiment/src/control/include/control_.hpp:88:62:[m[K [01;35m[Kwarning: [m[Kuse of ‘[01m[Kauto[m[K’ in parameter declaration only available with ‘[01m[K-std=c++20[m[K’ or ‘[01m[K-fconcepts[m[K’
[4.425s]    88 | bool hasReplied(const std::shared_ptr<DroneController>&node, [01;35m[Kauto[m[K& result);
[4.425s]       |                                                              [01;35m[K^~~~[m[K
[4.425s] [01m[K/home/el-system/backup/centering_experiment/src/control/src/mission/test.cpp:[m[K In function ‘[01m[Kint main(int, char**)[m[K’:
[4.425s] [01m[K/home/el-system/backup/centering_experiment/src/control/src/mission/test.cpp:94:42:[m[K [01;31m[Kerror: [m[Kcannot bind non-const lvalue reference of type ‘[01m[Kbool&[m[K’ to an rvalue of type ‘[01m[Kbool[m[K’
[4.425s]    94 |     centering_payload(node, rate, posee, [01;31m[Kfalse[m[K, 0.2, 1.0, 30.0, 30.0, 0.2)
[4.426s]       |                                          [01;31m[K^~~~~[m[K
[4.426s] In file included from [01m[K/home/el-system/backup/centering_experiment/src/control/src/mission/test.cpp:1[m[K:
[4.426s] [01m[K/home/el-system/backup/centering_experiment/src/control/include/control_.hpp:239:135:[m[K [01;36m[Knote: [m[K  initializing argument 4 of ‘[01m[Kvoid centering_payload(const std::shared_ptr<DroneController>&, rclcpp::Rate&, geometry_msgs::msg::PoseStamped&, bool&, float, float, float, float, float)[m[K’
[4.426s]   239 | void centering_payload(const std::shared_ptr<DroneController>&node, rclcpp::Rate &rate, geometry_msgs::msg::PoseStamped &posee, [01;36m[Kbool &centering_status[m[K, float step = 0.2, float tolerance = 10.0, float timeout = 3.0, float max_time = 30.0, float log_interval = 0.5);
[4.426s]       |                                                                                                                                 [01;36m[K~~~~~~^~~~~~~~~~~~~~~~[m[K
[4.426s] gmake[2]: *** [CMakeFiles/test_centering.dir/build.make:79: CMakeFiles/test_centering.dir/src/mission/test.cpp.o] Error 1
[4.427s] gmake[1]: *** [CMakeFiles/Makefile2:188: CMakeFiles/test_centering.dir/all] Error 2
[4.427s] gmake: *** [Makefile:146: all] Error 2
[4.429s] Invoked command in '/home/el-system/backup/centering_experiment/build/control' returned '2': CMAKE_PREFIX_PATH=${CMAKE_PREFIX_PATH}:/opt/ros/humble /usr/local/bin/cmake --build /home/el-system/backup/centering_experiment/build/control -- -j12 -l12
