[0.008s] Invoking command in '/home/el-system/backup/centering_experiment/build/control': CMAKE_PREFIX_PATH=${CMAKE_PREFIX_PATH}:/opt/ros/humble /usr/local/bin/cmake --build /home/el-system/backup/centering_experiment/build/control -- -j12 -l12
[0.048s] [ 16%] [32mBuilding CXX object CMakeFiles/control.dir/src/mission/control.cpp.o[0m
[0.049s] [ 33%] [32mBuilding CXX object CMakeFiles/control.dir/src/testing/drone_controller.cpp.o[0m
[0.050s] [ 50%] [32mBuilding CXX object CMakeFiles/control.dir/utils/control_.cpp.o[0m
[7.768s] In file included from [01m[K/home/el-system/backup/centering_experiment/src/control/include/control_.hpp:30[m[K,
[7.769s]                  from [01m[K/home/el-system/backup/centering_experiment/src/control/src/mission/control.cpp:1[m[K:
[7.769s] [01m[K/home/el-system/backup/centering_experiment/src/control/include/drone_controller_.hpp:167:25:[m[K [01;35m[Kwarning: [m[Kuse of ‘[01m[Kauto[m[K’ in parameter declaration only available with ‘[01m[K-std=c++20[m[K’ or ‘[01m[K-fconcepts[m[K’
[7.769s]   167 |     void waitForService([01;35m[Kauto[m[K &client);
[7.769s]       |                         [01;35m[K^~~~[m[K
[7.769s] In file included from [01m[K/home/el-system/backup/centering_experiment/src/control/src/mission/control.cpp:1[m[K:
[7.770s] [01m[K/home/el-system/backup/centering_experiment/src/control/include/control_.hpp:88:62:[m[K [01;35m[Kwarning: [m[Kuse of ‘[01m[Kauto[m[K’ in parameter declaration only available with ‘[01m[K-std=c++20[m[K’ or ‘[01m[K-fconcepts[m[K’
[7.770s]    88 | bool hasReplied(const std::shared_ptr<DroneController>&node, [01;35m[Kauto[m[K& result);
[7.770s]       |                                                              [01;35m[K^~~~[m[K
[9.293s] In file included from [01m[K/home/el-system/backup/centering_experiment/src/control/include/control_.hpp:30[m[K,
[9.294s]                  from [01m[K/home/el-system/backup/centering_experiment/src/control/utils/control_.cpp:1[m[K:
[9.294s] [01m[K/home/el-system/backup/centering_experiment/src/control/include/drone_controller_.hpp:167:25:[m[K [01;35m[Kwarning: [m[Kuse of ‘[01m[Kauto[m[K’ in parameter declaration only available with ‘[01m[K-std=c++20[m[K’ or ‘[01m[K-fconcepts[m[K’
[9.295s]   167 |     void waitForService([01;35m[Kauto[m[K &client);
[9.295s]       |                         [01;35m[K^~~~[m[K
[9.295s] In file included from [01m[K/home/el-system/backup/centering_experiment/src/control/utils/control_.cpp:1[m[K:
[9.295s] [01m[K/home/el-system/backup/centering_experiment/src/control/include/control_.hpp:88:62:[m[K [01;35m[Kwarning: [m[Kuse of ‘[01m[Kauto[m[K’ in parameter declaration only available with ‘[01m[K-std=c++20[m[K’ or ‘[01m[K-fconcepts[m[K’
[9.295s]    88 | bool hasReplied(const std::shared_ptr<DroneController>&node, [01;35m[Kauto[m[K& result);
[9.295s]       |                                                              [01;35m[K^~~~[m[K
[9.295s] [01m[K/home/el-system/backup/centering_experiment/src/control/utils/control_.cpp:57:62:[m[K [01;35m[Kwarning: [m[Kuse of ‘[01m[Kauto[m[K’ in parameter declaration only available with ‘[01m[K-std=c++20[m[K’ or ‘[01m[K-fconcepts[m[K’
[9.296s]    57 | bool hasReplied(const std::shared_ptr<DroneController>&node, [01;35m[Kauto[m[K& result){
[9.296s]       |                                                              [01;35m[K^~~~[m[K
[9.296s] [01m[K/home/el-system/backup/centering_experiment/src/control/utils/control_.cpp:[m[K In function ‘[01m[Kvoid executeLocalWaypointMoveVelocity(const std::shared_ptr<DroneController>&, rclcpp::Rate&, geometry_msgs::msg::PoseStamped&, float, float, float, float, float, float)[m[K’:
[9.296s] [01m[K/home/el-system/backup/centering_experiment/src/control/utils/control_.cpp:484:98:[m[K [01;35m[Kwarning: [m[Kunused parameter ‘[01m[Krate[m[K’ [[01;35m[K-Wunused-parameter[m[K]
[9.296s]   484 | void executeLocalWaypointMoveVelocity(const std::shared_ptr<DroneController>&node, [01;35m[Krclcpp::Rate &rate[m[K,
[9.296s]       |                                                                                    [01;35m[K~~~~~~~~~~~~~~^~~~[m[K
[9.296s] [01m[K/home/el-system/backup/centering_experiment/src/control/utils/control_.cpp:486:50:[m[K [01;35m[Kwarning: [m[Kunused parameter ‘[01m[Kyaw_angle[m[K’ [[01;35m[K-Wunused-parameter[m[K]
[9.296s]   486 |                                float up_z, [01;35m[Kfloat yaw_angle[m[K, float max_velocity, float tolerance) {
[9.296s]       |                                            [01;35m[K~~~~~~^~~~~~~~~[m[K
[9.297s] [01m[K/home/el-system/backup/centering_experiment/src/control/utils/control_.cpp:[m[K In function ‘[01m[Kvoid safeLanding(const std::shared_ptr<DroneController>&, rclcpp::Rate&, geometry_msgs::msg::PoseStamped&, float)[m[K’:
[9.297s] [01m[K/home/el-system/backup/centering_experiment/src/control/utils/control_.cpp:881:77:[m[K [01;35m[Kwarning: [m[Kunused parameter ‘[01m[Krate[m[K’ [[01;35m[K-Wunused-parameter[m[K]
[9.297s]   881 | void safeLanding(const std::shared_ptr<DroneController>&node, [01;35m[Krclcpp::Rate &rate[m[K, geometry_msgs::msg::PoseStamped &posee, float descent_rate = 0.3) {
[9.297s]       |                                                               [01;35m[K~~~~~~~~~~~~~~^~~~[m[K
[9.297s] [01m[K/home/el-system/backup/centering_experiment/src/control/utils/control_.cpp:[m[K In function ‘[01m[Kvoid centeringPayload(const std::shared_ptr<DroneController>&, rclcpp::Rate&, geometry_msgs::msg::PoseStamped&, float, bool&, float, float, float, float, float, float, float, float, float, std::string, std::string)[m[K’:
[9.297s] [01m[K/home/el-system/backup/centering_experiment/src/control/utils/control_.cpp:1137:17:[m[K [01;35m[Kwarning: [m[Kunused variable ‘[01m[KdropAlt[m[K’ [[01;35m[K-Wunused-variable[m[K]
[9.297s]  1137 |     const float [01;35m[KdropAlt[m[K = 0.6;
[9.297s]       |                 [01;35m[K^~~~~~~[m[K
[9.297s] [01m[K/home/el-system/backup/centering_experiment/src/control/utils/control_.cpp:1140:29:[m[K [01;35m[Kwarning: [m[Kvariable ‘[01m[Kdetected[m[K’ set but not used [[01;35m[K-Wunused-but-set-variable[m[K]
[9.297s]  1140 |     float roll, pitch; bool [01;35m[Kdetected[m[K = false;
[9.297s]       |                             [01;35m[K^~~~~~~~[m[K
[9.297s] [01m[K/home/el-system/backup/centering_experiment/src/control/utils/control_.cpp:1141:59:[m[K [01;35m[Kwarning: [m[Kunused variable ‘[01m[Kavg_sample[m[K’ [[01;35m[K-Wunused-variable[m[K]
[9.297s]  1141 |     geometry_msgs::msg::PoseStamped avg_payload_pose; int [01;35m[Kavg_sample[m[K = 1; int buffer_size = 4;
[9.297s]       |                                                           [01;35m[K^~~~~~~~~~[m[K
[9.297s] [01m[K/home/el-system/backup/centering_experiment/src/control/utils/control_.cpp:1141:79:[m[K [01;35m[Kwarning: [m[Kunused variable ‘[01m[Kbuffer_size[m[K’ [[01;35m[K-Wunused-variable[m[K]
[9.297s]  1141 |     geometry_msgs::msg::PoseStamped avg_payload_pose; int avg_sample = 1; int [01;35m[Kbuffer_size[m[K = 4;
[9.297s]       |                                                                               [01;35m[K^~~~~~~~~~~[m[K
[9.297s] [01m[K/home/el-system/backup/centering_experiment/src/control/utils/control_.cpp:[m[K In function ‘[01m[Kvoid centeringEmber(const std::shared_ptr<DroneController>&, rclcpp::Rate&, geometry_msgs::msg::PoseStamped&, float, bool&, float, float, float)[m[K’:
[9.297s] [01m[K/home/el-system/backup/centering_experiment/src/control/utils/control_.cpp:1413:11:[m[K [01;35m[Kwarning: [m[Kvariable ‘[01m[Kroll[m[K’ set but not used [[01;35m[K-Wunused-but-set-variable[m[K]
[9.297s]  1413 |     float [01;35m[Kroll[m[K, pitch; bool detected = false;
[9.298s]       |           [01;35m[K^~~~[m[K
[9.298s] [01m[K/home/el-system/backup/centering_experiment/src/control/utils/control_.cpp:1413:17:[m[K [01;35m[Kwarning: [m[Kvariable ‘[01m[Kpitch[m[K’ set but not used [[01;35m[K-Wunused-but-set-variable[m[K]
[9.298s]  1413 |     float roll, [01;35m[Kpitch[m[K; bool detected = false;
[9.298s]       |                 [01;35m[K^~~~~[m[K
[9.298s] [01m[K/home/el-system/backup/centering_experiment/src/control/utils/control_.cpp:1413:29:[m[K [01;35m[Kwarning: [m[Kvariable ‘[01m[Kdetected[m[K’ set but not used [[01;35m[K-Wunused-but-set-variable[m[K]
[9.298s]  1413 |     float roll, pitch; bool [01;35m[Kdetected[m[K = false;
[9.298s]       |                             [01;35m[K^~~~~~~~[m[K
[9.298s] [01m[K/home/el-system/backup/centering_experiment/src/control/utils/control_.cpp:1414:57:[m[K [01;35m[Kwarning: [m[Kunused variable ‘[01m[Kavg_sample[m[K’ [[01;35m[K-Wunused-variable[m[K]
[9.298s]  1414 |     geometry_msgs::msg::PoseStamped avg_ember_pose; int [01;35m[Kavg_sample[m[K = 1; int buffer_size = 4;
[9.298s]       |                                                         [01;35m[K^~~~~~~~~~[m[K
[9.298s] [01m[K/home/el-system/backup/centering_experiment/src/control/utils/control_.cpp:1414:77:[m[K [01;35m[Kwarning: [m[Kunused variable ‘[01m[Kbuffer_size[m[K’ [[01;35m[K-Wunused-variable[m[K]
[9.298s]  1414 |     geometry_msgs::msg::PoseStamped avg_ember_pose; int avg_sample = 1; int [01;35m[Kbuffer_size[m[K = 4;
[9.298s]       |                                                                             [01;35m[K^~~~~~~~~~~[m[K
[9.298s] [01m[K/home/el-system/backup/centering_experiment/src/control/utils/control_.cpp:[m[K In function ‘[01m[Kvoid centeringGate(const std::shared_ptr<DroneController>&, rclcpp::Rate&, geometry_msgs::msg::PoseStamped&, float)[m[K’:
[9.298s] [01m[K/home/el-system/backup/centering_experiment/src/control/utils/control_.cpp:1691:30:[m[K [01;35m[Kwarning: [m[Kcomparison of integer expressions of different signedness: ‘[01m[Kint[m[K’ and ‘[01m[Kstd::vector<float>::size_type[m[K’ {aka ‘[01m[Klong unsigned int[m[K’} [[01;35m[K-Wsign-compare[m[K]
[9.298s]  1691 |             for(int j = 0; [01;35m[Kj < x_points.size()[m[K; j++) {
[9.298s]       |                            [01;35m[K~~^~~~~~~~~~~~~~~~~[m[K
[9.298s] [01m[K/home/el-system/backup/centering_experiment/src/control/utils/control_.cpp:1681:15:[m[K [01;35m[Kwarning: [m[Kunused variable ‘[01m[Kx1_min[m[K’ [[01;35m[K-Wunused-variable[m[K]
[9.298s]  1681 |         float [01;35m[Kx1_min[m[K = -1.0, x2_min = -1.0;
[9.298s]       |               [01;35m[K^~~~~~[m[K
[9.298s] [01m[K/home/el-system/backup/centering_experiment/src/control/utils/control_.cpp:1681:30:[m[K [01;35m[Kwarning: [m[Kunused variable ‘[01m[Kx2_min[m[K’ [[01;35m[K-Wunused-variable[m[K]
[9.298s]  1681 |         float x1_min = -1.0, [01;35m[Kx2_min[m[K = -1.0;
[9.298s]       |                              [01;35m[K^~~~~~[m[K
[9.299s] [01m[K/home/el-system/backup/centering_experiment/src/control/utils/control_.cpp:[m[K In function ‘[01m[Kvoid centeringBunder(const std::shared_ptr<DroneController>&, rclcpp::Rate&, geometry_msgs::msg::PoseStamped&, float, bool&, float, float, float)[m[K’:
[9.299s] [01m[K/home/el-system/backup/centering_experiment/src/control/utils/control_.cpp:1829:11:[m[K [01;35m[Kwarning: [m[Kvariable ‘[01m[Kroll[m[K’ set but not used [[01;35m[K-Wunused-but-set-variable[m[K]
[9.299s]  1829 |     float [01;35m[Kroll[m[K, pitch; bool detected = false;
[9.299s]       |           [01;35m[K^~~~[m[K
[9.299s] [01m[K/home/el-system/backup/centering_experiment/src/control/utils/control_.cpp:1829:17:[m[K [01;35m[Kwarning: [m[Kvariable ‘[01m[Kpitch[m[K’ set but not used [[01;35m[K-Wunused-but-set-variable[m[K]
[9.299s]  1829 |     float roll, [01;35m[Kpitch[m[K; bool detected = false;
[9.299s]       |                 [01;35m[K^~~~~[m[K
[9.299s] [01m[K/home/el-system/backup/centering_experiment/src/control/utils/control_.cpp:1829:29:[m[K [01;35m[Kwarning: [m[Kvariable ‘[01m[Kdetected[m[K’ set but not used [[01;35m[K-Wunused-but-set-variable[m[K]
[9.299s]  1829 |     float roll, pitch; bool [01;35m[Kdetected[m[K = false;
[9.299s]       |                             [01;35m[K^~~~~~~~[m[K
[9.299s] [01m[K/home/el-system/backup/centering_experiment/src/control/utils/control_.cpp:1830:58:[m[K [01;35m[Kwarning: [m[Kunused variable ‘[01m[Kavg_sample[m[K’ [[01;35m[K-Wunused-variable[m[K]
[9.299s]  1830 |     geometry_msgs::msg::PoseStamped avg_bunder_pose; int [01;35m[Kavg_sample[m[K = 1; int buffer_size = 4;
[9.299s]       |                                                          [01;35m[K^~~~~~~~~~[m[K
[9.299s] [01m[K/home/el-system/backup/centering_experiment/src/control/utils/control_.cpp:1830:78:[m[K [01;35m[Kwarning: [m[Kunused variable ‘[01m[Kbuffer_size[m[K’ [[01;35m[K-Wunused-variable[m[K]
[9.299s]  1830 |     geometry_msgs::msg::PoseStamped avg_bunder_pose; int avg_sample = 1; int [01;35m[Kbuffer_size[m[K = 4;
[9.299s]       |                                                                              [01;35m[K^~~~~~~~~~~[m[K
[9.299s] [01m[K/home/el-system/backup/centering_experiment/src/control/utils/control_.cpp:[m[K In function ‘[01m[Kvoid moveToPoint(const std::shared_ptr<DroneController>&, rclcpp::Rate&, geometry_msgs::msg::PoseStamped&, float, float, float, float, float, float)[m[K’:
[9.299s] [01m[K/home/el-system/backup/centering_experiment/src/control/utils/control_.cpp:2024:55:[m[K [01;35m[Kwarning: [m[Kunused variable ‘[01m[Ki[m[K’ [[01;35m[K-Wunused-variable[m[K]
[9.299s]  2024 |     float last_x, last_y, distance, progress=0.0; int [01;35m[Ki[m[K =0;
[9.299s]       |                                                       [01;35m[K^[m[K
[9.299s] [01m[K/home/el-system/backup/centering_experiment/src/control/utils/control_.cpp:2008:156:[m[K [01;35m[Kwarning: [m[Kunused parameter ‘[01m[Kangle[m[K’ [[01;35m[K-Wunused-parameter[m[K]
[9.299s]  2008 | void moveToPoint(const std::shared_ptr<DroneController>&node, rclcpp::Rate &rate, geometry_msgs::msg::PoseStamped &posee, float x, float y, float z, [01;35m[Kfloat angle[m[K, float speed, float tolerance) {
[9.300s]       |                                                                                                                                                      [01;35m[K~~~~~~^~~~~[m[K
[9.300s] [01m[K/home/el-system/backup/centering_experiment/src/control/utils/control_.cpp:[m[K In function ‘[01m[Kvoid moveToPoint(const std::shared_ptr<DroneController>&, rclcpp::Rate&, geometry_msgs::msg::PoseStamped&, geometry_msgs::msg::Pose, float, float, bool, bool, bool)[m[K’:
[9.300s] [01m[K/home/el-system/backup/centering_experiment/src/control/utils/control_.cpp:2070:11:[m[K [01;35m[Kwarning: [m[Kunused variable ‘[01m[Kdistance_to_target[m[K’ [[01;35m[K-Wunused-variable[m[K]
[9.300s]  2070 |     float [01;35m[Kdistance_to_target[m[K = dist(posee.pose.position, target.position);
[9.300s]       |           [01;35m[K^~~~~~~~~~~~~~~~~~[m[K
[9.300s] [01m[K/home/el-system/backup/centering_experiment/src/control/utils/control_.cpp:[m[K In function ‘[01m[Kvoid holdPosition(const std::shared_ptr<DroneController>&, rclcpp::Rate&, geometry_msgs::msg::PoseStamped&, float)[m[K’:
[9.300s] [01m[K/home/el-system/backup/centering_experiment/src/control/utils/control_.cpp:2210:78:[m[K [01;35m[Kwarning: [m[Kunused parameter ‘[01m[Krate[m[K’ [[01;35m[K-Wunused-parameter[m[K]
[9.300s]  2210 | void holdPosition(const std::shared_ptr<DroneController>&node, [01;35m[Krclcpp::Rate &rate[m[K, geometry_msgs::msg::PoseStamped& posee, float duration){
[9.300s]       |                                                                [01;35m[K~~~~~~~~~~~~~~^~~~[m[K
[9.300s] In file included from [01m[K/opt/ros/humble/include/rclcpp/rclcpp/logging.hpp:24[m[K,
[9.300s]                  from [01m[K/opt/ros/humble/include/rclcpp/rclcpp/client.hpp:40[m[K,
[9.300s]                  from [01m[K/opt/ros/humble/include/rclcpp/rclcpp/callback_group.hpp:24[m[K,
[9.300s]                  from [01m[K/opt/ros/humble/include/rclcpp/rclcpp/any_executable.hpp:20[m[K,
[9.300s]                  from [01m[K/opt/ros/humble/include/rclcpp/rclcpp/memory_strategy.hpp:25[m[K,
[9.300s]                  from [01m[K/opt/ros/humble/include/rclcpp/rclcpp/memory_strategies.hpp:18[m[K,
[9.300s]                  from [01m[K/opt/ros/humble/include/rclcpp/rclcpp/executor_options.hpp:20[m[K,
[9.300s]                  from [01m[K/opt/ros/humble/include/rclcpp/rclcpp/executor.hpp:37[m[K,
[9.300s]                  from [01m[K/opt/ros/humble/include/rclcpp/rclcpp/executors/multi_threaded_executor.hpp:25[m[K,
[9.300s]                  from [01m[K/opt/ros/humble/include/rclcpp/rclcpp/executors.hpp:21[m[K,
[9.300s]                  from [01m[K/opt/ros/humble/include/rclcpp/rclcpp/rclcpp.hpp:155[m[K,
[9.300s]                  from [01m[K/home/el-system/backup/centering_experiment/src/control/include/control_.hpp:4[m[K,
[9.300s]                  from [01m[K/home/el-system/backup/centering_experiment/src/control/utils/control_.cpp:1[m[K:
[9.300s] [01m[K/home/el-system/backup/centering_experiment/src/control/utils/control_.cpp:[m[K In function ‘[01m[Kvoid waitForPosition(const std::shared_ptr<DroneController>&, rclcpp::Rate&, mavros_msgs::msg::GlobalPositionTarget, double, bool, float)[m[K’:
[9.301s] [01m[K/home/el-system/backup/centering_experiment/src/control/utils/control_.cpp:2273:41:[m[K [01;35m[Kwarning: [m[Kformat ‘[01m[K%d[m[K’ expects argument of type ‘[01m[Kint[m[K’, but argument 5 has type ‘[01m[Kdouble[m[K’ [[01;35m[K-Wformat=[m[K]
[9.301s]  2273 |         RCLCPP_INFO(node->get_logger(), [01;35m[K"%d - CURRR DISTANCEE: %f, meter: %.2f, payload: %.2f"[m[K, [32m[Kdistance[m[K, dist_m, node->getCurrentPosePayload().pose.position.x);
[9.301s]       |                                         [01;35m[K^~~~~~~~~~~~~~~~~~~~~~~~~~~~~~~~~~~~~~~~~~~~~~~~~~~~~~[m[K  [32m[K~~~~~~~~[m[K
[9.301s]       |                                                                                                 [32m[K|[m[K
[9.301s]       |                                                                                                 [32m[Kdouble[m[K
[9.301s] [01m[K/home/el-system/backup/centering_experiment/src/control/utils/control_.cpp:2273:43:[m[K [01;36m[Knote: [m[Kformat string is defined here
[9.301s]  2273 |         RCLCPP_INFO(node->get_logger(), "[01;36m[K%d[m[K - CURRR DISTANCEE: %f, meter: %.2f, payload: %.2f", distance, dist_m, node->getCurrentPosePayload().pose.position.x);
[9.301s]       |                                          [01;36m[K~^[m[K
[9.301s]       |                                           [01;36m[K|[m[K
[9.301s]       |                                           [01;36m[Kint[m[K
[9.301s]       |                                          [32m[K%f[m[K
[9.301s] In file included from [01m[K/opt/ros/humble/include/rclcpp/rclcpp/logging.hpp:24[m[K,
[9.301s]                  from [01m[K/opt/ros/humble/include/rclcpp/rclcpp/client.hpp:40[m[K,
[9.301s]                  from [01m[K/opt/ros/humble/include/rclcpp/rclcpp/callback_group.hpp:24[m[K,
[9.301s]                  from [01m[K/opt/ros/humble/include/rclcpp/rclcpp/any_executable.hpp:20[m[K,
[9.301s]                  from [01m[K/opt/ros/humble/include/rclcpp/rclcpp/memory_strategy.hpp:25[m[K,
[9.301s]                  from [01m[K/opt/ros/humble/include/rclcpp/rclcpp/memory_strategies.hpp:18[m[K,
[9.301s]                  from [01m[K/opt/ros/humble/include/rclcpp/rclcpp/executor_options.hpp:20[m[K,
[9.301s]                  from [01m[K/opt/ros/humble/include/rclcpp/rclcpp/executor.hpp:37[m[K,
[9.301s]                  from [01m[K/opt/ros/humble/include/rclcpp/rclcpp/executors/multi_threaded_executor.hpp:25[m[K,
[9.301s]                  from [01m[K/opt/ros/humble/include/rclcpp/rclcpp/executors.hpp:21[m[K,
[9.301s]                  from [01m[K/opt/ros/humble/include/rclcpp/rclcpp/rclcpp.hpp:155[m[K,
[9.302s]                  from [01m[K/home/el-system/backup/centering_experiment/src/control/include/control_.hpp:4[m[K,
[9.302s]                  from [01m[K/home/el-system/backup/centering_experiment/src/control/utils/control_.cpp:1[m[K:
[9.302s] [01m[K/home/el-system/backup/centering_experiment/src/control/utils/control_.cpp:2273:41:[m[K [01;35m[Kwarning: [m[Kformat ‘[01m[K%f[m[K’ expects a matching ‘[01m[Kdouble[m[K’ argument [[01;35m[K-Wformat=[m[K]
[9.302s]  2273 |         RCLCPP_INFO(node->get_logger(), [01;35m[K"%d - CURRR DISTANCEE: %f, meter: %.2f, payload: %.2f"[m[K, distance, dist_m, node->getCurrentPosePayload().pose.position.x);
[9.302s]       |                                         [01;35m[K^~~~~~~~~~~~~~~~~~~~~~~~~~~~~~~~~~~~~~~~~~~~~~~~~~~~~~[m[K
[9.302s] [01m[K/home/el-system/backup/centering_experiment/src/control/utils/control_.cpp:2273:93:[m[K [01;36m[Knote: [m[Kformat string is defined here
[9.302s]  2273 |         RCLCPP_INFO(node->get_logger(), "%d - CURRR DISTANCEE: %f, meter: %.2f, payload: [01;36m[K%.2f[m[K", distance, dist_m, node->getCurrentPosePayload().pose.position.x);
[9.302s]       |                                                                                          [01;36m[K~~~^[m[K
[9.302s]       |                                                                                             [01;36m[K|[m[K
[9.302s]       |                                                                                             [01;36m[Kdouble[m[K
[9.302s] [01m[K/home/el-system/backup/centering_experiment/src/control/utils/control_.cpp:2268:16:[m[K [01;35m[Kwarning: [m[Kunused variable ‘[01m[Kdalt[m[K’ [[01;35m[K-Wunused-variable[m[K]
[9.302s]  2268 |         double [01;35m[Kdalt[m[K = raw.altitude - node->getCurrentGPSPosition().altitude;
[9.302s]       |                [01;35m[K^~~~[m[K
[9.302s] [01m[K/home/el-system/backup/centering_experiment/src/control/utils/control_.cpp:2250:177:[m[K [01;35m[Kwarning: [m[Kunused parameter ‘[01m[Kcenter_dist[m[K’ [[01;35m[K-Wunused-parameter[m[K]
[9.302s]  2250 | void waitForPosition(const std::shared_ptr<DroneController>&node, rclcpp::Rate &rate, mavros_msgs::msg::GlobalPositionTarget raw, double tolerance, bool allow_centering, [01;35m[Kfloat center_dist[m[K) {
[9.302s]       |                                                                                                                                                                           [01;35m[K~~~~~~^~~~~~~~~~~[m[K
[9.302s] [01m[K/home/el-system/backup/centering_experiment/src/control/utils/control_.cpp:[m[K In function ‘[01m[Kvoid sendGlobalRawAsync(const std::shared_ptr<DroneController>&, rclcpp::Rate&, geometry_msgs::msg::PoseStamped&, float, float, float, bool, float)[m[K’:
[9.302s] [01m[K/home/el-system/backup/centering_experiment/src/control/utils/control_.cpp:2340:171:[m[K [01;35m[Kwarning: [m[Kunused parameter ‘[01m[Kallow_centering[m[K’ [[01;35m[K-Wunused-parameter[m[K]
[9.302s]  2340 | void sendGlobalRawAsync(const std::shared_ptr<DroneController>&node, rclcpp::Rate &rate, geometry_msgs::msg::PoseStamped &posee, float latt, float lonn, float altt, [01;35m[Kbool allow_centering[m[K, float center_dist) {
[9.302s]       |                                                                                                                                                                      [01;35m[K~~~~~^~~~~~~~~~~~~~~[m[K
[9.302s] [01m[K/home/el-system/backup/centering_experiment/src/control/utils/control_.cpp:2340:194:[m[K [01;35m[Kwarning: [m[Kunused parameter ‘[01m[Kcenter_dist[m[K’ [[01;35m[K-Wunused-parameter[m[K]
[9.302s]  2340 | void sendGlobalRawAsync(const std::shared_ptr<DroneController>&node, rclcpp::Rate &rate, geometry_msgs::msg::PoseStamped &posee, float latt, float lonn, float altt, bool allow_centering, [01;35m[Kfloat center_dist[m[K) {
[9.302s]       |                                                                                                                                                                                            [01;35m[K~~~~~~^~~~~~~~~~~[m[K
[9.303s] [01m[K/home/el-system/backup/centering_experiment/src/control/utils/control_.cpp:[m[K In function ‘[01m[Kvoid sendGlobalRawFromXYZ(const std::shared_ptr<DroneController>&, rclcpp::Rate&, geometry_msgs::msg::PoseStamped&, LatLonAlt, double, float, float, float, bool, float)[m[K’:
[9.303s] [01m[K/home/el-system/backup/centering_experiment/src/control/utils/control_.cpp:2388:203:[m[K [01;35m[Kwarning: [m[Kunused parameter ‘[01m[Kallow_centering[m[K’ [[01;35m[K-Wunused-parameter[m[K]
[9.303s]  2388 | void sendGlobalRawFromXYZ(const std::shared_ptr<DroneController>&node, rclcpp::Rate &rate, geometry_msgs::msg::PoseStamped &posee, LatLonAlt zero, double zero_hdg, float x, float y, float rel_alt, [01;35m[Kbool allow_centering[m[K, float center_dist) {
[9.303s]       |                                                                                                                                                                                                      [01;35m[K~~~~~^~~~~~~~~~~~~~~[m[K
[9.303s] [01m[K/home/el-system/backup/centering_experiment/src/control/utils/control_.cpp:2388:226:[m[K [01;35m[Kwarning: [m[Kunused parameter ‘[01m[Kcenter_dist[m[K’ [[01;35m[K-Wunused-parameter[m[K]
[9.303s]  2388 | void sendGlobalRawFromXYZ(const std::shared_ptr<DroneController>&node, rclcpp::Rate &rate, geometry_msgs::msg::PoseStamped &posee, LatLonAlt zero, double zero_hdg, float x, float y, float rel_alt, bool allow_centering, [01;35m[Kfloat center_dist[m[K) {
[9.303s]       |                                                                                                                                                                                                                            [01;35m[K~~~~~~^~~~~~~~~~~[m[K
[9.303s] In file included from [01m[K/opt/ros/humble/include/rclcpp/rclcpp/logging.hpp:24[m[K,
[9.303s]                  from [01m[K/opt/ros/humble/include/rclcpp/rclcpp/client.hpp:40[m[K,
[9.303s]                  from [01m[K/opt/ros/humble/include/rclcpp/rclcpp/callback_group.hpp:24[m[K,
[9.303s]                  from [01m[K/opt/ros/humble/include/rclcpp/rclcpp/any_executable.hpp:20[m[K,
[9.303s]                  from [01m[K/opt/ros/humble/include/rclcpp/rclcpp/memory_strategy.hpp:25[m[K,
[9.303s]                  from [01m[K/opt/ros/humble/include/rclcpp/rclcpp/memory_strategies.hpp:18[m[K,
[9.303s]                  from [01m[K/opt/ros/humble/include/rclcpp/rclcpp/executor_options.hpp:20[m[K,
[9.303s]                  from [01m[K/opt/ros/humble/include/rclcpp/rclcpp/executor.hpp:37[m[K,
[9.303s]                  from [01m[K/opt/ros/humble/include/rclcpp/rclcpp/executors/multi_threaded_executor.hpp:25[m[K,
[9.303s]                  from [01m[K/opt/ros/humble/include/rclcpp/rclcpp/executors.hpp:21[m[K,
[9.303s]                  from [01m[K/opt/ros/humble/include/rclcpp/rclcpp/rclcpp.hpp:155[m[K,
[9.303s]                  from [01m[K/home/el-system/backup/centering_experiment/src/control/include/control_.hpp:4[m[K,
[9.303s]                  from [01m[K/home/el-system/backup/centering_experiment/src/control/utils/control_.cpp:1[m[K:
[9.303s] [01m[K/home/el-system/backup/centering_experiment/src/control/utils/control_.cpp:[m[K In function ‘[01m[Kvoid pushMission(const std::shared_ptr<DroneController>&, std::vector<mavros_msgs::msg::Waypoint_<std::allocator<void> >, std::allocator<mavros_msgs::msg::Waypoint_<std::allocator<void> > > >)[m[K’:
[9.303s] [01m[K/home/el-system/backup/centering_experiment/src/control/utils/control_.cpp:2489:37:[m[K [01;35m[Kwarning: [m[Kformat ‘[01m[K%d[m[K’ expects argument of type ‘[01m[Kint[m[K’, but argument 5 has type ‘[01m[Kstd::vector<mavros_msgs::msg::Waypoint_<std::allocator<void> >, std::allocator<mavros_msgs::msg::Waypoint_<std::allocator<void> > > >::size_type[m[K’ {aka ‘[01m[Klong unsigned int[m[K’} [[01;35m[K-Wformat=[m[K]
[9.303s]  2489 |     RCLCPP_INFO(node->get_logger(), [01;35m[K"Pushing mission of size %d"[m[K, [32m[Kwaypoints.size()[m[K);
[9.304s]       |                                     [01;35m[K^~~~~~~~~~~~~~~~~~~~~~~~~~~~[m[K  [32m[K~~~~~~~~~~~~~~~~[m[K
[9.304s]       |                                                                                 [32m[K|[m[K
[9.304s]       |                                                                                 [32m[Kstd::vector<mavros_msgs::msg::Waypoint_<std::allocator<void> >, std::allocator<mavros_msgs::msg::Waypoint_<std::allocator<void> > > >::size_type {aka long unsigned int}[m[K
[9.304s] [01m[K/home/el-system/backup/centering_experiment/src/control/utils/control_.cpp:2489:63:[m[K [01;36m[Knote: [m[Kformat string is defined here
[9.304s]  2489 |     RCLCPP_INFO(node->get_logger(), "Pushing mission of size [01;36m[K%d[m[K", waypoints.size());
[9.304s]       |                                                              [01;36m[K~^[m[K
[9.304s]       |                                                               [01;36m[K|[m[K
[9.304s]       |                                                               [01;36m[Kint[m[K
[9.304s]       |                                                              [32m[K%ld[m[K
[9.304s] [01m[K/home/el-system/backup/centering_experiment/src/control/utils/control_.cpp:[m[K In function ‘[01m[Kvoid moveWithLaser(const std::shared_ptr<DroneController>&, rclcpp::Rate&, geometry_msgs::msg::PoseStamped&, float, float, float, float, float, bool, bool, float, float)[m[K’:
[9.304s] [01m[K/home/el-system/backup/centering_experiment/src/control/utils/control_.cpp:2615:422:[m[K [01;35m[Kwarning: [m[Ksuggest parentheses around comparison in operand of ‘[01m[K&[m[K’ [[01;35m[K-Wparentheses[m[K]
[9.304s]  2615 |         vel_pose.pose.position.x = x ? limit(max_speed, P_maju*err_x + I_maju*total_error_maju + D_maju*last_error_maju) : (front + back <= 2.85f ? limit(koreksi_max_speed, P_koreksi*(front - back) + I_koreksi*total_error_koreksi + D_koreksi*last_error_koreksi) : (back == 2.1f && front != 2.1f ? limit(koreksi_max_speed, P_koreksi*(front - 1.25 ) + I_koreksi*total_error_koreksi + D_koreksi*last_error_koreksi) : ([01;35m[Kfront == 2.1f[m[K & back != 2.1f ? limit(koreksi_max_speed, P_koreksi*(1.25 - back) + I_koreksi*total_error_koreksi + D_koreksi*last_error_koreksi) : 0.0)));
[9.304s]       |                                                                                                                                                                                                                                                                                                                                                                                                                                [01;35m[K~~~~~~^~~~~~~[m[K
[9.304s] [01m[K/home/el-system/backup/centering_experiment/src/control/utils/control_.cpp:2616:421:[m[K [01;35m[Kwarning: [m[Ksuggest parentheses around comparison in operand of ‘[01m[K&[m[K’ [[01;35m[K-Wparentheses[m[K]
[9.304s]  2616 |         vel_pose.pose.position.y = y ? limit(max_speed, P_maju*err_y + I_maju*total_error_maju + D_maju*last_error_maju) : (left + right <= 2.85f ? limit(koreksi_max_speed, P_koreksi*(left - right) + I_koreksi*total_error_koreksi + D_koreksi*last_error_koreksi) : (right == 2.1f && left != 2.1f ? limit(koreksi_max_speed, P_koreksi*(left - 1.25  ) + I_koreksi*total_error_koreksi + D_koreksi*last_error_koreksi) : ([01;35m[Kleft == 2.1f[m[K & right != 2.1f ? limit(koreksi_max_speed, P_koreksi*(1.25 - right) + I_koreksi*total_error_koreksi + D_koreksi*last_error_koreksi) : 0.0)));
[9.304s]       |                                                                                                                                                                                                                                                                                                                                                                                                                                [01;35m[K~~~~~^~~~~~~[m[K
[9.304s] [01m[K/home/el-system/backup/centering_experiment/src/control/utils/control_.cpp:[m[K In function ‘[01m[Kfloat getYawError(const std::shared_ptr<DroneController>&, rclcpp::Rate&)[m[K’:
[9.304s] [01m[K/home/el-system/backup/centering_experiment/src/control/utils/control_.cpp:2791:24:[m[K [01;35m[Kwarning: [m[Kcomparison of integer expressions of different signedness: ‘[01m[Kint[m[K’ and ‘[01m[Kstd::vector<float>::size_type[m[K’ {aka ‘[01m[Klong unsigned int[m[K’} [[01;35m[K-Wsign-compare[m[K]
[9.304s]  2791 |         if([01;35m[Kright_index > curr_scan.ranges.size()[m[K) {
[9.304s]       |            [01;35m[K~~~~~~~~~~~~^~~~~~~~~~~~~~~~~~~~~~~~~[m[K
[9.304s] [01m[K/home/el-system/backup/centering_experiment/src/control/utils/control_.cpp:2773:78:[m[K [01;35m[Kwarning: [m[Kunused parameter ‘[01m[Krate[m[K’ [[01;35m[K-Wunused-parameter[m[K]
[9.304s]  2773 | float getYawError(const std::shared_ptr<DroneController>&node, [01;35m[Krclcpp::Rate &rate[m[K)
[9.305s]       |                                                                [01;35m[K~~~~~~~~~~~~~~^~~~[m[K
[9.305s] [01m[K/home/el-system/backup/centering_experiment/src/control/utils/control_.cpp:[m[K In function ‘[01m[Kvoid printTitik(std::vector<double, std::allocator<double> >&, std::vector<double, std::allocator<double> >&, std::vector<double, std::allocator<double> >&, std::vector<double, std::allocator<double> >&, double, double)[m[K’:
[9.305s] [01m[K/home/el-system/backup/centering_experiment/src/control/utils/control_.cpp:2811:26:[m[K [01;35m[Kwarning: [m[Kcomparison of integer expressions of different signedness: ‘[01m[Kint[m[K’ and ‘[01m[Kstd::vector<double, std::allocator<double> >::size_type[m[K’ {aka ‘[01m[Klong unsigned int[m[K’} [[01;35m[K-Wsign-compare[m[K]
[9.305s]  2811 |         for(int i = 0; [01;35m[Ki < lat_indoor.size()[m[K; i++) {
[9.305s]       |                        [01;35m[K~~^~~~~~~~~~~~~~~~~~~[m[K
[9.305s] [01m[K/home/el-system/backup/centering_experiment/src/control/utils/control_.cpp:2813:18:[m[K [01;35m[Kwarning: [m[Kcomparison of integer expressions of different signedness: ‘[01m[Kint[m[K’ and ‘[01m[Kstd::vector<double, std::allocator<double> >::size_type[m[K’ {aka ‘[01m[Klong unsigned int[m[K’} [[01;35m[K-Wsign-compare[m[K]
[9.305s]  2813 |             if([01;35m[Ki != lat_indoor.size() -1[m[K) {std::cout<<", ";}
[9.305s]       |                [01;35m[K~~^~~~~~~~~~~~~~~~~~~~~~~[m[K
[9.305s] [01m[K/home/el-system/backup/centering_experiment/src/control/utils/control_.cpp:2817:26:[m[K [01;35m[Kwarning: [m[Kcomparison of integer expressions of different signedness: ‘[01m[Kint[m[K’ and ‘[01m[Kstd::vector<double, std::allocator<double> >::size_type[m[K’ {aka ‘[01m[Klong unsigned int[m[K’} [[01;35m[K-Wsign-compare[m[K]
[9.305s]  2817 |         for(int i = 0; [01;35m[Ki < lon_indoor.size()[m[K; i++) {
[9.305s]       |                        [01;35m[K~~^~~~~~~~~~~~~~~~~~~[m[K
[9.305s] [01m[K/home/el-system/backup/centering_experiment/src/control/utils/control_.cpp:2819:18:[m[K [01;35m[Kwarning: [m[Kcomparison of integer expressions of different signedness: ‘[01m[Kint[m[K’ and ‘[01m[Kstd::vector<double, std::allocator<double> >::size_type[m[K’ {aka ‘[01m[Klong unsigned int[m[K’} [[01;35m[K-Wsign-compare[m[K]
[9.305s]  2819 |             if([01;35m[Ki != lon_indoor.size() -1[m[K) {std::cout<<", ";}
[9.305s]       |                [01;35m[K~~^~~~~~~~~~~~~~~~~~~~~~~[m[K
[9.305s] [01m[K/home/el-system/backup/centering_experiment/src/control/utils/control_.cpp:2827:26:[m[K [01;35m[Kwarning: [m[Kcomparison of integer expressions of different signedness: ‘[01m[Kint[m[K’ and ‘[01m[Kstd::vector<double, std::allocator<double> >::size_type[m[K’ {aka ‘[01m[Klong unsigned int[m[K’} [[01;35m[K-Wsign-compare[m[K]
[9.306s]  2827 |         for(int i = 0; [01;35m[Ki < lat_outdoor.size()[m[K; i++) {
[9.306s]       |                        [01;35m[K~~^~~~~~~~~~~~~~~~~~~~[m[K
[9.306s] [01m[K/home/el-system/backup/centering_experiment/src/control/utils/control_.cpp:2829:18:[m[K [01;35m[Kwarning: [m[Kcomparison of integer expressions of different signedness: ‘[01m[Kint[m[K’ and ‘[01m[Kstd::vector<double, std::allocator<double> >::size_type[m[K’ {aka ‘[01m[Klong unsigned int[m[K’} [[01;35m[K-Wsign-compare[m[K]
[9.306s]  2829 |             if([01;35m[Ki != lat_outdoor.size() -1[m[K) {std::cout<<", ";}
[9.306s]       |                [01;35m[K~~^~~~~~~~~~~~~~~~~~~~~~~~[m[K
[9.306s] [01m[K/home/el-system/backup/centering_experiment/src/control/utils/control_.cpp:2833:26:[m[K [01;35m[Kwarning: [m[Kcomparison of integer expressions of different signedness: ‘[01m[Kint[m[K’ and ‘[01m[Kstd::vector<double, std::allocator<double> >::size_type[m[K’ {aka ‘[01m[Klong unsigned int[m[K’} [[01;35m[K-Wsign-compare[m[K]
[9.306s]  2833 |         for(int i = 0; [01;35m[Ki < lon_outdoor.size()[m[K; i++) {
[9.306s]       |                        [01;35m[K~~^~~~~~~~~~~~~~~~~~~~[m[K
[9.306s] [01m[K/home/el-system/backup/centering_experiment/src/control/utils/control_.cpp:2835:18:[m[K [01;35m[Kwarning: [m[Kcomparison of integer expressions of different signedness: ‘[01m[Kint[m[K’ and ‘[01m[Kstd::vector<double, std::allocator<double> >::size_type[m[K’ {aka ‘[01m[Klong unsigned int[m[K’} [[01;35m[K-Wsign-compare[m[K]
[9.306s]  2835 |             if([01;35m[Ki != lon_outdoor.size() -1[m[K) {std::cout<<", ";}
[9.306s]       |                [01;35m[K~~^~~~~~~~~~~~~~~~~~~~~~~~[m[K
[9.306s] [01m[K/home/el-system/backup/centering_experiment/src/control/utils/control_.cpp:[m[K In function ‘[01m[Kvoid executeLocalWaypointMove(const std::shared_ptr<DroneController>&, rclcpp::Rate&, geometry_msgs::msg::PoseStamped&, float, float, float, float, float)[m[K’:
[9.306s] [01m[K/home/el-system/backup/centering_experiment/src/control/utils/control_.cpp:2842:90:[m[K [01;35m[Kwarning: [m[Kunused parameter ‘[01m[Krate[m[K’ [[01;35m[K-Wunused-parameter[m[K]
[9.307s]  2842 | void executeLocalWaypointMove(const std::shared_ptr<DroneController>&node, [01;35m[Krclcpp::Rate &rate[m[K,
[9.307s]       |                                                                            [01;35m[K~~~~~~~~~~~~~~^~~~[m[K
[9.307s] [01m[K/home/el-system/backup/centering_experiment/src/control/utils/control_.cpp:[m[K In function ‘[01m[Kvoid centeringGateNear(const std::shared_ptr<DroneController>&, rclcpp::Rate&, geometry_msgs::msg::PoseStamped&, float, float, bool&, float, float, float, float, float)[m[K’:
[9.307s] [01m[K/home/el-system/backup/centering_experiment/src/control/utils/control_.cpp:3857:57:[m[K [01;35m[Kwarning: [m[Kunused parameter ‘[01m[Kposee[m[K’ [[01;35m[K-Wunused-parameter[m[K]
[9.307s]  3857 |                        [01;35m[Kgeometry_msgs::msg::PoseStamped &posee[m[K, float gate_width,
[9.307s]       |                        [01;35m[K~~~~~~~~~~~~~~~~~~~~~~~~~~~~~~~~~^~~~~[m[K
[34.444s] In file included from [01m[K/home/el-system/backup/centering_experiment/src/control/src/testing/drone_controller.cpp:17[m[K:
[34.445s] [01m[K/home/el-system/backup/centering_experiment/src/control/include/drone_controller_.hpp:167:25:[m[K [01;35m[Kwarning: [m[Kuse of ‘[01m[Kauto[m[K’ in parameter declaration only available with ‘[01m[K-std=c++20[m[K’ or ‘[01m[K-fconcepts[m[K’
[34.445s]   167 |     void waitForService([01;35m[Kauto[m[K &client);
[34.445s]       |                         [01;35m[K^~~~[m[K
[34.445s] [01m[K/home/el-system/backup/centering_experiment/src/control/src/testing/drone_controller.cpp:[m[K In member function ‘[01m[Kfloat DroneController::getObstacleDistance(float, float)[m[K’:
[34.445s] [01m[K/home/el-system/backup/centering_experiment/src/control/src/testing/drone_controller.cpp:91:11:[m[K [01;35m[Kwarning: [m[Kvariable ‘[01m[Kmin_angle[m[K’ set but not used [[01;35m[K-Wunused-but-set-variable[m[K]
[34.445s]    91 |     float [01;35m[Kmin_angle[m[K = angle - angle_tolerance/2;
[34.445s]       |           [01;35m[K^~~~~~~~~[m[K
[34.445s] [01m[K/home/el-system/backup/centering_experiment/src/control/src/testing/drone_controller.cpp:[m[K In member function ‘[01m[Kint DroneController::reset_wp_()[m[K’:
[34.446s] [01m[K/home/el-system/backup/centering_experiment/src/control/src/testing/drone_controller.cpp:110:52:[m[K [01;35m[Kwarning: [m[Kno return statement in function returning non-void [[01;35m[K-Wreturn-type[m[K]
[34.446s]   110 | int DroneController::reset_wp_()   {wp_reached = 0;[01;35m[K}[m[K
[34.446s]       |                                                    [01;35m[K^[m[K
[34.446s] [01m[K/home/el-system/backup/centering_experiment/src/control/src/testing/drone_controller.cpp:[m[K In member function ‘[01m[Krclcpp::Client<mavros_msgs::srv::CommandTOL>::SharedFuture DroneController::takeoff_(const std::shared_ptr<mavros_msgs::srv::CommandTOL_Request_<std::allocator<void> > >&)[m[K’:
[34.446s] [01m[K/home/el-system/backup/centering_experiment/src/control/src/testing/drone_controller.cpp:173:250:[m[K [01;35m[Kwarning: [m[K‘[01m[Krclcpp::Client<ServiceT>::FutureAndRequestId::operator rclcpp::Client<ServiceT>::SharedFuture() [with ServiceT = mavros_msgs::srv::CommandTOL; rclcpp::Client<ServiceT>::SharedFuture = std::shared_future<std::shared_ptr<mavros_msgs::srv::CommandTOL_Response_<std::allocator<void> > > >][m[K’ is deprecated: FutureAndRequestId: use .future.share() instead of an implicit conversion [[01;35m[K-Wdeprecated-declarations[m[K]
[34.446s]   173 | rclcpp::Client<mavros_msgs::srv::CommandTOL>::SharedFuture DroneController::takeoff_(const std::shared_ptr<mavros_msgs::srv::CommandTOL::Request>& request)             {waitForTakeoffService(); return this->takeoff_client->async_send_request(request[01;35m[K)[m[K;}
[34.446s]       |                                                                                                                                                                                                                                                          [01;35m[K^[m[K
[34.446s] In file included from [01m[K/opt/ros/humble/include/rclcpp/rclcpp/callback_group.hpp:24[m[K,
[34.446s]                  from [01m[K/opt/ros/humble/include/rclcpp/rclcpp/any_executable.hpp:20[m[K,
[34.447s]                  from [01m[K/opt/ros/humble/include/rclcpp/rclcpp/memory_strategy.hpp:25[m[K,
[34.447s]                  from [01m[K/opt/ros/humble/include/rclcpp/rclcpp/memory_strategies.hpp:18[m[K,
[34.447s]                  from [01m[K/opt/ros/humble/include/rclcpp/rclcpp/executor_options.hpp:20[m[K,
[34.447s]                  from [01m[K/opt/ros/humble/include/rclcpp/rclcpp/executor.hpp:37[m[K,
[34.447s]                  from [01m[K/opt/ros/humble/include/rclcpp/rclcpp/executors/multi_threaded_executor.hpp:25[m[K,
[34.447s]                  from [01m[K/opt/ros/humble/include/rclcpp/rclcpp/executors.hpp:21[m[K,
[34.447s]                  from [01m[K/opt/ros/humble/include/rclcpp/rclcpp/rclcpp.hpp:155[m[K,
[34.447s]                  from [01m[K/home/el-system/backup/centering_experiment/src/control/include/drone_controller_.hpp:20[m[K,
[34.447s]                  from [01m[K/home/el-system/backup/centering_experiment/src/control/src/testing/drone_controller.cpp:17[m[K:
[34.447s] [01m[K/opt/ros/humble/include/rclcpp/rclcpp/client.hpp:415:5:[m[K [01;36m[Knote: [m[Kdeclared here
[34.448s]   415 |     [01;36m[Koperator[m[K SharedFuture() {return this->future.share();}
[34.448s]       |     [01;36m[K^~~~~~~~[m[K
[34.448s] [01m[K/home/el-system/backup/centering_experiment/src/control/src/testing/drone_controller.cpp:[m[K In member function ‘[01m[Krclcpp::Client<mavros_msgs::srv::CommandTOL>::SharedFuture DroneController::land_(const std::shared_ptr<mavros_msgs::srv::CommandTOL_Request_<std::allocator<void> > >&)[m[K’:
[34.448s] [01m[K/home/el-system/backup/centering_experiment/src/control/src/testing/drone_controller.cpp:174:244:[m[K [01;35m[Kwarning: [m[K‘[01m[Krclcpp::Client<ServiceT>::FutureAndRequestId::operator rclcpp::Client<ServiceT>::SharedFuture() [with ServiceT = mavros_msgs::srv::CommandTOL; rclcpp::Client<ServiceT>::SharedFuture = std::shared_future<std::shared_ptr<mavros_msgs::srv::CommandTOL_Response_<std::allocator<void> > > >][m[K’ is deprecated: FutureAndRequestId: use .future.share() instead of an implicit conversion [[01;35m[K-Wdeprecated-declarations[m[K]
[34.448s]   174 | rclcpp::Client<mavros_msgs::srv::CommandTOL>::SharedFuture DroneController::land_(const std::shared_ptr<mavros_msgs::srv::CommandTOL::Request>& request)                {waitForLandService(); return this->land_client->async_send_request(request[01;35m[K)[m[K;}
[34.448s]       |                                                                                                                                                                                                                                                    [01;35m[K^[m[K
[34.448s] In file included from [01m[K/opt/ros/humble/include/rclcpp/rclcpp/callback_group.hpp:24[m[K,
[34.448s]                  from [01m[K/opt/ros/humble/include/rclcpp/rclcpp/any_executable.hpp:20[m[K,
[34.448s]                  from [01m[K/opt/ros/humble/include/rclcpp/rclcpp/memory_strategy.hpp:25[m[K,
[34.448s]                  from [01m[K/opt/ros/humble/include/rclcpp/rclcpp/memory_strategies.hpp:18[m[K,
[34.449s]                  from [01m[K/opt/ros/humble/include/rclcpp/rclcpp/executor_options.hpp:20[m[K,
[34.449s]                  from [01m[K/opt/ros/humble/include/rclcpp/rclcpp/executor.hpp:37[m[K,
[34.449s]                  from [01m[K/opt/ros/humble/include/rclcpp/rclcpp/executors/multi_threaded_executor.hpp:25[m[K,
[34.449s]                  from [01m[K/opt/ros/humble/include/rclcpp/rclcpp/executors.hpp:21[m[K,
[34.449s]                  from [01m[K/opt/ros/humble/include/rclcpp/rclcpp/rclcpp.hpp:155[m[K,
[34.449s]                  from [01m[K/home/el-system/backup/centering_experiment/src/control/include/drone_controller_.hpp:20[m[K,
[34.449s]                  from [01m[K/home/el-system/backup/centering_experiment/src/control/src/testing/drone_controller.cpp:17[m[K:
[34.449s] [01m[K/opt/ros/humble/include/rclcpp/rclcpp/client.hpp:415:5:[m[K [01;36m[Knote: [m[Kdeclared here
[34.449s]   415 |     [01;36m[Koperator[m[K SharedFuture() {return this->future.share();}
[34.449s]       |     [01;36m[K^~~~~~~~[m[K
[34.450s] [01m[K/home/el-system/backup/centering_experiment/src/control/src/testing/drone_controller.cpp:[m[K In member function ‘[01m[Krclcpp::Client<mavros_msgs::srv::CommandBool>::SharedFuture DroneController::arm_(const std::shared_ptr<mavros_msgs::srv::CommandBool_Request_<std::allocator<void> > >&)[m[K’:
[34.450s] [01m[K/home/el-system/backup/centering_experiment/src/control/src/testing/drone_controller.cpp:175:248:[m[K [01;35m[Kwarning: [m[K‘[01m[Krclcpp::Client<ServiceT>::FutureAndRequestId::operator rclcpp::Client<ServiceT>::SharedFuture() [with ServiceT = mavros_msgs::srv::CommandBool; rclcpp::Client<ServiceT>::SharedFuture = std::shared_future<std::shared_ptr<mavros_msgs::srv::CommandBool_Response_<std::allocator<void> > > >][m[K’ is deprecated: FutureAndRequestId: use .future.share() instead of an implicit conversion [[01;35m[K-Wdeprecated-declarations[m[K]
[34.450s]   175 | rclcpp::Client<mavros_msgs::srv::CommandBool>::SharedFuture DroneController::arm_(const std::shared_ptr<mavros_msgs::srv::CommandBool::Request>& request)               {waitForArmingService(); return this->arming_client->async_send_request(request[01;35m[K)[m[K;}
[34.450s]       |                                                                                                                                                                                                                                                        [01;35m[K^[m[K
[34.450s] In file included from [01m[K/opt/ros/humble/include/rclcpp/rclcpp/callback_group.hpp:24[m[K,
[34.450s]                  from [01m[K/opt/ros/humble/include/rclcpp/rclcpp/any_executable.hpp:20[m[K,
[34.450s]                  from [01m[K/opt/ros/humble/include/rclcpp/rclcpp/memory_strategy.hpp:25[m[K,
[34.450s]                  from [01m[K/opt/ros/humble/include/rclcpp/rclcpp/memory_strategies.hpp:18[m[K,
[34.450s]                  from [01m[K/opt/ros/humble/include/rclcpp/rclcpp/executor_options.hpp:20[m[K,
[34.451s]                  from [01m[K/opt/ros/humble/include/rclcpp/rclcpp/executor.hpp:37[m[K,
[34.451s]                  from [01m[K/opt/ros/humble/include/rclcpp/rclcpp/executors/multi_threaded_executor.hpp:25[m[K,
[34.451s]                  from [01m[K/opt/ros/humble/include/rclcpp/rclcpp/executors.hpp:21[m[K,
[34.451s]                  from [01m[K/opt/ros/humble/include/rclcpp/rclcpp/rclcpp.hpp:155[m[K,
[34.451s]                  from [01m[K/home/el-system/backup/centering_experiment/src/control/include/drone_controller_.hpp:20[m[K,
[34.451s]                  from [01m[K/home/el-system/backup/centering_experiment/src/control/src/testing/drone_controller.cpp:17[m[K:
[34.451s] [01m[K/opt/ros/humble/include/rclcpp/rclcpp/client.hpp:415:5:[m[K [01;36m[Knote: [m[Kdeclared here
[34.451s]   415 |     [01;36m[Koperator[m[K SharedFuture() {return this->future.share();}
[34.451s]       |     [01;36m[K^~~~~~~~[m[K
[34.452s] [01m[K/home/el-system/backup/centering_experiment/src/control/src/testing/drone_controller.cpp:[m[K In member function ‘[01m[Krclcpp::Client<mavros_msgs::srv::SetMode>::SharedFuture DroneController::setMode_(const std::shared_ptr<mavros_msgs::srv::SetMode_Request_<std::allocator<void> > >&)[m[K’:
[34.452s] [01m[K/home/el-system/backup/centering_experiment/src/control/src/testing/drone_controller.cpp:176:251:[m[K [01;35m[Kwarning: [m[K‘[01m[Krclcpp::Client<ServiceT>::FutureAndRequestId::operator rclcpp::Client<ServiceT>::SharedFuture() [with ServiceT = mavros_msgs::srv::SetMode; rclcpp::Client<ServiceT>::SharedFuture = std::shared_future<std::shared_ptr<mavros_msgs::srv::SetMode_Response_<std::allocator<void> > > >][m[K’ is deprecated: FutureAndRequestId: use .future.share() instead of an implicit conversion [[01;35m[K-Wdeprecated-declarations[m[K]
[34.452s]   176 | rclcpp::Client<mavros_msgs::srv::SetMode>::SharedFuture DroneController::setMode_(const std::shared_ptr<mavros_msgs::srv::SetMode::Request>& request)                   {waitForSetModeService(); return this->set_mode_client->async_send_request(request[01;35m[K)[m[K;}
[34.452s]       |                                                                                                                                                                                                                                                           [01;35m[K^[m[K
[34.452s] In file included from [01m[K/opt/ros/humble/include/rclcpp/rclcpp/callback_group.hpp:24[m[K,
[34.452s]                  from [01m[K/opt/ros/humble/include/rclcpp/rclcpp/any_executable.hpp:20[m[K,
[34.452s]                  from [01m[K/opt/ros/humble/include/rclcpp/rclcpp/memory_strategy.hpp:25[m[K,
[34.452s]                  from [01m[K/opt/ros/humble/include/rclcpp/rclcpp/memory_strategies.hpp:18[m[K,
[34.452s]                  from [01m[K/opt/ros/humble/include/rclcpp/rclcpp/executor_options.hpp:20[m[K,
[34.452s]                  from [01m[K/opt/ros/humble/include/rclcpp/rclcpp/executor.hpp:37[m[K,
[34.453s]                  from [01m[K/opt/ros/humble/include/rclcpp/rclcpp/executors/multi_threaded_executor.hpp:25[m[K,
[34.453s]                  from [01m[K/opt/ros/humble/include/rclcpp/rclcpp/executors.hpp:21[m[K,
[34.453s]                  from [01m[K/opt/ros/humble/include/rclcpp/rclcpp/rclcpp.hpp:155[m[K,
[34.453s]                  from [01m[K/home/el-system/backup/centering_experiment/src/control/include/drone_controller_.hpp:20[m[K,
[34.453s]                  from [01m[K/home/el-system/backup/centering_experiment/src/control/src/testing/drone_controller.cpp:17[m[K:
[34.453s] [01m[K/opt/ros/humble/include/rclcpp/rclcpp/client.hpp:415:5:[m[K [01;36m[Knote: [m[Kdeclared here
[34.453s]   415 |     [01;36m[Koperator[m[K SharedFuture() {return this->future.share();}
[34.453s]       |     [01;36m[K^~~~~~~~[m[K
[34.453s] [01m[K/home/el-system/backup/centering_experiment/src/control/src/testing/drone_controller.cpp:[m[K In member function ‘[01m[Krclcpp::Client<mavros_msgs::srv::CommandLong>::SharedFuture DroneController::servo_(const std::shared_ptr<mavros_msgs::srv::CommandLong_Request_<std::allocator<void> > >&)[m[K’:
[34.453s] [01m[K/home/el-system/backup/centering_experiment/src/control/src/testing/drone_controller.cpp:177:246:[m[K [01;35m[Kwarning: [m[K‘[01m[Krclcpp::Client<ServiceT>::FutureAndRequestId::operator rclcpp::Client<ServiceT>::SharedFuture() [with ServiceT = mavros_msgs::srv::CommandLong; rclcpp::Client<ServiceT>::SharedFuture = std::shared_future<std::shared_ptr<mavros_msgs::srv::CommandLong_Response_<std::allocator<void> > > >][m[K’ is deprecated: FutureAndRequestId: use .future.share() instead of an implicit conversion [[01;35m[K-Wdeprecated-declarations[m[K]
[34.453s]   177 | rclcpp::Client<mavros_msgs::srv::CommandLong>::SharedFuture DroneController::servo_(const std::shared_ptr<mavros_msgs::srv::CommandLong::Request>& request)             {waitForServoService(); return this->servo_client->async_send_request(request[01;35m[K)[m[K;}
[34.454s]       |                                                                                                                                                                                                                                                      [01;35m[K^[m[K
[34.454s] In file included from [01m[K/opt/ros/humble/include/rclcpp/rclcpp/callback_group.hpp:24[m[K,
[34.454s]                  from [01m[K/opt/ros/humble/include/rclcpp/rclcpp/any_executable.hpp:20[m[K,
[34.454s]                  from [01m[K/opt/ros/humble/include/rclcpp/rclcpp/memory_strategy.hpp:25[m[K,
[34.454s]                  from [01m[K/opt/ros/humble/include/rclcpp/rclcpp/memory_strategies.hpp:18[m[K,
[34.454s]                  from [01m[K/opt/ros/humble/include/rclcpp/rclcpp/executor_options.hpp:20[m[K,
[34.454s]                  from [01m[K/opt/ros/humble/include/rclcpp/rclcpp/executor.hpp:37[m[K,
[34.454s]                  from [01m[K/opt/ros/humble/include/rclcpp/rclcpp/executors/multi_threaded_executor.hpp:25[m[K,
[34.454s]                  from [01m[K/opt/ros/humble/include/rclcpp/rclcpp/executors.hpp:21[m[K,
[34.454s]                  from [01m[K/opt/ros/humble/include/rclcpp/rclcpp/rclcpp.hpp:155[m[K,
[34.455s]                  from [01m[K/home/el-system/backup/centering_experiment/src/control/include/drone_controller_.hpp:20[m[K,
[34.455s]                  from [01m[K/home/el-system/backup/centering_experiment/src/control/src/testing/drone_controller.cpp:17[m[K:
[34.455s] [01m[K/opt/ros/humble/include/rclcpp/rclcpp/client.hpp:415:5:[m[K [01;36m[Knote: [m[Kdeclared here
[34.455s]   415 |     [01;36m[Koperator[m[K SharedFuture() {return this->future.share();}
[34.455s]       |     [01;36m[K^~~~~~~~[m[K
[34.455s] [01m[K/home/el-system/backup/centering_experiment/src/control/src/testing/drone_controller.cpp:[m[K In member function ‘[01m[Krclcpp::Client<std_srvs::srv::Trigger>::SharedFuture DroneController::closeCamera_(const std::shared_ptr<std_srvs::srv::Trigger_Request_<std::allocator<void> > >&)[m[K’:
[34.455s] [01m[K/home/el-system/backup/centering_experiment/src/control/src/testing/drone_controller.cpp:178:253:[m[K [01;35m[Kwarning: [m[K‘[01m[Krclcpp::Client<ServiceT>::FutureAndRequestId::operator rclcpp::Client<ServiceT>::SharedFuture() [with ServiceT = std_srvs::srv::Trigger; rclcpp::Client<ServiceT>::SharedFuture = std::shared_future<std::shared_ptr<std_srvs::srv::Trigger_Response_<std::allocator<void> > > >][m[K’ is deprecated: FutureAndRequestId: use .future.share() instead of an implicit conversion [[01;35m[K-Wdeprecated-declarations[m[K]
[34.455s]   178 | rclcpp::Client<std_srvs::srv::Trigger>::SharedFuture DroneController::closeCamera_(const std::shared_ptr<std_srvs::srv::Trigger::Request>& request)                     {waitForCloseCamService(); return this->close_cam_client->async_send_request(request[01;35m[K)[m[K;}
[34.455s]       |                                                                                                                                                                                                                                                             [01;35m[K^[m[K
[34.455s] In file included from [01m[K/opt/ros/humble/include/rclcpp/rclcpp/callback_group.hpp:24[m[K,
[34.456s]                  from [01m[K/opt/ros/humble/include/rclcpp/rclcpp/any_executable.hpp:20[m[K,
[34.456s]                  from [01m[K/opt/ros/humble/include/rclcpp/rclcpp/memory_strategy.hpp:25[m[K,
[34.456s]                  from [01m[K/opt/ros/humble/include/rclcpp/rclcpp/memory_strategies.hpp:18[m[K,
[34.456s]                  from [01m[K/opt/ros/humble/include/rclcpp/rclcpp/executor_options.hpp:20[m[K,
[34.456s]                  from [01m[K/opt/ros/humble/include/rclcpp/rclcpp/executor.hpp:37[m[K,
[34.456s]                  from [01m[K/opt/ros/humble/include/rclcpp/rclcpp/executors/multi_threaded_executor.hpp:25[m[K,
[34.456s]                  from [01m[K/opt/ros/humble/include/rclcpp/rclcpp/executors.hpp:21[m[K,
[34.456s]                  from [01m[K/opt/ros/humble/include/rclcpp/rclcpp/rclcpp.hpp:155[m[K,
[34.456s]                  from [01m[K/home/el-system/backup/centering_experiment/src/control/include/drone_controller_.hpp:20[m[K,
[34.456s]                  from [01m[K/home/el-system/backup/centering_experiment/src/control/src/testing/drone_controller.cpp:17[m[K:
[34.456s] [01m[K/opt/ros/humble/include/rclcpp/rclcpp/client.hpp:415:5:[m[K [01;36m[Knote: [m[Kdeclared here
[34.457s]   415 |     [01;36m[Koperator[m[K SharedFuture() {return this->future.share();}
[34.457s]       |     [01;36m[K^~~~~~~~[m[K
[34.457s] [01m[K/home/el-system/backup/centering_experiment/src/control/src/testing/drone_controller.cpp:[m[K In member function ‘[01m[Krclcpp::Client<std_srvs::srv::Trigger>::SharedFuture DroneController::openCamera_(const std::shared_ptr<std_srvs::srv::Trigger_Request_<std::allocator<void> > >&)[m[K’:
[34.457s] [01m[K/home/el-system/backup/centering_experiment/src/control/src/testing/drone_controller.cpp:179:251:[m[K [01;35m[Kwarning: [m[K‘[01m[Krclcpp::Client<ServiceT>::FutureAndRequestId::operator rclcpp::Client<ServiceT>::SharedFuture() [with ServiceT = std_srvs::srv::Trigger; rclcpp::Client<ServiceT>::SharedFuture = std::shared_future<std::shared_ptr<std_srvs::srv::Trigger_Response_<std::allocator<void> > > >][m[K’ is deprecated: FutureAndRequestId: use .future.share() instead of an implicit conversion [[01;35m[K-Wdeprecated-declarations[m[K]
[34.457s]   179 | rclcpp::Client<std_srvs::srv::Trigger>::SharedFuture DroneController::openCamera_(const std::shared_ptr<std_srvs::srv::Trigger::Request>& request)                      {waitForOpenCamService(); return this->open_cam_client->async_send_request(request[01;35m[K)[m[K;}
[34.457s]       |                                                                                                                                                                                                                                                           [01;35m[K^[m[K
[34.457s] In file included from [01m[K/opt/ros/humble/include/rclcpp/rclcpp/callback_group.hpp:24[m[K,
[34.457s]                  from [01m[K/opt/ros/humble/include/rclcpp/rclcpp/any_executable.hpp:20[m[K,
[34.457s]                  from [01m[K/opt/ros/humble/include/rclcpp/rclcpp/memory_strategy.hpp:25[m[K,
[34.457s]                  from [01m[K/opt/ros/humble/include/rclcpp/rclcpp/memory_strategies.hpp:18[m[K,
[34.458s]                  from [01m[K/opt/ros/humble/include/rclcpp/rclcpp/executor_options.hpp:20[m[K,
[34.458s]                  from [01m[K/opt/ros/humble/include/rclcpp/rclcpp/executor.hpp:37[m[K,
[34.458s]                  from [01m[K/opt/ros/humble/include/rclcpp/rclcpp/executors/multi_threaded_executor.hpp:25[m[K,
[34.458s]                  from [01m[K/opt/ros/humble/include/rclcpp/rclcpp/executors.hpp:21[m[K,
[34.458s]                  from [01m[K/opt/ros/humble/include/rclcpp/rclcpp/rclcpp.hpp:155[m[K,
[34.458s]                  from [01m[K/home/el-system/backup/centering_experiment/src/control/include/drone_controller_.hpp:20[m[K,
[34.458s]                  from [01m[K/home/el-system/backup/centering_experiment/src/control/src/testing/drone_controller.cpp:17[m[K:
[34.458s] [01m[K/opt/ros/humble/include/rclcpp/rclcpp/client.hpp:415:5:[m[K [01;36m[Knote: [m[Kdeclared here
[34.458s]   415 |     [01;36m[Koperator[m[K SharedFuture() {return this->future.share();}
[34.458s]       |     [01;36m[K^~~~~~~~[m[K
[34.458s] [01m[K/home/el-system/backup/centering_experiment/src/control/src/testing/drone_controller.cpp:[m[K In member function ‘[01m[Krclcpp::Client<mavros_msgs::srv::ParamSetV2>::SharedFuture DroneController::setParam_(const std::shared_ptr<mavros_msgs::srv::ParamSetV2_Request_<std::allocator<void> > >&)[m[K’:
[34.459s] [01m[K/home/el-system/backup/centering_experiment/src/control/src/testing/drone_controller.cpp:180:253:[m[K [01;35m[Kwarning: [m[K‘[01m[Krclcpp::Client<ServiceT>::FutureAndRequestId::operator rclcpp::Client<ServiceT>::SharedFuture() [with ServiceT = mavros_msgs::srv::ParamSetV2; rclcpp::Client<ServiceT>::SharedFuture = std::shared_future<std::shared_ptr<mavros_msgs::srv::ParamSetV2_Response_<std::allocator<void> > > >][m[K’ is deprecated: FutureAndRequestId: use .future.share() instead of an implicit conversion [[01;35m[K-Wdeprecated-declarations[m[K]
[34.459s]   180 | rclcpp::Client<mavros_msgs::srv::ParamSetV2>::SharedFuture DroneController::setParam_(const std::shared_ptr<mavros_msgs::srv::ParamSetV2::Request>& request)            {waitForSetParamService(); return this->set_param_client->async_send_request(request[01;35m[K)[m[K;}
[34.459s]       |                                                                                                                                                                                                                                                             [01;35m[K^[m[K
[34.459s] In file included from [01m[K/opt/ros/humble/include/rclcpp/rclcpp/callback_group.hpp:24[m[K,
[34.459s]                  from [01m[K/opt/ros/humble/include/rclcpp/rclcpp/any_executable.hpp:20[m[K,
[34.459s]                  from [01m[K/opt/ros/humble/include/rclcpp/rclcpp/memory_strategy.hpp:25[m[K,
[34.459s]                  from [01m[K/opt/ros/humble/include/rclcpp/rclcpp/memory_strategies.hpp:18[m[K,
[34.459s]                  from [01m[K/opt/ros/humble/include/rclcpp/rclcpp/executor_options.hpp:20[m[K,
[34.459s]                  from [01m[K/opt/ros/humble/include/rclcpp/rclcpp/executor.hpp:37[m[K,
[34.459s]                  from [01m[K/opt/ros/humble/include/rclcpp/rclcpp/executors/multi_threaded_executor.hpp:25[m[K,
[34.459s]                  from [01m[K/opt/ros/humble/include/rclcpp/rclcpp/executors.hpp:21[m[K,
[34.459s]                  from [01m[K/opt/ros/humble/include/rclcpp/rclcpp/rclcpp.hpp:155[m[K,
[34.459s]                  from [01m[K/home/el-system/backup/centering_experiment/src/control/include/drone_controller_.hpp:20[m[K,
[34.459s]                  from [01m[K/home/el-system/backup/centering_experiment/src/control/src/testing/drone_controller.cpp:17[m[K:
[34.460s] [01m[K/opt/ros/humble/include/rclcpp/rclcpp/client.hpp:415:5:[m[K [01;36m[Knote: [m[Kdeclared here
[34.460s]   415 |     [01;36m[Koperator[m[K SharedFuture() {return this->future.share();}
[34.460s]       |     [01;36m[K^~~~~~~~[m[K
[34.460s] [01m[K/home/el-system/backup/centering_experiment/src/control/src/testing/drone_controller.cpp:[m[K In member function ‘[01m[Krclcpp::Client<mavros_msgs::srv::WaypointPush>::SharedFuture DroneController::pushMission_(const std::shared_ptr<mavros_msgs::srv::WaypointPush_Request_<std::allocator<void> > >&)[m[K’:
[34.460s] [01m[K/home/el-system/backup/centering_experiment/src/control/src/testing/drone_controller.cpp:181:256:[m[K [01;35m[Kwarning: [m[K‘[01m[Krclcpp::Client<ServiceT>::FutureAndRequestId::operator rclcpp::Client<ServiceT>::SharedFuture() [with ServiceT = mavros_msgs::srv::WaypointPush; rclcpp::Client<ServiceT>::SharedFuture = std::shared_future<std::shared_ptr<mavros_msgs::srv::WaypointPush_Response_<std::allocator<void> > > >][m[K’ is deprecated: FutureAndRequestId: use .future.share() instead of an implicit conversion [[01;35m[K-Wdeprecated-declarations[m[K]
[34.460s]   181 | rclcpp::Client<mavros_msgs::srv::WaypointPush>::SharedFuture DroneController::pushMission_(const std::shared_ptr<mavros_msgs::srv::WaypointPush::Request>& request)     {waitForSetParamService(); return this->push_mission_client->async_send_request(request[01;35m[K)[m[K;}
[34.460s]       |                                                                                                                                                                                                                                                                [01;35m[K^[m[K
[34.460s] In file included from [01m[K/opt/ros/humble/include/rclcpp/rclcpp/callback_group.hpp:24[m[K,
[34.460s]                  from [01m[K/opt/ros/humble/include/rclcpp/rclcpp/any_executable.hpp:20[m[K,
[34.460s]                  from [01m[K/opt/ros/humble/include/rclcpp/rclcpp/memory_strategy.hpp:25[m[K,
[34.460s]                  from [01m[K/opt/ros/humble/include/rclcpp/rclcpp/memory_strategies.hpp:18[m[K,
[34.460s]                  from [01m[K/opt/ros/humble/include/rclcpp/rclcpp/executor_options.hpp:20[m[K,
[34.460s]                  from [01m[K/opt/ros/humble/include/rclcpp/rclcpp/executor.hpp:37[m[K,
[34.460s]                  from [01m[K/opt/ros/humble/include/rclcpp/rclcpp/executors/multi_threaded_executor.hpp:25[m[K,
[34.460s]                  from [01m[K/opt/ros/humble/include/rclcpp/rclcpp/executors.hpp:21[m[K,
[34.460s]                  from [01m[K/opt/ros/humble/include/rclcpp/rclcpp/rclcpp.hpp:155[m[K,
[34.460s]                  from [01m[K/home/el-system/backup/centering_experiment/src/control/include/drone_controller_.hpp:20[m[K,
[34.460s]                  from [01m[K/home/el-system/backup/centering_experiment/src/control/src/testing/drone_controller.cpp:17[m[K:
[34.460s] [01m[K/opt/ros/humble/include/rclcpp/rclcpp/client.hpp:415:5:[m[K [01;36m[Knote: [m[Kdeclared here
[34.460s]   415 |     [01;36m[Koperator[m[K SharedFuture() {return this->future.share();}
[34.460s]       |     [01;36m[K^~~~~~~~[m[K
[34.460s] [01m[K/home/el-system/backup/centering_experiment/src/control/src/testing/drone_controller.cpp:[m[K In member function ‘[01m[Krclcpp::Client<mavros_msgs::srv::WaypointClear>::SharedFuture DroneController::clearMission_(const std::shared_ptr<mavros_msgs::srv::WaypointClear_Request_<std::allocator<void> > >&)[m[K’:
[34.460s] [01m[K/home/el-system/backup/centering_experiment/src/control/src/testing/drone_controller.cpp:182:257:[m[K [01;35m[Kwarning: [m[K‘[01m[Krclcpp::Client<ServiceT>::FutureAndRequestId::operator rclcpp::Client<ServiceT>::SharedFuture() [with ServiceT = mavros_msgs::srv::WaypointClear; rclcpp::Client<ServiceT>::SharedFuture = std::shared_future<std::shared_ptr<mavros_msgs::srv::WaypointClear_Response_<std::allocator<void> > > >][m[K’ is deprecated: FutureAndRequestId: use .future.share() instead of an implicit conversion [[01;35m[K-Wdeprecated-declarations[m[K]
[34.460s]   182 | rclcpp::Client<mavros_msgs::srv::WaypointClear>::SharedFuture DroneController::clearMission_(const std::shared_ptr<mavros_msgs::srv::WaypointClear::Request>& request)  {waitForSetParamService(); return this->clear_mission_client->async_send_request(request[01;35m[K)[m[K;}
[34.460s]       |                                                                                                                                                                                                                                                                 [01;35m[K^[m[K
[34.460s] In file included from [01m[K/opt/ros/humble/include/rclcpp/rclcpp/callback_group.hpp:24[m[K,
[34.460s]                  from [01m[K/opt/ros/humble/include/rclcpp/rclcpp/any_executable.hpp:20[m[K,
[34.460s]                  from [01m[K/opt/ros/humble/include/rclcpp/rclcpp/memory_strategy.hpp:25[m[K,
[34.460s]                  from [01m[K/opt/ros/humble/include/rclcpp/rclcpp/memory_strategies.hpp:18[m[K,
[34.460s]                  from [01m[K/opt/ros/humble/include/rclcpp/rclcpp/executor_options.hpp:20[m[K,
[34.460s]                  from [01m[K/opt/ros/humble/include/rclcpp/rclcpp/executor.hpp:37[m[K,
[34.460s]                  from [01m[K/opt/ros/humble/include/rclcpp/rclcpp/executors/multi_threaded_executor.hpp:25[m[K,
[34.461s]                  from [01m[K/opt/ros/humble/include/rclcpp/rclcpp/executors.hpp:21[m[K,
[34.461s]                  from [01m[K/opt/ros/humble/include/rclcpp/rclcpp/rclcpp.hpp:155[m[K,
[34.461s]                  from [01m[K/home/el-system/backup/centering_experiment/src/control/include/drone_controller_.hpp:20[m[K,
[34.461s]                  from [01m[K/home/el-system/backup/centering_experiment/src/control/src/testing/drone_controller.cpp:17[m[K:
[34.461s] [01m[K/opt/ros/humble/include/rclcpp/rclcpp/client.hpp:415:5:[m[K [01;36m[Knote: [m[Kdeclared here
[34.461s]   415 |     [01;36m[Koperator[m[K SharedFuture() {return this->future.share();}
[34.461s]       |     [01;36m[K^~~~~~~~[m[K
[34.461s] [01m[K/home/el-system/backup/centering_experiment/src/control/src/testing/drone_controller.cpp:[m[K At global scope:
[34.461s] [01m[K/home/el-system/backup/centering_experiment/src/control/src/testing/drone_controller.cpp:225:38:[m[K [01;35m[Kwarning: [m[Kuse of ‘[01m[Kauto[m[K’ in parameter declaration only available with ‘[01m[K-std=c++20[m[K’ or ‘[01m[K-fconcepts[m[K’
[34.461s]   225 | void DroneController::waitForService([01;35m[Kauto[m[K &client) {
[34.461s]       |                                      [01;35m[K^~~~[m[K
[34.461s] [ 66%] [1m[32mLinking CXX executable control[0m
[36.906s] [100%] Built target control
[36.916s] Invoked command in '/home/el-system/backup/centering_experiment/build/control' returned '0': CMAKE_PREFIX_PATH=${CMAKE_PREFIX_PATH}:/opt/ros/humble /usr/local/bin/cmake --build /home/el-system/backup/centering_experiment/build/control -- -j12 -l12
[36.923s] Invoking command in '/home/el-system/backup/centering_experiment/build/control': CMAKE_PREFIX_PATH=${CMAKE_PREFIX_PATH}:/opt/ros/humble /usr/local/bin/cmake --install /home/el-system/backup/centering_experiment/build/control
[36.927s] -- Install configuration: ""
[36.928s] -- Installing: /home/el-system/backup/centering_experiment/install/control/lib/control/control
[36.948s] -- Set non-toolchain portion of runtime path of "/home/el-system/backup/centering_experiment/install/control/lib/control/control" to ""
[36.949s] -- Up-to-date: /home/el-system/backup/centering_experiment/install/control/share/control/launch
[36.949s] -- Up-to-date: /home/el-system/backup/centering_experiment/install/control/share/control/config
[36.949s] -- Up-to-date: /home/el-system/backup/centering_experiment/install/control/share/control/config/config.yaml
[36.949s] -- Up-to-date: /home/el-system/backup/centering_experiment/install/control/share/ament_index/resource_index/package_run_dependencies/control
[36.949s] -- Up-to-date: /home/el-system/backup/centering_experiment/install/control/share/ament_index/resource_index/parent_prefix_path/control
[36.949s] -- Up-to-date: /home/el-system/backup/centering_experiment/install/control/share/control/environment/ament_prefix_path.sh
[36.949s] -- Up-to-date: /home/el-system/backup/centering_experiment/install/control/share/control/environment/ament_prefix_path.dsv
[36.949s] -- Up-to-date: /home/el-system/backup/centering_experiment/install/control/share/control/environment/path.sh
[36.950s] -- Up-to-date: /home/el-system/backup/centering_experiment/install/control/share/control/environment/path.dsv
[36.950s] -- Up-to-date: /home/el-system/backup/centering_experiment/install/control/share/control/local_setup.bash
[36.950s] -- Up-to-date: /home/el-system/backup/centering_experiment/install/control/share/control/local_setup.sh
[36.950s] -- Up-to-date: /home/el-system/backup/centering_experiment/install/control/share/control/local_setup.zsh
[36.950s] -- Up-to-date: /home/el-system/backup/centering_experiment/install/control/share/control/local_setup.dsv
[36.950s] -- Installing: /home/el-system/backup/centering_experiment/install/control/share/control/package.dsv
[36.950s] -- Up-to-date: /home/el-system/backup/centering_experiment/install/control/share/ament_index/resource_index/packages/control
[36.950s] -- Up-to-date: /home/el-system/backup/centering_experiment/install/control/share/control/cmake/controlConfig.cmake
[36.950s] -- Up-to-date: /home/el-system/backup/centering_experiment/install/control/share/control/cmake/controlConfig-version.cmake
[36.950s] -- Up-to-date: /home/el-system/backup/centering_experiment/install/control/share/control/package.xml
[36.952s] Invoked command in '/home/el-system/backup/centering_experiment/build/control' returned '0': CMAKE_PREFIX_PATH=${CMAKE_PREFIX_PATH}:/opt/ros/humble /usr/local/bin/cmake --install /home/el-system/backup/centering_experiment/build/control
