/home/el-system/centering_experiment/src/control/utils/control_.cpp:4356:1: error: unterminated argument list invoking macro "RCLCPP_INFO"
 4356 | 
      | ^
/home/el-system/centering_experiment/src/control/utils/control_.cpp:4356:1: error: unterminated argument list invoking macro "RCLCPP_INFO"
 4356 | 
      | ^
In file included from /home/el-system/centering_experiment/src/control/include/control_.hpp:30,
                 from /home/el-system/centering_experiment/src/control/utils/control_.cpp:1:
/home/el-system/centering_experiment/src/control/include/drone_controller_.hpp:162:25: warning: use of ‘auto’ in parameter declaration only available with ‘-std=c++20’ or ‘-fconcepts’
  162 |     void waitForService(auto &client);
      |                         ^~~~
In file included from /home/el-system/centering_experiment/src/control/include/control_.hpp:30,
                 from /home/el-system/centering_experiment/src/control/utils/control_.cpp:1:
/home/el-system/centering_experiment/src/control/include/drone_controller_.hpp:162:25: warning: use of ‘auto’ in parameter declaration only available with ‘-std=c++20’ or ‘-fconcepts’
  162 |     void waitForService(auto &client);
      |                         ^~~~
In file included from /home/el-system/centering_experiment/src/control/utils/control_.cpp:1:
/home/el-system/centering_experiment/src/control/include/control_.hpp:63:62: warning: use of ‘auto’ in parameter declaration only available with ‘-std=c++20’ or ‘-fconcepts’
   63 | bool hasReplied(const std::shared_ptr<DroneController>&node, auto& result);
      |                                                              ^~~~
In file included from /home/el-system/centering_experiment/src/control/utils/control_.cpp:1:
/home/el-system/centering_experiment/src/control/include/control_.hpp:63:62: warning: use of ‘auto’ in parameter declaration only available with ‘-std=c++20’ or ‘-fconcepts’
   63 | bool hasReplied(const std::shared_ptr<DroneController>&node, auto& result);
      |                                                              ^~~~
/home/el-system/centering_experiment/src/control/utils/control_.cpp:51:62: warning: use of ‘auto’ in parameter declaration only available with ‘-std=c++20’ or ‘-fconcepts’
   51 | bool hasReplied(const std::shared_ptr<DroneController>&node, auto& result){
      |                                                              ^~~~
/home/el-system/centering_experiment/src/control/utils/control_.cpp: In function ‘void safeLanding(const std::shared_ptr<DroneController>&, rclcpp::Rate&, geometry_msgs::msg::PoseStamped&, float)’:
/home/el-system/centering_experiment/src/control/utils/control_.cpp:474:77: warning: unused parameter ‘rate’ [-Wunused-parameter]
  474 | void safeLanding(const std::shared_ptr<DroneController>&node, rclcpp::Rate &rate, geometry_msgs::msg::PoseStamped &posee, float descent_rate = 0.3) {
      |                                                               ~~~~~~~~~~~~~~^~~~
/home/el-system/centering_experiment/src/control/utils/control_.cpp: In function ‘void centeringPayload(const std::shared_ptr<DroneController>&, rclcpp::Rate&, geometry_msgs::msg::PoseStamped&, float, bool&, float, float, float, float, float, float, float, float, float, std::string, std::string)’:
/home/el-system/centering_experiment/src/control/utils/control_.cpp:650:17: warning: unused variable ‘dropAlt’ [-Wunused-variable]
  650 |     const float dropAlt = 0.6;
      |                 ^~~~~~~
/home/el-system/centering_experiment/src/control/utils/control_.cpp:654:59: warning: unused variable ‘avg_sample’ [-Wunused-variable]
  654 |     geometry_msgs::msg::PoseStamped avg_payload_pose; int avg_sample = 1; int buffer_size = 4;
      |                                                           ^~~~~~~~~~
/home/el-system/centering_experiment/src/control/utils/control_.cpp:654:79: warning: unused variable ‘buffer_size’ [-Wunused-variable]
  654 |     geometry_msgs::msg::PoseStamped avg_payload_pose; int avg_sample = 1; int buffer_size = 4;
      |                                                                               ^~~~~~~~~~~
/home/el-system/centering_experiment/src/control/utils/control_.cpp:51:62: warning: use of ‘auto’ in parameter declaration only available with ‘-std=c++20’ or ‘-fconcepts’
   51 | bool hasReplied(const std::shared_ptr<DroneController>&node, auto& result){
      |                                                              ^~~~
/home/el-system/centering_experiment/src/control/utils/control_.cpp: In function ‘void centeringEmber(const std::shared_ptr<DroneController>&, rclcpp::Rate&, geometry_msgs::msg::PoseStamped&, float, bool&, float, float, float)’:
/home/el-system/centering_experiment/src/control/utils/control_.cpp:927:57: warning: unused variable ‘avg_sample’ [-Wunused-variable]
  927 |     geometry_msgs::msg::PoseStamped avg_ember_pose; int avg_sample = 1; int buffer_size = 4;
      |                                                         ^~~~~~~~~~
/home/el-system/centering_experiment/src/control/utils/control_.cpp:927:77: warning: unused variable ‘buffer_size’ [-Wunused-variable]
  927 |     geometry_msgs::msg::PoseStamped avg_ember_pose; int avg_sample = 1; int buffer_size = 4;
      |                                                                             ^~~~~~~~~~~
/home/el-system/centering_experiment/src/control/utils/control_.cpp: In function ‘void centeringGate(const std::shared_ptr<DroneController>&, rclcpp::Rate&, geometry_msgs::msg::PoseStamped&, float)’:
/home/el-system/centering_experiment/src/control/utils/control_.cpp:1204:30: warning: comparison of integer expressions of different signedness: ‘int’ and ‘std::vector<float>::size_type’ {aka ‘long unsigned int’} [-Wsign-compare]
 1204 |             for(int j = 0; j < x_points.size(); j++) {
      |                            ~~^~~~~~~~~~~~~~~~~
/home/el-system/centering_experiment/src/control/utils/control_.cpp:1194:15: warning: unused variable ‘x1_min’ [-Wunused-variable]
 1194 |         float x1_min = -1.0, x2_min = -1.0;
      |               ^~~~~~
/home/el-system/centering_experiment/src/control/utils/control_.cpp:1194:30: warning: unused variable ‘x2_min’ [-Wunused-variable]
 1194 |         float x1_min = -1.0, x2_min = -1.0;
      |                              ^~~~~~
/home/el-system/centering_experiment/src/control/utils/control_.cpp: In function ‘void centeringBunder(const std::shared_ptr<DroneController>&, rclcpp::Rate&, geometry_msgs::msg::PoseStamped&, float, bool&, float, float, float)’:
/home/el-system/centering_experiment/src/control/utils/control_.cpp:1343:58: warning: unused variable ‘avg_sample’ [-Wunused-variable]
 1343 |     geometry_msgs::msg::PoseStamped avg_bunder_pose; int avg_sample = 1; int buffer_size = 4;
      |                                                          ^~~~~~~~~~
/home/el-system/centering_experiment/src/control/utils/control_.cpp:1343:78: warning: unused variable ‘buffer_size’ [-Wunused-variable]
 1343 |     geometry_msgs::msg::PoseStamped avg_bunder_pose; int avg_sample = 1; int buffer_size = 4;
      |                                                                              ^~~~~~~~~~~
/home/el-system/centering_experiment/src/control/utils/control_.cpp: In function ‘void moveToPoint(const std::shared_ptr<DroneController>&, rclcpp::Rate&, geometry_msgs::msg::PoseStamped&, float, float, float, float, float, float)’:
/home/el-system/centering_experiment/src/control/utils/control_.cpp:1537:55: warning: unused variable ‘i’ [-Wunused-variable]
 1537 |     float last_x, last_y, distance, progress=0.0; int i =0;
      |                                                       ^
/home/el-system/centering_experiment/src/control/utils/control_.cpp:1521:156: warning: unused parameter ‘angle’ [-Wunused-parameter]
 1521 | void moveToPoint(const std::shared_ptr<DroneController>&node, rclcpp::Rate &rate, geometry_msgs::msg::PoseStamped &posee, float x, float y, float z, float angle, float speed, float tolerance) {
      |                                                                                                                                                      ~~~~~~^~~~~
/home/el-system/centering_experiment/src/control/utils/control_.cpp: In function ‘void moveToPoint(const std::shared_ptr<DroneController>&, rclcpp::Rate&, geometry_msgs::msg::PoseStamped&, geometry_msgs::msg::Pose, float, float, bool, bool, bool)’:
/home/el-system/centering_experiment/src/control/utils/control_.cpp:1583:11: warning: unused variable ‘distance_to_target’ [-Wunused-variable]
 1583 |     float distance_to_target = dist(posee.pose.position, target.position);
      |           ^~~~~~~~~~~~~~~~~~
/home/el-system/centering_experiment/src/control/utils/control_.cpp: In function ‘void safeLanding(const std::shared_ptr<DroneController>&, rclcpp::Rate&, geometry_msgs::msg::PoseStamped&, float)’:
/home/el-system/centering_experiment/src/control/utils/control_.cpp:474:77: warning: unused parameter ‘rate’ [-Wunused-parameter]
  474 | void safeLanding(const std::shared_ptr<DroneController>&node, rclcpp::Rate &rate, geometry_msgs::msg::PoseStamped &posee, float descent_rate = 0.3) {
      |                                                               ~~~~~~~~~~~~~~^~~~
/home/el-system/centering_experiment/src/control/utils/control_.cpp: In function ‘void holdPosition(const std::shared_ptr<DroneController>&, rclcpp::Rate&, geometry_msgs::msg::PoseStamped&, float)’:
/home/el-system/centering_experiment/src/control/utils/control_.cpp:1723:78: warning: unused parameter ‘rate’ [-Wunused-parameter]
 1723 | void holdPosition(const std::shared_ptr<DroneController>&node, rclcpp::Rate &rate, geometry_msgs::msg::PoseStamped& posee, float duration){
      |                                                                ~~~~~~~~~~~~~~^~~~
In file included from /opt/ros/humble/include/rclcpp/rclcpp/logging.hpp:24,
                 from /opt/ros/humble/include/rclcpp/rclcpp/client.hpp:40,
                 from /opt/ros/humble/include/rclcpp/rclcpp/callback_group.hpp:24,
                 from /opt/ros/humble/include/rclcpp/rclcpp/any_executable.hpp:20,
                 from /opt/ros/humble/include/rclcpp/rclcpp/memory_strategy.hpp:25,
                 from /opt/ros/humble/include/rclcpp/rclcpp/memory_strategies.hpp:18,
                 from /opt/ros/humble/include/rclcpp/rclcpp/executor_options.hpp:20,
                 from /opt/ros/humble/include/rclcpp/rclcpp/executor.hpp:37,
                 from /opt/ros/humble/include/rclcpp/rclcpp/executors/multi_threaded_executor.hpp:25,
                 from /opt/ros/humble/include/rclcpp/rclcpp/executors.hpp:21,
                 from /opt/ros/humble/include/rclcpp/rclcpp/rclcpp.hpp:155,
                 from /home/el-system/centering_experiment/src/control/include/control_.hpp:4,
                 from /home/el-system/centering_experiment/src/control/utils/control_.cpp:1:
/home/el-system/centering_experiment/src/control/utils/control_.cpp: In function ‘void waitForPosition(const std::shared_ptr<DroneController>&, rclcpp::Rate&, mavros_msgs::msg::GlobalPositionTarget, double, bool, float)’:
/home/el-system/centering_experiment/src/control/utils/control_.cpp:1786:41: warning: format ‘%d’ expects argument of type ‘int’, but argument 5 has type ‘double’ [-Wformat=]
 1786 |         RCLCPP_INFO(node->get_logger(), "%d - CURRR DISTANCEE: %f, meter: %.2f, payload: %.2f", distance, dist_m, node->getCurrentPosePayload().pose.position.x);
      |                                         ^~~~~~~~~~~~~~~~~~~~~~~~~~~~~~~~~~~~~~~~~~~~~~~~~~~~~~  ~~~~~~~~
      |                                                                                                 |
      |                                                                                                 double
/home/el-system/centering_experiment/src/control/utils/control_.cpp:1786:43: note: format string is defined here
 1786 |         RCLCPP_INFO(node->get_logger(), "%d - CURRR DISTANCEE: %f, meter: %.2f, payload: %.2f", distance, dist_m, node->getCurrentPosePayload().pose.position.x);
      |                                          ~^
      |                                           |
      |                                           int
      |                                          %f
In file included from /opt/ros/humble/include/rclcpp/rclcpp/logging.hpp:24,
                 from /opt/ros/humble/include/rclcpp/rclcpp/client.hpp:40,
                 from /opt/ros/humble/include/rclcpp/rclcpp/callback_group.hpp:24,
                 from /opt/ros/humble/include/rclcpp/rclcpp/any_executable.hpp:20,
                 from /opt/ros/humble/include/rclcpp/rclcpp/memory_strategy.hpp:25,
                 from /opt/ros/humble/include/rclcpp/rclcpp/memory_strategies.hpp:18,
                 from /opt/ros/humble/include/rclcpp/rclcpp/executor_options.hpp:20,
                 from /opt/ros/humble/include/rclcpp/rclcpp/executor.hpp:37,
                 from /opt/ros/humble/include/rclcpp/rclcpp/executors/multi_threaded_executor.hpp:25,
                 from /opt/ros/humble/include/rclcpp/rclcpp/executors.hpp:21,
                 from /opt/ros/humble/include/rclcpp/rclcpp/rclcpp.hpp:155,
                 from /home/el-system/centering_experiment/src/control/include/control_.hpp:4,
                 from /home/el-system/centering_experiment/src/control/utils/control_.cpp:1:
/home/el-system/centering_experiment/src/control/utils/control_.cpp:1786:41: warning: format ‘%f’ expects a matching ‘double’ argument [-Wformat=]
 1786 |         RCLCPP_INFO(node->get_logger(), "%d - CURRR DISTANCEE: %f, meter: %.2f, payload: %.2f", distance, dist_m, node->getCurrentPosePayload().pose.position.x);
      |                                         ^~~~~~~~~~~~~~~~~~~~~~~~~~~~~~~~~~~~~~~~~~~~~~~~~~~~~~
/home/el-system/centering_experiment/src/control/utils/control_.cpp:1786:93: note: format string is defined here
 1786 |         RCLCPP_INFO(node->get_logger(), "%d - CURRR DISTANCEE: %f, meter: %.2f, payload: %.2f", distance, dist_m, node->getCurrentPosePayload().pose.position.x);
      |                                                                                          ~~~^
      |                                                                                             |
      |                                                                                             double
/home/el-system/centering_experiment/src/control/utils/control_.cpp:1781:16: warning: unused variable ‘dalt’ [-Wunused-variable]
 1781 |         double dalt = raw.altitude - node->getCurrentGPSPosition().altitude;
      |                ^~~~
/home/el-system/centering_experiment/src/control/utils/control_.cpp:1763:177: warning: unused parameter ‘center_dist’ [-Wunused-parameter]
 1763 | void waitForPosition(const std::shared_ptr<DroneController>&node, rclcpp::Rate &rate, mavros_msgs::msg::GlobalPositionTarget raw, double tolerance, bool allow_centering, float center_dist) {
      |                                                                                                                                                                           ~~~~~~^~~~~~~~~~~
/home/el-system/centering_experiment/src/control/utils/control_.cpp: In function ‘void sendGlobalRawAsync(const std::shared_ptr<DroneController>&, rclcpp::Rate&, geometry_msgs::msg::PoseStamped&, float, float, float, bool, float)’:
/home/el-system/centering_experiment/src/control/utils/control_.cpp:1853:171: warning: unused parameter ‘allow_centering’ [-Wunused-parameter]
 1853 | void sendGlobalRawAsync(const std::shared_ptr<DroneController>&node, rclcpp::Rate &rate, geometry_msgs::msg::PoseStamped &posee, float latt, float lonn, float altt, bool allow_centering, float center_dist) {
      |                                                                                                                                                                      ~~~~~^~~~~~~~~~~~~~~
/home/el-system/centering_experiment/src/control/utils/control_.cpp:1853:194: warning: unused parameter ‘center_dist’ [-Wunused-parameter]
 1853 | void sendGlobalRawAsync(const std::shared_ptr<DroneController>&node, rclcpp::Rate &rate, geometry_msgs::msg::PoseStamped &posee, float latt, float lonn, float altt, bool allow_centering, float center_dist) {
      |                                                                                                                                                                                            ~~~~~~^~~~~~~~~~~
/home/el-system/centering_experiment/src/control/utils/control_.cpp: In function ‘void sendGlobalRawFromXYZ(const std::shared_ptr<DroneController>&, rclcpp::Rate&, geometry_msgs::msg::PoseStamped&, LatLonAlt, double, float, float, float, bool, float)’:
/home/el-system/centering_experiment/src/control/utils/control_.cpp:1901:203: warning: unused parameter ‘allow_centering’ [-Wunused-parameter]
 1901 | void sendGlobalRawFromXYZ(const std::shared_ptr<DroneController>&node, rclcpp::Rate &rate, geometry_msgs::msg::PoseStamped &posee, LatLonAlt zero, double zero_hdg, float x, float y, float rel_alt, bool allow_centering, float center_dist) {
      |                                                                                                                                                                                                      ~~~~~^~~~~~~~~~~~~~~
/home/el-system/centering_experiment/src/control/utils/control_.cpp:1901:226: warning: unused parameter ‘center_dist’ [-Wunused-parameter]
 1901 | void sendGlobalRawFromXYZ(const std::shared_ptr<DroneController>&node, rclcpp::Rate &rate, geometry_msgs::msg::PoseStamped &posee, LatLonAlt zero, double zero_hdg, float x, float y, float rel_alt, bool allow_centering, float center_dist) {
      |                                                                                                                                                                                                                            ~~~~~~^~~~~~~~~~~
/home/el-system/centering_experiment/src/control/utils/control_.cpp: In function ‘void centeringPayload(const std::shared_ptr<DroneController>&, rclcpp::Rate&, geometry_msgs::msg::PoseStamped&, float, bool&, float, float, float, float, float, float, float, float, float, std::string, std::string)’:
/home/el-system/centering_experiment/src/control/utils/control_.cpp:650:17: warning: unused variable ‘dropAlt’ [-Wunused-variable]
  650 |     const float dropAlt = 0.6;
      |                 ^~~~~~~
/home/el-system/centering_experiment/src/control/utils/control_.cpp:654:59: warning: unused variable ‘avg_sample’ [-Wunused-variable]
  654 |     geometry_msgs::msg::PoseStamped avg_payload_pose; int avg_sample = 1; int buffer_size = 4;
      |                                                           ^~~~~~~~~~
/home/el-system/centering_experiment/src/control/utils/control_.cpp:654:79: warning: unused variable ‘buffer_size’ [-Wunused-variable]
  654 |     geometry_msgs::msg::PoseStamped avg_payload_pose; int avg_sample = 1; int buffer_size = 4;
      |                                                                               ^~~~~~~~~~~
In file included from /opt/ros/humble/include/rclcpp/rclcpp/logging.hpp:24,
                 from /opt/ros/humble/include/rclcpp/rclcpp/client.hpp:40,
                 from /opt/ros/humble/include/rclcpp/rclcpp/callback_group.hpp:24,
                 from /opt/ros/humble/include/rclcpp/rclcpp/any_executable.hpp:20,
                 from /opt/ros/humble/include/rclcpp/rclcpp/memory_strategy.hpp:25,
                 from /opt/ros/humble/include/rclcpp/rclcpp/memory_strategies.hpp:18,
                 from /opt/ros/humble/include/rclcpp/rclcpp/executor_options.hpp:20,
                 from /opt/ros/humble/include/rclcpp/rclcpp/executor.hpp:37,
                 from /opt/ros/humble/include/rclcpp/rclcpp/executors/multi_threaded_executor.hpp:25,
                 from /opt/ros/humble/include/rclcpp/rclcpp/executors.hpp:21,
                 from /opt/ros/humble/include/rclcpp/rclcpp/rclcpp.hpp:155,
                 from /home/el-system/centering_experiment/src/control/include/control_.hpp:4,
                 from /home/el-system/centering_experiment/src/control/utils/control_.cpp:1:
/home/el-system/centering_experiment/src/control/utils/control_.cpp: In function ‘void pushMission(const std::shared_ptr<DroneController>&, std::vector<mavros_msgs::msg::Waypoint_<std::allocator<void> >, std::allocator<mavros_msgs::msg::Waypoint_<std::allocator<void> > > >)’:
/home/el-system/centering_experiment/src/control/utils/control_.cpp:2002:37: warning: format ‘%d’ expects argument of type ‘int’, but argument 5 has type ‘std::vector<mavros_msgs::msg::Waypoint_<std::allocator<void> >, std::allocator<mavros_msgs::msg::Waypoint_<std::allocator<void> > > >::size_type’ {aka ‘long unsigned int’} [-Wformat=]
 2002 |     RCLCPP_INFO(node->get_logger(), "Pushing mission of size %d", waypoints.size());
      |                                     ^~~~~~~~~~~~~~~~~~~~~~~~~~~~  ~~~~~~~~~~~~~~~~
      |                                                                                 |
      |                                                                                 std::vector<mavros_msgs::msg::Waypoint_<std::allocator<void> >, std::allocator<mavros_msgs::msg::Waypoint_<std::allocator<void> > > >::size_type {aka long unsigned int}
/home/el-system/centering_experiment/src/control/utils/control_.cpp:2002:63: note: format string is defined here
 2002 |     RCLCPP_INFO(node->get_logger(), "Pushing mission of size %d", waypoints.size());
      |                                                              ~^
      |                                                               |
      |                                                               int
      |                                                              %ld
/home/el-system/centering_experiment/src/control/utils/control_.cpp: In function ‘void centeringEmber(const std::shared_ptr<DroneController>&, rclcpp::Rate&, geometry_msgs::msg::PoseStamped&, float, bool&, float, float, float)’:
/home/el-system/centering_experiment/src/control/utils/control_.cpp:927:57: warning: unused variable ‘avg_sample’ [-Wunused-variable]
  927 |     geometry_msgs::msg::PoseStamped avg_ember_pose; int avg_sample = 1; int buffer_size = 4;
      |                                                         ^~~~~~~~~~
/home/el-system/centering_experiment/src/control/utils/control_.cpp:927:77: warning: unused variable ‘buffer_size’ [-Wunused-variable]
  927 |     geometry_msgs::msg::PoseStamped avg_ember_pose; int avg_sample = 1; int buffer_size = 4;
      |                                                                             ^~~~~~~~~~~
/home/el-system/centering_experiment/src/control/utils/control_.cpp: In function ‘void centeringGate(const std::shared_ptr<DroneController>&, rclcpp::Rate&, geometry_msgs::msg::PoseStamped&, float)’:
/home/el-system/centering_experiment/src/control/utils/control_.cpp:1204:30: warning: comparison of integer expressions of different signedness: ‘int’ and ‘std::vector<float>::size_type’ {aka ‘long unsigned int’} [-Wsign-compare]
 1204 |             for(int j = 0; j < x_points.size(); j++) {
      |                            ~~^~~~~~~~~~~~~~~~~
/home/el-system/centering_experiment/src/control/utils/control_.cpp: In function ‘void moveWithLaser(const std::shared_ptr<DroneController>&, rclcpp::Rate&, geometry_msgs::msg::PoseStamped&, float, float, float, float, float, bool, bool, float, float)’:
/home/el-system/centering_experiment/src/control/utils/control_.cpp:2128:422: warning: suggest parentheses around comparison in operand of ‘&’ [-Wparentheses]
 2128 |         vel_pose.pose.position.x = x ? limit(max_speed, P_maju*err_x + I_maju*total_error_maju + D_maju*last_error_maju) : (front + back <= 2.85f ? limit(koreksi_max_speed, P_koreksi*(front - back) + I_koreksi*total_error_koreksi + D_koreksi*last_error_koreksi) : (back == 2.1f && front != 2.1f ? limit(koreksi_max_speed, P_koreksi*(front - 1.25 ) + I_koreksi*total_error_koreksi + D_koreksi*last_error_koreksi) : (front == 2.1f & back != 2.1f ? limit(koreksi_max_speed, P_koreksi*(1.25 - back) + I_koreksi*total_error_koreksi + D_koreksi*last_error_koreksi) : 0.0)));
      |                                                                                                                                                                                                                                                                                                                                                                                                                                ~~~~~~^~~~~~~
/home/el-system/centering_experiment/src/control/utils/control_.cpp:2129:421: warning: suggest parentheses around comparison in operand of ‘&’ [-Wparentheses]
 2129 |         vel_pose.pose.position.y = y ? limit(max_speed, P_maju*err_y + I_maju*total_error_maju + D_maju*last_error_maju) : (left + right <= 2.85f ? limit(koreksi_max_speed, P_koreksi*(left - right) + I_koreksi*total_error_koreksi + D_koreksi*last_error_koreksi) : (right == 2.1f && left != 2.1f ? limit(koreksi_max_speed, P_koreksi*(left - 1.25  ) + I_koreksi*total_error_koreksi + D_koreksi*last_error_koreksi) : (left == 2.1f & right != 2.1f ? limit(koreksi_max_speed, P_koreksi*(1.25 - right) + I_koreksi*total_error_koreksi + D_koreksi*last_error_koreksi) : 0.0)));
      |                                                                                                                                                                                                                                                                                                                                                                                                                                ~~~~~^~~~~~~
/home/el-system/centering_experiment/src/control/utils/control_.cpp:1194:15: warning: unused variable ‘x1_min’ [-Wunused-variable]
 1194 |         float x1_min = -1.0, x2_min = -1.0;
      |               ^~~~~~
/home/el-system/centering_experiment/src/control/utils/control_.cpp:1194:30: warning: unused variable ‘x2_min’ [-Wunused-variable]
 1194 |         float x1_min = -1.0, x2_min = -1.0;
      |                              ^~~~~~
/home/el-system/centering_experiment/src/control/utils/control_.cpp: In function ‘float getYawError(const std::shared_ptr<DroneController>&, rclcpp::Rate&)’:
/home/el-system/centering_experiment/src/control/utils/control_.cpp:2304:24: warning: comparison of integer expressions of different signedness: ‘int’ and ‘std::vector<float>::size_type’ {aka ‘long unsigned int’} [-Wsign-compare]
 2304 |         if(right_index > curr_scan.ranges.size()) {
      |            ~~~~~~~~~~~~^~~~~~~~~~~~~~~~~~~~~~~~~
/home/el-system/centering_experiment/src/control/utils/control_.cpp: In function ‘void centeringBunder(const std::shared_ptr<DroneController>&, rclcpp::Rate&, geometry_msgs::msg::PoseStamped&, float, bool&, float, float, float)’:
/home/el-system/centering_experiment/src/control/utils/control_.cpp:1343:58: warning: unused variable ‘avg_sample’ [-Wunused-variable]
 1343 |     geometry_msgs::msg::PoseStamped avg_bunder_pose; int avg_sample = 1; int buffer_size = 4;
      |                                                          ^~~~~~~~~~
/home/el-system/centering_experiment/src/control/utils/control_.cpp:1343:78: warning: unused variable ‘buffer_size’ [-Wunused-variable]
 1343 |     geometry_msgs::msg::PoseStamped avg_bunder_pose; int avg_sample = 1; int buffer_size = 4;
      |                                                                              ^~~~~~~~~~~
/home/el-system/centering_experiment/src/control/utils/control_.cpp:2286:78: warning: unused parameter ‘rate’ [-Wunused-parameter]
 2286 | float getYawError(const std::shared_ptr<DroneController>&node, rclcpp::Rate &rate)
      |                                                                ~~~~~~~~~~~~~~^~~~
/home/el-system/centering_experiment/src/control/utils/control_.cpp: In function ‘void printTitik(std::vector<double, std::allocator<double> >&, std::vector<double, std::allocator<double> >&, std::vector<double, std::allocator<double> >&, std::vector<double, std::allocator<double> >&, double, double)’:
/home/el-system/centering_experiment/src/control/utils/control_.cpp:2324:26: warning: comparison of integer expressions of different signedness: ‘int’ and ‘std::vector<double, std::allocator<double> >::size_type’ {aka ‘long unsigned int’} [-Wsign-compare]
 2324 |         for(int i = 0; i < lat_indoor.size(); i++) {
      |                        ~~^~~~~~~~~~~~~~~~~~~
/home/el-system/centering_experiment/src/control/utils/control_.cpp:2326:18: warning: comparison of integer expressions of different signedness: ‘int’ and ‘std::vector<double, std::allocator<double> >::size_type’ {aka ‘long unsigned int’} [-Wsign-compare]
 2326 |             if(i != lat_indoor.size() -1) {std::cout<<", ";}
      |                ~~^~~~~~~~~~~~~~~~~~~~~~~
/home/el-system/centering_experiment/src/control/utils/control_.cpp:2330:26: warning: comparison of integer expressions of different signedness: ‘int’ and ‘std::vector<double, std::allocator<double> >::size_type’ {aka ‘long unsigned int’} [-Wsign-compare]
 2330 |         for(int i = 0; i < lon_indoor.size(); i++) {
      |                        ~~^~~~~~~~~~~~~~~~~~~
/home/el-system/centering_experiment/src/control/utils/control_.cpp: In function ‘void moveToPoint(const std::shared_ptr<DroneController>&, rclcpp::Rate&, geometry_msgs::msg::PoseStamped&, float, float, float, float, float, float)’:
/home/el-system/centering_experiment/src/control/utils/control_.cpp:1537:55: warning: unused variable ‘i’ [-Wunused-variable]
 1537 |     float last_x, last_y, distance, progress=0.0; int i =0;
      |                                                       ^
/home/el-system/centering_experiment/src/control/utils/control_.cpp:1521:156: warning: unused parameter ‘angle’ [-Wunused-parameter]
 1521 | void moveToPoint(const std::shared_ptr<DroneController>&node, rclcpp::Rate &rate, geometry_msgs::msg::PoseStamped &posee, float x, float y, float z, float angle, float speed, float tolerance) {
      |                                                                                                                                                      ~~~~~~^~~~~
/home/el-system/centering_experiment/src/control/utils/control_.cpp:2332:18: warning: comparison of integer expressions of different signedness: ‘int’ and ‘std::vector<double, std::allocator<double> >::size_type’ {aka ‘long unsigned int’} [-Wsign-compare]
 2332 |             if(i != lon_indoor.size() -1) {std::cout<<", ";}
      |                ~~^~~~~~~~~~~~~~~~~~~~~~~
/home/el-system/centering_experiment/src/control/utils/control_.cpp:2340:26: warning: comparison of integer expressions of different signedness: ‘int’ and ‘std::vector<double, std::allocator<double> >::size_type’ {aka ‘long unsigned int’} [-Wsign-compare]
 2340 |         for(int i = 0; i < lat_outdoor.size(); i++) {
      |                        ~~^~~~~~~~~~~~~~~~~~~~
/home/el-system/centering_experiment/src/control/utils/control_.cpp:2342:18: warning: comparison of integer expressions of different signedness: ‘int’ and ‘std::vector<double, std::allocator<double> >::size_type’ {aka ‘long unsigned int’} [-Wsign-compare]
 2342 |             if(i != lat_outdoor.size() -1) {std::cout<<", ";}
      |                ~~^~~~~~~~~~~~~~~~~~~~~~~~
/home/el-system/centering_experiment/src/control/utils/control_.cpp:2346:26: warning: comparison of integer expressions of different signedness: ‘int’ and ‘std::vector<double, std::allocator<double> >::size_type’ {aka ‘long unsigned int’} [-Wsign-compare]
 2346 |         for(int i = 0; i < lon_outdoor.size(); i++) {
      |                        ~~^~~~~~~~~~~~~~~~~~~~
/home/el-system/centering_experiment/src/control/utils/control_.cpp:2348:18: warning: comparison of integer expressions of different signedness: ‘int’ and ‘std::vector<double, std::allocator<double> >::size_type’ {aka ‘long unsigned int’} [-Wsign-compare]
 2348 |             if(i != lon_outdoor.size() -1) {std::cout<<", ";}
      |                ~~^~~~~~~~~~~~~~~~~~~~~~~~
/home/el-system/centering_experiment/src/control/utils/control_.cpp: In function ‘void moveToPoint(const std::shared_ptr<DroneController>&, rclcpp::Rate&, geometry_msgs::msg::PoseStamped&, geometry_msgs::msg::Pose, float, float, bool, bool, bool)’:
/home/el-system/centering_experiment/src/control/utils/control_.cpp:1583:11: warning: unused variable ‘distance_to_target’ [-Wunused-variable]
 1583 |     float distance_to_target = dist(posee.pose.position, target.position);
      |           ^~~~~~~~~~~~~~~~~~
/home/el-system/centering_experiment/src/control/utils/control_.cpp: In function ‘void holdPosition(const std::shared_ptr<DroneController>&, rclcpp::Rate&, geometry_msgs::msg::PoseStamped&, float)’:
/home/el-system/centering_experiment/src/control/utils/control_.cpp:1723:78: warning: unused parameter ‘rate’ [-Wunused-parameter]
 1723 | void holdPosition(const std::shared_ptr<DroneController>&node, rclcpp::Rate &rate, geometry_msgs::msg::PoseStamped& posee, float duration){
      |                                                                ~~~~~~~~~~~~~~^~~~
In file included from /opt/ros/humble/include/rclcpp/rclcpp/logging.hpp:24,
                 from /opt/ros/humble/include/rclcpp/rclcpp/client.hpp:40,
                 from /opt/ros/humble/include/rclcpp/rclcpp/callback_group.hpp:24,
                 from /opt/ros/humble/include/rclcpp/rclcpp/any_executable.hpp:20,
                 from /opt/ros/humble/include/rclcpp/rclcpp/memory_strategy.hpp:25,
                 from /opt/ros/humble/include/rclcpp/rclcpp/memory_strategies.hpp:18,
                 from /opt/ros/humble/include/rclcpp/rclcpp/executor_options.hpp:20,
                 from /opt/ros/humble/include/rclcpp/rclcpp/executor.hpp:37,
                 from /opt/ros/humble/include/rclcpp/rclcpp/executors/multi_threaded_executor.hpp:25,
                 from /opt/ros/humble/include/rclcpp/rclcpp/executors.hpp:21,
                 from /opt/ros/humble/include/rclcpp/rclcpp/rclcpp.hpp:155,
                 from /home/el-system/centering_experiment/src/control/include/control_.hpp:4,
                 from /home/el-system/centering_experiment/src/control/utils/control_.cpp:1:
/home/el-system/centering_experiment/src/control/utils/control_.cpp: In function ‘void waitForPosition(const std::shared_ptr<DroneController>&, rclcpp::Rate&, mavros_msgs::msg::GlobalPositionTarget, double, bool, float)’:
/home/el-system/centering_experiment/src/control/utils/control_.cpp:1786:41: warning: format ‘%d’ expects argument of type ‘int’, but argument 5 has type ‘double’ [-Wformat=]
 1786 |         RCLCPP_INFO(node->get_logger(), "%d - CURRR DISTANCEE: %f, meter: %.2f, payload: %.2f", distance, dist_m, node->getCurrentPosePayload().pose.position.x);
      |                                         ^~~~~~~~~~~~~~~~~~~~~~~~~~~~~~~~~~~~~~~~~~~~~~~~~~~~~~  ~~~~~~~~
      |                                                                                                 |
      |                                                                                                 double
/home/el-system/centering_experiment/src/control/utils/control_.cpp:1786:43: note: format string is defined here
 1786 |         RCLCPP_INFO(node->get_logger(), "%d - CURRR DISTANCEE: %f, meter: %.2f, payload: %.2f", distance, dist_m, node->getCurrentPosePayload().pose.position.x);
      |                                          ~^
      |                                           |
      |                                           int
      |                                          %f
In file included from /opt/ros/humble/include/rclcpp/rclcpp/logging.hpp:24,
                 from /opt/ros/humble/include/rclcpp/rclcpp/client.hpp:40,
                 from /opt/ros/humble/include/rclcpp/rclcpp/callback_group.hpp:24,
                 from /opt/ros/humble/include/rclcpp/rclcpp/any_executable.hpp:20,
                 from /opt/ros/humble/include/rclcpp/rclcpp/memory_strategy.hpp:25,
                 from /opt/ros/humble/include/rclcpp/rclcpp/memory_strategies.hpp:18,
                 from /opt/ros/humble/include/rclcpp/rclcpp/executor_options.hpp:20,
                 from /opt/ros/humble/include/rclcpp/rclcpp/executor.hpp:37,
                 from /opt/ros/humble/include/rclcpp/rclcpp/executors/multi_threaded_executor.hpp:25,
                 from /opt/ros/humble/include/rclcpp/rclcpp/executors.hpp:21,
                 from /opt/ros/humble/include/rclcpp/rclcpp/rclcpp.hpp:155,
                 from /home/el-system/centering_experiment/src/control/include/control_.hpp:4,
                 from /home/el-system/centering_experiment/src/control/utils/control_.cpp:1:
/home/el-system/centering_experiment/src/control/utils/control_.cpp:1786:41: warning: format ‘%f’ expects a matching ‘double’ argument [-Wformat=]
 1786 |         RCLCPP_INFO(node->get_logger(), "%d - CURRR DISTANCEE: %f, meter: %.2f, payload: %.2f", distance, dist_m, node->getCurrentPosePayload().pose.position.x);
      |                                         ^~~~~~~~~~~~~~~~~~~~~~~~~~~~~~~~~~~~~~~~~~~~~~~~~~~~~~
/home/el-system/centering_experiment/src/control/utils/control_.cpp:1786:93: note: format string is defined here
 1786 |         RCLCPP_INFO(node->get_logger(), "%d - CURRR DISTANCEE: %f, meter: %.2f, payload: %.2f", distance, dist_m, node->getCurrentPosePayload().pose.position.x);
      |                                                                                          ~~~^
      |                                                                                             |
      |                                                                                             double
/home/el-system/centering_experiment/src/control/utils/control_.cpp: In function ‘void executeLocalWaypointMove(const std::shared_ptr<DroneController>&, rclcpp::Rate&, geometry_msgs::msg::PoseStamped&, float, float, float, float, float)’:
/home/el-system/centering_experiment/src/control/utils/control_.cpp:2404:5: error: ‘RCLCPP_INFO’ was not declared in this scope
 2404 |     RCLCPP_INFO(node->get_logger(), "Total distance to travel: %.2f m (tolerance: %.2f m)",
      |     ^~~~~~~~~~~
/home/el-system/centering_experiment/src/control/utils/control_.cpp:2404:16: error: expected ‘}’ at end of input
 2404 |     RCLCPP_INFO(node->get_logger(), "Total distance to travel: %.2f m (tolerance: %.2f m)",
      |                ^
/home/el-system/centering_experiment/src/control/utils/control_.cpp:2357:78: note: to match this ‘{’
 2357 |                                float up_z, float yaw_angle, float tolerance) {
      |                                                                              ^
/home/el-system/centering_experiment/src/control/utils/control_.cpp:2403:11: warning: unused variable ‘total_distance’ [-Wunused-variable]
 2403 |     float total_distance = sqrt(pow(global_x, 2) + pow(global_y, 2) + pow(up_z, 2));
      |           ^~~~~~~~~~~~~~
/home/el-system/centering_experiment/src/control/utils/control_.cpp:2355:90: warning: unused parameter ‘rate’ [-Wunused-parameter]
 2355 | void executeLocalWaypointMove(const std::shared_ptr<DroneController>&node, rclcpp::Rate &rate,
      |                                                                            ~~~~~~~~~~~~~~^~~~
/home/el-system/centering_experiment/src/control/utils/control_.cpp:1781:16: warning: unused variable ‘dalt’ [-Wunused-variable]
 1781 |         double dalt = raw.altitude - node->getCurrentGPSPosition().altitude;
      |                ^~~~
/home/el-system/centering_experiment/src/control/utils/control_.cpp:2356:65: warning: unused parameter ‘posee’ [-Wunused-parameter]
 2356 |                                geometry_msgs::msg::PoseStamped &posee, float forward_x, float left_y,
      |                                ~~~~~~~~~~~~~~~~~~~~~~~~~~~~~~~~~^~~~~
/home/el-system/centering_experiment/src/control/utils/control_.cpp:2357:67: warning: unused parameter ‘tolerance’ [-Wunused-parameter]
 2357 |                                float up_z, float yaw_angle, float tolerance) {
      |                                                             ~~~~~~^~~~~~~~~
/home/el-system/centering_experiment/src/control/utils/control_.cpp:1763:177: warning: unused parameter ‘center_dist’ [-Wunused-parameter]
 1763 | void waitForPosition(const std::shared_ptr<DroneController>&node, rclcpp::Rate &rate, mavros_msgs::msg::GlobalPositionTarget raw, double tolerance, bool allow_centering, float center_dist) {
      |                                                                                                                                                                           ~~~~~~^~~~~~~~~~~
/home/el-system/centering_experiment/src/control/utils/control_.cpp: In function ‘void sendGlobalRawAsync(const std::shared_ptr<DroneController>&, rclcpp::Rate&, geometry_msgs::msg::PoseStamped&, float, float, float, bool, float)’:
/home/el-system/centering_experiment/src/control/utils/control_.cpp:1853:171: warning: unused parameter ‘allow_centering’ [-Wunused-parameter]
 1853 | void sendGlobalRawAsync(const std::shared_ptr<DroneController>&node, rclcpp::Rate &rate, geometry_msgs::msg::PoseStamped &posee, float latt, float lonn, float altt, bool allow_centering, float center_dist) {
      |                                                                                                                                                                      ~~~~~^~~~~~~~~~~~~~~
/home/el-system/centering_experiment/src/control/utils/control_.cpp:1853:194: warning: unused parameter ‘center_dist’ [-Wunused-parameter]
 1853 | void sendGlobalRawAsync(const std::shared_ptr<DroneController>&node, rclcpp::Rate &rate, geometry_msgs::msg::PoseStamped &posee, float latt, float lonn, float altt, bool allow_centering, float center_dist) {
      |                                                                                                                                                                                            ~~~~~~^~~~~~~~~~~
/home/el-system/centering_experiment/src/control/utils/control_.cpp: In function ‘void sendGlobalRawFromXYZ(const std::shared_ptr<DroneController>&, rclcpp::Rate&, geometry_msgs::msg::PoseStamped&, LatLonAlt, double, float, float, float, bool, float)’:
/home/el-system/centering_experiment/src/control/utils/control_.cpp:1901:203: warning: unused parameter ‘allow_centering’ [-Wunused-parameter]
 1901 | void sendGlobalRawFromXYZ(const std::shared_ptr<DroneController>&node, rclcpp::Rate &rate, geometry_msgs::msg::PoseStamped &posee, LatLonAlt zero, double zero_hdg, float x, float y, float rel_alt, bool allow_centering, float center_dist) {
      |                                                                                                                                                                                                      ~~~~~^~~~~~~~~~~~~~~
/home/el-system/centering_experiment/src/control/utils/control_.cpp:1901:226: warning: unused parameter ‘center_dist’ [-Wunused-parameter]
 1901 | void sendGlobalRawFromXYZ(const std::shared_ptr<DroneController>&node, rclcpp::Rate &rate, geometry_msgs::msg::PoseStamped &posee, LatLonAlt zero, double zero_hdg, float x, float y, float rel_alt, bool allow_centering, float center_dist) {
      |                                                                                                                                                                                                                            ~~~~~~^~~~~~~~~~~
In file included from /opt/ros/humble/include/rclcpp/rclcpp/logging.hpp:24,
                 from /opt/ros/humble/include/rclcpp/rclcpp/client.hpp:40,
                 from /opt/ros/humble/include/rclcpp/rclcpp/callback_group.hpp:24,
                 from /opt/ros/humble/include/rclcpp/rclcpp/any_executable.hpp:20,
                 from /opt/ros/humble/include/rclcpp/rclcpp/memory_strategy.hpp:25,
                 from /opt/ros/humble/include/rclcpp/rclcpp/memory_strategies.hpp:18,
                 from /opt/ros/humble/include/rclcpp/rclcpp/executor_options.hpp:20,
                 from /opt/ros/humble/include/rclcpp/rclcpp/executor.hpp:37,
                 from /opt/ros/humble/include/rclcpp/rclcpp/executors/multi_threaded_executor.hpp:25,
                 from /opt/ros/humble/include/rclcpp/rclcpp/executors.hpp:21,
                 from /opt/ros/humble/include/rclcpp/rclcpp/rclcpp.hpp:155,
                 from /home/el-system/centering_experiment/src/control/include/control_.hpp:4,
                 from /home/el-system/centering_experiment/src/control/utils/control_.cpp:1:
/home/el-system/centering_experiment/src/control/utils/control_.cpp: In function ‘void pushMission(const std::shared_ptr<DroneController>&, std::vector<mavros_msgs::msg::Waypoint_<std::allocator<void> >, std::allocator<mavros_msgs::msg::Waypoint_<std::allocator<void> > > >)’:
/home/el-system/centering_experiment/src/control/utils/control_.cpp:2002:37: warning: format ‘%d’ expects argument of type ‘int’, but argument 5 has type ‘std::vector<mavros_msgs::msg::Waypoint_<std::allocator<void> >, std::allocator<mavros_msgs::msg::Waypoint_<std::allocator<void> > > >::size_type’ {aka ‘long unsigned int’} [-Wformat=]
 2002 |     RCLCPP_INFO(node->get_logger(), "Pushing mission of size %d", waypoints.size());
      |                                     ^~~~~~~~~~~~~~~~~~~~~~~~~~~~  ~~~~~~~~~~~~~~~~
      |                                                                                 |
      |                                                                                 std::vector<mavros_msgs::msg::Waypoint_<std::allocator<void> >, std::allocator<mavros_msgs::msg::Waypoint_<std::allocator<void> > > >::size_type {aka long unsigned int}
/home/el-system/centering_experiment/src/control/utils/control_.cpp:2002:63: note: format string is defined here
 2002 |     RCLCPP_INFO(node->get_logger(), "Pushing mission of size %d", waypoints.size());
      |                                                              ~^
      |                                                               |
      |                                                               int
      |                                                              %ld
/home/el-system/centering_experiment/src/control/utils/control_.cpp: In function ‘void moveWithLaser(const std::shared_ptr<DroneController>&, rclcpp::Rate&, geometry_msgs::msg::PoseStamped&, float, float, float, float, float, bool, bool, float, float)’:
/home/el-system/centering_experiment/src/control/utils/control_.cpp:2128:422: warning: suggest parentheses around comparison in operand of ‘&’ [-Wparentheses]
 2128 |         vel_pose.pose.position.x = x ? limit(max_speed, P_maju*err_x + I_maju*total_error_maju + D_maju*last_error_maju) : (front + back <= 2.85f ? limit(koreksi_max_speed, P_koreksi*(front - back) + I_koreksi*total_error_koreksi + D_koreksi*last_error_koreksi) : (back == 2.1f && front != 2.1f ? limit(koreksi_max_speed, P_koreksi*(front - 1.25 ) + I_koreksi*total_error_koreksi + D_koreksi*last_error_koreksi) : (front == 2.1f & back != 2.1f ? limit(koreksi_max_speed, P_koreksi*(1.25 - back) + I_koreksi*total_error_koreksi + D_koreksi*last_error_koreksi) : 0.0)));
      |                                                                                                                                                                                                                                                                                                                                                                                                                                ~~~~~~^~~~~~~
/home/el-system/centering_experiment/src/control/utils/control_.cpp:2129:421: warning: suggest parentheses around comparison in operand of ‘&’ [-Wparentheses]
 2129 |         vel_pose.pose.position.y = y ? limit(max_speed, P_maju*err_y + I_maju*total_error_maju + D_maju*last_error_maju) : (left + right <= 2.85f ? limit(koreksi_max_speed, P_koreksi*(left - right) + I_koreksi*total_error_koreksi + D_koreksi*last_error_koreksi) : (right == 2.1f && left != 2.1f ? limit(koreksi_max_speed, P_koreksi*(left - 1.25  ) + I_koreksi*total_error_koreksi + D_koreksi*last_error_koreksi) : (left == 2.1f & right != 2.1f ? limit(koreksi_max_speed, P_koreksi*(1.25 - right) + I_koreksi*total_error_koreksi + D_koreksi*last_error_koreksi) : 0.0)));
      |                                                                                                                                                                                                                                                                                                                                                                                                                                ~~~~~^~~~~~~
/home/el-system/centering_experiment/src/control/utils/control_.cpp: In function ‘float getYawError(const std::shared_ptr<DroneController>&, rclcpp::Rate&)’:
/home/el-system/centering_experiment/src/control/utils/control_.cpp:2304:24: warning: comparison of integer expressions of different signedness: ‘int’ and ‘std::vector<float>::size_type’ {aka ‘long unsigned int’} [-Wsign-compare]
 2304 |         if(right_index > curr_scan.ranges.size()) {
      |            ~~~~~~~~~~~~^~~~~~~~~~~~~~~~~~~~~~~~~
/home/el-system/centering_experiment/src/control/utils/control_.cpp:2286:78: warning: unused parameter ‘rate’ [-Wunused-parameter]
 2286 | float getYawError(const std::shared_ptr<DroneController>&node, rclcpp::Rate &rate)
      |                                                                ~~~~~~~~~~~~~~^~~~
/home/el-system/centering_experiment/src/control/utils/control_.cpp: In function ‘void printTitik(std::vector<double, std::allocator<double> >&, std::vector<double, std::allocator<double> >&, std::vector<double, std::allocator<double> >&, std::vector<double, std::allocator<double> >&, double, double)’:
/home/el-system/centering_experiment/src/control/utils/control_.cpp:2324:26: warning: comparison of integer expressions of different signedness: ‘int’ and ‘std::vector<double, std::allocator<double> >::size_type’ {aka ‘long unsigned int’} [-Wsign-compare]
 2324 |         for(int i = 0; i < lat_indoor.size(); i++) {
      |                        ~~^~~~~~~~~~~~~~~~~~~
/home/el-system/centering_experiment/src/control/utils/control_.cpp:2326:18: warning: comparison of integer expressions of different signedness: ‘int’ and ‘std::vector<double, std::allocator<double> >::size_type’ {aka ‘long unsigned int’} [-Wsign-compare]
 2326 |             if(i != lat_indoor.size() -1) {std::cout<<", ";}
      |                ~~^~~~~~~~~~~~~~~~~~~~~~~
/home/el-system/centering_experiment/src/control/utils/control_.cpp:2330:26: warning: comparison of integer expressions of different signedness: ‘int’ and ‘std::vector<double, std::allocator<double> >::size_type’ {aka ‘long unsigned int’} [-Wsign-compare]
 2330 |         for(int i = 0; i < lon_indoor.size(); i++) {
      |                        ~~^~~~~~~~~~~~~~~~~~~
/home/el-system/centering_experiment/src/control/utils/control_.cpp:2332:18: warning: comparison of integer expressions of different signedness: ‘int’ and ‘std::vector<double, std::allocator<double> >::size_type’ {aka ‘long unsigned int’} [-Wsign-compare]
 2332 |             if(i != lon_indoor.size() -1) {std::cout<<", ";}
      |                ~~^~~~~~~~~~~~~~~~~~~~~~~
/home/el-system/centering_experiment/src/control/utils/control_.cpp:2340:26: warning: comparison of integer expressions of different signedness: ‘int’ and ‘std::vector<double, std::allocator<double> >::size_type’ {aka ‘long unsigned int’} [-Wsign-compare]
 2340 |         for(int i = 0; i < lat_outdoor.size(); i++) {
      |                        ~~^~~~~~~~~~~~~~~~~~~~
/home/el-system/centering_experiment/src/control/utils/control_.cpp:2342:18: warning: comparison of integer expressions of different signedness: ‘int’ and ‘std::vector<double, std::allocator<double> >::size_type’ {aka ‘long unsigned int’} [-Wsign-compare]
 2342 |             if(i != lat_outdoor.size() -1) {std::cout<<", ";}
      |                ~~^~~~~~~~~~~~~~~~~~~~~~~~
/home/el-system/centering_experiment/src/control/utils/control_.cpp:2346:26: warning: comparison of integer expressions of different signedness: ‘int’ and ‘std::vector<double, std::allocator<double> >::size_type’ {aka ‘long unsigned int’} [-Wsign-compare]
 2346 |         for(int i = 0; i < lon_outdoor.size(); i++) {
      |                        ~~^~~~~~~~~~~~~~~~~~~~
/home/el-system/centering_experiment/src/control/utils/control_.cpp:2348:18: warning: comparison of integer expressions of different signedness: ‘int’ and ‘std::vector<double, std::allocator<double> >::size_type’ {aka ‘long unsigned int’} [-Wsign-compare]
 2348 |             if(i != lon_outdoor.size() -1) {std::cout<<", ";}
      |                ~~^~~~~~~~~~~~~~~~~~~~~~~~
/home/el-system/centering_experiment/src/control/utils/control_.cpp: In function ‘void executeLocalWaypointMove(const std::shared_ptr<DroneController>&, rclcpp::Rate&, geometry_msgs::msg::PoseStamped&, float, float, float, float, float)’:
/home/el-system/centering_experiment/src/control/utils/control_.cpp:2404:5: error: ‘RCLCPP_INFO’ was not declared in this scope
 2404 |     RCLCPP_INFO(node->get_logger(), "Total distance to travel: %.2f m (tolerance: %.2f m)",
      |     ^~~~~~~~~~~
/home/el-system/centering_experiment/src/control/utils/control_.cpp:2404:16: error: expected ‘}’ at end of input
 2404 |     RCLCPP_INFO(node->get_logger(), "Total distance to travel: %.2f m (tolerance: %.2f m)",
      |                ^
/home/el-system/centering_experiment/src/control/utils/control_.cpp:2357:78: note: to match this ‘{’
 2357 |                                float up_z, float yaw_angle, float tolerance) {
      |                                                                              ^
/home/el-system/centering_experiment/src/control/utils/control_.cpp:2403:11: warning: unused variable ‘total_distance’ [-Wunused-variable]
 2403 |     float total_distance = sqrt(pow(global_x, 2) + pow(global_y, 2) + pow(up_z, 2));
      |           ^~~~~~~~~~~~~~
/home/el-system/centering_experiment/src/control/utils/control_.cpp:2355:90: warning: unused parameter ‘rate’ [-Wunused-parameter]
 2355 | void executeLocalWaypointMove(const std::shared_ptr<DroneController>&node, rclcpp::Rate &rate,
      |                                                                            ~~~~~~~~~~~~~~^~~~
/home/el-system/centering_experiment/src/control/utils/control_.cpp:2356:65: warning: unused parameter ‘posee’ [-Wunused-parameter]
 2356 |                                geometry_msgs::msg::PoseStamped &posee, float forward_x, float left_y,
      |                                ~~~~~~~~~~~~~~~~~~~~~~~~~~~~~~~~~^~~~~
/home/el-system/centering_experiment/src/control/utils/control_.cpp:2357:67: warning: unused parameter ‘tolerance’ [-Wunused-parameter]
 2357 |                                float up_z, float yaw_angle, float tolerance) {
      |                                                             ~~~~~~^~~~~~~~~
gmake[2]: *** [CMakeFiles/control_lidar.dir/build.make:107: CMakeFiles/control_lidar.dir/utils/control_.cpp.o] Error 1
gmake[1]: *** [CMakeFiles/Makefile2:156: CMakeFiles/control_lidar.dir/all] Error 2
gmake[1]: *** Waiting for unfinished jobs....
gmake[2]: *** [CMakeFiles/test_lidar.dir/build.make:107: CMakeFiles/test_lidar.dir/utils/control_.cpp.o] Error 1
gmake[1]: *** [CMakeFiles/Makefile2:188: CMakeFiles/test_lidar.dir/all] Error 2
gmake: *** [Makefile:146: all] Error 2
