[0.016s] Invoking command in '/home/el-system/centering_experiment/build/control': CMAKE_PREFIX_PATH=${CMAKE_PREFIX_PATH}:/opt/ros/humble /usr/local/bin/cmake --build /home/el-system/centering_experiment/build/control -- -j12 -l12
[0.088s] [  8%] Building CXX object CMakeFiles/test_lidar.dir/utils/control_.cpp.o
[0.108s] [ 16%] Building CXX object CMakeFiles/control_lidar.dir/utils/control_.cpp.o
[1.238s] /home/el-system/centering_experiment/src/control/utils/control_.cpp:4356:1: error: unterminated argument list invoking macro "RCLCPP_INFO"
[1.238s]  4356 | 
[1.239s]       | ^
[1.283s] /home/el-system/centering_experiment/src/control/utils/control_.cpp:4356:1: error: unterminated argument list invoking macro "RCLCPP_INFO"
[1.284s]  4356 | 
[1.284s]       | ^
[7.604s] In file included from /home/el-system/centering_experiment/src/control/include/control_.hpp:30,
[7.604s]                  from /home/el-system/centering_experiment/src/control/utils/control_.cpp:1:
[7.604s] /home/el-system/centering_experiment/src/control/include/drone_controller_.hpp:162:25: warning: use of ‘auto’ in parameter declaration only available with ‘-std=c++20’ or ‘-fconcepts’
[7.604s]   162 |     void waitForService(auto &client);
[7.605s]       |                         ^~~~
[7.648s] In file included from /home/el-system/centering_experiment/src/control/include/control_.hpp:30,
[7.648s]                  from /home/el-system/centering_experiment/src/control/utils/control_.cpp:1:
[7.649s] /home/el-system/centering_experiment/src/control/include/drone_controller_.hpp:162:25: warning: use of ‘auto’ in parameter declaration only available with ‘-std=c++20’ or ‘-fconcepts’
[7.649s]   162 |     void waitForService(auto &client);
[7.649s]       |                         ^~~~
[8.770s] In file included from /home/el-system/centering_experiment/src/control/utils/control_.cpp:1:
[8.771s] /home/el-system/centering_experiment/src/control/include/control_.hpp:63:62: warning: use of ‘auto’ in parameter declaration only available with ‘-std=c++20’ or ‘-fconcepts’
[8.771s]    63 | bool hasReplied(const std::shared_ptr<DroneController>&node, auto& result);
[8.771s]       |                                                              ^~~~
[8.782s] In file included from /home/el-system/centering_experiment/src/control/utils/control_.cpp:1:
[8.783s] /home/el-system/centering_experiment/src/control/include/control_.hpp:63:62: warning: use of ‘auto’ in parameter declaration only available with ‘-std=c++20’ or ‘-fconcepts’
[8.783s]    63 | bool hasReplied(const std::shared_ptr<DroneController>&node, auto& result);
[8.783s]       |                                                              ^~~~
[9.362s] /home/el-system/centering_experiment/src/control/utils/control_.cpp:51:62: warning: use of ‘auto’ in parameter declaration only available with ‘-std=c++20’ or ‘-fconcepts’
[9.363s]    51 | bool hasReplied(const std::shared_ptr<DroneController>&node, auto& result){
[9.363s]       |                                                              ^~~~
[9.409s] /home/el-system/centering_experiment/src/control/utils/control_.cpp: In function ‘void safeLanding(const std::shared_ptr<DroneController>&, rclcpp::Rate&, geometry_msgs::msg::PoseStamped&, float)’:
[9.409s] /home/el-system/centering_experiment/src/control/utils/control_.cpp:474:77: warning: unused parameter ‘rate’ [-Wunused-parameter]
[9.409s]   474 | void safeLanding(const std::shared_ptr<DroneController>&node, rclcpp::Rate &rate, geometry_msgs::msg::PoseStamped &posee, float descent_rate = 0.3) {
[9.409s]       |                                                               ~~~~~~~~~~~~~~^~~~
[9.434s] /home/el-system/centering_experiment/src/control/utils/control_.cpp: In function ‘void centeringPayload(const std::shared_ptr<DroneController>&, rclcpp::Rate&, geometry_msgs::msg::PoseStamped&, float, bool&, float, float, float, float, float, float, float, float, float, std::string, std::string)’:
[9.434s] /home/el-system/centering_experiment/src/control/utils/control_.cpp:650:17: warning: unused variable ‘dropAlt’ [-Wunused-variable]
[9.435s]   650 |     const float dropAlt = 0.6;
[9.435s]       |                 ^~~~~~~
[9.435s] /home/el-system/centering_experiment/src/control/utils/control_.cpp:654:59: warning: unused variable ‘avg_sample’ [-Wunused-variable]
[9.435s]   654 |     geometry_msgs::msg::PoseStamped avg_payload_pose; int avg_sample = 1; int buffer_size = 4;
[9.435s]       |                                                           ^~~~~~~~~~
[9.435s] /home/el-system/centering_experiment/src/control/utils/control_.cpp:654:79: warning: unused variable ‘buffer_size’ [-Wunused-variable]
[9.435s]   654 |     geometry_msgs::msg::PoseStamped avg_payload_pose; int avg_sample = 1; int buffer_size = 4;
[9.435s]       |                                                                               ^~~~~~~~~~~
[9.448s] /home/el-system/centering_experiment/src/control/utils/control_.cpp:51:62: warning: use of ‘auto’ in parameter declaration only available with ‘-std=c++20’ or ‘-fconcepts’
[9.448s]    51 | bool hasReplied(const std::shared_ptr<DroneController>&node, auto& result){
[9.448s]       |                                                              ^~~~
[9.449s] /home/el-system/centering_experiment/src/control/utils/control_.cpp: In function ‘void centeringEmber(const std::shared_ptr<DroneController>&, rclcpp::Rate&, geometry_msgs::msg::PoseStamped&, float, bool&, float, float, float)’:
[9.450s] /home/el-system/centering_experiment/src/control/utils/control_.cpp:927:57: warning: unused variable ‘avg_sample’ [-Wunused-variable]
[9.450s]   927 |     geometry_msgs::msg::PoseStamped avg_ember_pose; int avg_sample = 1; int buffer_size = 4;
[9.450s]       |                                                         ^~~~~~~~~~
[9.450s] /home/el-system/centering_experiment/src/control/utils/control_.cpp:927:77: warning: unused variable ‘buffer_size’ [-Wunused-variable]
[9.450s]   927 |     geometry_msgs::msg::PoseStamped avg_ember_pose; int avg_sample = 1; int buffer_size = 4;
[9.450s]       |                                                                             ^~~~~~~~~~~
[9.462s] /home/el-system/centering_experiment/src/control/utils/control_.cpp: In function ‘void centeringGate(const std::shared_ptr<DroneController>&, rclcpp::Rate&, geometry_msgs::msg::PoseStamped&, float)’:
[9.462s] /home/el-system/centering_experiment/src/control/utils/control_.cpp:1204:30: warning: comparison of integer expressions of different signedness: ‘int’ and ‘std::vector<float>::size_type’ {aka ‘long unsigned int’} [-Wsign-compare]
[9.462s]  1204 |             for(int j = 0; j < x_points.size(); j++) {
[9.462s]       |                            ~~^~~~~~~~~~~~~~~~~
[9.465s] /home/el-system/centering_experiment/src/control/utils/control_.cpp:1194:15: warning: unused variable ‘x1_min’ [-Wunused-variable]
[9.465s]  1194 |         float x1_min = -1.0, x2_min = -1.0;
[9.466s]       |               ^~~~~~
[9.466s] /home/el-system/centering_experiment/src/control/utils/control_.cpp:1194:30: warning: unused variable ‘x2_min’ [-Wunused-variable]
[9.466s]  1194 |         float x1_min = -1.0, x2_min = -1.0;
[9.466s]       |                              ^~~~~~
[9.479s] /home/el-system/centering_experiment/src/control/utils/control_.cpp: In function ‘void centeringBunder(const std::shared_ptr<DroneController>&, rclcpp::Rate&, geometry_msgs::msg::PoseStamped&, float, bool&, float, float, float)’:
[9.479s] /home/el-system/centering_experiment/src/control/utils/control_.cpp:1343:58: warning: unused variable ‘avg_sample’ [-Wunused-variable]
[9.479s]  1343 |     geometry_msgs::msg::PoseStamped avg_bunder_pose; int avg_sample = 1; int buffer_size = 4;
[9.479s]       |                                                          ^~~~~~~~~~
[9.480s] /home/el-system/centering_experiment/src/control/utils/control_.cpp:1343:78: warning: unused variable ‘buffer_size’ [-Wunused-variable]
[9.480s]  1343 |     geometry_msgs::msg::PoseStamped avg_bunder_pose; int avg_sample = 1; int buffer_size = 4;
[9.480s]       |                                                                              ^~~~~~~~~~~
[9.482s] /home/el-system/centering_experiment/src/control/utils/control_.cpp: In function ‘void moveToPoint(const std::shared_ptr<DroneController>&, rclcpp::Rate&, geometry_msgs::msg::PoseStamped&, float, float, float, float, float, float)’:
[9.482s] /home/el-system/centering_experiment/src/control/utils/control_.cpp:1537:55: warning: unused variable ‘i’ [-Wunused-variable]
[9.483s]  1537 |     float last_x, last_y, distance, progress=0.0; int i =0;
[9.483s]       |                                                       ^
[9.483s] /home/el-system/centering_experiment/src/control/utils/control_.cpp:1521:156: warning: unused parameter ‘angle’ [-Wunused-parameter]
[9.483s]  1521 | void moveToPoint(const std::shared_ptr<DroneController>&node, rclcpp::Rate &rate, geometry_msgs::msg::PoseStamped &posee, float x, float y, float z, float angle, float speed, float tolerance) {
[9.483s]       |                                                                                                                                                      ~~~~~~^~~~~
[9.487s] /home/el-system/centering_experiment/src/control/utils/control_.cpp: In function ‘void moveToPoint(const std::shared_ptr<DroneController>&, rclcpp::Rate&, geometry_msgs::msg::PoseStamped&, geometry_msgs::msg::Pose, float, float, bool, bool, bool)’:
[9.488s] /home/el-system/centering_experiment/src/control/utils/control_.cpp:1583:11: warning: unused variable ‘distance_to_target’ [-Wunused-variable]
[9.488s]  1583 |     float distance_to_target = dist(posee.pose.position, target.position);
[9.488s]       |           ^~~~~~~~~~~~~~~~~~
[9.493s] /home/el-system/centering_experiment/src/control/utils/control_.cpp: In function ‘void safeLanding(const std::shared_ptr<DroneController>&, rclcpp::Rate&, geometry_msgs::msg::PoseStamped&, float)’:
[9.493s] /home/el-system/centering_experiment/src/control/utils/control_.cpp:474:77: warning: unused parameter ‘rate’ [-Wunused-parameter]
[9.493s]   474 | void safeLanding(const std::shared_ptr<DroneController>&node, rclcpp::Rate &rate, geometry_msgs::msg::PoseStamped &posee, float descent_rate = 0.3) {
[9.493s]       |                                                               ~~~~~~~~~~~~~~^~~~
[9.504s] /home/el-system/centering_experiment/src/control/utils/control_.cpp: In function ‘void holdPosition(const std::shared_ptr<DroneController>&, rclcpp::Rate&, geometry_msgs::msg::PoseStamped&, float)’:
[9.504s] /home/el-system/centering_experiment/src/control/utils/control_.cpp:1723:78: warning: unused parameter ‘rate’ [-Wunused-parameter]
[9.504s]  1723 | void holdPosition(const std::shared_ptr<DroneController>&node, rclcpp::Rate &rate, geometry_msgs::msg::PoseStamped& posee, float duration){
[9.505s]       |                                                                ~~~~~~~~~~~~~~^~~~
[9.506s] In file included from /opt/ros/humble/include/rclcpp/rclcpp/logging.hpp:24,
[9.506s]                  from /opt/ros/humble/include/rclcpp/rclcpp/client.hpp:40,
[9.506s]                  from /opt/ros/humble/include/rclcpp/rclcpp/callback_group.hpp:24,
[9.506s]                  from /opt/ros/humble/include/rclcpp/rclcpp/any_executable.hpp:20,
[9.506s]                  from /opt/ros/humble/include/rclcpp/rclcpp/memory_strategy.hpp:25,
[9.506s]                  from /opt/ros/humble/include/rclcpp/rclcpp/memory_strategies.hpp:18,
[9.506s]                  from /opt/ros/humble/include/rclcpp/rclcpp/executor_options.hpp:20,
[9.507s]                  from /opt/ros/humble/include/rclcpp/rclcpp/executor.hpp:37,
[9.507s]                  from /opt/ros/humble/include/rclcpp/rclcpp/executors/multi_threaded_executor.hpp:25,
[9.507s]                  from /opt/ros/humble/include/rclcpp/rclcpp/executors.hpp:21,
[9.507s]                  from /opt/ros/humble/include/rclcpp/rclcpp/rclcpp.hpp:155,
[9.507s]                  from /home/el-system/centering_experiment/src/control/include/control_.hpp:4,
[9.508s]                  from /home/el-system/centering_experiment/src/control/utils/control_.cpp:1:
[9.508s] /home/el-system/centering_experiment/src/control/utils/control_.cpp: In function ‘void waitForPosition(const std::shared_ptr<DroneController>&, rclcpp::Rate&, mavros_msgs::msg::GlobalPositionTarget, double, bool, float)’:
[9.508s] /home/el-system/centering_experiment/src/control/utils/control_.cpp:1786:41: warning: format ‘%d’ expects argument of type ‘int’, but argument 5 has type ‘double’ [-Wformat=]
[9.508s]  1786 |         RCLCPP_INFO(node->get_logger(), "%d - CURRR DISTANCEE: %f, meter: %.2f, payload: %.2f", distance, dist_m, node->getCurrentPosePayload().pose.position.x);
[9.508s]       |                                         ^~~~~~~~~~~~~~~~~~~~~~~~~~~~~~~~~~~~~~~~~~~~~~~~~~~~~~  ~~~~~~~~
[9.508s]       |                                                                                                 |
[9.508s]       |                                                                                                 double
[9.508s] /home/el-system/centering_experiment/src/control/utils/control_.cpp:1786:43: note: format string is defined here
[9.508s]  1786 |         RCLCPP_INFO(node->get_logger(), "%d - CURRR DISTANCEE: %f, meter: %.2f, payload: %.2f", distance, dist_m, node->getCurrentPosePayload().pose.position.x);
[9.509s]       |                                          ~^
[9.509s]       |                                           |
[9.509s]       |                                           int
[9.509s]       |                                          %f
[9.509s] In file included from /opt/ros/humble/include/rclcpp/rclcpp/logging.hpp:24,
[9.509s]                  from /opt/ros/humble/include/rclcpp/rclcpp/client.hpp:40,
[9.509s]                  from /opt/ros/humble/include/rclcpp/rclcpp/callback_group.hpp:24,
[9.509s]                  from /opt/ros/humble/include/rclcpp/rclcpp/any_executable.hpp:20,
[9.509s]                  from /opt/ros/humble/include/rclcpp/rclcpp/memory_strategy.hpp:25,
[9.509s]                  from /opt/ros/humble/include/rclcpp/rclcpp/memory_strategies.hpp:18,
[9.509s]                  from /opt/ros/humble/include/rclcpp/rclcpp/executor_options.hpp:20,
[9.509s]                  from /opt/ros/humble/include/rclcpp/rclcpp/executor.hpp:37,
[9.509s]                  from /opt/ros/humble/include/rclcpp/rclcpp/executors/multi_threaded_executor.hpp:25,
[9.510s]                  from /opt/ros/humble/include/rclcpp/rclcpp/executors.hpp:21,
[9.510s]                  from /opt/ros/humble/include/rclcpp/rclcpp/rclcpp.hpp:155,
[9.510s]                  from /home/el-system/centering_experiment/src/control/include/control_.hpp:4,
[9.510s]                  from /home/el-system/centering_experiment/src/control/utils/control_.cpp:1:
[9.510s] /home/el-system/centering_experiment/src/control/utils/control_.cpp:1786:41: warning: format ‘%f’ expects a matching ‘double’ argument [-Wformat=]
[9.510s]  1786 |         RCLCPP_INFO(node->get_logger(), "%d - CURRR DISTANCEE: %f, meter: %.2f, payload: %.2f", distance, dist_m, node->getCurrentPosePayload().pose.position.x);
[9.510s]       |                                         ^~~~~~~~~~~~~~~~~~~~~~~~~~~~~~~~~~~~~~~~~~~~~~~~~~~~~~
[9.510s] /home/el-system/centering_experiment/src/control/utils/control_.cpp:1786:93: note: format string is defined here
[9.510s]  1786 |         RCLCPP_INFO(node->get_logger(), "%d - CURRR DISTANCEE: %f, meter: %.2f, payload: %.2f", distance, dist_m, node->getCurrentPosePayload().pose.position.x);
[9.510s]       |                                                                                          ~~~^
[9.510s]       |                                                                                             |
[9.510s]       |                                                                                             double
[9.510s] /home/el-system/centering_experiment/src/control/utils/control_.cpp:1781:16: warning: unused variable ‘dalt’ [-Wunused-variable]
[9.510s]  1781 |         double dalt = raw.altitude - node->getCurrentGPSPosition().altitude;
[9.510s]       |                ^~~~
[9.510s] /home/el-system/centering_experiment/src/control/utils/control_.cpp:1763:177: warning: unused parameter ‘center_dist’ [-Wunused-parameter]
[9.510s]  1763 | void waitForPosition(const std::shared_ptr<DroneController>&node, rclcpp::Rate &rate, mavros_msgs::msg::GlobalPositionTarget raw, double tolerance, bool allow_centering, float center_dist) {
[9.510s]       |                                                                                                                                                                           ~~~~~~^~~~~~~~~~~
[9.511s] /home/el-system/centering_experiment/src/control/utils/control_.cpp: In function ‘void sendGlobalRawAsync(const std::shared_ptr<DroneController>&, rclcpp::Rate&, geometry_msgs::msg::PoseStamped&, float, float, float, bool, float)’:
[9.511s] /home/el-system/centering_experiment/src/control/utils/control_.cpp:1853:171: warning: unused parameter ‘allow_centering’ [-Wunused-parameter]
[9.511s]  1853 | void sendGlobalRawAsync(const std::shared_ptr<DroneController>&node, rclcpp::Rate &rate, geometry_msgs::msg::PoseStamped &posee, float latt, float lonn, float altt, bool allow_centering, float center_dist) {
[9.511s]       |                                                                                                                                                                      ~~~~~^~~~~~~~~~~~~~~
[9.511s] /home/el-system/centering_experiment/src/control/utils/control_.cpp:1853:194: warning: unused parameter ‘center_dist’ [-Wunused-parameter]
[9.511s]  1853 | void sendGlobalRawAsync(const std::shared_ptr<DroneController>&node, rclcpp::Rate &rate, geometry_msgs::msg::PoseStamped &posee, float latt, float lonn, float altt, bool allow_centering, float center_dist) {
[9.511s]       |                                                                                                                                                                                            ~~~~~~^~~~~~~~~~~
[9.512s] /home/el-system/centering_experiment/src/control/utils/control_.cpp: In function ‘void sendGlobalRawFromXYZ(const std::shared_ptr<DroneController>&, rclcpp::Rate&, geometry_msgs::msg::PoseStamped&, LatLonAlt, double, float, float, float, bool, float)’:
[9.512s] /home/el-system/centering_experiment/src/control/utils/control_.cpp:1901:203: warning: unused parameter ‘allow_centering’ [-Wunused-parameter]
[9.512s]  1901 | void sendGlobalRawFromXYZ(const std::shared_ptr<DroneController>&node, rclcpp::Rate &rate, geometry_msgs::msg::PoseStamped &posee, LatLonAlt zero, double zero_hdg, float x, float y, float rel_alt, bool allow_centering, float center_dist) {
[9.512s]       |                                                                                                                                                                                                      ~~~~~^~~~~~~~~~~~~~~
[9.512s] /home/el-system/centering_experiment/src/control/utils/control_.cpp:1901:226: warning: unused parameter ‘center_dist’ [-Wunused-parameter]
[9.512s]  1901 | void sendGlobalRawFromXYZ(const std::shared_ptr<DroneController>&node, rclcpp::Rate &rate, geometry_msgs::msg::PoseStamped &posee, LatLonAlt zero, double zero_hdg, float x, float y, float rel_alt, bool allow_centering, float center_dist) {
[9.512s]       |                                                                                                                                                                                                                            ~~~~~~^~~~~~~~~~~
[9.516s] /home/el-system/centering_experiment/src/control/utils/control_.cpp: In function ‘void centeringPayload(const std::shared_ptr<DroneController>&, rclcpp::Rate&, geometry_msgs::msg::PoseStamped&, float, bool&, float, float, float, float, float, float, float, float, float, std::string, std::string)’:
[9.516s] /home/el-system/centering_experiment/src/control/utils/control_.cpp:650:17: warning: unused variable ‘dropAlt’ [-Wunused-variable]
[9.516s]   650 |     const float dropAlt = 0.6;
[9.517s]       |                 ^~~~~~~
[9.517s] /home/el-system/centering_experiment/src/control/utils/control_.cpp:654:59: warning: unused variable ‘avg_sample’ [-Wunused-variable]
[9.517s]   654 |     geometry_msgs::msg::PoseStamped avg_payload_pose; int avg_sample = 1; int buffer_size = 4;
[9.517s]       |                                                           ^~~~~~~~~~
[9.517s] /home/el-system/centering_experiment/src/control/utils/control_.cpp:654:79: warning: unused variable ‘buffer_size’ [-Wunused-variable]
[9.517s]   654 |     geometry_msgs::msg::PoseStamped avg_payload_pose; int avg_sample = 1; int buffer_size = 4;
[9.517s]       |                                                                               ^~~~~~~~~~~
[9.521s] In file included from /opt/ros/humble/include/rclcpp/rclcpp/logging.hpp:24,
[9.522s]                  from /opt/ros/humble/include/rclcpp/rclcpp/client.hpp:40,
[9.522s]                  from /opt/ros/humble/include/rclcpp/rclcpp/callback_group.hpp:24,
[9.522s]                  from /opt/ros/humble/include/rclcpp/rclcpp/any_executable.hpp:20,
[9.522s]                  from /opt/ros/humble/include/rclcpp/rclcpp/memory_strategy.hpp:25,
[9.522s]                  from /opt/ros/humble/include/rclcpp/rclcpp/memory_strategies.hpp:18,
[9.522s]                  from /opt/ros/humble/include/rclcpp/rclcpp/executor_options.hpp:20,
[9.522s]                  from /opt/ros/humble/include/rclcpp/rclcpp/executor.hpp:37,
[9.522s]                  from /opt/ros/humble/include/rclcpp/rclcpp/executors/multi_threaded_executor.hpp:25,
[9.522s]                  from /opt/ros/humble/include/rclcpp/rclcpp/executors.hpp:21,
[9.523s]                  from /opt/ros/humble/include/rclcpp/rclcpp/rclcpp.hpp:155,
[9.523s]                  from /home/el-system/centering_experiment/src/control/include/control_.hpp:4,
[9.523s]                  from /home/el-system/centering_experiment/src/control/utils/control_.cpp:1:
[9.523s] /home/el-system/centering_experiment/src/control/utils/control_.cpp: In function ‘void pushMission(const std::shared_ptr<DroneController>&, std::vector<mavros_msgs::msg::Waypoint_<std::allocator<void> >, std::allocator<mavros_msgs::msg::Waypoint_<std::allocator<void> > > >)’:
[9.523s] /home/el-system/centering_experiment/src/control/utils/control_.cpp:2002:37: warning: format ‘%d’ expects argument of type ‘int’, but argument 5 has type ‘std::vector<mavros_msgs::msg::Waypoint_<std::allocator<void> >, std::allocator<mavros_msgs::msg::Waypoint_<std::allocator<void> > > >::size_type’ {aka ‘long unsigned int’} [-Wformat=]
[9.523s]  2002 |     RCLCPP_INFO(node->get_logger(), "Pushing mission of size %d", waypoints.size());
[9.523s]       |                                     ^~~~~~~~~~~~~~~~~~~~~~~~~~~~  ~~~~~~~~~~~~~~~~
[9.523s]       |                                                                                 |
[9.523s]       |                                                                                 std::vector<mavros_msgs::msg::Waypoint_<std::allocator<void> >, std::allocator<mavros_msgs::msg::Waypoint_<std::allocator<void> > > >::size_type {aka long unsigned int}
[9.523s] /home/el-system/centering_experiment/src/control/utils/control_.cpp:2002:63: note: format string is defined here
[9.523s]  2002 |     RCLCPP_INFO(node->get_logger(), "Pushing mission of size %d", waypoints.size());
[9.524s]       |                                                              ~^
[9.524s]       |                                                               |
[9.524s]       |                                                               int
[9.524s]       |                                                              %ld
[9.529s] /home/el-system/centering_experiment/src/control/utils/control_.cpp: In function ‘void centeringEmber(const std::shared_ptr<DroneController>&, rclcpp::Rate&, geometry_msgs::msg::PoseStamped&, float, bool&, float, float, float)’:
[9.529s] /home/el-system/centering_experiment/src/control/utils/control_.cpp:927:57: warning: unused variable ‘avg_sample’ [-Wunused-variable]
[9.529s]   927 |     geometry_msgs::msg::PoseStamped avg_ember_pose; int avg_sample = 1; int buffer_size = 4;
[9.529s]       |                                                         ^~~~~~~~~~
[9.529s] /home/el-system/centering_experiment/src/control/utils/control_.cpp:927:77: warning: unused variable ‘buffer_size’ [-Wunused-variable]
[9.529s]   927 |     geometry_msgs::msg::PoseStamped avg_ember_pose; int avg_sample = 1; int buffer_size = 4;
[9.529s]       |                                                                             ^~~~~~~~~~~
[9.536s] /home/el-system/centering_experiment/src/control/utils/control_.cpp: In function ‘void centeringGate(const std::shared_ptr<DroneController>&, rclcpp::Rate&, geometry_msgs::msg::PoseStamped&, float)’:
[9.536s] /home/el-system/centering_experiment/src/control/utils/control_.cpp:1204:30: warning: comparison of integer expressions of different signedness: ‘int’ and ‘std::vector<float>::size_type’ {aka ‘long unsigned int’} [-Wsign-compare]
[9.536s]  1204 |             for(int j = 0; j < x_points.size(); j++) {
[9.537s]       |                            ~~^~~~~~~~~~~~~~~~~
[9.537s] /home/el-system/centering_experiment/src/control/utils/control_.cpp: In function ‘void moveWithLaser(const std::shared_ptr<DroneController>&, rclcpp::Rate&, geometry_msgs::msg::PoseStamped&, float, float, float, float, float, bool, bool, float, float)’:
[9.537s] /home/el-system/centering_experiment/src/control/utils/control_.cpp:2128:422: warning: suggest parentheses around comparison in operand of ‘&’ [-Wparentheses]
[9.537s]  2128 |         vel_pose.pose.position.x = x ? limit(max_speed, P_maju*err_x + I_maju*total_error_maju + D_maju*last_error_maju) : (front + back <= 2.85f ? limit(koreksi_max_speed, P_koreksi*(front - back) + I_koreksi*total_error_koreksi + D_koreksi*last_error_koreksi) : (back == 2.1f && front != 2.1f ? limit(koreksi_max_speed, P_koreksi*(front - 1.25 ) + I_koreksi*total_error_koreksi + D_koreksi*last_error_koreksi) : (front == 2.1f & back != 2.1f ? limit(koreksi_max_speed, P_koreksi*(1.25 - back) + I_koreksi*total_error_koreksi + D_koreksi*last_error_koreksi) : 0.0)));
[9.537s]       |                                                                                                                                                                                                                                                                                                                                                                                                                                ~~~~~~^~~~~~~
[9.537s] /home/el-system/centering_experiment/src/control/utils/control_.cpp:2129:421: warning: suggest parentheses around comparison in operand of ‘&’ [-Wparentheses]
[9.537s]  2129 |         vel_pose.pose.position.y = y ? limit(max_speed, P_maju*err_y + I_maju*total_error_maju + D_maju*last_error_maju) : (left + right <= 2.85f ? limit(koreksi_max_speed, P_koreksi*(left - right) + I_koreksi*total_error_koreksi + D_koreksi*last_error_koreksi) : (right == 2.1f && left != 2.1f ? limit(koreksi_max_speed, P_koreksi*(left - 1.25  ) + I_koreksi*total_error_koreksi + D_koreksi*last_error_koreksi) : (left == 2.1f & right != 2.1f ? limit(koreksi_max_speed, P_koreksi*(1.25 - right) + I_koreksi*total_error_koreksi + D_koreksi*last_error_koreksi) : 0.0)));
[9.537s]       |                                                                                                                                                                                                                                                                                                                                                                                                                                ~~~~~^~~~~~~
[9.539s] /home/el-system/centering_experiment/src/control/utils/control_.cpp:1194:15: warning: unused variable ‘x1_min’ [-Wunused-variable]
[9.539s]  1194 |         float x1_min = -1.0, x2_min = -1.0;
[9.539s]       |               ^~~~~~
[9.539s] /home/el-system/centering_experiment/src/control/utils/control_.cpp:1194:30: warning: unused variable ‘x2_min’ [-Wunused-variable]
[9.539s]  1194 |         float x1_min = -1.0, x2_min = -1.0;
[9.539s]       |                              ^~~~~~
[9.550s] /home/el-system/centering_experiment/src/control/utils/control_.cpp: In function ‘float getYawError(const std::shared_ptr<DroneController>&, rclcpp::Rate&)’:
[9.550s] /home/el-system/centering_experiment/src/control/utils/control_.cpp:2304:24: warning: comparison of integer expressions of different signedness: ‘int’ and ‘std::vector<float>::size_type’ {aka ‘long unsigned int’} [-Wsign-compare]
[9.550s]  2304 |         if(right_index > curr_scan.ranges.size()) {
[9.550s]       |            ~~~~~~~~~~~~^~~~~~~~~~~~~~~~~~~~~~~~~
[9.551s] /home/el-system/centering_experiment/src/control/utils/control_.cpp: In function ‘void centeringBunder(const std::shared_ptr<DroneController>&, rclcpp::Rate&, geometry_msgs::msg::PoseStamped&, float, bool&, float, float, float)’:
[9.551s] /home/el-system/centering_experiment/src/control/utils/control_.cpp:1343:58: warning: unused variable ‘avg_sample’ [-Wunused-variable]
[9.551s]  1343 |     geometry_msgs::msg::PoseStamped avg_bunder_pose; int avg_sample = 1; int buffer_size = 4;
[9.551s]       |                                                          ^~~~~~~~~~
[9.551s] /home/el-system/centering_experiment/src/control/utils/control_.cpp:1343:78: warning: unused variable ‘buffer_size’ [-Wunused-variable]
[9.551s]  1343 |     geometry_msgs::msg::PoseStamped avg_bunder_pose; int avg_sample = 1; int buffer_size = 4;
[9.552s]       |                                                                              ^~~~~~~~~~~
[9.552s] /home/el-system/centering_experiment/src/control/utils/control_.cpp:2286:78: warning: unused parameter ‘rate’ [-Wunused-parameter]
[9.552s]  2286 | float getYawError(const std::shared_ptr<DroneController>&node, rclcpp::Rate &rate)
[9.552s]       |                                                                ~~~~~~~~~~~~~~^~~~
[9.554s] /home/el-system/centering_experiment/src/control/utils/control_.cpp: In function ‘void printTitik(std::vector<double, std::allocator<double> >&, std::vector<double, std::allocator<double> >&, std::vector<double, std::allocator<double> >&, std::vector<double, std::allocator<double> >&, double, double)’:
[9.555s] /home/el-system/centering_experiment/src/control/utils/control_.cpp:2324:26: warning: comparison of integer expressions of different signedness: ‘int’ and ‘std::vector<double, std::allocator<double> >::size_type’ {aka ‘long unsigned int’} [-Wsign-compare]
[9.555s]  2324 |         for(int i = 0; i < lat_indoor.size(); i++) {
[9.555s]       |                        ~~^~~~~~~~~~~~~~~~~~~
[9.555s] /home/el-system/centering_experiment/src/control/utils/control_.cpp:2326:18: warning: comparison of integer expressions of different signedness: ‘int’ and ‘std::vector<double, std::allocator<double> >::size_type’ {aka ‘long unsigned int’} [-Wsign-compare]
[9.555s]  2326 |             if(i != lat_indoor.size() -1) {std::cout<<", ";}
[9.555s]       |                ~~^~~~~~~~~~~~~~~~~~~~~~~
[9.556s] /home/el-system/centering_experiment/src/control/utils/control_.cpp:2330:26: warning: comparison of integer expressions of different signedness: ‘int’ and ‘std::vector<double, std::allocator<double> >::size_type’ {aka ‘long unsigned int’} [-Wsign-compare]
[9.556s]  2330 |         for(int i = 0; i < lon_indoor.size(); i++) {
[9.556s]       |                        ~~^~~~~~~~~~~~~~~~~~~
[9.556s] /home/el-system/centering_experiment/src/control/utils/control_.cpp: In function ‘void moveToPoint(const std::shared_ptr<DroneController>&, rclcpp::Rate&, geometry_msgs::msg::PoseStamped&, float, float, float, float, float, float)’:
[9.556s] /home/el-system/centering_experiment/src/control/utils/control_.cpp:1537:55: warning: unused variable ‘i’ [-Wunused-variable]
[9.557s]  1537 |     float last_x, last_y, distance, progress=0.0; int i =0;
[9.557s]       |                                                       ^
[9.557s] /home/el-system/centering_experiment/src/control/utils/control_.cpp:1521:156: warning: unused parameter ‘angle’ [-Wunused-parameter]
[9.557s]  1521 | void moveToPoint(const std::shared_ptr<DroneController>&node, rclcpp::Rate &rate, geometry_msgs::msg::PoseStamped &posee, float x, float y, float z, float angle, float speed, float tolerance) {
[9.557s]       |                                                                                                                                                      ~~~~~~^~~~~
[9.557s] /home/el-system/centering_experiment/src/control/utils/control_.cpp:2332:18: warning: comparison of integer expressions of different signedness: ‘int’ and ‘std::vector<double, std::allocator<double> >::size_type’ {aka ‘long unsigned int’} [-Wsign-compare]
[9.557s]  2332 |             if(i != lon_indoor.size() -1) {std::cout<<", ";}
[9.557s]       |                ~~^~~~~~~~~~~~~~~~~~~~~~~
[9.557s] /home/el-system/centering_experiment/src/control/utils/control_.cpp:2340:26: warning: comparison of integer expressions of different signedness: ‘int’ and ‘std::vector<double, std::allocator<double> >::size_type’ {aka ‘long unsigned int’} [-Wsign-compare]
[9.557s]  2340 |         for(int i = 0; i < lat_outdoor.size(); i++) {
[9.557s]       |                        ~~^~~~~~~~~~~~~~~~~~~~
[9.557s] /home/el-system/centering_experiment/src/control/utils/control_.cpp:2342:18: warning: comparison of integer expressions of different signedness: ‘int’ and ‘std::vector<double, std::allocator<double> >::size_type’ {aka ‘long unsigned int’} [-Wsign-compare]
[9.558s]  2342 |             if(i != lat_outdoor.size() -1) {std::cout<<", ";}
[9.558s]       |                ~~^~~~~~~~~~~~~~~~~~~~~~~~
[9.558s] /home/el-system/centering_experiment/src/control/utils/control_.cpp:2346:26: warning: comparison of integer expressions of different signedness: ‘int’ and ‘std::vector<double, std::allocator<double> >::size_type’ {aka ‘long unsigned int’} [-Wsign-compare]
[9.558s]  2346 |         for(int i = 0; i < lon_outdoor.size(); i++) {
[9.558s]       |                        ~~^~~~~~~~~~~~~~~~~~~~
[9.558s] /home/el-system/centering_experiment/src/control/utils/control_.cpp:2348:18: warning: comparison of integer expressions of different signedness: ‘int’ and ‘std::vector<double, std::allocator<double> >::size_type’ {aka ‘long unsigned int’} [-Wsign-compare]
[9.558s]  2348 |             if(i != lon_outdoor.size() -1) {std::cout<<", ";}
[9.558s]       |                ~~^~~~~~~~~~~~~~~~~~~~~~~~
[9.561s] /home/el-system/centering_experiment/src/control/utils/control_.cpp: In function ‘void moveToPoint(const std::shared_ptr<DroneController>&, rclcpp::Rate&, geometry_msgs::msg::PoseStamped&, geometry_msgs::msg::Pose, float, float, bool, bool, bool)’:
[9.561s] /home/el-system/centering_experiment/src/control/utils/control_.cpp:1583:11: warning: unused variable ‘distance_to_target’ [-Wunused-variable]
[9.561s]  1583 |     float distance_to_target = dist(posee.pose.position, target.position);
[9.561s]       |           ^~~~~~~~~~~~~~~~~~
[9.576s] /home/el-system/centering_experiment/src/control/utils/control_.cpp: In function ‘void holdPosition(const std::shared_ptr<DroneController>&, rclcpp::Rate&, geometry_msgs::msg::PoseStamped&, float)’:
[9.576s] /home/el-system/centering_experiment/src/control/utils/control_.cpp:1723:78: warning: unused parameter ‘rate’ [-Wunused-parameter]
[9.576s]  1723 | void holdPosition(const std::shared_ptr<DroneController>&node, rclcpp::Rate &rate, geometry_msgs::msg::PoseStamped& posee, float duration){
[9.576s]       |                                                                ~~~~~~~~~~~~~~^~~~
[9.577s] In file included from /opt/ros/humble/include/rclcpp/rclcpp/logging.hpp:24,
[9.577s]                  from /opt/ros/humble/include/rclcpp/rclcpp/client.hpp:40,
[9.577s]                  from /opt/ros/humble/include/rclcpp/rclcpp/callback_group.hpp:24,
[9.578s]                  from /opt/ros/humble/include/rclcpp/rclcpp/any_executable.hpp:20,
[9.578s]                  from /opt/ros/humble/include/rclcpp/rclcpp/memory_strategy.hpp:25,
[9.578s]                  from /opt/ros/humble/include/rclcpp/rclcpp/memory_strategies.hpp:18,
[9.578s]                  from /opt/ros/humble/include/rclcpp/rclcpp/executor_options.hpp:20,
[9.578s]                  from /opt/ros/humble/include/rclcpp/rclcpp/executor.hpp:37,
[9.578s]                  from /opt/ros/humble/include/rclcpp/rclcpp/executors/multi_threaded_executor.hpp:25,
[9.579s]                  from /opt/ros/humble/include/rclcpp/rclcpp/executors.hpp:21,
[9.579s]                  from /opt/ros/humble/include/rclcpp/rclcpp/rclcpp.hpp:155,
[9.579s]                  from /home/el-system/centering_experiment/src/control/include/control_.hpp:4,
[9.579s]                  from /home/el-system/centering_experiment/src/control/utils/control_.cpp:1:
[9.579s] /home/el-system/centering_experiment/src/control/utils/control_.cpp: In function ‘void waitForPosition(const std::shared_ptr<DroneController>&, rclcpp::Rate&, mavros_msgs::msg::GlobalPositionTarget, double, bool, float)’:
[9.579s] /home/el-system/centering_experiment/src/control/utils/control_.cpp:1786:41: warning: format ‘%d’ expects argument of type ‘int’, but argument 5 has type ‘double’ [-Wformat=]
[9.579s]  1786 |         RCLCPP_INFO(node->get_logger(), "%d - CURRR DISTANCEE: %f, meter: %.2f, payload: %.2f", distance, dist_m, node->getCurrentPosePayload().pose.position.x);
[9.580s]       |                                         ^~~~~~~~~~~~~~~~~~~~~~~~~~~~~~~~~~~~~~~~~~~~~~~~~~~~~~  ~~~~~~~~
[9.580s]       |                                                                                                 |
[9.580s]       |                                                                                                 double
[9.580s] /home/el-system/centering_experiment/src/control/utils/control_.cpp:1786:43: note: format string is defined here
[9.580s]  1786 |         RCLCPP_INFO(node->get_logger(), "%d - CURRR DISTANCEE: %f, meter: %.2f, payload: %.2f", distance, dist_m, node->getCurrentPosePayload().pose.position.x);
[9.580s]       |                                          ~^
[9.580s]       |                                           |
[9.580s]       |                                           int
[9.580s]       |                                          %f
[9.581s] In file included from /opt/ros/humble/include/rclcpp/rclcpp/logging.hpp:24,
[9.581s]                  from /opt/ros/humble/include/rclcpp/rclcpp/client.hpp:40,
[9.581s]                  from /opt/ros/humble/include/rclcpp/rclcpp/callback_group.hpp:24,
[9.581s]                  from /opt/ros/humble/include/rclcpp/rclcpp/any_executable.hpp:20,
[9.581s]                  from /opt/ros/humble/include/rclcpp/rclcpp/memory_strategy.hpp:25,
[9.581s]                  from /opt/ros/humble/include/rclcpp/rclcpp/memory_strategies.hpp:18,
[9.581s]                  from /opt/ros/humble/include/rclcpp/rclcpp/executor_options.hpp:20,
[9.582s]                  from /opt/ros/humble/include/rclcpp/rclcpp/executor.hpp:37,
[9.582s]                  from /opt/ros/humble/include/rclcpp/rclcpp/executors/multi_threaded_executor.hpp:25,
[9.582s]                  from /opt/ros/humble/include/rclcpp/rclcpp/executors.hpp:21,
[9.582s]                  from /opt/ros/humble/include/rclcpp/rclcpp/rclcpp.hpp:155,
[9.582s]                  from /home/el-system/centering_experiment/src/control/include/control_.hpp:4,
[9.582s]                  from /home/el-system/centering_experiment/src/control/utils/control_.cpp:1:
[9.582s] /home/el-system/centering_experiment/src/control/utils/control_.cpp:1786:41: warning: format ‘%f’ expects a matching ‘double’ argument [-Wformat=]
[9.583s]  1786 |         RCLCPP_INFO(node->get_logger(), "%d - CURRR DISTANCEE: %f, meter: %.2f, payload: %.2f", distance, dist_m, node->getCurrentPosePayload().pose.position.x);
[9.583s]       |                                         ^~~~~~~~~~~~~~~~~~~~~~~~~~~~~~~~~~~~~~~~~~~~~~~~~~~~~~
[9.583s] /home/el-system/centering_experiment/src/control/utils/control_.cpp:1786:93: note: format string is defined here
[9.583s]  1786 |         RCLCPP_INFO(node->get_logger(), "%d - CURRR DISTANCEE: %f, meter: %.2f, payload: %.2f", distance, dist_m, node->getCurrentPosePayload().pose.position.x);
[9.584s]       |                                                                                          ~~~^
[9.584s]       |                                                                                             |
[9.584s]       |                                                                                             double
[9.584s] /home/el-system/centering_experiment/src/control/utils/control_.cpp: In function ‘void executeLocalWaypointMove(const std::shared_ptr<DroneController>&, rclcpp::Rate&, geometry_msgs::msg::PoseStamped&, float, float, float, float, float)’:
[9.584s] /home/el-system/centering_experiment/src/control/utils/control_.cpp:2404:5: error: ‘RCLCPP_INFO’ was not declared in this scope
[9.584s]  2404 |     RCLCPP_INFO(node->get_logger(), "Total distance to travel: %.2f m (tolerance: %.2f m)",
[9.585s]       |     ^~~~~~~~~~~
[9.585s] /home/el-system/centering_experiment/src/control/utils/control_.cpp:2404:16: error: expected ‘}’ at end of input
[9.585s]  2404 |     RCLCPP_INFO(node->get_logger(), "Total distance to travel: %.2f m (tolerance: %.2f m)",
[9.585s]       |                ^
[9.585s] /home/el-system/centering_experiment/src/control/utils/control_.cpp:2357:78: note: to match this ‘{’
[9.585s]  2357 |                                float up_z, float yaw_angle, float tolerance) {
[9.585s]       |                                                                              ^
[9.585s] /home/el-system/centering_experiment/src/control/utils/control_.cpp:2403:11: warning: unused variable ‘total_distance’ [-Wunused-variable]
[9.585s]  2403 |     float total_distance = sqrt(pow(global_x, 2) + pow(global_y, 2) + pow(up_z, 2));
[9.585s]       |           ^~~~~~~~~~~~~~
[9.585s] /home/el-system/centering_experiment/src/control/utils/control_.cpp:2355:90: warning: unused parameter ‘rate’ [-Wunused-parameter]
[9.585s]  2355 | void executeLocalWaypointMove(const std::shared_ptr<DroneController>&node, rclcpp::Rate &rate,
[9.585s]       |                                                                            ~~~~~~~~~~~~~~^~~~
[9.585s] /home/el-system/centering_experiment/src/control/utils/control_.cpp:1781:16: warning: unused variable ‘dalt’ [-Wunused-variable]
[9.585s]  1781 |         double dalt = raw.altitude - node->getCurrentGPSPosition().altitude;
[9.586s]       |                ^~~~
[9.586s] /home/el-system/centering_experiment/src/control/utils/control_.cpp:2356:65: warning: unused parameter ‘posee’ [-Wunused-parameter]
[9.586s]  2356 |                                geometry_msgs::msg::PoseStamped &posee, float forward_x, float left_y,
[9.586s]       |                                ~~~~~~~~~~~~~~~~~~~~~~~~~~~~~~~~~^~~~~
[9.586s] /home/el-system/centering_experiment/src/control/utils/control_.cpp:2357:67: warning: unused parameter ‘tolerance’ [-Wunused-parameter]
[9.586s]  2357 |                                float up_z, float yaw_angle, float tolerance) {
[9.586s]       |                                                             ~~~~~~^~~~~~~~~
[9.586s] /home/el-system/centering_experiment/src/control/utils/control_.cpp:1763:177: warning: unused parameter ‘center_dist’ [-Wunused-parameter]
[9.586s]  1763 | void waitForPosition(const std::shared_ptr<DroneController>&node, rclcpp::Rate &rate, mavros_msgs::msg::GlobalPositionTarget raw, double tolerance, bool allow_centering, float center_dist) {
[9.586s]       |                                                                                                                                                                           ~~~~~~^~~~~~~~~~~
[9.586s] /home/el-system/centering_experiment/src/control/utils/control_.cpp: In function ‘void sendGlobalRawAsync(const std::shared_ptr<DroneController>&, rclcpp::Rate&, geometry_msgs::msg::PoseStamped&, float, float, float, bool, float)’:
[9.586s] /home/el-system/centering_experiment/src/control/utils/control_.cpp:1853:171: warning: unused parameter ‘allow_centering’ [-Wunused-parameter]
[9.586s]  1853 | void sendGlobalRawAsync(const std::shared_ptr<DroneController>&node, rclcpp::Rate &rate, geometry_msgs::msg::PoseStamped &posee, float latt, float lonn, float altt, bool allow_centering, float center_dist) {
[9.586s]       |                                                                                                                                                                      ~~~~~^~~~~~~~~~~~~~~
[9.586s] /home/el-system/centering_experiment/src/control/utils/control_.cpp:1853:194: warning: unused parameter ‘center_dist’ [-Wunused-parameter]
[9.586s]  1853 | void sendGlobalRawAsync(const std::shared_ptr<DroneController>&node, rclcpp::Rate &rate, geometry_msgs::msg::PoseStamped &posee, float latt, float lonn, float altt, bool allow_centering, float center_dist) {
[9.586s]       |                                                                                                                                                                                            ~~~~~~^~~~~~~~~~~
[9.586s] /home/el-system/centering_experiment/src/control/utils/control_.cpp: In function ‘void sendGlobalRawFromXYZ(const std::shared_ptr<DroneController>&, rclcpp::Rate&, geometry_msgs::msg::PoseStamped&, LatLonAlt, double, float, float, float, bool, float)’:
[9.586s] /home/el-system/centering_experiment/src/control/utils/control_.cpp:1901:203: warning: unused parameter ‘allow_centering’ [-Wunused-parameter]
[9.586s]  1901 | void sendGlobalRawFromXYZ(const std::shared_ptr<DroneController>&node, rclcpp::Rate &rate, geometry_msgs::msg::PoseStamped &posee, LatLonAlt zero, double zero_hdg, float x, float y, float rel_alt, bool allow_centering, float center_dist) {
[9.586s]       |                                                                                                                                                                                                      ~~~~~^~~~~~~~~~~~~~~
[9.587s] /home/el-system/centering_experiment/src/control/utils/control_.cpp:1901:226: warning: unused parameter ‘center_dist’ [-Wunused-parameter]
[9.587s]  1901 | void sendGlobalRawFromXYZ(const std::shared_ptr<DroneController>&node, rclcpp::Rate &rate, geometry_msgs::msg::PoseStamped &posee, LatLonAlt zero, double zero_hdg, float x, float y, float rel_alt, bool allow_centering, float center_dist) {
[9.587s]       |                                                                                                                                                                                                                            ~~~~~~^~~~~~~~~~~
[9.589s] In file included from /opt/ros/humble/include/rclcpp/rclcpp/logging.hpp:24,
[9.589s]                  from /opt/ros/humble/include/rclcpp/rclcpp/client.hpp:40,
[9.590s]                  from /opt/ros/humble/include/rclcpp/rclcpp/callback_group.hpp:24,
[9.590s]                  from /opt/ros/humble/include/rclcpp/rclcpp/any_executable.hpp:20,
[9.590s]                  from /opt/ros/humble/include/rclcpp/rclcpp/memory_strategy.hpp:25,
[9.590s]                  from /opt/ros/humble/include/rclcpp/rclcpp/memory_strategies.hpp:18,
[9.590s]                  from /opt/ros/humble/include/rclcpp/rclcpp/executor_options.hpp:20,
[9.590s]                  from /opt/ros/humble/include/rclcpp/rclcpp/executor.hpp:37,
[9.590s]                  from /opt/ros/humble/include/rclcpp/rclcpp/executors/multi_threaded_executor.hpp:25,
[9.590s]                  from /opt/ros/humble/include/rclcpp/rclcpp/executors.hpp:21,
[9.590s]                  from /opt/ros/humble/include/rclcpp/rclcpp/rclcpp.hpp:155,
[9.590s]                  from /home/el-system/centering_experiment/src/control/include/control_.hpp:4,
[9.590s]                  from /home/el-system/centering_experiment/src/control/utils/control_.cpp:1:
[9.590s] /home/el-system/centering_experiment/src/control/utils/control_.cpp: In function ‘void pushMission(const std::shared_ptr<DroneController>&, std::vector<mavros_msgs::msg::Waypoint_<std::allocator<void> >, std::allocator<mavros_msgs::msg::Waypoint_<std::allocator<void> > > >)’:
[9.590s] /home/el-system/centering_experiment/src/control/utils/control_.cpp:2002:37: warning: format ‘%d’ expects argument of type ‘int’, but argument 5 has type ‘std::vector<mavros_msgs::msg::Waypoint_<std::allocator<void> >, std::allocator<mavros_msgs::msg::Waypoint_<std::allocator<void> > > >::size_type’ {aka ‘long unsigned int’} [-Wformat=]
[9.590s]  2002 |     RCLCPP_INFO(node->get_logger(), "Pushing mission of size %d", waypoints.size());
[9.590s]       |                                     ^~~~~~~~~~~~~~~~~~~~~~~~~~~~  ~~~~~~~~~~~~~~~~
[9.590s]       |                                                                                 |
[9.590s]       |                                                                                 std::vector<mavros_msgs::msg::Waypoint_<std::allocator<void> >, std::allocator<mavros_msgs::msg::Waypoint_<std::allocator<void> > > >::size_type {aka long unsigned int}
[9.590s] /home/el-system/centering_experiment/src/control/utils/control_.cpp:2002:63: note: format string is defined here
[9.590s]  2002 |     RCLCPP_INFO(node->get_logger(), "Pushing mission of size %d", waypoints.size());
[9.591s]       |                                                              ~^
[9.591s]       |                                                               |
[9.591s]       |                                                               int
[9.591s]       |                                                              %ld
[9.598s] /home/el-system/centering_experiment/src/control/utils/control_.cpp: In function ‘void moveWithLaser(const std::shared_ptr<DroneController>&, rclcpp::Rate&, geometry_msgs::msg::PoseStamped&, float, float, float, float, float, bool, bool, float, float)’:
[9.598s] /home/el-system/centering_experiment/src/control/utils/control_.cpp:2128:422: warning: suggest parentheses around comparison in operand of ‘&’ [-Wparentheses]
[9.598s]  2128 |         vel_pose.pose.position.x = x ? limit(max_speed, P_maju*err_x + I_maju*total_error_maju + D_maju*last_error_maju) : (front + back <= 2.85f ? limit(koreksi_max_speed, P_koreksi*(front - back) + I_koreksi*total_error_koreksi + D_koreksi*last_error_koreksi) : (back == 2.1f && front != 2.1f ? limit(koreksi_max_speed, P_koreksi*(front - 1.25 ) + I_koreksi*total_error_koreksi + D_koreksi*last_error_koreksi) : (front == 2.1f & back != 2.1f ? limit(koreksi_max_speed, P_koreksi*(1.25 - back) + I_koreksi*total_error_koreksi + D_koreksi*last_error_koreksi) : 0.0)));
[9.598s]       |                                                                                                                                                                                                                                                                                                                                                                                                                                ~~~~~~^~~~~~~
[9.598s] /home/el-system/centering_experiment/src/control/utils/control_.cpp:2129:421: warning: suggest parentheses around comparison in operand of ‘&’ [-Wparentheses]
[9.598s]  2129 |         vel_pose.pose.position.y = y ? limit(max_speed, P_maju*err_y + I_maju*total_error_maju + D_maju*last_error_maju) : (left + right <= 2.85f ? limit(koreksi_max_speed, P_koreksi*(left - right) + I_koreksi*total_error_koreksi + D_koreksi*last_error_koreksi) : (right == 2.1f && left != 2.1f ? limit(koreksi_max_speed, P_koreksi*(left - 1.25  ) + I_koreksi*total_error_koreksi + D_koreksi*last_error_koreksi) : (left == 2.1f & right != 2.1f ? limit(koreksi_max_speed, P_koreksi*(1.25 - right) + I_koreksi*total_error_koreksi + D_koreksi*last_error_koreksi) : 0.0)));
[9.598s]       |                                                                                                                                                                                                                                                                                                                                                                                                                                ~~~~~^~~~~~~
[9.607s] /home/el-system/centering_experiment/src/control/utils/control_.cpp: In function ‘float getYawError(const std::shared_ptr<DroneController>&, rclcpp::Rate&)’:
[9.607s] /home/el-system/centering_experiment/src/control/utils/control_.cpp:2304:24: warning: comparison of integer expressions of different signedness: ‘int’ and ‘std::vector<float>::size_type’ {aka ‘long unsigned int’} [-Wsign-compare]
[9.607s]  2304 |         if(right_index > curr_scan.ranges.size()) {
[9.607s]       |            ~~~~~~~~~~~~^~~~~~~~~~~~~~~~~~~~~~~~~
[9.608s] /home/el-system/centering_experiment/src/control/utils/control_.cpp:2286:78: warning: unused parameter ‘rate’ [-Wunused-parameter]
[9.608s]  2286 | float getYawError(const std::shared_ptr<DroneController>&node, rclcpp::Rate &rate)
[9.608s]       |                                                                ~~~~~~~~~~~~~~^~~~
[9.611s] /home/el-system/centering_experiment/src/control/utils/control_.cpp: In function ‘void printTitik(std::vector<double, std::allocator<double> >&, std::vector<double, std::allocator<double> >&, std::vector<double, std::allocator<double> >&, std::vector<double, std::allocator<double> >&, double, double)’:
[9.612s] /home/el-system/centering_experiment/src/control/utils/control_.cpp:2324:26: warning: comparison of integer expressions of different signedness: ‘int’ and ‘std::vector<double, std::allocator<double> >::size_type’ {aka ‘long unsigned int’} [-Wsign-compare]
[9.612s]  2324 |         for(int i = 0; i < lat_indoor.size(); i++) {
[9.612s]       |                        ~~^~~~~~~~~~~~~~~~~~~
[9.612s] /home/el-system/centering_experiment/src/control/utils/control_.cpp:2326:18: warning: comparison of integer expressions of different signedness: ‘int’ and ‘std::vector<double, std::allocator<double> >::size_type’ {aka ‘long unsigned int’} [-Wsign-compare]
[9.612s]  2326 |             if(i != lat_indoor.size() -1) {std::cout<<", ";}
[9.612s]       |                ~~^~~~~~~~~~~~~~~~~~~~~~~
[9.612s] /home/el-system/centering_experiment/src/control/utils/control_.cpp:2330:26: warning: comparison of integer expressions of different signedness: ‘int’ and ‘std::vector<double, std::allocator<double> >::size_type’ {aka ‘long unsigned int’} [-Wsign-compare]
[9.612s]  2330 |         for(int i = 0; i < lon_indoor.size(); i++) {
[9.612s]       |                        ~~^~~~~~~~~~~~~~~~~~~
[9.613s] /home/el-system/centering_experiment/src/control/utils/control_.cpp:2332:18: warning: comparison of integer expressions of different signedness: ‘int’ and ‘std::vector<double, std::allocator<double> >::size_type’ {aka ‘long unsigned int’} [-Wsign-compare]
[9.613s]  2332 |             if(i != lon_indoor.size() -1) {std::cout<<", ";}
[9.613s]       |                ~~^~~~~~~~~~~~~~~~~~~~~~~
[9.613s] /home/el-system/centering_experiment/src/control/utils/control_.cpp:2340:26: warning: comparison of integer expressions of different signedness: ‘int’ and ‘std::vector<double, std::allocator<double> >::size_type’ {aka ‘long unsigned int’} [-Wsign-compare]
[9.613s]  2340 |         for(int i = 0; i < lat_outdoor.size(); i++) {
[9.613s]       |                        ~~^~~~~~~~~~~~~~~~~~~~
[9.613s] /home/el-system/centering_experiment/src/control/utils/control_.cpp:2342:18: warning: comparison of integer expressions of different signedness: ‘int’ and ‘std::vector<double, std::allocator<double> >::size_type’ {aka ‘long unsigned int’} [-Wsign-compare]
[9.613s]  2342 |             if(i != lat_outdoor.size() -1) {std::cout<<", ";}
[9.613s]       |                ~~^~~~~~~~~~~~~~~~~~~~~~~~
[9.613s] /home/el-system/centering_experiment/src/control/utils/control_.cpp:2346:26: warning: comparison of integer expressions of different signedness: ‘int’ and ‘std::vector<double, std::allocator<double> >::size_type’ {aka ‘long unsigned int’} [-Wsign-compare]
[9.613s]  2346 |         for(int i = 0; i < lon_outdoor.size(); i++) {
[9.613s]       |                        ~~^~~~~~~~~~~~~~~~~~~~
[9.613s] /home/el-system/centering_experiment/src/control/utils/control_.cpp:2348:18: warning: comparison of integer expressions of different signedness: ‘int’ and ‘std::vector<double, std::allocator<double> >::size_type’ {aka ‘long unsigned int’} [-Wsign-compare]
[9.613s]  2348 |             if(i != lon_outdoor.size() -1) {std::cout<<", ";}
[9.614s]       |                ~~^~~~~~~~~~~~~~~~~~~~~~~~
[9.626s] /home/el-system/centering_experiment/src/control/utils/control_.cpp: In function ‘void executeLocalWaypointMove(const std::shared_ptr<DroneController>&, rclcpp::Rate&, geometry_msgs::msg::PoseStamped&, float, float, float, float, float)’:
[9.626s] /home/el-system/centering_experiment/src/control/utils/control_.cpp:2404:5: error: ‘RCLCPP_INFO’ was not declared in this scope
[9.626s]  2404 |     RCLCPP_INFO(node->get_logger(), "Total distance to travel: %.2f m (tolerance: %.2f m)",
[9.626s]       |     ^~~~~~~~~~~
[9.626s] /home/el-system/centering_experiment/src/control/utils/control_.cpp:2404:16: error: expected ‘}’ at end of input
[9.626s]  2404 |     RCLCPP_INFO(node->get_logger(), "Total distance to travel: %.2f m (tolerance: %.2f m)",
[9.626s]       |                ^
[9.627s] /home/el-system/centering_experiment/src/control/utils/control_.cpp:2357:78: note: to match this ‘{’
[9.627s]  2357 |                                float up_z, float yaw_angle, float tolerance) {
[9.627s]       |                                                                              ^
[9.627s] /home/el-system/centering_experiment/src/control/utils/control_.cpp:2403:11: warning: unused variable ‘total_distance’ [-Wunused-variable]
[9.627s]  2403 |     float total_distance = sqrt(pow(global_x, 2) + pow(global_y, 2) + pow(up_z, 2));
[9.627s]       |           ^~~~~~~~~~~~~~
[9.627s] /home/el-system/centering_experiment/src/control/utils/control_.cpp:2355:90: warning: unused parameter ‘rate’ [-Wunused-parameter]
[9.627s]  2355 | void executeLocalWaypointMove(const std::shared_ptr<DroneController>&node, rclcpp::Rate &rate,
[9.627s]       |                                                                            ~~~~~~~~~~~~~~^~~~
[9.627s] /home/el-system/centering_experiment/src/control/utils/control_.cpp:2356:65: warning: unused parameter ‘posee’ [-Wunused-parameter]
[9.627s]  2356 |                                geometry_msgs::msg::PoseStamped &posee, float forward_x, float left_y,
[9.627s]       |                                ~~~~~~~~~~~~~~~~~~~~~~~~~~~~~~~~~^~~~~
[9.627s] /home/el-system/centering_experiment/src/control/utils/control_.cpp:2357:67: warning: unused parameter ‘tolerance’ [-Wunused-parameter]
[9.628s]  2357 |                                float up_z, float yaw_angle, float tolerance) {
[9.628s]       |                                                             ~~~~~~^~~~~~~~~
[10.709s] gmake[2]: *** [CMakeFiles/control_lidar.dir/build.make:107: CMakeFiles/control_lidar.dir/utils/control_.cpp.o] Error 1
[10.709s] gmake[1]: *** [CMakeFiles/Makefile2:156: CMakeFiles/control_lidar.dir/all] Error 2
[10.709s] gmake[1]: *** Waiting for unfinished jobs....
[10.832s] gmake[2]: *** [CMakeFiles/test_lidar.dir/build.make:107: CMakeFiles/test_lidar.dir/utils/control_.cpp.o] Error 1
[10.833s] gmake[1]: *** [CMakeFiles/Makefile2:188: CMakeFiles/test_lidar.dir/all] Error 2
[10.833s] gmake: *** [Makefile:146: all] Error 2
[10.835s] Invoked command in '/home/el-system/centering_experiment/build/control' returned '2': CMAKE_PREFIX_PATH=${CMAKE_PREFIX_PATH}:/opt/ros/humble /usr/local/bin/cmake --build /home/el-system/centering_experiment/build/control -- -j12 -l12
