[  8%] [32mBuilding CXX object CMakeFiles/test_centering.dir/src/mission/test.cpp.o[0m
[ 58%] Built target control
In file included from [01m[K/home/el-system/backup/centering_experiment/src/control/include/control_.hpp:30[m[K,
                 from [01m[K/home/el-system/backup/centering_experiment/src/control/src/mission/test.cpp:1[m[K:
[01m[K/home/el-system/backup/centering_experiment/src/control/include/drone_controller_.hpp:169:25:[m[K [01;35m[Kwarning: [m[Kuse of ‘[01m[Kauto[m[K’ in parameter declaration only available with ‘[01m[K-std=c++20[m[K’ or ‘[01m[K-fconcepts[m[K’
  169 |     void waitForService([01;35m[Kauto[m[K &client);
      |                         [01;35m[K^~~~[m[K
In file included from [01m[K/home/el-system/backup/centering_experiment/src/control/src/mission/test.cpp:1[m[K:
[01m[K/home/el-system/backup/centering_experiment/src/control/include/control_.hpp:88:62:[m[K [01;35m[Kwarning: [m[Kuse of ‘[01m[Kauto[m[K’ in parameter declaration only available with ‘[01m[K-std=c++20[m[K’ or ‘[01m[K-fconcepts[m[K’
   88 | bool hasReplied(const std::shared_ptr<DroneController>&node, [01;35m[Kauto[m[K& result);
      |                                                              [01;35m[K^~~~[m[K
[ 66%] [1m[32mLinking CXX executable test_centering[0m
[100%] Built target test_centering
-- Install configuration: ""
-- Up-to-date: /home/el-system/backup/centering_experiment/install/control/lib/control/control
-- Installing: /home/el-system/backup/centering_experiment/install/control/lib/control/test_centering
-- Set non-toolchain portion of runtime path of "/home/el-system/backup/centering_experiment/install/control/lib/control/test_centering" to ""
-- Up-to-date: /home/el-system/backup/centering_experiment/install/control/share/control/launch
-- Up-to-date: /home/el-system/backup/centering_experiment/install/control/share/control/config
-- Up-to-date: /home/el-system/backup/centering_experiment/install/control/share/control/config/config.yaml
-- Up-to-date: /home/el-system/backup/centering_experiment/install/control/share/ament_index/resource_index/package_run_dependencies/control
-- Up-to-date: /home/el-system/backup/centering_experiment/install/control/share/ament_index/resource_index/parent_prefix_path/control
-- Up-to-date: /home/el-system/backup/centering_experiment/install/control/share/control/environment/ament_prefix_path.sh
-- Up-to-date: /home/el-system/backup/centering_experiment/install/control/share/control/environment/ament_prefix_path.dsv
-- Up-to-date: /home/el-system/backup/centering_experiment/install/control/share/control/environment/path.sh
-- Up-to-date: /home/el-system/backup/centering_experiment/install/control/share/control/environment/path.dsv
-- Up-to-date: /home/el-system/backup/centering_experiment/install/control/share/control/local_setup.bash
-- Up-to-date: /home/el-system/backup/centering_experiment/install/control/share/control/local_setup.sh
-- Up-to-date: /home/el-system/backup/centering_experiment/install/control/share/control/local_setup.zsh
-- Up-to-date: /home/el-system/backup/centering_experiment/install/control/share/control/local_setup.dsv
-- Installing: /home/el-system/backup/centering_experiment/install/control/share/control/package.dsv
-- Up-to-date: /home/el-system/backup/centering_experiment/install/control/share/ament_index/resource_index/packages/control
-- Up-to-date: /home/el-system/backup/centering_experiment/install/control/share/control/cmake/controlConfig.cmake
-- Up-to-date: /home/el-system/backup/centering_experiment/install/control/share/control/cmake/controlConfig-version.cmake
-- Up-to-date: /home/el-system/backup/centering_experiment/install/control/share/control/package.xml
