[0.011s] Invoking command in '/home/el-system/backup/centering_experiment/build/control': CMAKE_PREFIX_PATH=${CMAKE_PREFIX_PATH}:/opt/ros/humble /usr/local/bin/cmake --build /home/el-system/backup/centering_experiment/build/control -- -j12 -l12
[0.063s] [ 16%] [32mBuilding CXX object CMakeFiles/test_centering.dir/src/mission/test.cpp.o[0m
[0.063s] [ 16%] [32mBuilding CXX object CMakeFiles/control.dir/src/mission/control.cpp.o[0m
[0.075s] In file included from [01m[K/home/el-system/backup/centering_experiment/src/control/include/control_.hpp:30[m[K,
[0.075s]                  from [01m[K/home/el-system/backup/centering_experiment/src/control/src/mission/control.cpp:1[m[K:
[0.075s] [01m[K/home/el-system/backup/centering_experiment/src/control/include/drone_controller_.hpp:167:25:[m[K [01;35m[Kwarning: [m[Kuse of ‘[01m[Kauto[m[K’ in parameter declaration only available with ‘[01m[K-std=c++20[m[K’ or ‘[01m[K-fconcepts[m[K’
[0.075s]   167 |     void waitForService([01;35m[Kauto[m[K &client);
[0.075s]       |                         [01;35m[K^~~~[m[K
[0.076s] In file included from [01m[K/home/el-system/backup/centering_experiment/src/control/src/mission/control.cpp:1[m[K:
[0.076s] [01m[K/home/el-system/backup/centering_experiment/src/control/include/control_.hpp:88:62:[m[K [01;35m[Kwarning: [m[Kuse of ‘[01m[Kauto[m[K’ in parameter declaration only available with ‘[01m[K-std=c++20[m[K’ or ‘[01m[K-fconcepts[m[K’
[0.076s]    88 | bool hasReplied(const std::shared_ptr<DroneController>&node, [01;35m[Kauto[m[K& result);
[0.076s]       |                                                              [01;35m[K^~~~[m[K
[0.079s] [ 25%] [1m[32mLinking CXX executable control[0m
[2.586s] [ 58%] Built target control
[4.082s] In file included from [01m[K/home/el-system/backup/centering_experiment/src/control/include/control_.hpp:30[m[K,
[4.082s]                  from [01m[K/home/el-system/backup/centering_experiment/src/control/src/mission/test.cpp:1[m[K:
[4.082s] [01m[K/home/el-system/backup/centering_experiment/src/control/include/drone_controller_.hpp:167:25:[m[K [01;35m[Kwarning: [m[Kuse of ‘[01m[Kauto[m[K’ in parameter declaration only available with ‘[01m[K-std=c++20[m[K’ or ‘[01m[K-fconcepts[m[K’
[4.082s]   167 |     void waitForService([01;35m[Kauto[m[K &client);
[4.083s]       |                         [01;35m[K^~~~[m[K
[4.083s] In file included from [01m[K/home/el-system/backup/centering_experiment/src/control/src/mission/test.cpp:1[m[K:
[4.083s] [01m[K/home/el-system/backup/centering_experiment/src/control/include/control_.hpp:88:62:[m[K [01;35m[Kwarning: [m[Kuse of ‘[01m[Kauto[m[K’ in parameter declaration only available with ‘[01m[K-std=c++20[m[K’ or ‘[01m[K-fconcepts[m[K’
[4.083s]    88 | bool hasReplied(const std::shared_ptr<DroneController>&node, [01;35m[Kauto[m[K& result);
[4.083s]       |                                                              [01;35m[K^~~~[m[K
[4.083s] [01m[K/home/el-system/backup/centering_experiment/src/control/src/mission/test.cpp:[m[K In function ‘[01m[Kint main(int, char**)[m[K’:
[4.083s] [01m[K/home/el-system/backup/centering_experiment/src/control/src/mission/test.cpp:94:42:[m[K [01;31m[Kerror: [m[K‘[01m[Kstatus[m[K’ was not declared in this scope; did you mean ‘[01m[Kstatic[m[K’?
[4.083s]    94 |     centering_payload(node, rate, posee, [01;31m[Kstatus[m[K, 0.2, 1.0, 30.0, 30.0, 0.2)
[4.083s]       |                                          [01;31m[K^~~~~~[m[K
[4.083s]       |                                          [32m[Kstatic[m[K
[4.083s] gmake[2]: *** [CMakeFiles/test_centering.dir/build.make:79: CMakeFiles/test_centering.dir/src/mission/test.cpp.o] Error 1
[4.083s] gmake[1]: *** [CMakeFiles/Makefile2:188: CMakeFiles/test_centering.dir/all] Error 2
[4.083s] gmake: *** [Makefile:146: all] Error 2
[4.085s] Invoked command in '/home/el-system/backup/centering_experiment/build/control' returned '2': CMAKE_PREFIX_PATH=${CMAKE_PREFIX_PATH}:/opt/ros/humble /usr/local/bin/cmake --build /home/el-system/backup/centering_experiment/build/control -- -j12 -l12
