[0.011s] Invoking command in '/home/el-system/centering_experiment/build/control': CMAKE_PREFIX_PATH=${CMAKE_PREFIX_PATH}:/opt/ros/humble /usr/local/bin/cmake --build /home/el-system/centering_experiment/build/control -- -j12 -l12
[0.063s] [  8%] [32mBuilding CXX object CMakeFiles/control_lidar.dir/utils/control_.cpp.o[0m
[0.070s] [ 16%] [32mBuilding CXX object CMakeFiles/test_lidar.dir/utils/control_.cpp.o[0m
[0.080s] In file included from [01m[K/home/el-system/centering_experiment/src/control/include/control_.hpp:30[m[K,
[0.081s]                  from [01m[K/home/el-system/centering_experiment/src/control/utils/control_.cpp:1[m[K:
[0.081s] [01m[K/home/el-system/centering_experiment/src/control/include/drone_controller_.hpp:162:25:[m[K [01;35m[Kwarning: [m[Kuse of ‘[01m[Kauto[m[K’ in parameter declaration only available with ‘[01m[K-std=c++20[m[K’ or ‘[01m[K-fconcepts[m[K’
[0.081s]   162 |     void waitForService([01;35m[Kauto[m[K &client);
[0.081s]       |                         [01;35m[K^~~~[m[K
[0.081s] In file included from [01m[K/home/el-system/centering_experiment/src/control/utils/control_.cpp:1[m[K:
[0.081s] [01m[K/home/el-system/centering_experiment/src/control/include/control_.hpp:63:62:[m[K [01;35m[Kwarning: [m[Kuse of ‘[01m[Kauto[m[K’ in parameter declaration only available with ‘[01m[K-std=c++20[m[K’ or ‘[01m[K-fconcepts[m[K’
[0.082s]    63 | bool hasReplied(const std::shared_ptr<DroneController>&node, [01;35m[Kauto[m[K& result);
[0.082s]       |                                                              [01;35m[K^~~~[m[K
[0.082s] [01m[K/home/el-system/centering_experiment/src/control/utils/control_.cpp:51:62:[m[K [01;35m[Kwarning: [m[Kuse of ‘[01m[Kauto[m[K’ in parameter declaration only available with ‘[01m[K-std=c++20[m[K’ or ‘[01m[K-fconcepts[m[K’
[0.082s]    51 | bool hasReplied(const std::shared_ptr<DroneController>&node, [01;35m[Kauto[m[K& result){
[0.082s]       |                                                              [01;35m[K^~~~[m[K
[0.082s] [01m[K/home/el-system/centering_experiment/src/control/utils/control_.cpp:[m[K In function ‘[01m[Kvoid safeLanding(const std::shared_ptr<DroneController>&, rclcpp::Rate&, geometry_msgs::msg::PoseStamped&, float)[m[K’:
[0.082s] [01m[K/home/el-system/centering_experiment/src/control/utils/control_.cpp:474:77:[m[K [01;35m[Kwarning: [m[Kunused parameter ‘[01m[Krate[m[K’ [[01;35m[K-Wunused-parameter[m[K]
[0.082s]   474 | void safeLanding(const std::shared_ptr<DroneController>&node, [01;35m[Krclcpp::Rate &rate[m[K, geometry_msgs::msg::PoseStamped &posee, float descent_rate = 0.3) {
[0.082s]       |                                                               [01;35m[K~~~~~~~~~~~~~~^~~~[m[K
[0.082s] [01m[K/home/el-system/centering_experiment/src/control/utils/control_.cpp:[m[K In function ‘[01m[Kvoid centeringPayload(const std::shared_ptr<DroneController>&, rclcpp::Rate&, geometry_msgs::msg::PoseStamped&, float, bool&, float, float, float, float, float, float, float, float, float, std::string, std::string)[m[K’:
[0.082s] [01m[K/home/el-system/centering_experiment/src/control/utils/control_.cpp:650:17:[m[K [01;35m[Kwarning: [m[Kunused variable ‘[01m[KdropAlt[m[K’ [[01;35m[K-Wunused-variable[m[K]
[0.083s]   650 |     const float [01;35m[KdropAlt[m[K = 0.6;
[0.083s]       |                 [01;35m[K^~~~~~~[m[K
[0.083s] [01m[K/home/el-system/centering_experiment/src/control/utils/control_.cpp:653:29:[m[K [01;35m[Kwarning: [m[Kvariable ‘[01m[Kdetected[m[K’ set but not used [[01;35m[K-Wunused-but-set-variable[m[K]
[0.083s]   653 |     float roll, pitch; bool [01;35m[Kdetected[m[K = false;
[0.083s]       |                             [01;35m[K^~~~~~~~[m[K
[0.083s] [01m[K/home/el-system/centering_experiment/src/control/utils/control_.cpp:654:59:[m[K [01;35m[Kwarning: [m[Kunused variable ‘[01m[Kavg_sample[m[K’ [[01;35m[K-Wunused-variable[m[K]
[0.083s]   654 |     geometry_msgs::msg::PoseStamped avg_payload_pose; int [01;35m[Kavg_sample[m[K = 1; int buffer_size = 4;
[0.083s]       |                                                           [01;35m[K^~~~~~~~~~[m[K
[0.083s] [01m[K/home/el-system/centering_experiment/src/control/utils/control_.cpp:654:79:[m[K [01;35m[Kwarning: [m[Kunused variable ‘[01m[Kbuffer_size[m[K’ [[01;35m[K-Wunused-variable[m[K]
[0.083s]   654 |     geometry_msgs::msg::PoseStamped avg_payload_pose; int avg_sample = 1; int [01;35m[Kbuffer_size[m[K = 4;
[0.083s]       |                                                                               [01;35m[K^~~~~~~~~~~[m[K
[0.083s] [01m[K/home/el-system/centering_experiment/src/control/utils/control_.cpp:[m[K In function ‘[01m[Kvoid centeringEmber(const std::shared_ptr<DroneController>&, rclcpp::Rate&, geometry_msgs::msg::PoseStamped&, float, bool&, float, float, float)[m[K’:
[0.084s] [01m[K/home/el-system/centering_experiment/src/control/utils/control_.cpp:926:11:[m[K [01;35m[Kwarning: [m[Kvariable ‘[01m[Kroll[m[K’ set but not used [[01;35m[K-Wunused-but-set-variable[m[K]
[0.084s]   926 |     float [01;35m[Kroll[m[K, pitch; bool detected = false;
[0.084s]       |           [01;35m[K^~~~[m[K
[0.084s] [01m[K/home/el-system/centering_experiment/src/control/utils/control_.cpp:926:17:[m[K [01;35m[Kwarning: [m[Kvariable ‘[01m[Kpitch[m[K’ set but not used [[01;35m[K-Wunused-but-set-variable[m[K]
[0.084s]   926 |     float roll, [01;35m[Kpitch[m[K; bool detected = false;
[0.084s]       |                 [01;35m[K^~~~~[m[K
[0.084s] [01m[K/home/el-system/centering_experiment/src/control/utils/control_.cpp:926:29:[m[K [01;35m[Kwarning: [m[Kvariable ‘[01m[Kdetected[m[K’ set but not used [[01;35m[K-Wunused-but-set-variable[m[K]
[0.084s]   926 |     float roll, pitch; bool [01;35m[Kdetected[m[K = false;
[0.084s]       |                             [01;35m[K^~~~~~~~[m[K
[0.084s] [01m[K/home/el-system/centering_experiment/src/control/utils/control_.cpp:927:57:[m[K [01;35m[Kwarning: [m[Kunused variable ‘[01m[Kavg_sample[m[K’ [[01;35m[K-Wunused-variable[m[K]
[0.084s]   927 |     geometry_msgs::msg::PoseStamped avg_ember_pose; int [01;35m[Kavg_sample[m[K = 1; int buffer_size = 4;
[0.085s]       |                                                         [01;35m[K^~~~~~~~~~[m[K
[0.085s] [01m[K/home/el-system/centering_experiment/src/control/utils/control_.cpp:927:77:[m[K [01;35m[Kwarning: [m[Kunused variable ‘[01m[Kbuffer_size[m[K’ [[01;35m[K-Wunused-variable[m[K]
[0.085s]   927 |     geometry_msgs::msg::PoseStamped avg_ember_pose; int avg_sample = 1; int [01;35m[Kbuffer_size[m[K = 4;
[0.085s]       |                                                                             [01;35m[K^~~~~~~~~~~[m[K
[0.085s] [01m[K/home/el-system/centering_experiment/src/control/utils/control_.cpp:[m[K In function ‘[01m[Kvoid centeringGate(const std::shared_ptr<DroneController>&, rclcpp::Rate&, geometry_msgs::msg::PoseStamped&, float)[m[K’:
[0.085s] [01m[K/home/el-system/centering_experiment/src/control/utils/control_.cpp:1204:30:[m[K [01;35m[Kwarning: [m[Kcomparison of integer expressions of different signedness: ‘[01m[Kint[m[K’ and ‘[01m[Kstd::vector<float>::size_type[m[K’ {aka ‘[01m[Klong unsigned int[m[K’} [[01;35m[K-Wsign-compare[m[K]
[0.085s]  1204 |             for(int j = 0; [01;35m[Kj < x_points.size()[m[K; j++) {
[0.085s]       |                            [01;35m[K~~^~~~~~~~~~~~~~~~~[m[K
[0.086s] [01m[K/home/el-system/centering_experiment/src/control/utils/control_.cpp:1194:15:[m[K [01;35m[Kwarning: [m[Kunused variable ‘[01m[Kx1_min[m[K’ [[01;35m[K-Wunused-variable[m[K]
[0.086s]  1194 |         float [01;35m[Kx1_min[m[K = -1.0, x2_min = -1.0;
[0.086s]       |               [01;35m[K^~~~~~[m[K
[0.086s] [01m[K/home/el-system/centering_experiment/src/control/utils/control_.cpp:1194:30:[m[K [01;35m[Kwarning: [m[Kunused variable ‘[01m[Kx2_min[m[K’ [[01;35m[K-Wunused-variable[m[K]
[0.087s]  1194 |         float x1_min = -1.0, [01;35m[Kx2_min[m[K = -1.0;
[0.087s]       |                              [01;35m[K^~~~~~[m[K
[0.087s] [01m[K/home/el-system/centering_experiment/src/control/utils/control_.cpp:[m[K In function ‘[01m[Kvoid centeringBunder(const std::shared_ptr<DroneController>&, rclcpp::Rate&, geometry_msgs::msg::PoseStamped&, float, bool&, float, float, float)[m[K’:
[0.087s] [01m[K/home/el-system/centering_experiment/src/control/utils/control_.cpp:1342:11:[m[K [01;35m[Kwarning: [m[Kvariable ‘[01m[Kroll[m[K’ set but not used [[01;35m[K-Wunused-but-set-variable[m[K]
[0.087s]  1342 |     float [01;35m[Kroll[m[K, pitch; bool detected = false;
[0.087s]       |           [01;35m[K^~~~[m[K
[0.087s] [01m[K/home/el-system/centering_experiment/src/control/utils/control_.cpp:1342:17:[m[K [01;35m[Kwarning: [m[Kvariable ‘[01m[Kpitch[m[K’ set but not used [[01;35m[K-Wunused-but-set-variable[m[K]
[0.088s]  1342 |     float roll, [01;35m[Kpitch[m[K; bool detected = false;
[0.088s]       |                 [01;35m[K^~~~~[m[K
[0.088s] [01m[K/home/el-system/centering_experiment/src/control/utils/control_.cpp:1342:29:[m[K [01;35m[Kwarning: [m[Kvariable ‘[01m[Kdetected[m[K’ set but not used [[01;35m[K-Wunused-but-set-variable[m[K]
[0.088s]  1342 |     float roll, pitch; bool [01;35m[Kdetected[m[K = false;
[0.088s]       |                             [01;35m[K^~~~~~~~[m[K
[0.088s] [01m[K/home/el-system/centering_experiment/src/control/utils/control_.cpp:1343:58:[m[K [01;35m[Kwarning: [m[Kunused variable ‘[01m[Kavg_sample[m[K’ [[01;35m[K-Wunused-variable[m[K]
[0.088s]  1343 |     geometry_msgs::msg::PoseStamped avg_bunder_pose; int [01;35m[Kavg_sample[m[K = 1; int buffer_size = 4;
[0.088s]       |                                                          [01;35m[K^~~~~~~~~~[m[K
[0.088s] [01m[K/home/el-system/centering_experiment/src/control/utils/control_.cpp:1343:78:[m[K [01;35m[Kwarning: [m[Kunused variable ‘[01m[Kbuffer_size[m[K’ [[01;35m[K-Wunused-variable[m[K]
[0.088s]  1343 |     geometry_msgs::msg::PoseStamped avg_bunder_pose; int avg_sample = 1; int [01;35m[Kbuffer_size[m[K = 4;
[0.089s]       |                                                                              [01;35m[K^~~~~~~~~~~[m[K
[0.089s] [01m[K/home/el-system/centering_experiment/src/control/utils/control_.cpp:[m[K In function ‘[01m[Kvoid moveToPoint(const std::shared_ptr<DroneController>&, rclcpp::Rate&, geometry_msgs::msg::PoseStamped&, float, float, float, float, float, float)[m[K’:
[0.089s] [01m[K/home/el-system/centering_experiment/src/control/utils/control_.cpp:1537:55:[m[K [01;35m[Kwarning: [m[Kunused variable ‘[01m[Ki[m[K’ [[01;35m[K-Wunused-variable[m[K]
[0.089s]  1537 |     float last_x, last_y, distance, progress=0.0; int [01;35m[Ki[m[K =0;
[0.089s]       |                                                       [01;35m[K^[m[K
[0.089s] [01m[K/home/el-system/centering_experiment/src/control/utils/control_.cpp:1521:156:[m[K [01;35m[Kwarning: [m[Kunused parameter ‘[01m[Kangle[m[K’ [[01;35m[K-Wunused-parameter[m[K]
[0.089s]  1521 | void moveToPoint(const std::shared_ptr<DroneController>&node, rclcpp::Rate &rate, geometry_msgs::msg::PoseStamped &posee, float x, float y, float z, [01;35m[Kfloat angle[m[K, float speed, float tolerance) {
[0.089s]       |                                                                                                                                                      [01;35m[K~~~~~~^~~~~[m[K
[0.089s] [01m[K/home/el-system/centering_experiment/src/control/utils/control_.cpp:[m[K In function ‘[01m[Kvoid moveToPoint(const std::shared_ptr<DroneController>&, rclcpp::Rate&, geometry_msgs::msg::PoseStamped&, geometry_msgs::msg::Pose, float, float, bool, bool, bool)[m[K’:
[0.089s] [01m[K/home/el-system/centering_experiment/src/control/utils/control_.cpp:1583:11:[m[K [01;35m[Kwarning: [m[Kunused variable ‘[01m[Kdistance_to_target[m[K’ [[01;35m[K-Wunused-variable[m[K]
[0.089s]  1583 |     float [01;35m[Kdistance_to_target[m[K = dist(posee.pose.position, target.position);
[0.089s]       |           [01;35m[K^~~~~~~~~~~~~~~~~~[m[K
[0.090s] [01m[K/home/el-system/centering_experiment/src/control/utils/control_.cpp:[m[K In function ‘[01m[Kvoid holdPosition(const std::shared_ptr<DroneController>&, rclcpp::Rate&, geometry_msgs::msg::PoseStamped&, float)[m[K’:
[0.090s] [01m[K/home/el-system/centering_experiment/src/control/utils/control_.cpp:1723:78:[m[K [01;35m[Kwarning: [m[Kunused parameter ‘[01m[Krate[m[K’ [[01;35m[K-Wunused-parameter[m[K]
[0.090s]  1723 | void holdPosition(const std::shared_ptr<DroneController>&node, [01;35m[Krclcpp::Rate &rate[m[K, geometry_msgs::msg::PoseStamped& posee, float duration){
[0.090s]       |                                                                [01;35m[K~~~~~~~~~~~~~~^~~~[m[K
[0.090s] In file included from [01m[K/opt/ros/humble/include/rclcpp/rclcpp/logging.hpp:24[m[K,
[0.090s]                  from [01m[K/opt/ros/humble/include/rclcpp/rclcpp/client.hpp:40[m[K,
[0.090s]                  from [01m[K/opt/ros/humble/include/rclcpp/rclcpp/callback_group.hpp:24[m[K,
[0.090s]                  from [01m[K/opt/ros/humble/include/rclcpp/rclcpp/any_executable.hpp:20[m[K,
[0.090s]                  from [01m[K/opt/ros/humble/include/rclcpp/rclcpp/memory_strategy.hpp:25[m[K,
[0.090s]                  from [01m[K/opt/ros/humble/include/rclcpp/rclcpp/memory_strategies.hpp:18[m[K,
[0.090s]                  from [01m[K/opt/ros/humble/include/rclcpp/rclcpp/executor_options.hpp:20[m[K,
[0.090s]                  from [01m[K/opt/ros/humble/include/rclcpp/rclcpp/executor.hpp:37[m[K,
[0.091s]                  from [01m[K/opt/ros/humble/include/rclcpp/rclcpp/executors/multi_threaded_executor.hpp:25[m[K,
[0.091s]                  from [01m[K/opt/ros/humble/include/rclcpp/rclcpp/executors.hpp:21[m[K,
[0.091s]                  from [01m[K/opt/ros/humble/include/rclcpp/rclcpp/rclcpp.hpp:155[m[K,
[0.091s]                  from [01m[K/home/el-system/centering_experiment/src/control/include/control_.hpp:4[m[K,
[0.091s]                  from [01m[K/home/el-system/centering_experiment/src/control/utils/control_.cpp:1[m[K:
[0.091s] [01m[K/home/el-system/centering_experiment/src/control/utils/control_.cpp:[m[K In function ‘[01m[Kvoid waitForPosition(const std::shared_ptr<DroneController>&, rclcpp::Rate&, mavros_msgs::msg::GlobalPositionTarget, double, bool, float)[m[K’:
[0.091s] [01m[K/home/el-system/centering_experiment/src/control/utils/control_.cpp:1786:41:[m[K [01;35m[Kwarning: [m[Kformat ‘[01m[K%d[m[K’ expects argument of type ‘[01m[Kint[m[K’, but argument 5 has type ‘[01m[Kdouble[m[K’ [[01;35m[K-Wformat=[m[K]
[0.091s]  1786 |         RCLCPP_INFO(node->get_logger(), [01;35m[K"%d - CURRR DISTANCEE: %f, meter: %.2f, payload: %.2f"[m[K, [32m[Kdistance[m[K, dist_m, node->getCurrentPosePayload().pose.position.x);
[0.091s]       |                                         [01;35m[K^~~~~~~~~~~~~~~~~~~~~~~~~~~~~~~~~~~~~~~~~~~~~~~~~~~~~~[m[K  [32m[K~~~~~~~~[m[K
[0.091s]       |                                                                                                 [32m[K|[m[K
[0.091s]       |                                                                                                 [32m[Kdouble[m[K
[0.091s] [01m[K/home/el-system/centering_experiment/src/control/utils/control_.cpp:1786:43:[m[K [01;36m[Knote: [m[Kformat string is defined here
[0.092s]  1786 |         RCLCPP_INFO(node->get_logger(), "[01;36m[K%d[m[K - CURRR DISTANCEE: %f, meter: %.2f, payload: %.2f", distance, dist_m, node->getCurrentPosePayload().pose.position.x);
[0.092s]       |                                          [01;36m[K~^[m[K
[0.092s]       |                                           [01;36m[K|[m[K
[0.092s]       |                                           [01;36m[Kint[m[K
[0.092s]       |                                          [32m[K%f[m[K
[0.092s] In file included from [01m[K/opt/ros/humble/include/rclcpp/rclcpp/logging.hpp:24[m[K,
[0.092s]                  from [01m[K/opt/ros/humble/include/rclcpp/rclcpp/client.hpp:40[m[K,
[0.092s]                  from [01m[K/opt/ros/humble/include/rclcpp/rclcpp/callback_group.hpp:24[m[K,
[0.092s]                  from [01m[K/opt/ros/humble/include/rclcpp/rclcpp/any_executable.hpp:20[m[K,
[0.092s]                  from [01m[K/opt/ros/humble/include/rclcpp/rclcpp/memory_strategy.hpp:25[m[K,
[0.092s]                  from [01m[K/opt/ros/humble/include/rclcpp/rclcpp/memory_strategies.hpp:18[m[K,
[0.092s]                  from [01m[K/opt/ros/humble/include/rclcpp/rclcpp/executor_options.hpp:20[m[K,
[0.093s]                  from [01m[K/opt/ros/humble/include/rclcpp/rclcpp/executor.hpp:37[m[K,
[0.093s]                  from [01m[K/opt/ros/humble/include/rclcpp/rclcpp/executors/multi_threaded_executor.hpp:25[m[K,
[0.093s]                  from [01m[K/opt/ros/humble/include/rclcpp/rclcpp/executors.hpp:21[m[K,
[0.093s]                  from [01m[K/opt/ros/humble/include/rclcpp/rclcpp/rclcpp.hpp:155[m[K,
[0.093s]                  from [01m[K/home/el-system/centering_experiment/src/control/include/control_.hpp:4[m[K,
[0.093s]                  from [01m[K/home/el-system/centering_experiment/src/control/utils/control_.cpp:1[m[K:
[0.093s] [01m[K/home/el-system/centering_experiment/src/control/utils/control_.cpp:1786:41:[m[K [01;35m[Kwarning: [m[Kformat ‘[01m[K%f[m[K’ expects a matching ‘[01m[Kdouble[m[K’ argument [[01;35m[K-Wformat=[m[K]
[0.093s]  1786 |         RCLCPP_INFO(node->get_logger(), [01;35m[K"%d - CURRR DISTANCEE: %f, meter: %.2f, payload: %.2f"[m[K, distance, dist_m, node->getCurrentPosePayload().pose.position.x);
[0.093s]       |                                         [01;35m[K^~~~~~~~~~~~~~~~~~~~~~~~~~~~~~~~~~~~~~~~~~~~~~~~~~~~~~[m[K
[0.093s] [01m[K/home/el-system/centering_experiment/src/control/utils/control_.cpp:1786:93:[m[K [01;36m[Knote: [m[Kformat string is defined here
[0.093s]  1786 |         RCLCPP_INFO(node->get_logger(), "%d - CURRR DISTANCEE: %f, meter: %.2f, payload: [01;36m[K%.2f[m[K", distance, dist_m, node->getCurrentPosePayload().pose.position.x);
[0.093s]       |                                                                                          [01;36m[K~~~^[m[K
[0.093s]       |                                                                                             [01;36m[K|[m[K
[0.094s]       |                                                                                             [01;36m[Kdouble[m[K
[0.094s] [01m[K/home/el-system/centering_experiment/src/control/utils/control_.cpp:1781:16:[m[K [01;35m[Kwarning: [m[Kunused variable ‘[01m[Kdalt[m[K’ [[01;35m[K-Wunused-variable[m[K]
[0.094s]  1781 |         double [01;35m[Kdalt[m[K = raw.altitude - node->getCurrentGPSPosition().altitude;
[0.094s]       |                [01;35m[K^~~~[m[K
[0.094s] [01m[K/home/el-system/centering_experiment/src/control/utils/control_.cpp:1763:177:[m[K [01;35m[Kwarning: [m[Kunused parameter ‘[01m[Kcenter_dist[m[K’ [[01;35m[K-Wunused-parameter[m[K]
[0.094s]  1763 | void waitForPosition(const std::shared_ptr<DroneController>&node, rclcpp::Rate &rate, mavros_msgs::msg::GlobalPositionTarget raw, double tolerance, bool allow_centering, [01;35m[Kfloat center_dist[m[K) {
[0.094s]       |                                                                                                                                                                           [01;35m[K~~~~~~^~~~~~~~~~~[m[K
[0.094s] [01m[K/home/el-system/centering_experiment/src/control/utils/control_.cpp:[m[K In function ‘[01m[Kvoid sendGlobalRawAsync(const std::shared_ptr<DroneController>&, rclcpp::Rate&, geometry_msgs::msg::PoseStamped&, float, float, float, bool, float)[m[K’:
[0.094s] [01m[K/home/el-system/centering_experiment/src/control/utils/control_.cpp:1853:171:[m[K [01;35m[Kwarning: [m[Kunused parameter ‘[01m[Kallow_centering[m[K’ [[01;35m[K-Wunused-parameter[m[K]
[0.094s]  1853 | void sendGlobalRawAsync(const std::shared_ptr<DroneController>&node, rclcpp::Rate &rate, geometry_msgs::msg::PoseStamped &posee, float latt, float lonn, float altt, [01;35m[Kbool allow_centering[m[K, float center_dist) {
[0.094s]       |                                                                                                                                                                      [01;35m[K~~~~~^~~~~~~~~~~~~~~[m[K
[0.095s] [01m[K/home/el-system/centering_experiment/src/control/utils/control_.cpp:1853:194:[m[K [01;35m[Kwarning: [m[Kunused parameter ‘[01m[Kcenter_dist[m[K’ [[01;35m[K-Wunused-parameter[m[K]
[0.095s]  1853 | void sendGlobalRawAsync(const std::shared_ptr<DroneController>&node, rclcpp::Rate &rate, geometry_msgs::msg::PoseStamped &posee, float latt, float lonn, float altt, bool allow_centering, [01;35m[Kfloat center_dist[m[K) {
[0.095s]       |                                                                                                                                                                                            [01;35m[K~~~~~~^~~~~~~~~~~[m[K
[0.095s] [01m[K/home/el-system/centering_experiment/src/control/utils/control_.cpp:[m[K In function ‘[01m[Kvoid sendGlobalRawFromXYZ(const std::shared_ptr<DroneController>&, rclcpp::Rate&, geometry_msgs::msg::PoseStamped&, LatLonAlt, double, float, float, float, bool, float)[m[K’:
[0.095s] [01m[K/home/el-system/centering_experiment/src/control/utils/control_.cpp:1901:203:[m[K [01;35m[Kwarning: [m[Kunused parameter ‘[01m[Kallow_centering[m[K’ [[01;35m[K-Wunused-parameter[m[K]
[0.095s]  1901 | void sendGlobalRawFromXYZ(const std::shared_ptr<DroneController>&node, rclcpp::Rate &rate, geometry_msgs::msg::PoseStamped &posee, LatLonAlt zero, double zero_hdg, float x, float y, float rel_alt, [01;35m[Kbool allow_centering[m[K, float center_dist) {
[0.095s]       |                                                                                                                                                                                                      [01;35m[K~~~~~^~~~~~~~~~~~~~~[m[K
[0.095s] [01m[K/home/el-system/centering_experiment/src/control/utils/control_.cpp:1901:226:[m[K [01;35m[Kwarning: [m[Kunused parameter ‘[01m[Kcenter_dist[m[K’ [[01;35m[K-Wunused-parameter[m[K]
[0.095s]  1901 | void sendGlobalRawFromXYZ(const std::shared_ptr<DroneController>&node, rclcpp::Rate &rate, geometry_msgs::msg::PoseStamped &posee, LatLonAlt zero, double zero_hdg, float x, float y, float rel_alt, bool allow_centering, [01;35m[Kfloat center_dist[m[K) {
[0.095s]       |                                                                                                                                                                                                                            [01;35m[K~~~~~~^~~~~~~~~~~[m[K
[0.095s] In file included from [01m[K/opt/ros/humble/include/rclcpp/rclcpp/logging.hpp:24[m[K,
[0.095s]                  from [01m[K/opt/ros/humble/include/rclcpp/rclcpp/client.hpp:40[m[K,
[0.095s]                  from [01m[K/opt/ros/humble/include/rclcpp/rclcpp/callback_group.hpp:24[m[K,
[0.096s]                  from [01m[K/opt/ros/humble/include/rclcpp/rclcpp/any_executable.hpp:20[m[K,
[0.096s]                  from [01m[K/opt/ros/humble/include/rclcpp/rclcpp/memory_strategy.hpp:25[m[K,
[0.096s]                  from [01m[K/opt/ros/humble/include/rclcpp/rclcpp/memory_strategies.hpp:18[m[K,
[0.096s]                  from [01m[K/opt/ros/humble/include/rclcpp/rclcpp/executor_options.hpp:20[m[K,
[0.096s]                  from [01m[K/opt/ros/humble/include/rclcpp/rclcpp/executor.hpp:37[m[K,
[0.096s]                  from [01m[K/opt/ros/humble/include/rclcpp/rclcpp/executors/multi_threaded_executor.hpp:25[m[K,
[0.096s]                  from [01m[K/opt/ros/humble/include/rclcpp/rclcpp/executors.hpp:21[m[K,
[0.096s]                  from [01m[K/opt/ros/humble/include/rclcpp/rclcpp/rclcpp.hpp:155[m[K,
[0.096s]                  from [01m[K/home/el-system/centering_experiment/src/control/include/control_.hpp:4[m[K,
[0.096s]                  from [01m[K/home/el-system/centering_experiment/src/control/utils/control_.cpp:1[m[K:
[0.096s] [01m[K/home/el-system/centering_experiment/src/control/utils/control_.cpp:[m[K In function ‘[01m[Kvoid pushMission(const std::shared_ptr<DroneController>&, std::vector<mavros_msgs::msg::Waypoint_<std::allocator<void> >, std::allocator<mavros_msgs::msg::Waypoint_<std::allocator<void> > > >)[m[K’:
[0.096s] [01m[K/home/el-system/centering_experiment/src/control/utils/control_.cpp:2002:37:[m[K [01;35m[Kwarning: [m[Kformat ‘[01m[K%d[m[K’ expects argument of type ‘[01m[Kint[m[K’, but argument 5 has type ‘[01m[Kstd::vector<mavros_msgs::msg::Waypoint_<std::allocator<void> >, std::allocator<mavros_msgs::msg::Waypoint_<std::allocator<void> > > >::size_type[m[K’ {aka ‘[01m[Klong unsigned int[m[K’} [[01;35m[K-Wformat=[m[K]
[0.097s]  2002 |     RCLCPP_INFO(node->get_logger(), [01;35m[K"Pushing mission of size %d"[m[K, [32m[Kwaypoints.size()[m[K);
[0.097s]       |                                     [01;35m[K^~~~~~~~~~~~~~~~~~~~~~~~~~~~[m[K  [32m[K~~~~~~~~~~~~~~~~[m[K
[0.097s]       |                                                                                 [32m[K|[m[K
[0.097s]       |                                                                                 [32m[Kstd::vector<mavros_msgs::msg::Waypoint_<std::allocator<void> >, std::allocator<mavros_msgs::msg::Waypoint_<std::allocator<void> > > >::size_type {aka long unsigned int}[m[K
[0.097s] [01m[K/home/el-system/centering_experiment/src/control/utils/control_.cpp:2002:63:[m[K [01;36m[Knote: [m[Kformat string is defined here
[0.097s]  2002 |     RCLCPP_INFO(node->get_logger(), "Pushing mission of size [01;36m[K%d[m[K", waypoints.size());
[0.097s]       |                                                              [01;36m[K~^[m[K
[0.097s]       |                                                               [01;36m[K|[m[K
[0.097s]       |                                                               [01;36m[Kint[m[K
[0.097s]       |                                                              [32m[K%ld[m[K
[0.097s] [01m[K/home/el-system/centering_experiment/src/control/utils/control_.cpp:[m[K In function ‘[01m[Kvoid moveWithLaser(const std::shared_ptr<DroneController>&, rclcpp::Rate&, geometry_msgs::msg::PoseStamped&, float, float, float, float, float, bool, bool, float, float)[m[K’:
[0.097s] [01m[K/home/el-system/centering_experiment/src/control/utils/control_.cpp:2128:422:[m[K [01;35m[Kwarning: [m[Ksuggest parentheses around comparison in operand of ‘[01m[K&[m[K’ [[01;35m[K-Wparentheses[m[K]
[0.098s]  2128 |         vel_pose.pose.position.x = x ? limit(max_speed, P_maju*err_x + I_maju*total_error_maju + D_maju*last_error_maju) : (front + back <= 2.85f ? limit(koreksi_max_speed, P_koreksi*(front - back) + I_koreksi*total_error_koreksi + D_koreksi*last_error_koreksi) : (back == 2.1f && front != 2.1f ? limit(koreksi_max_speed, P_koreksi*(front - 1.25 ) + I_koreksi*total_error_koreksi + D_koreksi*last_error_koreksi) : ([01;35m[Kfront == 2.1f[m[K & back != 2.1f ? limit(koreksi_max_speed, P_koreksi*(1.25 - back) + I_koreksi*total_error_koreksi + D_koreksi*last_error_koreksi) : 0.0)));
[0.098s]       |                                                                                                                                                                                                                                                                                                                                                                                                                                [01;35m[K~~~~~~^~~~~~~[m[K
[0.098s] [01m[K/home/el-system/centering_experiment/src/control/utils/control_.cpp:2129:421:[m[K [01;35m[Kwarning: [m[Ksuggest parentheses around comparison in operand of ‘[01m[K&[m[K’ [[01;35m[K-Wparentheses[m[K]
[0.098s]  2129 |         vel_pose.pose.position.y = y ? limit(max_speed, P_maju*err_y + I_maju*total_error_maju + D_maju*last_error_maju) : (left + right <= 2.85f ? limit(koreksi_max_speed, P_koreksi*(left - right) + I_koreksi*total_error_koreksi + D_koreksi*last_error_koreksi) : (right == 2.1f && left != 2.1f ? limit(koreksi_max_speed, P_koreksi*(left - 1.25  ) + I_koreksi*total_error_koreksi + D_koreksi*last_error_koreksi) : ([01;35m[Kleft == 2.1f[m[K & right != 2.1f ? limit(koreksi_max_speed, P_koreksi*(1.25 - right) + I_koreksi*total_error_koreksi + D_koreksi*last_error_koreksi) : 0.0)));
[0.098s]       |                                                                                                                                                                                                                                                                                                                                                                                                                                [01;35m[K~~~~~^~~~~~~[m[K
[0.098s] [01m[K/home/el-system/centering_experiment/src/control/utils/control_.cpp:[m[K In function ‘[01m[Kfloat getYawError(const std::shared_ptr<DroneController>&, rclcpp::Rate&)[m[K’:
[0.098s] [01m[K/home/el-system/centering_experiment/src/control/utils/control_.cpp:2304:24:[m[K [01;35m[Kwarning: [m[Kcomparison of integer expressions of different signedness: ‘[01m[Kint[m[K’ and ‘[01m[Kstd::vector<float>::size_type[m[K’ {aka ‘[01m[Klong unsigned int[m[K’} [[01;35m[K-Wsign-compare[m[K]
[0.098s]  2304 |         if([01;35m[Kright_index > curr_scan.ranges.size()[m[K) {
[0.098s]       |            [01;35m[K~~~~~~~~~~~~^~~~~~~~~~~~~~~~~~~~~~~~~[m[K
[0.098s] [01m[K/home/el-system/centering_experiment/src/control/utils/control_.cpp:2286:78:[m[K [01;35m[Kwarning: [m[Kunused parameter ‘[01m[Krate[m[K’ [[01;35m[K-Wunused-parameter[m[K]
[0.098s]  2286 | float getYawError(const std::shared_ptr<DroneController>&node, [01;35m[Krclcpp::Rate &rate[m[K)
[0.098s]       |                                                                [01;35m[K~~~~~~~~~~~~~~^~~~[m[K
[0.099s] [01m[K/home/el-system/centering_experiment/src/control/utils/control_.cpp:[m[K In function ‘[01m[Kvoid printTitik(std::vector<double, std::allocator<double> >&, std::vector<double, std::allocator<double> >&, std::vector<double, std::allocator<double> >&, std::vector<double, std::allocator<double> >&, double, double)[m[K’:
[0.099s] [01m[K/home/el-system/centering_experiment/src/control/utils/control_.cpp:2324:26:[m[K [01;35m[Kwarning: [m[Kcomparison of integer expressions of different signedness: ‘[01m[Kint[m[K’ and ‘[01m[Kstd::vector<double, std::allocator<double> >::size_type[m[K’ {aka ‘[01m[Klong unsigned int[m[K’} [[01;35m[K-Wsign-compare[m[K]
[0.099s]  2324 |         for(int i = 0; [01;35m[Ki < lat_indoor.size()[m[K; i++) {
[0.099s]       |                        [01;35m[K~~^~~~~~~~~~~~~~~~~~~[m[K
[0.099s] [01m[K/home/el-system/centering_experiment/src/control/utils/control_.cpp:2326:18:[m[K [01;35m[Kwarning: [m[Kcomparison of integer expressions of different signedness: ‘[01m[Kint[m[K’ and ‘[01m[Kstd::vector<double, std::allocator<double> >::size_type[m[K’ {aka ‘[01m[Klong unsigned int[m[K’} [[01;35m[K-Wsign-compare[m[K]
[0.099s]  2326 |             if([01;35m[Ki != lat_indoor.size() -1[m[K) {std::cout<<", ";}
[0.099s]       |                [01;35m[K~~^~~~~~~~~~~~~~~~~~~~~~~[m[K
[0.099s] [01m[K/home/el-system/centering_experiment/src/control/utils/control_.cpp:2330:26:[m[K [01;35m[Kwarning: [m[Kcomparison of integer expressions of different signedness: ‘[01m[Kint[m[K’ and ‘[01m[Kstd::vector<double, std::allocator<double> >::size_type[m[K’ {aka ‘[01m[Klong unsigned int[m[K’} [[01;35m[K-Wsign-compare[m[K]
[0.099s]  2330 |         for(int i = 0; [01;35m[Ki < lon_indoor.size()[m[K; i++) {
[0.099s]       |                        [01;35m[K~~^~~~~~~~~~~~~~~~~~~[m[K
[0.100s] [01m[K/home/el-system/centering_experiment/src/control/utils/control_.cpp:2332:18:[m[K [01;35m[Kwarning: [m[Kcomparison of integer expressions of different signedness: ‘[01m[Kint[m[K’ and ‘[01m[Kstd::vector<double, std::allocator<double> >::size_type[m[K’ {aka ‘[01m[Klong unsigned int[m[K’} [[01;35m[K-Wsign-compare[m[K]
[0.100s]  2332 |             if([01;35m[Ki != lon_indoor.size() -1[m[K) {std::cout<<", ";}
[0.100s]       |                [01;35m[K~~^~~~~~~~~~~~~~~~~~~~~~~[m[K
[0.100s] [01m[K/home/el-system/centering_experiment/src/control/utils/control_.cpp:2340:26:[m[K [01;35m[Kwarning: [m[Kcomparison of integer expressions of different signedness: ‘[01m[Kint[m[K’ and ‘[01m[Kstd::vector<double, std::allocator<double> >::size_type[m[K’ {aka ‘[01m[Klong unsigned int[m[K’} [[01;35m[K-Wsign-compare[m[K]
[0.100s]  2340 |         for(int i = 0; [01;35m[Ki < lat_outdoor.size()[m[K; i++) {
[0.100s]       |                        [01;35m[K~~^~~~~~~~~~~~~~~~~~~~[m[K
[0.100s] [01m[K/home/el-system/centering_experiment/src/control/utils/control_.cpp:2342:18:[m[K [01;35m[Kwarning: [m[Kcomparison of integer expressions of different signedness: ‘[01m[Kint[m[K’ and ‘[01m[Kstd::vector<double, std::allocator<double> >::size_type[m[K’ {aka ‘[01m[Klong unsigned int[m[K’} [[01;35m[K-Wsign-compare[m[K]
[0.100s]  2342 |             if([01;35m[Ki != lat_outdoor.size() -1[m[K) {std::cout<<", ";}
[0.100s]       |                [01;35m[K~~^~~~~~~~~~~~~~~~~~~~~~~~[m[K
[0.100s] [01m[K/home/el-system/centering_experiment/src/control/utils/control_.cpp:2346:26:[m[K [01;35m[Kwarning: [m[Kcomparison of integer expressions of different signedness: ‘[01m[Kint[m[K’ and ‘[01m[Kstd::vector<double, std::allocator<double> >::size_type[m[K’ {aka ‘[01m[Klong unsigned int[m[K’} [[01;35m[K-Wsign-compare[m[K]
[0.100s]  2346 |         for(int i = 0; [01;35m[Ki < lon_outdoor.size()[m[K; i++) {
[0.100s]       |                        [01;35m[K~~^~~~~~~~~~~~~~~~~~~~[m[K
[0.101s] [01m[K/home/el-system/centering_experiment/src/control/utils/control_.cpp:2348:18:[m[K [01;35m[Kwarning: [m[Kcomparison of integer expressions of different signedness: ‘[01m[Kint[m[K’ and ‘[01m[Kstd::vector<double, std::allocator<double> >::size_type[m[K’ {aka ‘[01m[Klong unsigned int[m[K’} [[01;35m[K-Wsign-compare[m[K]
[0.101s]  2348 |             if([01;35m[Ki != lon_outdoor.size() -1[m[K) {std::cout<<", ";}
[0.101s]       |                [01;35m[K~~^~~~~~~~~~~~~~~~~~~~~~~~[m[K
[0.101s] [01m[K/home/el-system/centering_experiment/src/control/utils/control_.cpp:[m[K In function ‘[01m[Kvoid executeLocalWaypointMove(const std::shared_ptr<DroneController>&, rclcpp::Rate&, geometry_msgs::msg::PoseStamped&, float, float, float, float, float)[m[K’:
[0.101s] [01m[K/home/el-system/centering_experiment/src/control/utils/control_.cpp:2355:90:[m[K [01;35m[Kwarning: [m[Kunused parameter ‘[01m[Krate[m[K’ [[01;35m[K-Wunused-parameter[m[K]
[0.101s]  2355 | void executeLocalWaypointMove(const std::shared_ptr<DroneController>&node, [01;35m[Krclcpp::Rate &rate[m[K,
[0.101s]       |                                                                            [01;35m[K~~~~~~~~~~~~~~^~~~[m[K
[0.101s] [01m[K/home/el-system/centering_experiment/src/control/utils/control_.cpp:[m[K In function ‘[01m[Kvoid centeringGateNear(const std::shared_ptr<DroneController>&, rclcpp::Rate&, geometry_msgs::msg::PoseStamped&, float, float, bool&, float, float, float, float, float)[m[K’:
[0.101s] [01m[K/home/el-system/centering_experiment/src/control/utils/control_.cpp:3249:57:[m[K [01;35m[Kwarning: [m[Kunused parameter ‘[01m[Kposee[m[K’ [[01;35m[K-Wunused-parameter[m[K]
[0.101s]  3249 |                        [01;35m[Kgeometry_msgs::msg::PoseStamped &posee[m[K, float gate_width,
[0.101s]       |                        [01;35m[K~~~~~~~~~~~~~~~~~~~~~~~~~~~~~~~~~^~~~~[m[K
[0.102s] [01m[K/home/el-system/centering_experiment/src/control/utils/control_.cpp:[m[K In function ‘[01m[Kvoid centeringGateLivoxSimple(const std::shared_ptr<DroneController>&, rclcpp::Rate&, geometry_msgs::msg::PoseStamped&, float, float, bool&, float, float, float, bool)[m[K’:
[0.102s] [01m[K/home/el-system/centering_experiment/src/control/utils/control_.cpp:3892:38:[m[K [01;35m[Kwarning: [m[Kunused parameter ‘[01m[Kposee[m[K’ [[01;35m[K-Wunused-parameter[m[K]
[0.102s]  3892 |     [01;35m[Kgeometry_msgs::msg::PoseStamped &posee[m[K,
[0.102s]       |     [01;35m[K~~~~~~~~~~~~~~~~~~~~~~~~~~~~~~~~~^~~~~[m[K
[0.102s] In file included from [01m[K/home/el-system/centering_experiment/src/control/include/control_.hpp:30[m[K,
[0.102s]                  from [01m[K/home/el-system/centering_experiment/src/control/utils/control_.cpp:1[m[K:
[0.102s] [01m[K/home/el-system/centering_experiment/src/control/include/drone_controller_.hpp:162:25:[m[K [01;35m[Kwarning: [m[Kuse of ‘[01m[Kauto[m[K’ in parameter declaration only available with ‘[01m[K-std=c++20[m[K’ or ‘[01m[K-fconcepts[m[K’
[0.102s]   162 |     void waitForService([01;35m[Kauto[m[K &client);
[0.102s]       |                         [01;35m[K^~~~[m[K
[0.102s] In file included from [01m[K/home/el-system/centering_experiment/src/control/utils/control_.cpp:1[m[K:
[0.103s] [01m[K/home/el-system/centering_experiment/src/control/include/control_.hpp:63:62:[m[K [01;35m[Kwarning: [m[Kuse of ‘[01m[Kauto[m[K’ in parameter declaration only available with ‘[01m[K-std=c++20[m[K’ or ‘[01m[K-fconcepts[m[K’
[0.103s]    63 | bool hasReplied(const std::shared_ptr<DroneController>&node, [01;35m[Kauto[m[K& result);
[0.103s]       |                                                              [01;35m[K^~~~[m[K
[0.103s] [01m[K/home/el-system/centering_experiment/src/control/utils/control_.cpp:51:62:[m[K [01;35m[Kwarning: [m[Kuse of ‘[01m[Kauto[m[K’ in parameter declaration only available with ‘[01m[K-std=c++20[m[K’ or ‘[01m[K-fconcepts[m[K’
[0.103s]    51 | bool hasReplied(const std::shared_ptr<DroneController>&node, [01;35m[Kauto[m[K& result){
[0.103s]       |                                                              [01;35m[K^~~~[m[K
[0.103s] [01m[K/home/el-system/centering_experiment/src/control/utils/control_.cpp:[m[K In function ‘[01m[Kvoid safeLanding(const std::shared_ptr<DroneController>&, rclcpp::Rate&, geometry_msgs::msg::PoseStamped&, float)[m[K’:
[0.103s] [01m[K/home/el-system/centering_experiment/src/control/utils/control_.cpp:474:77:[m[K [01;35m[Kwarning: [m[Kunused parameter ‘[01m[Krate[m[K’ [[01;35m[K-Wunused-parameter[m[K]
[0.103s]   474 | void safeLanding(const std::shared_ptr<DroneController>&node, [01;35m[Krclcpp::Rate &rate[m[K, geometry_msgs::msg::PoseStamped &posee, float descent_rate = 0.3) {
[0.103s]       |                                                               [01;35m[K~~~~~~~~~~~~~~^~~~[m[K
[0.104s] [01m[K/home/el-system/centering_experiment/src/control/utils/control_.cpp:[m[K In function ‘[01m[Kvoid centeringPayload(const std::shared_ptr<DroneController>&, rclcpp::Rate&, geometry_msgs::msg::PoseStamped&, float, bool&, float, float, float, float, float, float, float, float, float, std::string, std::string)[m[K’:
[0.104s] [01m[K/home/el-system/centering_experiment/src/control/utils/control_.cpp:650:17:[m[K [01;35m[Kwarning: [m[Kunused variable ‘[01m[KdropAlt[m[K’ [[01;35m[K-Wunused-variable[m[K]
[0.104s]   650 |     const float [01;35m[KdropAlt[m[K = 0.6;
[0.104s]       |                 [01;35m[K^~~~~~~[m[K
[0.104s] [01m[K/home/el-system/centering_experiment/src/control/utils/control_.cpp:653:29:[m[K [01;35m[Kwarning: [m[Kvariable ‘[01m[Kdetected[m[K’ set but not used [[01;35m[K-Wunused-but-set-variable[m[K]
[0.104s]   653 |     float roll, pitch; bool [01;35m[Kdetected[m[K = false;
[0.104s]       |                             [01;35m[K^~~~~~~~[m[K
[0.104s] [01m[K/home/el-system/centering_experiment/src/control/utils/control_.cpp:654:59:[m[K [01;35m[Kwarning: [m[Kunused variable ‘[01m[Kavg_sample[m[K’ [[01;35m[K-Wunused-variable[m[K]
[0.104s]   654 |     geometry_msgs::msg::PoseStamped avg_payload_pose; int [01;35m[Kavg_sample[m[K = 1; int buffer_size = 4;
[0.104s]       |                                                           [01;35m[K^~~~~~~~~~[m[K
[0.104s] [01m[K/home/el-system/centering_experiment/src/control/utils/control_.cpp:654:79:[m[K [01;35m[Kwarning: [m[Kunused variable ‘[01m[Kbuffer_size[m[K’ [[01;35m[K-Wunused-variable[m[K]
[0.104s]   654 |     geometry_msgs::msg::PoseStamped avg_payload_pose; int avg_sample = 1; int [01;35m[Kbuffer_size[m[K = 4;
[0.105s]       |                                                                               [01;35m[K^~~~~~~~~~~[m[K
[0.105s] [01m[K/home/el-system/centering_experiment/src/control/utils/control_.cpp:[m[K In function ‘[01m[Kvoid centeringEmber(const std::shared_ptr<DroneController>&, rclcpp::Rate&, geometry_msgs::msg::PoseStamped&, float, bool&, float, float, float)[m[K’:
[0.105s] [01m[K/home/el-system/centering_experiment/src/control/utils/control_.cpp:926:11:[m[K [01;35m[Kwarning: [m[Kvariable ‘[01m[Kroll[m[K’ set but not used [[01;35m[K-Wunused-but-set-variable[m[K]
[0.105s]   926 |     float [01;35m[Kroll[m[K, pitch; bool detected = false;
[0.105s]       |           [01;35m[K^~~~[m[K
[0.105s] [01m[K/home/el-system/centering_experiment/src/control/utils/control_.cpp:926:17:[m[K [01;35m[Kwarning: [m[Kvariable ‘[01m[Kpitch[m[K’ set but not used [[01;35m[K-Wunused-but-set-variable[m[K]
[0.105s]   926 |     float roll, [01;35m[Kpitch[m[K; bool detected = false;
[0.105s]       |                 [01;35m[K^~~~~[m[K
[0.105s] [01m[K/home/el-system/centering_experiment/src/control/utils/control_.cpp:926:29:[m[K [01;35m[Kwarning: [m[Kvariable ‘[01m[Kdetected[m[K’ set but not used [[01;35m[K-Wunused-but-set-variable[m[K]
[0.105s]   926 |     float roll, pitch; bool [01;35m[Kdetected[m[K = false;
[0.105s]       |                             [01;35m[K^~~~~~~~[m[K
[0.105s] [01m[K/home/el-system/centering_experiment/src/control/utils/control_.cpp:927:57:[m[K [01;35m[Kwarning: [m[Kunused variable ‘[01m[Kavg_sample[m[K’ [[01;35m[K-Wunused-variable[m[K]
[0.106s]   927 |     geometry_msgs::msg::PoseStamped avg_ember_pose; int [01;35m[Kavg_sample[m[K = 1; int buffer_size = 4;
[0.106s]       |                                                         [01;35m[K^~~~~~~~~~[m[K
[0.106s] [01m[K/home/el-system/centering_experiment/src/control/utils/control_.cpp:927:77:[m[K [01;35m[Kwarning: [m[Kunused variable ‘[01m[Kbuffer_size[m[K’ [[01;35m[K-Wunused-variable[m[K]
[0.106s]   927 |     geometry_msgs::msg::PoseStamped avg_ember_pose; int avg_sample = 1; int [01;35m[Kbuffer_size[m[K = 4;
[0.106s]       |                                                                             [01;35m[K^~~~~~~~~~~[m[K
[0.106s] [01m[K/home/el-system/centering_experiment/src/control/utils/control_.cpp:[m[K In function ‘[01m[Kvoid centeringGate(const std::shared_ptr<DroneController>&, rclcpp::Rate&, geometry_msgs::msg::PoseStamped&, float)[m[K’:
[0.106s] [01m[K/home/el-system/centering_experiment/src/control/utils/control_.cpp:1204:30:[m[K [01;35m[Kwarning: [m[Kcomparison of integer expressions of different signedness: ‘[01m[Kint[m[K’ and ‘[01m[Kstd::vector<float>::size_type[m[K’ {aka ‘[01m[Klong unsigned int[m[K’} [[01;35m[K-Wsign-compare[m[K]
[0.106s]  1204 |             for(int j = 0; [01;35m[Kj < x_points.size()[m[K; j++) {
[0.106s]       |                            [01;35m[K~~^~~~~~~~~~~~~~~~~[m[K
[0.106s] [01m[K/home/el-system/centering_experiment/src/control/utils/control_.cpp:1194:15:[m[K [01;35m[Kwarning: [m[Kunused variable ‘[01m[Kx1_min[m[K’ [[01;35m[K-Wunused-variable[m[K]
[0.106s]  1194 |         float [01;35m[Kx1_min[m[K = -1.0, x2_min = -1.0;
[0.106s]       |               [01;35m[K^~~~~~[m[K
[0.107s] [01m[K/home/el-system/centering_experiment/src/control/utils/control_.cpp:1194:30:[m[K [01;35m[Kwarning: [m[Kunused variable ‘[01m[Kx2_min[m[K’ [[01;35m[K-Wunused-variable[m[K]
[0.107s]  1194 |         float x1_min = -1.0, [01;35m[Kx2_min[m[K = -1.0;
[0.107s]       |                              [01;35m[K^~~~~~[m[K
[0.107s] [01m[K/home/el-system/centering_experiment/src/control/utils/control_.cpp:[m[K In function ‘[01m[Kvoid centeringBunder(const std::shared_ptr<DroneController>&, rclcpp::Rate&, geometry_msgs::msg::PoseStamped&, float, bool&, float, float, float)[m[K’:
[0.107s] [01m[K/home/el-system/centering_experiment/src/control/utils/control_.cpp:1342:11:[m[K [01;35m[Kwarning: [m[Kvariable ‘[01m[Kroll[m[K’ set but not used [[01;35m[K-Wunused-but-set-variable[m[K]
[0.107s]  1342 |     float [01;35m[Kroll[m[K, pitch; bool detected = false;
[0.107s]       |           [01;35m[K^~~~[m[K
[0.107s] [01m[K/home/el-system/centering_experiment/src/control/utils/control_.cpp:1342:17:[m[K [01;35m[Kwarning: [m[Kvariable ‘[01m[Kpitch[m[K’ set but not used [[01;35m[K-Wunused-but-set-variable[m[K]
[0.107s]  1342 |     float roll, [01;35m[Kpitch[m[K; bool detected = false;
[0.107s]       |                 [01;35m[K^~~~~[m[K
[0.107s] [01m[K/home/el-system/centering_experiment/src/control/utils/control_.cpp:1342:29:[m[K [01;35m[Kwarning: [m[Kvariable ‘[01m[Kdetected[m[K’ set but not used [[01;35m[K-Wunused-but-set-variable[m[K]
[0.108s]  1342 |     float roll, pitch; bool [01;35m[Kdetected[m[K = false;
[0.108s]       |                             [01;35m[K^~~~~~~~[m[K
[0.108s] [01m[K/home/el-system/centering_experiment/src/control/utils/control_.cpp:1343:58:[m[K [01;35m[Kwarning: [m[Kunused variable ‘[01m[Kavg_sample[m[K’ [[01;35m[K-Wunused-variable[m[K]
[0.108s]  1343 |     geometry_msgs::msg::PoseStamped avg_bunder_pose; int [01;35m[Kavg_sample[m[K = 1; int buffer_size = 4;
[0.108s]       |                                                          [01;35m[K^~~~~~~~~~[m[K
[0.108s] [01m[K/home/el-system/centering_experiment/src/control/utils/control_.cpp:1343:78:[m[K [01;35m[Kwarning: [m[Kunused variable ‘[01m[Kbuffer_size[m[K’ [[01;35m[K-Wunused-variable[m[K]
[0.108s]  1343 |     geometry_msgs::msg::PoseStamped avg_bunder_pose; int avg_sample = 1; int [01;35m[Kbuffer_size[m[K = 4;
[0.108s]       |                                                                              [01;35m[K^~~~~~~~~~~[m[K
[0.108s] [01m[K/home/el-system/centering_experiment/src/control/utils/control_.cpp:[m[K In function ‘[01m[Kvoid moveToPoint(const std::shared_ptr<DroneController>&, rclcpp::Rate&, geometry_msgs::msg::PoseStamped&, float, float, float, float, float, float)[m[K’:
[0.108s] [01m[K/home/el-system/centering_experiment/src/control/utils/control_.cpp:1537:55:[m[K [01;35m[Kwarning: [m[Kunused variable ‘[01m[Ki[m[K’ [[01;35m[K-Wunused-variable[m[K]
[0.108s]  1537 |     float last_x, last_y, distance, progress=0.0; int [01;35m[Ki[m[K =0;
[0.108s]       |                                                       [01;35m[K^[m[K
[0.109s] [01m[K/home/el-system/centering_experiment/src/control/utils/control_.cpp:1521:156:[m[K [01;35m[Kwarning: [m[Kunused parameter ‘[01m[Kangle[m[K’ [[01;35m[K-Wunused-parameter[m[K]
[0.109s]  1521 | void moveToPoint(const std::shared_ptr<DroneController>&node, rclcpp::Rate &rate, geometry_msgs::msg::PoseStamped &posee, float x, float y, float z, [01;35m[Kfloat angle[m[K, float speed, float tolerance) {
[0.109s]       |                                                                                                                                                      [01;35m[K~~~~~~^~~~~[m[K
[0.109s] [01m[K/home/el-system/centering_experiment/src/control/utils/control_.cpp:[m[K In function ‘[01m[Kvoid moveToPoint(const std::shared_ptr<DroneController>&, rclcpp::Rate&, geometry_msgs::msg::PoseStamped&, geometry_msgs::msg::Pose, float, float, bool, bool, bool)[m[K’:
[0.109s] [01m[K/home/el-system/centering_experiment/src/control/utils/control_.cpp:1583:11:[m[K [01;35m[Kwarning: [m[Kunused variable ‘[01m[Kdistance_to_target[m[K’ [[01;35m[K-Wunused-variable[m[K]
[0.109s]  1583 |     float [01;35m[Kdistance_to_target[m[K = dist(posee.pose.position, target.position);
[0.109s]       |           [01;35m[K^~~~~~~~~~~~~~~~~~[m[K
[0.109s] [01m[K/home/el-system/centering_experiment/src/control/utils/control_.cpp:[m[K In function ‘[01m[Kvoid holdPosition(const std::shared_ptr<DroneController>&, rclcpp::Rate&, geometry_msgs::msg::PoseStamped&, float)[m[K’:
[0.109s] [01m[K/home/el-system/centering_experiment/src/control/utils/control_.cpp:1723:78:[m[K [01;35m[Kwarning: [m[Kunused parameter ‘[01m[Krate[m[K’ [[01;35m[K-Wunused-parameter[m[K]
[0.109s]  1723 | void holdPosition(const std::shared_ptr<DroneController>&node, [01;35m[Krclcpp::Rate &rate[m[K, geometry_msgs::msg::PoseStamped& posee, float duration){
[0.109s]       |                                                                [01;35m[K~~~~~~~~~~~~~~^~~~[m[K
[0.109s] In file included from [01m[K/opt/ros/humble/include/rclcpp/rclcpp/logging.hpp:24[m[K,
[0.110s]                  from [01m[K/opt/ros/humble/include/rclcpp/rclcpp/client.hpp:40[m[K,
[0.110s]                  from [01m[K/opt/ros/humble/include/rclcpp/rclcpp/callback_group.hpp:24[m[K,
[0.110s]                  from [01m[K/opt/ros/humble/include/rclcpp/rclcpp/any_executable.hpp:20[m[K,
[0.110s]                  from [01m[K/opt/ros/humble/include/rclcpp/rclcpp/memory_strategy.hpp:25[m[K,
[0.110s]                  from [01m[K/opt/ros/humble/include/rclcpp/rclcpp/memory_strategies.hpp:18[m[K,
[0.110s]                  from [01m[K/opt/ros/humble/include/rclcpp/rclcpp/executor_options.hpp:20[m[K,
[0.110s]                  from [01m[K/opt/ros/humble/include/rclcpp/rclcpp/executor.hpp:37[m[K,
[0.110s]                  from [01m[K/opt/ros/humble/include/rclcpp/rclcpp/executors/multi_threaded_executor.hpp:25[m[K,
[0.110s]                  from [01m[K/opt/ros/humble/include/rclcpp/rclcpp/executors.hpp:21[m[K,
[0.110s]                  from [01m[K/opt/ros/humble/include/rclcpp/rclcpp/rclcpp.hpp:155[m[K,
[0.110s]                  from [01m[K/home/el-system/centering_experiment/src/control/include/control_.hpp:4[m[K,
[0.110s]                  from [01m[K/home/el-system/centering_experiment/src/control/utils/control_.cpp:1[m[K:
[0.111s] [01m[K/home/el-system/centering_experiment/src/control/utils/control_.cpp:[m[K In function ‘[01m[Kvoid waitForPosition(const std::shared_ptr<DroneController>&, rclcpp::Rate&, mavros_msgs::msg::GlobalPositionTarget, double, bool, float)[m[K’:
[0.111s] [01m[K/home/el-system/centering_experiment/src/control/utils/control_.cpp:1786:41:[m[K [01;35m[Kwarning: [m[Kformat ‘[01m[K%d[m[K’ expects argument of type ‘[01m[Kint[m[K’, but argument 5 has type ‘[01m[Kdouble[m[K’ [[01;35m[K-Wformat=[m[K]
[0.111s]  1786 |         RCLCPP_INFO(node->get_logger(), [01;35m[K"%d - CURRR DISTANCEE: %f, meter: %.2f, payload: %.2f"[m[K, [32m[Kdistance[m[K, dist_m, node->getCurrentPosePayload().pose.position.x);
[0.111s]       |                                         [01;35m[K^~~~~~~~~~~~~~~~~~~~~~~~~~~~~~~~~~~~~~~~~~~~~~~~~~~~~~[m[K  [32m[K~~~~~~~~[m[K
[0.111s]       |                                                                                                 [32m[K|[m[K
[0.111s]       |                                                                                                 [32m[Kdouble[m[K
[0.111s] [01m[K/home/el-system/centering_experiment/src/control/utils/control_.cpp:1786:43:[m[K [01;36m[Knote: [m[Kformat string is defined here
[0.111s]  1786 |         RCLCPP_INFO(node->get_logger(), "[01;36m[K%d[m[K - CURRR DISTANCEE: %f, meter: %.2f, payload: %.2f", distance, dist_m, node->getCurrentPosePayload().pose.position.x);
[0.111s]       |                                          [01;36m[K~^[m[K
[0.111s]       |                                           [01;36m[K|[m[K
[0.111s]       |                                           [01;36m[Kint[m[K
[0.112s]       |                                          [32m[K%f[m[K
[0.112s] In file included from [01m[K/opt/ros/humble/include/rclcpp/rclcpp/logging.hpp:24[m[K,
[0.112s]                  from [01m[K/opt/ros/humble/include/rclcpp/rclcpp/client.hpp:40[m[K,
[0.112s]                  from [01m[K/opt/ros/humble/include/rclcpp/rclcpp/callback_group.hpp:24[m[K,
[0.112s]                  from [01m[K/opt/ros/humble/include/rclcpp/rclcpp/any_executable.hpp:20[m[K,
[0.112s]                  from [01m[K/opt/ros/humble/include/rclcpp/rclcpp/memory_strategy.hpp:25[m[K,
[0.112s]                  from [01m[K/opt/ros/humble/include/rclcpp/rclcpp/memory_strategies.hpp:18[m[K,
[0.112s]                  from [01m[K/opt/ros/humble/include/rclcpp/rclcpp/executor_options.hpp:20[m[K,
[0.112s]                  from [01m[K/opt/ros/humble/include/rclcpp/rclcpp/executor.hpp:37[m[K,
[0.112s]                  from [01m[K/opt/ros/humble/include/rclcpp/rclcpp/executors/multi_threaded_executor.hpp:25[m[K,
[0.112s]                  from [01m[K/opt/ros/humble/include/rclcpp/rclcpp/executors.hpp:21[m[K,
[0.112s]                  from [01m[K/opt/ros/humble/include/rclcpp/rclcpp/rclcpp.hpp:155[m[K,
[0.112s]                  from [01m[K/home/el-system/centering_experiment/src/control/include/control_.hpp:4[m[K,
[0.113s]                  from [01m[K/home/el-system/centering_experiment/src/control/utils/control_.cpp:1[m[K:
[0.113s] [01m[K/home/el-system/centering_experiment/src/control/utils/control_.cpp:1786:41:[m[K [01;35m[Kwarning: [m[Kformat ‘[01m[K%f[m[K’ expects a matching ‘[01m[Kdouble[m[K’ argument [[01;35m[K-Wformat=[m[K]
[0.113s]  1786 |         RCLCPP_INFO(node->get_logger(), [01;35m[K"%d - CURRR DISTANCEE: %f, meter: %.2f, payload: %.2f"[m[K, distance, dist_m, node->getCurrentPosePayload().pose.position.x);
[0.113s]       |                                         [01;35m[K^~~~~~~~~~~~~~~~~~~~~~~~~~~~~~~~~~~~~~~~~~~~~~~~~~~~~~[m[K
[0.113s] [01m[K/home/el-system/centering_experiment/src/control/utils/control_.cpp:1786:93:[m[K [01;36m[Knote: [m[Kformat string is defined here
[0.113s]  1786 |         RCLCPP_INFO(node->get_logger(), "%d - CURRR DISTANCEE: %f, meter: %.2f, payload: [01;36m[K%.2f[m[K", distance, dist_m, node->getCurrentPosePayload().pose.position.x);
[0.113s]       |                                                                                          [01;36m[K~~~^[m[K
[0.113s]       |                                                                                             [01;36m[K|[m[K
[0.113s]       |                                                                                             [01;36m[Kdouble[m[K
[0.113s] [01m[K/home/el-system/centering_experiment/src/control/utils/control_.cpp:1781:16:[m[K [01;35m[Kwarning: [m[Kunused variable ‘[01m[Kdalt[m[K’ [[01;35m[K-Wunused-variable[m[K]
[0.113s]  1781 |         double [01;35m[Kdalt[m[K = raw.altitude - node->getCurrentGPSPosition().altitude;
[0.114s]       |                [01;35m[K^~~~[m[K
[0.114s] [01m[K/home/el-system/centering_experiment/src/control/utils/control_.cpp:1763:177:[m[K [01;35m[Kwarning: [m[Kunused parameter ‘[01m[Kcenter_dist[m[K’ [[01;35m[K-Wunused-parameter[m[K]
[0.114s]  1763 | void waitForPosition(const std::shared_ptr<DroneController>&node, rclcpp::Rate &rate, mavros_msgs::msg::GlobalPositionTarget raw, double tolerance, bool allow_centering, [01;35m[Kfloat center_dist[m[K) {
[0.114s]       |                                                                                                                                                                           [01;35m[K~~~~~~^~~~~~~~~~~[m[K
[0.114s] [01m[K/home/el-system/centering_experiment/src/control/utils/control_.cpp:[m[K In function ‘[01m[Kvoid sendGlobalRawAsync(const std::shared_ptr<DroneController>&, rclcpp::Rate&, geometry_msgs::msg::PoseStamped&, float, float, float, bool, float)[m[K’:
[0.114s] [01m[K/home/el-system/centering_experiment/src/control/utils/control_.cpp:1853:171:[m[K [01;35m[Kwarning: [m[Kunused parameter ‘[01m[Kallow_centering[m[K’ [[01;35m[K-Wunused-parameter[m[K]
[0.114s]  1853 | void sendGlobalRawAsync(const std::shared_ptr<DroneController>&node, rclcpp::Rate &rate, geometry_msgs::msg::PoseStamped &posee, float latt, float lonn, float altt, [01;35m[Kbool allow_centering[m[K, float center_dist) {
[0.114s]       |                                                                                                                                                                      [01;35m[K~~~~~^~~~~~~~~~~~~~~[m[K
[0.114s] [01m[K/home/el-system/centering_experiment/src/control/utils/control_.cpp:1853:194:[m[K [01;35m[Kwarning: [m[Kunused parameter ‘[01m[Kcenter_dist[m[K’ [[01;35m[K-Wunused-parameter[m[K]
[0.114s]  1853 | void sendGlobalRawAsync(const std::shared_ptr<DroneController>&node, rclcpp::Rate &rate, geometry_msgs::msg::PoseStamped &posee, float latt, float lonn, float altt, bool allow_centering, [01;35m[Kfloat center_dist[m[K) {
[0.114s]       |                                                                                                                                                                                            [01;35m[K~~~~~~^~~~~~~~~~~[m[K
[0.114s] [01m[K/home/el-system/centering_experiment/src/control/utils/control_.cpp:[m[K In function ‘[01m[Kvoid sendGlobalRawFromXYZ(const std::shared_ptr<DroneController>&, rclcpp::Rate&, geometry_msgs::msg::PoseStamped&, LatLonAlt, double, float, float, float, bool, float)[m[K’:
[0.115s] [01m[K/home/el-system/centering_experiment/src/control/utils/control_.cpp:1901:203:[m[K [01;35m[Kwarning: [m[Kunused parameter ‘[01m[Kallow_centering[m[K’ [[01;35m[K-Wunused-parameter[m[K]
[0.115s]  1901 | void sendGlobalRawFromXYZ(const std::shared_ptr<DroneController>&node, rclcpp::Rate &rate, geometry_msgs::msg::PoseStamped &posee, LatLonAlt zero, double zero_hdg, float x, float y, float rel_alt, [01;35m[Kbool allow_centering[m[K, float center_dist) {
[0.115s]       |                                                                                                                                                                                                      [01;35m[K~~~~~^~~~~~~~~~~~~~~[m[K
[0.115s] [01m[K/home/el-system/centering_experiment/src/control/utils/control_.cpp:1901:226:[m[K [01;35m[Kwarning: [m[Kunused parameter ‘[01m[Kcenter_dist[m[K’ [[01;35m[K-Wunused-parameter[m[K]
[0.115s]  1901 | void sendGlobalRawFromXYZ(const std::shared_ptr<DroneController>&node, rclcpp::Rate &rate, geometry_msgs::msg::PoseStamped &posee, LatLonAlt zero, double zero_hdg, float x, float y, float rel_alt, bool allow_centering, [01;35m[Kfloat center_dist[m[K) {
[0.115s]       |                                                                                                                                                                                                                            [01;35m[K~~~~~~^~~~~~~~~~~[m[K
[0.115s] In file included from [01m[K/opt/ros/humble/include/rclcpp/rclcpp/logging.hpp:24[m[K,
[0.115s]                  from [01m[K/opt/ros/humble/include/rclcpp/rclcpp/client.hpp:40[m[K,
[0.115s]                  from [01m[K/opt/ros/humble/include/rclcpp/rclcpp/callback_group.hpp:24[m[K,
[0.115s]                  from [01m[K/opt/ros/humble/include/rclcpp/rclcpp/any_executable.hpp:20[m[K,
[0.115s]                  from [01m[K/opt/ros/humble/include/rclcpp/rclcpp/memory_strategy.hpp:25[m[K,
[0.116s]                  from [01m[K/opt/ros/humble/include/rclcpp/rclcpp/memory_strategies.hpp:18[m[K,
[0.116s]                  from [01m[K/opt/ros/humble/include/rclcpp/rclcpp/executor_options.hpp:20[m[K,
[0.116s]                  from [01m[K/opt/ros/humble/include/rclcpp/rclcpp/executor.hpp:37[m[K,
[0.116s]                  from [01m[K/opt/ros/humble/include/rclcpp/rclcpp/executors/multi_threaded_executor.hpp:25[m[K,
[0.116s]                  from [01m[K/opt/ros/humble/include/rclcpp/rclcpp/executors.hpp:21[m[K,
[0.116s]                  from [01m[K/opt/ros/humble/include/rclcpp/rclcpp/rclcpp.hpp:155[m[K,
[0.116s]                  from [01m[K/home/el-system/centering_experiment/src/control/include/control_.hpp:4[m[K,
[0.116s]                  from [01m[K/home/el-system/centering_experiment/src/control/utils/control_.cpp:1[m[K:
[0.116s] [01m[K/home/el-system/centering_experiment/src/control/utils/control_.cpp:[m[K In function ‘[01m[Kvoid pushMission(const std::shared_ptr<DroneController>&, std::vector<mavros_msgs::msg::Waypoint_<std::allocator<void> >, std::allocator<mavros_msgs::msg::Waypoint_<std::allocator<void> > > >)[m[K’:
[0.116s] [01m[K/home/el-system/centering_experiment/src/control/utils/control_.cpp:2002:37:[m[K [01;35m[Kwarning: [m[Kformat ‘[01m[K%d[m[K’ expects argument of type ‘[01m[Kint[m[K’, but argument 5 has type ‘[01m[Kstd::vector<mavros_msgs::msg::Waypoint_<std::allocator<void> >, std::allocator<mavros_msgs::msg::Waypoint_<std::allocator<void> > > >::size_type[m[K’ {aka ‘[01m[Klong unsigned int[m[K’} [[01;35m[K-Wformat=[m[K]
[0.116s]  2002 |     RCLCPP_INFO(node->get_logger(), [01;35m[K"Pushing mission of size %d"[m[K, [32m[Kwaypoints.size()[m[K);
[0.116s]       |                                     [01;35m[K^~~~~~~~~~~~~~~~~~~~~~~~~~~~[m[K  [32m[K~~~~~~~~~~~~~~~~[m[K
[0.117s]       |                                                                                 [32m[K|[m[K
[0.117s]       |                                                                                 [32m[Kstd::vector<mavros_msgs::msg::Waypoint_<std::allocator<void> >, std::allocator<mavros_msgs::msg::Waypoint_<std::allocator<void> > > >::size_type {aka long unsigned int}[m[K
[0.117s] [01m[K/home/el-system/centering_experiment/src/control/utils/control_.cpp:2002:63:[m[K [01;36m[Knote: [m[Kformat string is defined here
[0.117s]  2002 |     RCLCPP_INFO(node->get_logger(), "Pushing mission of size [01;36m[K%d[m[K", waypoints.size());
[0.117s]       |                                                              [01;36m[K~^[m[K
[0.117s]       |                                                               [01;36m[K|[m[K
[0.117s]       |                                                               [01;36m[Kint[m[K
[0.117s]       |                                                              [32m[K%ld[m[K
[0.117s] [01m[K/home/el-system/centering_experiment/src/control/utils/control_.cpp:[m[K In function ‘[01m[Kvoid moveWithLaser(const std::shared_ptr<DroneController>&, rclcpp::Rate&, geometry_msgs::msg::PoseStamped&, float, float, float, float, float, bool, bool, float, float)[m[K’:
[0.117s] [01m[K/home/el-system/centering_experiment/src/control/utils/control_.cpp:2128:422:[m[K [01;35m[Kwarning: [m[Ksuggest parentheses around comparison in operand of ‘[01m[K&[m[K’ [[01;35m[K-Wparentheses[m[K]
[0.117s]  2128 |         vel_pose.pose.position.x = x ? limit(max_speed, P_maju*err_x + I_maju*total_error_maju + D_maju*last_error_maju) : (front + back <= 2.85f ? limit(koreksi_max_speed, P_koreksi*(front - back) + I_koreksi*total_error_koreksi + D_koreksi*last_error_koreksi) : (back == 2.1f && front != 2.1f ? limit(koreksi_max_speed, P_koreksi*(front - 1.25 ) + I_koreksi*total_error_koreksi + D_koreksi*last_error_koreksi) : ([01;35m[Kfront == 2.1f[m[K & back != 2.1f ? limit(koreksi_max_speed, P_koreksi*(1.25 - back) + I_koreksi*total_error_koreksi + D_koreksi*last_error_koreksi) : 0.0)));
[0.118s]       |                                                                                                                                                                                                                                                                                                                                                                                                                                [01;35m[K~~~~~~^~~~~~~[m[K
[0.118s] [01m[K/home/el-system/centering_experiment/src/control/utils/control_.cpp:2129:421:[m[K [01;35m[Kwarning: [m[Ksuggest parentheses around comparison in operand of ‘[01m[K&[m[K’ [[01;35m[K-Wparentheses[m[K]
[0.118s]  2129 |         vel_pose.pose.position.y = y ? limit(max_speed, P_maju*err_y + I_maju*total_error_maju + D_maju*last_error_maju) : (left + right <= 2.85f ? limit(koreksi_max_speed, P_koreksi*(left - right) + I_koreksi*total_error_koreksi + D_koreksi*last_error_koreksi) : (right == 2.1f && left != 2.1f ? limit(koreksi_max_speed, P_koreksi*(left - 1.25  ) + I_koreksi*total_error_koreksi + D_koreksi*last_error_koreksi) : ([01;35m[Kleft == 2.1f[m[K & right != 2.1f ? limit(koreksi_max_speed, P_koreksi*(1.25 - right) + I_koreksi*total_error_koreksi + D_koreksi*last_error_koreksi) : 0.0)));
[0.118s]       |                                                                                                                                                                                                                                                                                                                                                                                                                                [01;35m[K~~~~~^~~~~~~[m[K
[0.118s] [01m[K/home/el-system/centering_experiment/src/control/utils/control_.cpp:[m[K In function ‘[01m[Kfloat getYawError(const std::shared_ptr<DroneController>&, rclcpp::Rate&)[m[K’:
[0.118s] [01m[K/home/el-system/centering_experiment/src/control/utils/control_.cpp:2304:24:[m[K [01;35m[Kwarning: [m[Kcomparison of integer expressions of different signedness: ‘[01m[Kint[m[K’ and ‘[01m[Kstd::vector<float>::size_type[m[K’ {aka ‘[01m[Klong unsigned int[m[K’} [[01;35m[K-Wsign-compare[m[K]
[0.118s]  2304 |         if([01;35m[Kright_index > curr_scan.ranges.size()[m[K) {
[0.118s]       |            [01;35m[K~~~~~~~~~~~~^~~~~~~~~~~~~~~~~~~~~~~~~[m[K
[0.118s] [01m[K/home/el-system/centering_experiment/src/control/utils/control_.cpp:2286:78:[m[K [01;35m[Kwarning: [m[Kunused parameter ‘[01m[Krate[m[K’ [[01;35m[K-Wunused-parameter[m[K]
[0.118s]  2286 | float getYawError(const std::shared_ptr<DroneController>&node, [01;35m[Krclcpp::Rate &rate[m[K)
[0.118s]       |                                                                [01;35m[K~~~~~~~~~~~~~~^~~~[m[K
[0.118s] [01m[K/home/el-system/centering_experiment/src/control/utils/control_.cpp:[m[K In function ‘[01m[Kvoid printTitik(std::vector<double, std::allocator<double> >&, std::vector<double, std::allocator<double> >&, std::vector<double, std::allocator<double> >&, std::vector<double, std::allocator<double> >&, double, double)[m[K’:
[0.119s] [01m[K/home/el-system/centering_experiment/src/control/utils/control_.cpp:2324:26:[m[K [01;35m[Kwarning: [m[Kcomparison of integer expressions of different signedness: ‘[01m[Kint[m[K’ and ‘[01m[Kstd::vector<double, std::allocator<double> >::size_type[m[K’ {aka ‘[01m[Klong unsigned int[m[K’} [[01;35m[K-Wsign-compare[m[K]
[0.119s]  2324 |         for(int i = 0; [01;35m[Ki < lat_indoor.size()[m[K; i++) {
[0.119s]       |                        [01;35m[K~~^~~~~~~~~~~~~~~~~~~[m[K
[0.119s] [01m[K/home/el-system/centering_experiment/src/control/utils/control_.cpp:2326:18:[m[K [01;35m[Kwarning: [m[Kcomparison of integer expressions of different signedness: ‘[01m[Kint[m[K’ and ‘[01m[Kstd::vector<double, std::allocator<double> >::size_type[m[K’ {aka ‘[01m[Klong unsigned int[m[K’} [[01;35m[K-Wsign-compare[m[K]
[0.119s]  2326 |             if([01;35m[Ki != lat_indoor.size() -1[m[K) {std::cout<<", ";}
[0.119s]       |                [01;35m[K~~^~~~~~~~~~~~~~~~~~~~~~~[m[K
[0.119s] [01m[K/home/el-system/centering_experiment/src/control/utils/control_.cpp:2330:26:[m[K [01;35m[Kwarning: [m[Kcomparison of integer expressions of different signedness: ‘[01m[Kint[m[K’ and ‘[01m[Kstd::vector<double, std::allocator<double> >::size_type[m[K’ {aka ‘[01m[Klong unsigned int[m[K’} [[01;35m[K-Wsign-compare[m[K]
[0.119s]  2330 |         for(int i = 0; [01;35m[Ki < lon_indoor.size()[m[K; i++) {
[0.119s]       |                        [01;35m[K~~^~~~~~~~~~~~~~~~~~~[m[K
[0.119s] [01m[K/home/el-system/centering_experiment/src/control/utils/control_.cpp:2332:18:[m[K [01;35m[Kwarning: [m[Kcomparison of integer expressions of different signedness: ‘[01m[Kint[m[K’ and ‘[01m[Kstd::vector<double, std::allocator<double> >::size_type[m[K’ {aka ‘[01m[Klong unsigned int[m[K’} [[01;35m[K-Wsign-compare[m[K]
[0.119s]  2332 |             if([01;35m[Ki != lon_indoor.size() -1[m[K) {std::cout<<", ";}
[0.119s]       |                [01;35m[K~~^~~~~~~~~~~~~~~~~~~~~~~[m[K
[0.120s] [01m[K/home/el-system/centering_experiment/src/control/utils/control_.cpp:2340:26:[m[K [01;35m[Kwarning: [m[Kcomparison of integer expressions of different signedness: ‘[01m[Kint[m[K’ and ‘[01m[Kstd::vector<double, std::allocator<double> >::size_type[m[K’ {aka ‘[01m[Klong unsigned int[m[K’} [[01;35m[K-Wsign-compare[m[K]
[0.120s]  2340 |         for(int i = 0; [01;35m[Ki < lat_outdoor.size()[m[K; i++) {
[0.120s]       |                        [01;35m[K~~^~~~~~~~~~~~~~~~~~~~[m[K
[0.120s] [01m[K/home/el-system/centering_experiment/src/control/utils/control_.cpp:2342:18:[m[K [01;35m[Kwarning: [m[Kcomparison of integer expressions of different signedness: ‘[01m[Kint[m[K’ and ‘[01m[Kstd::vector<double, std::allocator<double> >::size_type[m[K’ {aka ‘[01m[Klong unsigned int[m[K’} [[01;35m[K-Wsign-compare[m[K]
[0.120s]  2342 |             if([01;35m[Ki != lat_outdoor.size() -1[m[K) {std::cout<<", ";}
[0.120s]       |                [01;35m[K~~^~~~~~~~~~~~~~~~~~~~~~~~[m[K
[0.120s] [01m[K/home/el-system/centering_experiment/src/control/utils/control_.cpp:2346:26:[m[K [01;35m[Kwarning: [m[Kcomparison of integer expressions of different signedness: ‘[01m[Kint[m[K’ and ‘[01m[Kstd::vector<double, std::allocator<double> >::size_type[m[K’ {aka ‘[01m[Klong unsigned int[m[K’} [[01;35m[K-Wsign-compare[m[K]
[0.120s]  2346 |         for(int i = 0; [01;35m[Ki < lon_outdoor.size()[m[K; i++) {
[0.120s]       |                        [01;35m[K~~^~~~~~~~~~~~~~~~~~~~[m[K
[0.120s] [01m[K/home/el-system/centering_experiment/src/control/utils/control_.cpp:2348:18:[m[K [01;35m[Kwarning: [m[Kcomparison of integer expressions of different signedness: ‘[01m[Kint[m[K’ and ‘[01m[Kstd::vector<double, std::allocator<double> >::size_type[m[K’ {aka ‘[01m[Klong unsigned int[m[K’} [[01;35m[K-Wsign-compare[m[K]
[0.120s]  2348 |             if([01;35m[Ki != lon_outdoor.size() -1[m[K) {std::cout<<", ";}
[0.121s]       |                [01;35m[K~~^~~~~~~~~~~~~~~~~~~~~~~~[m[K
[0.121s] [01m[K/home/el-system/centering_experiment/src/control/utils/control_.cpp:[m[K In function ‘[01m[Kvoid executeLocalWaypointMove(const std::shared_ptr<DroneController>&, rclcpp::Rate&, geometry_msgs::msg::PoseStamped&, float, float, float, float, float)[m[K’:
[0.121s] [01m[K/home/el-system/centering_experiment/src/control/utils/control_.cpp:2355:90:[m[K [01;35m[Kwarning: [m[Kunused parameter ‘[01m[Krate[m[K’ [[01;35m[K-Wunused-parameter[m[K]
[0.121s]  2355 | void executeLocalWaypointMove(const std::shared_ptr<DroneController>&node, [01;35m[Krclcpp::Rate &rate[m[K,
[0.121s]       |                                                                            [01;35m[K~~~~~~~~~~~~~~^~~~[m[K
[0.121s] [01m[K/home/el-system/centering_experiment/src/control/utils/control_.cpp:[m[K In function ‘[01m[Kvoid centeringGateNear(const std::shared_ptr<DroneController>&, rclcpp::Rate&, geometry_msgs::msg::PoseStamped&, float, float, bool&, float, float, float, float, float)[m[K’:
[0.121s] [01m[K/home/el-system/centering_experiment/src/control/utils/control_.cpp:3249:57:[m[K [01;35m[Kwarning: [m[Kunused parameter ‘[01m[Kposee[m[K’ [[01;35m[K-Wunused-parameter[m[K]
[0.121s]  3249 |                        [01;35m[Kgeometry_msgs::msg::PoseStamped &posee[m[K, float gate_width,
[0.121s]       |                        [01;35m[K~~~~~~~~~~~~~~~~~~~~~~~~~~~~~~~~~^~~~~[m[K
[0.121s] [01m[K/home/el-system/centering_experiment/src/control/utils/control_.cpp:[m[K In function ‘[01m[Kvoid centeringGateLivoxSimple(const std::shared_ptr<DroneController>&, rclcpp::Rate&, geometry_msgs::msg::PoseStamped&, float, float, bool&, float, float, float, bool)[m[K’:
[0.121s] [01m[K/home/el-system/centering_experiment/src/control/utils/control_.cpp:3892:38:[m[K [01;35m[Kwarning: [m[Kunused parameter ‘[01m[Kposee[m[K’ [[01;35m[K-Wunused-parameter[m[K]
[0.122s]  3892 |     [01;35m[Kgeometry_msgs::msg::PoseStamped &posee[m[K,
[0.122s]       |     [01;35m[K~~~~~~~~~~~~~~~~~~~~~~~~~~~~~~~~~^~~~~[m[K
[0.122s] [ 25%] [1m[32mLinking CXX executable control_lidar[0m
[0.122s] [ 33%] [1m[32mLinking CXX executable test_lidar[0m
[6.078s] [ 66%] Built target test_lidar
[6.214s] [100%] Built target control_lidar
[6.221s] Invoked command in '/home/el-system/centering_experiment/build/control' returned '0': CMAKE_PREFIX_PATH=${CMAKE_PREFIX_PATH}:/opt/ros/humble /usr/local/bin/cmake --build /home/el-system/centering_experiment/build/control -- -j12 -l12
[6.228s] Invoking command in '/home/el-system/centering_experiment/build/control': CMAKE_PREFIX_PATH=${CMAKE_PREFIX_PATH}:/opt/ros/humble /usr/local/bin/cmake --install /home/el-system/centering_experiment/build/control
[6.231s] -- Install configuration: ""
[6.231s] -- Installing: /home/el-system/centering_experiment/install/control/lib/control/test_lidar
[6.257s] -- Set non-toolchain portion of runtime path of "/home/el-system/centering_experiment/install/control/lib/control/test_lidar" to ""
[6.258s] -- Installing: /home/el-system/centering_experiment/install/control/lib/control/control_lidar
[6.284s] -- Set non-toolchain portion of runtime path of "/home/el-system/centering_experiment/install/control/lib/control/control_lidar" to ""
[6.284s] -- Up-to-date: /home/el-system/centering_experiment/install/control/share/control/launch
[6.284s] -- Up-to-date: /home/el-system/centering_experiment/install/control/share/control/config
[6.284s] -- Up-to-date: /home/el-system/centering_experiment/install/control/share/control/config/config.yaml
[6.285s] -- Up-to-date: /home/el-system/centering_experiment/install/control/share/ament_index/resource_index/package_run_dependencies/control
[6.285s] -- Up-to-date: /home/el-system/centering_experiment/install/control/share/ament_index/resource_index/parent_prefix_path/control
[6.285s] -- Up-to-date: /home/el-system/centering_experiment/install/control/share/control/environment/ament_prefix_path.sh
[6.285s] -- Up-to-date: /home/el-system/centering_experiment/install/control/share/control/environment/ament_prefix_path.dsv
[6.285s] -- Up-to-date: /home/el-system/centering_experiment/install/control/share/control/environment/path.sh
[6.285s] -- Up-to-date: /home/el-system/centering_experiment/install/control/share/control/environment/path.dsv
[6.286s] -- Up-to-date: /home/el-system/centering_experiment/install/control/share/control/local_setup.bash
[6.286s] -- Up-to-date: /home/el-system/centering_experiment/install/control/share/control/local_setup.sh
[6.286s] -- Up-to-date: /home/el-system/centering_experiment/install/control/share/control/local_setup.zsh
[6.286s] -- Up-to-date: /home/el-system/centering_experiment/install/control/share/control/local_setup.dsv
[6.287s] -- Installing: /home/el-system/centering_experiment/install/control/share/control/package.dsv
[6.287s] -- Up-to-date: /home/el-system/centering_experiment/install/control/share/ament_index/resource_index/packages/control
[6.287s] -- Up-to-date: /home/el-system/centering_experiment/install/control/share/control/cmake/controlConfig.cmake
[6.288s] -- Up-to-date: /home/el-system/centering_experiment/install/control/share/control/cmake/controlConfig-version.cmake
[6.288s] -- Up-to-date: /home/el-system/centering_experiment/install/control/share/control/package.xml
[6.289s] Invoked command in '/home/el-system/centering_experiment/build/control' returned '0': CMAKE_PREFIX_PATH=${CMAKE_PREFIX_PATH}:/opt/ros/humble /usr/local/bin/cmake --install /home/el-system/centering_experiment/build/control
